1679
2666
2075
2403
2157
2449
2445
2438
2161
2479
2275
2314
2444
1755
2355
2566
2147
2505
1937
2234
2211
2454
2040
2554
2195
2376
2216
2299
2310
2515
2713
2511
2402
2214
2235
2527
2193
1197
2342
1749
2103
2325
2114
1664
1803
2296
2077
1677
2281
1733
2063
2063
2038
1409
2092
2151
2179
2091
2097
2009
1805
2075
1949
2353
2352
1885
2206
2132
2288
2037
2138
2021
2290
2230
1999
2099
1319
2188
2135
2154
2084
1860
1994
2223
2168
1973
1976
2001
2306
1875
1855
1027
1657
1813
1410
1657
1344
1804
1276
1369
1705
1260
1317
1862
1507
1512
1681
1482
1177
130
959
1668
1207
1121
1213
1423
1687
1456
1407
1191
1436
1304
1340
1320
1278
1440
1414
1312
1808
1047
1485
1078
1075
1212
1231
1428
953
283
516
535
923
1044
957
931
959
934
885
799
662
760
965
749
312
948
1036
849
632
856
640
485
583
606
437
529
385
557
343
696
538
134
416
637
1147
944
422
947
680
561
631
565
890
736
488
1029
899
979
369
908
953
409
303
28
39
460
310
830
606
683
253
316
569
119
459
411
343
1
290
219
413
386
452
186
353
230
356
498
230
308
92
308
280
534
1
662
678
598
711
509
113
80
653
295
136
336
345
407
350
741
335
510
422
195
980
903
814
966
674
330
667
445
413
625
497
599
654
644
415
796
426
664
649
800
500
636
806
489
974
802
735
522
647
515
329
484
1
394
305
366
345
305
1
2
473
503
1
61
763
870
661
563
596
1
635
579
459
662
592
1038
798
631
1
1
564
755
329
784
641
460
904
791
224
728
1081
1329
1125
917
409
751
473
1004
1065
1131
362
1184
1094
830
983
181
701
613
415
1
1
1
457
185
752
715
1
1172
457
894
802
550
813
576
874
1234
828
744
784
751
839
988
763
1086
563
972
1280
1018
281
902
1448
1426
1498
1164
984
605
559
1426
1615
1851
1579
435
1554
965
1431
1004
1356
1391
912
425
845
847
909
1032
901
1197
988
1424
1254
1159
375
1522
498
1637
1271
1073
1441
1285
1461
1584
1235
1239
1304
1400
1519
1589
1527
1597
1739
1653
1496
1344
1229
1698
779
997
318
1510
1005
989
262
629
903
103
91
37
64
57
34
50
139
58
45
28
4
68
86
107
13
25
4
582
1004
1138
1356
1894
1883
1832
1936
2212
1692
2086
1660
1820
2155
1978
1906
1479
1693
1703
1740
1335
1713
1621
1466
1036
987
418
931
1006
987
1367
1002
904
1494
972
938
1439
1525
1624
1457
1292
1152
1097
1089
954
1381
1075
870
740
557
738
881
722
839
962
544
454
494
527
553
613
630
1049
861
738
824
744
921
989
1065
319
1411
1204
1309
1136
1460
1635
932
963
1143
873
1119
577
1730
1447
1104
924
1565
1785
1661
1649
1841
2143
2237
2007
2220
1910
2134
2152
2293
2486
2849
2836
3215
3313
2793
2737
2812
2880
3091
2558
2643
2851
2792
2767
1988
2523
2193
2153
2342
2211
2297
2297
2506
2875
2639
2783
2710
2841
2814
2874
2847
2820
2690
2729
2725
2940
2820
2560
2476
2623
2427
2307
2081
1686
2157
1972
1887
1716
