1679
2567
1948
2230
1898
2302
2224
2275
2034
2430
2167
2179
2169
1248
1949
2245
1893
2156
1644
1962
1971
2263
1800
2201
1825
2059
1826
1992
2021
2355
2513
2169
2152
2092
2073
2276
1919
916
2067
1489
1794
2069
1893
1398
1640
2086
1871
1423
1926
1244
1608
1576
1568
739
1632
1637
1521
1616
1517
1532
1353
1548
1270
1648
1694
1339
1659
1538
1590
1330
1485
1334
1547
1612
1355
1488
631
1567
1408
1498
1386
1177
1459
1494
1559
1212
1237
1150
1513
1207
1285
346
1074
1271
993
1064
677
936
377
501
925
447
415
1094
917
731
895
771
632
1
236
754
463
414
511
590
876
725
714
513
795
607
635
695
552
816
558
708
788
195
558
408
269
282
477
598
331
1
123
161
589
590
424
423
287
483
341
370
124
261
458
315
1
505
491
435
277
486
312
304
366
459
308
418
213
349
166
519
448
24
254
429
850
640
126
690
419
277
237
173
568
444
35
604
425
563
1
450
517
12
1
1
1
149
1
497
271
455
53
1
291
1
15
111
1
1
1
1
1
1
33
21
159
12
168
301
9
27
1
48
93
376
1
524
528
454
595
406
16
1
542
67
1
195
185
254
100
605
237
389
361
131
980
979
850
1030
674
330
703
445
377
548
497
599
696
675
376
768
325
592
559
751
463
570
687
391
950
829
763
567
757
687
525
654
281
641
638
641
624
604
1
296
747
771
243
303
942
1153
1061
987
1043
360
1178
1042
964
1143
1094
1458
1352
1227
550
651
1036
1201
818
1265
1092
786
1109
993
428
816
1161
1429
1318
1208
637
908
595
1162
1287
1374
649
1326
1201
1004
1218
572
1175
1007
976
411
533
552
928
645
1230
1221
417
1791
1136
1535
1520
1215
1508
1297
1679
1907
1546
1585
1581
1385
1521
1645
1565
1897
1504
1859
2051
1712
1020
1647
2105
2010
2143
1757
1469
1227
1166
1892
2054
2287
2090
1005
2061
1564
2099
1642
1898
1870
1484
1031
1536
1652
1626
1595
1514
1842
1454
1901
1676
1639
755
1969
971
2053
1657
1724
2082
2128
2247
2266
1991
2034
2091
2018
2014
2143
2197
2349
2464
2409
2419
2326
2124
2609
1693
1749
1211
2160
1740
1692
620
1083
1508
180
127
52
83
66
38
55
178
59
47
28
4
68
82
85
12
25
4
508
939
878
999
1744
1715
1656
1501
1831
1161
1701
1051
1322
1597
1609
1268
1011
1457
1527
1592
1119
1432
1252
1205
858
906
321
905
840
832
1277
908
809
1379
795
810
1324
1299
1363
1230
1132
976
894
908
683
1000
705
701
470
355
608
541
457
727
792
441
316
335
334
307
241
235
819
629
437
573
454
564
601
753
2
1290
1086
1111
873
1318
1498
631
657
940
497
742
159
1567
1340
924
654
1301
1633
1539
1545
1594
1666
1697
1617
1884
1756
1939
1828
1933
2063
2485
2460
2815
2815
2390
2183
2414
2473
2554
2047
2243
2362
2114
2248
1321
1879
1921
1810
1913
1795
2021
1954
2197
2422
2322
2261
2017
2044
2332
2256
2206
2036
2152
2037
2041
2190
1883
1998
1841
2051
1789
1962
1414
1245
1527
1564
1674
1379
