1605
2567
1884
2115
1768
2253
2224
2221
1971
2382
2167
2179
2224
1393
2102
2291
1977
2214
1762
1962
1850
2120
1501
1908
1516
1680
1500
1685
1616
1875
1779
1554
1589
1543
1586
1650
1372
467
1626
905
1237
1607
1396
733
1097
1561
1406
1069
1621
876
1267
1211
1333
373
1310
1263
1117
1221
1033
1055
901
1074
761
1160
1138
885
1202
1082
1141
953
1118
1011
1176
1259
987
1138
189
1256
1069
1170
921
810
1088
1024
1234
899
821
819
1067
850
1036
106
782
1016
796
820
418
647
177
246
650
255
273
1013
819
644
797
637
598
1
236
706
421
282
428
486
775
579
516
423
667
525
594
658
510
853
653
775
1003
464
867
659
627
644
832
1086
704
124
385
420
839
1006
919
830
780
870
801
700
497
677
848
716
340
948
994
886
668
897
722
546
626
680
533
640
454
599
372
785
672
281
579
803
1317
1162
676
1307
897
724
806
827
1171
1027
942
1454
1330
1434
912
1365
1468
886
914
551
517
1043
1044
1640
1317
1367
819
931
1166
541
1036
801
847
368
852
870
1120
1070
1242
610
967
791
1031
1246
891
1031
674
938
843
1011
324
1056
1084
1055
1176
903
576
627
1207
1054
856
1146
1226
1251
1451
1456
1057
1178
1096
900
1647
1770
1649
1741
1402
1140
1552
1219
1286
1591
1589
1563
1729
1388
1344
1488
1263
1259
1404
1412
1385
1391
1429
1205
1544
1474
1461
1164
1413
1445
1176
1366
1136
1275
1430
1222
1245
1386
695
1066
1295
1280
874
1030
1599
1894
1899
1757
1813
1319
2082
1841
1883
2019
2053
2339
2359
2122
1535
1602
1896
2138
1846
2276
2193
1859
2092
2308
1707
2008
2290
2357
2617
2466
2239
2424
2369
2637
2783
2590
2086
2562
2588
2509
2346
1802
2477
1927
2283
1877
1797
2036
2165
1770
2282
2188
1554
2805
2289
2525
2694
2213
2551
2185
2543
2737
2444
2366
2510
2250
2430
2412
2658
2978
2663
2967
3285
2945
2334
2690
2882
2826
2982
2679
2380
2035
1894
2565
2768
2940
2857
1981
2885
2537
2901
2565
2982
2964
2628
2318
2710
2968
2988
3070
3125
3275
2917
3469
3295
3560
2579
3755
2861
3649
2925
3242
3363
3661
3604
3856
3502
3336
3379
3392
3251
3253
3538
3935
3840
3782
3930
3718
3226
3823
2748
2910
2478
2972
2842
3186
1754
2371
2976
377
236
102
142
103
73
79
385
78
81
28
17
68
108
196
19
25
4
777
1199
1687
2032
2193
2186
2182
2807
3012
2858
2856
3061
2817
3133
2656
2863
2337
2048
1955
1951
1695
2330
2605
2282
1671
1287
941
1113
2174
2483
1887
1942
1885
2182
1994
1559
1992
2287
2473
2195
1830
1681
1578
1611
1704
2179
1816
1209
1259
1036
1114
1655
1252
1073
1345
768
741
813
896
929
1124
1306
1474
1366
1339
1306
1323
1554
1836
1845
1197
1789
1534
1816
2037
1947
2127
1734
1881
1870
1879
1987
1539
2058
1645
1435
1438
2004
2075
1894
1818
2220
2746
2971
2508
2750
2176
2454
2712
2939
3250
3577
3587
3971
4058
3477
3477
3309
3436
3949
3464
3352
3518
3522
3327
2703
3080
2410
2474
2801
2598
2642
2764
3091
3731
3179
3479
3690
3751
3370
3587
3586
3661
3408
3470
3318
3541
3690
3162
3209
3195
3064
2708
2798
2273
2945
2602
2248
2165
