1532
2518
1948
2288
2092
2400
2334
2275
1971
2382
2167
2269
2279
1466
2152
2337
2020
2214
1762
2017
2031
2358
1920
2436
2071
2312
2151
2176
2194
2409
2446
2238
2277
2153
2235
2527
2193
1253
2452
2008
2289
2427
2334
1996
2129
2558
2284
1879
2434
1917
2120
2185
2085
1470
2138
2104
2077
2051
2146
2056
1955
2181
2005
2407
2301
1931
2206
2086
2189
1942
1975
1900
2150
2097
1953
1968
1172
2144
2038
2060
2026
1755
1829
2067
2087
1794
1837
1812
2207
1875
1819
987
1585
1685
1312
1517
1196
1611
1176
1216
1522
1068
1127
1700
1409
1382
1583
1349
1109
106
879
1572
1083
1076
1172
1423
1637
1504
1506
1326
1565
1386
1422
1394
1364
1550
1557
1412
2023
1227
1691
1288
1254
1418
1408
1672
1202
442
712
678
1117
1346
1262
1135
1228
1192
1219
997
828
926
1120
950
536
1187
1287
1150
952
1185
1010
788
973
975
791
861
730
933
579
1051
940
502
741
970
1402
1206
633
1256
941
765
849
827
1131
991
841
1369
1244
1320
796
1289
1428
846
871
516
457
965
906
1449
1149
1253
719
808
1046
450
947
741
770
309
731
666
987
985
1149
563
838
635
844
1049
708
790
545
827
749
984
258
957
977
934
1060
820
503
490
1041
750
528
829
866
867
901
1081
729
814
759
484
1283
1280
1141
1289
927
634
950
703
632
857
821
830
902
830
647
1017
627
807
800
898
684
735
895
652
1123
964
902
659
866
791
557
756
326
606
596
641
624
678
51
332
720
771
273
407
1002
1153
1061
948
961
259
1087
916
872
1143
1140
1583
1402
1227
434
545
950
1201
818
1361
1142
879
1273
1196
582
993
1323
1561
1558
1353
809
1117
779
1373
1453
1471
764
1516
1361
1120
1218
460
1056
920
851
211
413
269
811
594
1182
1129
297
1622
1000
1418
1390
1160
1508
1297
1622
1907
1606
1645
1647
1500
1635
1754
1711
2099
1722
2007
2359
2097
1349
1871
2165
2185
2272
2020
1833
1600
1530
2306
2438
2668
2538
1656
2569
2088
2500
2068
2363
2280
1841
1485
1881
1944
1913
2016
1975
2272
1853
2378
2169
2199
1287
2490
1601
2470
2043
2230
2402
2588
2532
2569
2217
2251
2306
2224
2199
2205
2197
2432
2464
2409
2419
2162
1987
2457
1553
1680
1062
2052
1740
1780
740
1159
1421
191
127
49
79
61
36
50
165
59
47
28
5
68
84
102
13
25
4
564
976
994
1177
1810
1782
1744
1632
2022
1533
1981
1538
1639
1969
1886
1723
1401
1660
1678
1708
1299
1657
1580
1466
1036
999
476
963
1257
1296
1439
1127
1062
1563
1042
981
1458
1497
1592
1400
1252
1074
1005
1029
833
1208
890
786
595
447
666
664
568
783
877
501
412
433
453
455
427
460
961
803
668
728
647
756
848
940
178
1351
1152
1177
986
1358
1537
732
695
911
538
818
243
1596
1376
999
752
1367
1688
1572
1585
1651
1825
1851
1672
1912
1770
1957
1917
1969
2020
2364
2293
2592
2567
2269
2090
2315
2361
2394
1877
2110
2229
2010
2128
1178
1751
1849
1765
1822
1706
1952
1830
2025
2120
2163
2088
1902
2044
2258
2113
2009
1924
1973
1889
1858
2040
1682
1958
1743
2010
1740
1876
1312
1209
1369
1490
1589
1295
