1532
2468
1884
2230
1898
2253
2169
2167
1780
2189
1897
2045
2115
1321
2000
2200
1893
2039
1586
1908
1910
2167
1681
2143
1763
1869
1565
1685
1616
1928
1912
1622
1714
1543
1694
1901
1645
691
1791
1230
1546
1761
1507
999
1314
1823
1664
1221
1773
1121
1381
1393
1474
556
1448
1404
1319
1458
1324
1246
1102
1232
931
1323
1391
1021
1248
1127
1191
953
1159
1092
1269
1303
1033
1182
287
1345
1166
1310
1096
915
1171
1233
1397
1033
960
961
1266
939
1142
266
965
1143
894
959
566
888
377
501
971
542
558
1174
983
861
944
815
666
1
317
851
463
414
552
694
1028
871
813
694
923
730
843
879
766
1000
891
943
1271
688
1125
827
761
850
1009
1184
829
177
418
448
895
1044
919
898
870
934
885
799
579
677
848
683
284
914
1036
849
703
938
722
546
626
680
533
640
454
682
461
918
761
281
579
803
1317
1162
591
1256
941
805
806
827
1171
991
791
1327
1114
1244
718
1251
1388
846
871
516
457
965
952
1449
1108
1177
653
767
1007
450
947
741
770
280
691
666
899
814
963
492
805
635
919
1089
708
870
609
864
812
984
258
957
1020
982
1106
862
576
627
1235
1016
757
1076
1186
1251
1451
1490
1123
1208
1126
932
1738
1920
1758
1871
1560
1242
1587
1251
1286
1553
1548
1602
1771
1481
1382
1515
1263
1307
1495
1486
1495
1490
1518
1336
1643
1555
1517
1209
1523
1618
1372
1569
1451
1522
1722
1466
1525
1722
1000
1322
1487
1468
1054
1238
1748
2036
2059
1873
1976
1521
2263
2094
2158
2325
2281
2632
2661
2470
1941
1867
2068
2362
2042
2516
2343
1999
2256
2460
1861
2096
2371
2357
2714
2515
2296
2372
2369
2637
2783
2639
2086
2562
2588
2509
2346
1857
2417
1927
2345
1944
1917
2106
2342
1822
2378
2280
1734
3087
2764
2817
3021
2490
2783
2518
2888
2996
2863
2786
2908
2481
2544
2521
2731
2978
2736
3041
3439
3099
2581
3063
3121
3118
3304
2943
2562
2221
2136
2824
2987
3213
3304
2469
3202
2912
3302
2991
3524
3306
2842
2470
2710
2822
2701
2648
2512
2702
2252
2651
2521
2599
1667
2787
1837
2816
2208
2302
2594
2665
2604
2796
2444
2468
2663
2636
2509
2513
2570
2933
2826
2683
2587
2326
2124
2609
1623
1817
1137
2052
1740
1780
680
1083
1335
180
133
58
86
66
38
52
178
59
49
28
5
68
86
102
13
25
4
545
967
965
1142
1810
1799
1761
1762
2060
1480
1981
1478
1639
1969
1855
1723
1401
1660
1690
1730
1353
1769
1744
1597
1137
1033
515
963
1215
1348
1456
1221
1157
1632
1113
1002
1515
1638
1755
1570
1392
1230
1134
1149
1014
1416
1137
927
802
612
796
943
722
848
976
561
465
519
556
569
589
630
1049
861
738
824
768
949
1024
1065
319
1426
1204
1287
1136
1440
1635
865
924
1085
706
893
368
1656
1403
1044
850
1455
1716
1583
1577
1651
1762
1774
1645
1856
1714
1850
1740
1754
1851
2242
2168
2415
2418
2148
1998
2249
2287
2179
1707
1977
2096
1906
2008
1131
1665
1831
1696
1791
1676
1929
1799
2025
2220
2227
2131
1902
1987
2295
2113
2009
1868
1928
1790
1767
1890
1481
1837
1695
1929
1544
1762
1158
1099
1211
1378
1525
1183
