1679
2616
2011
2288
2027
2351
2224
2275
1907
2382
2113
2179
2279
1466
2152
2383
2062
2389
1879
2180
2151
2406
1920
2436
2195
2312
2086
2115
2079
2355
2513
2238
2215
2031
2019
2214
1851
860
1957
1424
1732
1915
1727
1265
1477
1928
1664
1322
1926
1305
1608
1576
1662
800
1632
1684
1572
1616
1517
1436
1302
1443
1270
1702
1644
1339
1567
1493
1540
1236
1444
1294
1501
1568
1355
1488
533
1522
1311
1404
1154
1020
1335
1337
1478
1212
1191
1103
1414
1162
1249
306
965
1207
944
959
566
840
377
501
880
447
510
1134
950
861
993
904
802
1
437
995
587
502
594
746
1079
969
962
829
1094
935
967
953
766
1036
843
876
1057
464
815
617
582
644
743
989
580
71
320
334
756
817
729
660
646
709
550
535
289
386
614
515
172
778
868
774
632
815
640
485
540
643
437
584
420
599
343
785
717
281
538
762
1232
1032
464
1102
810
643
718
740
1091
991
791
1242
1028
1169
563
1060
1151
647
609
272
218
732
631
1116
898
949
453
521
808
270
725
531
537
76
450
463
766
771
870
445
708
510
731
892
524
589
351
530
499
772
105
859
913
886
990
717
405
436
1041
750
561
829
906
944
1001
1217
795
905
851
580
1405
1468
1359
1515
1149
836
1233
896
886
1166
1063
1139
1233
1016
802
1128
794
973
1012
1094
906
964
1043
749
1222
1125
1098
865
1112
1101
883
1095
776
993
1097
947
997
1125
457
772
1103
1093
603
719
1271
1471
1420
1295
1408
713
1494
1294
1194
1362
1277
1625
1503
1376
724
863
1208
1469
1014
1554
1442
1113
1437
1398
786
1125
1444
1594
1607
1401
981
1169
901
1426
1619
1666
879
1564
1468
1236
1312
684
1293
1139
1225
744
774
693
1164
901
1517
1497
656
1960
1271
1535
1651
1270
1624
1297
1622
1856
1426
1344
1448
1328
1521
1645
1711
1964
1649
2007
2359
1943
1185
1796
2225
2126
2207
1823
1530
1165
1105
1944
2164
2341
2218
1249
2188
1714
2166
1713
2131
2212
1841
1410
1881
1944
1841
1876
1821
2129
1853
2310
2098
2119
1287
2341
1443
2331
1823
1796
2146
2128
2104
2114
1840
1817
1876
1812
1828
1897
1750
1848
2029
1928
1832
1753
1505
2078
1272
1476
839
1835
1299
1340
382
705
903
125
103
37
56
52
29
49
139
56
43
28
3
68
81
89
12
25
4
554
967
965
1177
1794
1799
1761
1675
2022
1533
1946
1417
1548
1783
1793
1587
1245
1575
1627
1687
1263
1601
1498
1434
1036
999
476
963
1298
1399
1492
1284
1188
1677
1183
1088
1591
1694
1820
1656
1431
1270
1190
1230
1134
1589
1291
969
885
705
883
1190
943
942
1132
656
592
654
719
749
845
968
1297
1152
1061
1055
1033
1197
1412
1471
740
1623
1376
1574
1624
1724
1891
1299
1384
1492
1292
1497
954
1849
1528
1239
1144
1718
1895
1739
1689
1916
2270
2392
2118
2359
1980
2223
2329
2508
2656
3051
3044
3393
3511
2994
2922
2978
3103
3466
3011
2997
3163
3105
2967
2274
2780
2283
2314
2587
2420
2458
2515
2747
3228
2862
3088
3171
3182
3036
3159
3093
3156
3049
3124
2999
3190
3155
2841
2867
2909
2819
2536
2491
2052
2682
2417
2142
2052
