1605
2518
1948
2288
2092
2498
2390
2384
2034
2382
2167
2269
2389
1610
2254
2520
2190
2447
1996
2288
2211
2454
1980
2377
2133
2376
2216
2361
2252
2515
2646
2375
2277
2092
2127
2402
2056
1028
2122
1619
2041
2222
2003
1531
1694
2191
1974
1525
2129
1489
1778
1819
1756
983
1816
1871
1875
1853
1856
1818
1654
1917
1722
2028
1947
1612
1841
1721
1889
1660
1812
1738
2011
2053
1815
1924
1123
2055
1990
2060
2026
1807
1912
2067
2046
1794
1745
1718
2108
1742
1712
907
1585
1717
1337
1587
1233
1707
1226
1267
1567
1164
1222
1740
1474
1469
1730
1571
1245
130
959
1668
1207
1165
1254
1580
1839
1650
1655
1372
1650
1468
1505
1394
1364
1587
1652
1479
2023
1227
1743
1330
1254
1366
1408
1672
1161
389
646
621
1006
1195
1072
965
1049
1063
1010
898
704
884
1043
883
480
1153
1245
1075
845
1144
928
758
929
901
694
778
696
933
579
1051
940
428
741
887
1317
1206
676
1307
941
805
893
914
1252
1136
1093
1497
1373
1396
796
1289
1388
886
871
481
427
1004
1044
1592
1275
1367
819
931
1245
631
1258
892
1002
484
972
992
1252
1199
1335
681
999
853
1106
1246
855
991
641
901
812
1037
324
1056
1106
1079
1176
882
600
654
1263
1130
856
1182
1346
1366
1551
1558
1123
1208
1126
932
1678
1770
1649
1774
1465
1140
1481
1122
1141
1360
1346
1409
1605
1326
1228
1377
1062
1116
1253
1290
1237
1293
1370
1140
1495
1420
1433
1141
1441
1549
1306
1468
1271
1381
1513
1283
1338
1461
796
1176
1377
1414
964
1203
1688
2000
1979
1834
1935
1470
2218
2052
2020
2238
2190
2464
2510
2321
1709
1655
1939
2228
1846
2324
2243
1952
2174
2409
1861
2096
2411
2456
2810
2660
2353
2528
2492
2743
2949
2736
2143
2657
2642
2509
2346
1857
2536
2059
2532
2143
2037
2177
2401
1975
2426
2280
1793
3143
2831
2933
3086
2601
2956
2685
3061
3203
2983
3026
3240
2884
2999
3014
3460
3585
3243
3632
4056
3793
3238
3585
3600
3527
3821
3536
3169
2905
2743
3290
3536
3757
3816
3283
3836
3586
3836
3417
3989
3785
3414
3000
3194
3407
3275
3281
3202
3419
2984
3401
3295
3400
2503
3606
2861
3580
2815
3170
3363
3661
3604
3856
3502
3336
3379
3254
3189
3253
3389
3685
3478
3370
3595
3473
3019
3747
2678
2705
2254
2810
2695
2922
1575
2296
2717
355
224
96
131
95
67
73
346
77
81
28
17
68
103
173
17
25
4
749
1180
1658
2032
2227
2203
2200
2807
2973
2805
2856
3000
2727
2993
2595
2817
2298
2014
1955
1951
1713
2302
2482
2152
1569
1229
863
1087
2090
2328
1797
1754
1663
1999
1712
1367
1801
2033
2179
1968
1631
1446
1338
1350
1284
1693
1353
1025
989
815
969
1314
1009
970
1161
673
624
690
763
782
915
996
1315
1172
1108
1132
1106
1279
1518
1564
916
1683
1415
1640
1737
1744
1950
1400
1498
1521
1376
1535
1079
1909
1546
1300
1242
1850
1964
1783
1722
1973
2333
2469
2118
2387
1994
2223
2359
2544
2783
3092
3128
3437
3462
2994
2876
2911
3028
3359
2954
2909
3029
3000
2887
2179
2694
2265
2291
2525
2330
2435
2483
2713
3228
2830
3044
3056
3182
2999
3017
3044
3044
2915
2877
2771
2990
2887
2680
2623
2705
2525
2335
2132
1759
2209
2083
1972
1772
