1532
2518
1884
2230
1962
2302
2169
2112
1717
2141
1897
2045
2005
1103
1848
2108
1808
1923
1410
1745
1609
1929
1381
1791
1516
1743
1500
1562
1500
1821
1779
1554
1652
1604
1640
1838
1508
635
1846
1230
1546
1812
1562
999
1260
1718
1458
1069
1671
1060
1324
1211
1286
373
1356
1404
1319
1419
1324
1293
1102
1232
931
1323
1340
1067
1294
1264
1340
1142
1281
1173
1362
1436
1263
1313
435
1478
1311
1404
1212
1125
1418
1441
1600
1301
1283
1292
1613
1296
1356
507
1147
1303
1017
1064
714
1033
477
501
971
590
558
1215
1016
905
1042
860
700
1
317
899
504
458
552
590
825
677
664
468
752
566
594
658
467
816
653
708
788
195
506
282
134
76
300
501
207
1
1
1
422
364
195
254
108
322
91
106
1
1
147
47
1
266
198
171
1
157
25
92
1
164
83
224
1
1
1
164
0
1
1
180
637
466
1
381
115
1
1
1
367
335
1
647
468
601
58
602
676
171
128
1
1
265
126
592
396
493
53
70
410
1
192
201
150
1
49
16
192
215
266
115
288
137
244
340
46
107
1
85
93
428
1
563
550
454
572
364
1
1
514
29
1
160
185
216
50
537
171
359
330
67
919
828
741
933
642
330
632
348
231
470
336
406
530
520
182
685
225
521
498
653
279
406
598
261
851
722
707
499
675
550
362
552
101
464
388
427
469
454
1
76
583
584
92
199
823
976
821
678
718
1
816
663
551
749
684
1080
849
631
1
1
521
755
329
832
691
413
781
589
70
596
1000
1230
1029
869
237
594
229
846
899
1033
132
946
774
541
842
125
642
613
477
1
52
1
340
133
752
761
1
1172
457
894
802
661
987
798
1161
1389
887
924
983
809
953
988
690
1019
490
898
1126
710
35
753
1328
1368
1498
1164
923
543
438
1322
1396
1633
1324
29
1301
666
1230
649
969
1117
627
122
569
628
622
681
517
911
655
1151
1043
999
223
1448
419
1498
1161
928
1249
1131
1318
1282
933
950
1161
1262
1271
1280
1154
1347
1594
1653
1496
1344
1298
1774
850
929
169
1347
710
461
1
1
126
15
43
13
27
32
10
32
1
44
27
28
1
68
76
58
10
25
4
471
893
792
964
1694
1698
1656
1458
1831
1268
1806
1173
1367
1597
1609
1359
1011
1474
1539
1614
1119
1376
1211
1140
807
906
283
886
756
729
1241
846
809
1425
795
852
1362
1412
1494
1343
1212
1074
987
989
743
1104
859
772
574
447
666
695
590
774
891
501
401
420
423
438
427
432
926
745
622
689
599
756
777
909
108
1335
1112
1133
836
1257
1439
565
542
794
287
591
1
1492
1304
894
556
1191
1564
1461
1504
1461
1507
1465
1422
1661
1616
1744
1534
1538
1554
2000
2001
2281
2268
1947
1675
2050
2102
1911
1311
1711
1918
1645
1888
988
1536
1758
1650
1669
1527
1791
1581
1716
1717
1941
1783
1383
1532
1962
1780
1713
1532
1749
1592
1585
1740
1280
1636
1450
1725
1397
1704
1004
952
1054
1230
1440
1071
