1605
2518
1821
2057
1833
2204
2114
2167
1780
2189
1951
2000
2060
1248
2051
2291
1977
2214
1762
2017
1910
2167
1681
2143
1886
2059
1760
1930
1963
2302
2379
2101
2152
2092
2127
2402
2124
1197
2287
1814
2165
2325
2224
1796
1966
2453
2232
1828
2434
1978
2233
2185
2085
1470
2184
2198
2128
2091
2194
2199
2006
2286
2118
2462
2402
1931
2161
2132
2239
1989
2016
1859
2104
2053
1907
2012
1172
2144
2087
2154
2143
1912
2035
2223
2127
1928
1930
1954
2356
2009
1997
1187
1767
1908
1460
1761
1456
1996
1476
1522
1843
1403
1459
1983
1671
1773
1976
1749
1449
202
1200
1861
1413
1385
1502
1840
2042
1845
1803
1507
1778
1550
1588
1504
1449
1660
1747
1513
2077
1316
1794
1372
1344
1470
1541
1818
1368
521
875
850
1229
1498
1377
1304
1407
1288
1303
1063
994
1134
1354
1117
648
1391
1580
1338
1094
1391
1174
939
1233
1232
984
1027
1006
1350
933
1672
1612
1016
1391
1635
2123
1989
1437
2234
1680
1455
1549
1569
1815
1610
1748
2134
1933
1964
1418
1861
1982
1482
1526
1004
846
1471
1549
2116
1735
1785
1186
1423
1683
903
1569
1102
1273
659
1253
1236
1517
1498
1707
846
1258
1040
1331
1522
1185
1312
964
1310
1125
1302
521
1214
1298
1343
1408
1131
868
901
1512
1396
1085
1393
1506
1519
1701
1694
1320
1420
1371
1156
1890
2071
1867
1935
1560
1275
1658
1283
1359
1630
1629
1602
1771
1419
1344
1515
1230
1259
1404
1388
1348
1358
1429
1238
1544
1474
1489
1164
1441
1480
1274
1434
1226
1311
1388
1191
1183
1349
627
919
1185
1173
724
926
1509
1753
1660
1565
1651
1066
1766
1631
1653
1844
1824
2213
2258
2122
1477
1497
1767
1960
1601
2083
1943
1626
1846
1954
1349
1610
1927
2058
2232
2079
1781
1901
1819
2216
2340
2249
1626
2181
2161
2046
1970
1466
2003
1577
1910
1477
1496
1541
1871
1463
2043
2004
1374
2692
2289
2409
2499
2102
2435
2130
2485
2633
2324
2305
2444
2135
2260
2247
2367
2707
2374
2746
3053
2791
2252
2765
2942
2885
3175
2877
2622
2346
2258
2927
3097
3376
3496
2794
3456
3136
3502
3204
3679
3580
3199
2924
3194
3407
3418
3351
3355
3490
2984
3401
3225
3480
2579
3681
2940
3649
2870
3170
3298
3661
3675
3856
3577
3409
3593
3460
3375
3376
3613
3935
3840
3645
3846
3718
3295
4051
2959
3115
2627
3189
3136
3362
1873
2674
3149
410
248
110
157
115
84
84
449
86
93
28
18
68
108
187
19
25
4
758
1180
1629
1996
2210
2186
2147
2720
2897
2646
2681
2817
2591
2854
2502
2681
2220
1997
1917
1930
1695
2302
2482
2152
1544
1229
863
1080
2049
2380
1833
1848
1758
2113
1888
1516
1954
2287
2538
2252
1850
1661
1559
1591
1674
2144
1723
1180
1217
1018
1099
1593
1230
1054
1302
751
720
813
896
962
1170
1335
1492
1346
1316
1267
1275
1499
1800
1751
1127
1789
1508
1772
1924
1866
2048
1633
1766
1783
1711
1874
1456
2028
1618
1405
1389
1960
2033
1861
1786
2125
2619
2778
2341
2611
2106
2365
2594
2795
2995
3375
3378
3704
3859
3276
3199
3110
3288
3681
3238
3131
3251
3261
3087
2417
2909
2338
2382
2648
2479
2527
2608
2919
3530
3020
3305
3517
3581
3296
3445
3438
3548
3318
3322
3227
3491
3623
3122
3258
3236
3113
2680
2696
2199
2840
2454
2163
2052
