1605
2616
2075
2288
1962
2351
2334
2275
1971
2334
2113
2134
2224
1321
2000
2291
1935
2214
1644
1908
1850
2215
1621
2084
1701
1806
1630
1746
1732
2088
2179
1896
1964
1909
1965
2088
1714
860
2067
1554
1856
2017
1893
1331
1586
2033
1768
1322
1926
1305
1551
1454
1568
800
1678
1684
1572
1616
1517
1532
1353
1548
1383
1811
1745
1339
1567
1447
1490
1283
1444
1375
1640
1656
1493
1575
680
1611
1408
1545
1328
1125
1335
1389
1559
1257
1191
1150
1464
1207
1356
427
1074
1271
968
1064
751
1033
527
603
1063
638
605
1215
1049
905
1042
860
700
1
317
802
463
326
511
538
775
628
615
423
667
525
635
658
467
743
462
574
573
105
403
240
89
128
389
501
165
1
1
18
450
401
271
254
63
354
91
172
1
1
186
147
1
335
240
209
28
116
1
1
1
17
1
114
1
1
1
164
45
1
1
55
468
292
1
175
1
1
1
1
407
299
1
477
339
487
1
374
438
1
1
1
1
32
1
401
187
341
1
1
211
1
1
51
1
1
1
1
1
1
33
21
126
12
168
262
1
27
1
85
124
455
1
603
635
598
688
468
113
107
680
333
168
371
385
484
450
775
368
541
514
291
1132
1129
959
1095
737
364
667
380
340
548
497
599
737
644
415
851
426
711
740
849
611
702
806
554
1024
910
847
613
784
687
492
688
236
535
513
549
593
604
1
186
637
637
153
268
913
1047
901
832
921
208
1087
916
872
1143
1140
1583
1453
1227
492
651
1036
1201
720
1169
992
740
1109
1095
530
904
1282
1528
1510
1304
809
1117
901
1373
1508
1471
707
1469
1414
1178
1359
740
1293
1051
1100
544
714
693
1105
747
1374
1359
477
1904
1203
1535
1651
1326
1566
1353
1679
1959
1666
1705
1714
1558
1635
1700
1784
2167
1794
2080
2437
2020
1267
1796
2165
2126
2272
1888
1712
1413
1287
2099
2274
2505
2474
1493
2378
1938
2433
2068
2440
2348
1913
1410
1881
1944
1984
2086
1975
2200
1919
2378
2239
2279
1287
2415
1601
2539
2043
2158
2338
2435
2532
2720
2444
2324
2449
2361
2385
2452
2495
2850
2753
2615
2503
2408
2124
2761
1764
1885
1360
2268
1887
2043
978
1386
1680
202
133
55
79
61
36
50
139
58
45
28
4
68
83
93
12
25
4
554
967
994
1213
1810
1782
1726
1588
1984
1427
1911
1356
1503
1736
1732
1541
1245
1558
1615
1656
1227
1544
1457
1336
959
976
418
944
1090
1090
1367
1002
935
1494
936
917
1420
1497
1624
1457
1312
1172
1116
1129
984
1381
1044
885
782
594
767
912
722
848
990
553
475
531
556
586
659
714
1138
997
923
959
913
1059
1165
1190
424
1487
1244
1375
1324
1561
1753
1132
1192
1289
1083
1233
745
1790
1474
1164
997
1587
1826
1683
1649
1822
2079
2121
1867
2080
1854
2063
2093
2257
2444
2809
2836
3215
3313
2873
2784
2845
2917
3144
2671
2776
2896
2844
2807
2084
2609
2247
2245
2495
2301
2389
2452
2747
3177
2798
3001
3056
3182
3073
3207
3143
3156
3004
3025
2999
3190
3289
2841
2818
2909
2770
2479
2388
1906
2367
2194
2014
1856
