1532
2567
2011
2288
1962
2302
2279
2330
2098
2430
2221
2314
2334
1610
2203
2474
2062
2272
1762
2071
2031
2358
1860
2319
2010
2123
1826
1992
1963
2248
2312
2033
2089
1909
1910
2088
1851
972
2067
1424
1732
2017
1838
1398
1531
1928
1716
1373
1875
1182
1437
1332
1427
617
1586
1544
1521
1577
1565
1579
1403
1548
1327
1648
1593
1294
1522
1493
1540
1236
1363
1213
1408
1480
1309
1400
533
1478
1311
1451
1328
1177
1418
1546
1681
1436
1375
1387
1712
1385
1463
587
1220
1367
1091
1203
863
1177
627
757
1155
734
795
1417
1180
1078
1190
1038
870
1
517
1091
752
723
883
1111
1434
1261
1259
1010
1308
1099
1174
1100
1022
1220
1129
1077
1432
823
1331
994
986
1160
1231
1428
1036
362
679
621
1034
1271
1110
999
1049
1063
1010
832
621
718
926
749
340
1016
1161
962
739
938
763
606
799
827
662
750
592
849
579
1051
985
502
782
1011
1444
1336
760
1410
984
805
806
740
1131
991
791
1284
1114
1206
641
1098
1230
687
696
377
308
849
860
1402
1066
1177
686
849
1086
511
1036
801
925
397
892
829
1164
1113
1242
587
902
697
994
1128
744
911
577
790
687
905
193
918
935
886
1013
758
454
490
1069
788
594
900
1026
1097
1201
1285
860
996
973
740
1556
1657
1504
1580
1275
1005
1375
1058
1032
1282
1225
1216
1357
1109
918
1183
828
997
1102
1167
1016
1063
1162
912
1297
1152
1098
843
1030
997
818
993
731
993
1013
916
904
1014
356
699
994
1012
543
684
1300
1577
1540
1449
1529
864
1585
1421
1423
1581
1596
1961
1956
1724
1072
1180
1466
1737
1357
1794
1692
1392
1723
1752
1144
1478
1766
1860
1944
1837
1381
1535
1268
1742
1841
1860
1224
1801
1734
1641
1688
1019
1648
1402
1660
1077
1195
1258
1517
1105
1613
1497
716
2073
1543
1768
1912
1603
1914
1575
1852
2063
1726
1765
1846
1558
1749
1754
1711
2032
1649
2007
2359
2020
1431
1871
2165
2126
2272
2020
1833
1476
1408
2202
2329
2505
2346
1412
2315
1714
2233
1713
1976
1938
1556
1031
1467
1579
1554
1595
1514
1699
1387
1765
1676
1559
755
1969
1050
2053
1602
1579
1826
1821
1961
1963
1613
1673
1805
1881
1828
1835
1750
2015
2174
2134
2000
1835
1574
2153
1201
1271
690
1672
1152
1164
262
553
903
114
85
28
45
40
16
39
75
50
37
28
2
68
78
67
10
25
4
471
884
763
928
1694
1664
1621
1327
1755
1055
1666
990
1276
1504
1547
1176
855
1390
1464
1540
1011
1236
964
1009
705
849
205
866
590
471
1187
689
619
1288
654
745
1267
1214
1233
1116
1053
897
839
828
533
861
612
673
450
318
565
479
413
708
777
432
316
347
349
324
287
235
802
609
437
573
454
591
601
753
1
1260
1072
1045
686
1196
1380
464
427
765
329
629
33
1537
1322
924
630
1279
1633
1528
1545
1556
1666
1658
1589
1856
1728
1868
1740
1826
1851
2202
2168
2504
2467
2188
1952
2216
2287
2286
1821
2110
2273
2114
2168
1274
1837
1921
1833
1975
1825
2044
1923
2094
2271
2290
2218
2075
2101
2295
2113
2009
1868
1973
1889
1858
2040
1615
1837
1646
1929
1593
1848
1312
1172
1422
1527
1610
1295
