1532
2468
1821
2172
1898
2253
2114
2112
1844
2238
2005
2134
2224
1321
2000
2200
1893
2039
1469
1691
1549
1976
1321
1791
1516
1680
1500
1685
1732
1981
1912
1554
1589
1482
1532
1587
1235
411
1571
840
1237
1556
1341
667
989
1508
1252
917
1519
815
1210
1089
1239
373
1356
1404
1269
1379
1275
1293
1102
1232
931
1377
1340
976
1202
1127
1240
953
1118
1011
1129
1215
987
1095
140
1167
972
1029
805
757
1088
1024
1275
988
1006
1008
1365
1073
1214
266
965
1207
968
1029
677
936
377
501
971
494
463
1094
885
688
846
771
700
1
317
899
545
502
594
642
927
774
714
603
923
771
843
879
680
1000
891
943
1271
599
970
743
672
747
832
1086
746
124
385
420
839
968
843
830
825
837
801
733
538
718
926
749
312
982
1119
924
739
979
845
637
843
827
662
750
661
891
609
1096
940
428
741
887
1317
1206
633
1307
984
805
893
871
1211
1027
891
1369
1244
1320
718
1213
1270
727
696
342
308
849
815
1306
1024
1101
619
767
1007
420
947
681
692
192
531
504
766
771
870
445
741
573
844
1010
708
790
480
679
593
852
149
879
935
886
967
737
381
354
902
598
430
653
746
791
801
1047
631
723
636
387
1162
1129
1032
1192
864
499
880
574
559
780
740
792
944
830
647
1017
694
878
891
996
795
866
984
749
1222
1071
1014
751
976
929
720
925
551
817
846
824
842
864
186
516
911
905
393
545
1121
1294
1141
1064
1164
410
1178
1084
1056
1275
1186
1583
1503
1277
608
757
1208
1469
1014
1554
1342
1066
1355
1347
735
1125
1444
1661
1655
1546
1152
1326
1146
1584
1675
1617
879
1564
1414
1293
1453
740
1293
1139
1162
544
593
552
928
645
1230
1175
357
1679
1000
1360
1390
1160
1450
1242
1507
1700
1247
1284
1315
1155
1237
1371
1273
1627
1287
1563
1743
1326
692
1349
1747
1659
1756
1427
1166
854
741
1581
1780
2014
1771
679
1808
1190
1765
1359
1666
1664
1127
652
1191
1359
1267
1314
1208
1555
1320
1833
1746
1719
755
1820
892
1914
1547
1579
1826
1898
2033
2039
1613
1528
1590
1674
1766
1774
1601
1681
1811
1722
1496
1262
1229
1698
850
1066
318
1456
931
901
83
250
558
59
55
13
27
32
12
33
10
44
27
28
1
68
73
53
10
25
4
462
875
676
821
1661
1631
1586
1284
1717
1108
1736
1112
1412
1736
1763
1496
1167
1558
1602
1656
1227
1572
1457
1368
985
976
399
925
1006
987
1367
1033
967
1540
1007
960
1439
1469
1559
1372
1212
1074
1024
1029
803
1138
828
772
574
410
652
634
501
745
834
475
380
396
393
389
380
404
926
745
622
689
551
674
707
784
2
1275
1059
1045
761
1257
1478
665
618
911
538
780
159
1567
1340
939
679
1301
1633
1539
1545
1594
1666
1658
1561
1829
1728
1886
1769
1790
1893
2323
2335
2592
2617
2229
2090
2315
2324
2286
1707
2022
2140
1854
2048
1083
1708
1831
1742
1791
1646
1906
1768
1991
2170
2163
2044
1787
1873
2221
2113
2058
1924
1973
1938
1949
2040
1749
1958
1743
1970
1642
1848
1312
1135
1264
1341
1504
1211
