1605
2518
1821
2172
1898
2351
2334
2384
2161
2575
2383
2359
2389
1538
2254
2520
2190
2447
1937
2180
2091
2358
1860
2260
1948
2059
1891
1930
1963
2195
2246
1896
1964
1909
1965
2214
1987
1084
2177
1554
1980
2171
2003
1464
1694
2086
1923
1474
2027
1366
1665
1698
1709
922
1770
1777
1724
1735
1662
1627
1453
1706
1553
1919
1947
1567
1795
1675
1740
1518
1608
1496
1686
1744
1493
1575
730
1744
1602
1685
1619
1440
1582
1702
1762
1436
1422
1387
1761
1430
1463
627
1329
1526
1214
1343
974
1370
877
1012
1430
1021
985
1579
1311
1339
1485
1304
1075
70
758
1428
959
856
924
1111
1332
1115
1061
875
1137
976
1091
1100
1022
1256
1224
1111
1486
823
1331
953
896
1005
1098
1379
995
309
581
592
1034
1233
1110
1033
1139
1127
1177
997
869
1009
1237
1017
564
1221
1371
1188
1023
1308
1174
909
1189
1195
919
999
972
1225
845
1451
1388
869
1148
1302
1826
1684
1183
1873
1376
1212
1331
1307
1654
1501
1496
1922
1804
1812
1262
1709
1824
1243
1264
795
667
1315
1411
1973
1651
1671
1152
1423
1643
903
1658
1192
1390
776
1374
1398
1738
1626
1847
917
1387
1164
1482
1719
1332
1513
1093
1384
1218
1328
586
1293
1341
1343
1408
1110
843
928
1540
1472
1183
1499
1706
1749
2001
1898
1484
1542
1494
1285
2042
2222
2049
2129
1781
1512
1870
1477
1505
1823
1831
1795
1978
1636
1653
1709
1498
1426
1585
1584
1679
1621
1696
1498
1767
1716
1685
1301
1577
1721
1502
1671
1631
1663
1805
1497
1494
1685
932
1322
1459
1441
1024
1273
1808
2106
2059
1950
2057
1571
2263
2094
2066
2281
2235
2590
2610
2370
1825
1814
2025
2272
1895
2324
2243
1952
2215
2460
1963
2228
2452
2423
2714
2515
2239
2319
2308
2585
2839
2736
2143
2657
2642
2625
2534
2081
2773
2234
2719
2210
2098
2248
2342
1822
2282
2188
1614
2861
2357
2583
2825
2268
2667
2352
2716
2840
2564
2486
2709
2308
2487
2576
2950
3113
2881
3189
3593
3253
2745
3063
3121
3001
3175
2877
2622
2346
2258
2876
3152
3322
3368
2550
3329
2987
3235
2849
3292
3238
2914
2546
2917
3041
3060
3070
3125
3204
2718
3197
3154
3320
2427
3532
2625
3372
2704
3025
3106
3278
3175
3250
2973
2902
2949
2980
2818
2821
3017
3351
3188
3164
3175
2981
2537
3216
2185
2227
1733
2431
2181
2307
1038
1462
1767
224
157
63
90
69
45
56
217
62
53
28
6
68
88
107
14
25
4
592
1004
1138
1320
1894
1883
1867
1936
2250
1798
2191
1843
1911
2202
2071
1997
1557
1693
1703
1730
1335
1769
1703
1564
1112
1022
476
957
1173
1296
1474
1221
1125
1655
1148
1045
1515
1610
1722
1514
1332
1191
1116
1149
1014
1416
1137
927
802
631
796
1005
810
867
1004
561
465
494
527
520
520
517
996
803
645
747
647
811
919
1034
248
1381
1165
1221
1061
1399
1596
865
886
1085
790
969
410
1671
1420
1059
850
1477
1730
1594
1585
1670
1793
1774
1672
1912
1756
1921
1858
1898
2020
2445
2419
2726
2716
2350
2137
2348
2361
2394
1877
2155
2273
2114
2248
1321
1922
1921
1833
1913
1795
2021
1954
2197
2422
2354
2305
2133
2272
2444
2399
2403
2372
2376
2333
2314
2540
2284
2319
2183
2378
2181
2192
1927
1576
1947
1860
1823
1604
