1532
2468
1757
2057
1768
2155
2003
1949
1590
2093
1788
1955
2005
1176
2000
2200
1850
1981
1410
1745
1730
2120
1621
2025
1701
1806
1630
1685
1732
2035
1979
1691
1714
1543
1640
1838
1440
635
1846
1294
1670
1864
1727
1132
1423
1876
1716
1322
1875
1305
1608
1637
1662
800
1724
1684
1623
1616
1565
1579
1403
1601
1327
1702
1745
1385
1613
1584
1690
1471
1608
1496
1733
1744
1539
1619
680
1700
1602
1638
1445
1335
1582
1754
1803
1480
1422
1387
1712
1385
1427
507
1183
1398
1066
1134
826
1225
677
808
1246
829
795
1457
1212
1122
1288
1171
1006
46
638
1235
876
812
965
1111
1383
1163
1160
1010
1265
1099
1132
1100
979
1183
1081
1077
1379
733
1228
953
851
953
1009
1233
870
230
450
448
895
1082
957
898
959
998
926
832
704
843
1004
850
452
1118
1245
1112
952
1226
1092
818
1059
1048
791
833
765
1016
638
1140
1030
539
863
1011
1529
1336
760
1410
1028
886
893
914
1252
1064
942
1412
1287
1358
757
1213
1270
727
740
342
308
771
677
1259
982
1063
553
685
927
330
814
651
731
280
691
626
943
942
1103
516
773
635
844
1049
671
790
480
753
656
878
193
898
935
934
1060
779
478
490
1096
902
725
970
1066
1097
1151
1285
893
996
912
676
1465
1506
1359
1450
1085
735
1056
767
704
934
821
908
1068
923
763
1073
694
902
982
1045
906
997
1133
880
1297
1152
1126
865
1085
1066
851
1061
776
958
971
916
966
1051
356
662
1021
1039
543
649
1211
1471
1420
1333
1408
814
1630
1463
1378
1581
1551
1919
1855
1625
898
1021
1423
1647
1259
1794
1642
1346
1601
1701
1196
1478
1806
1959
2088
1885
1495
1640
1452
1900
2007
1909
1166
1754
1681
1467
1594
963
1589
1270
1349
878
1014
1046
1458
1105
1661
1635
836
2242
1678
1884
2042
1659
1914
1686
2025
2167
1786
1765
1780
1500
1635
1700
1711
1964
1577
1859
2128
1866
1267
1871
2165
2185
2336
2020
1712
1476
1348
2099
2274
2559
2410
1412
2315
1789
2166
1784
2208
2143
1699
1183
1605
1798
1769
1735
1514
1699
1320
1697
1465
1319
527
1597
735
1776
1492
1362
1697
1745
1890
2039
1613
1528
1590
1537
1580
1712
1676
1764
1956
1996
1832
1671
1436
1850
1061
1134
392
1456
784
637
24
250
558
81
79
28
45
44
21
42
87
51
37
28
3
68
80
85
12
25
4
554
976
1052
1284
1860
1866
1849
1980
2250
1851
2226
1904
2001
2249
2102
2043
1596
1710
1716
1740
1335
1769
1744
1564
1086
1010
496
957
1173
1193
1421
1159
1125
1609
1148
1045
1553
1694
1787
1627
1392
1211
1134
1129
1014
1416
1106
899
761
612
782
974
744
839
976
544
465
494
527
520
543
601
1032
861
761
805
720
866
954
1034
248
1381
1152
1199
1023
1399
1616
899
924
1085
790
1006
410
1656
1412
1044
826
1477
1730
1594
1593
1670
1793
1812
1700
1912
1770
1939
1887
1933
2020
2364
2335
2681
2666
2269
2137
2381
2473
2554
1991
2243
2407
2219
2288
1464
2051
2012
1971
2097
1973
2113
2017
2231
2422
2386
2392
2191
2215
2369
2303
2304
2148
2197
2185
2132
2290
2016
2078
1890
2051
1740
1934
1363
1172
1422
1453
1568
1267
