1679
2567
1884
2230
1962
2351
2224
2221
1844
2334
2113
2134
2224
1321
2000
2291
1935
2098
1527
1854
1730
2120
1621
2025
1763
1933
1760
1869
1847
2088
2112
1827
1902
1726
1802
1901
1577
691
1901
1294
1608
1915
1672
1066
1369
1876
1664
1221
1722
1121
1381
1332
1427
495
1402
1357
1269
1340
1227
1246
1102
1337
1157
1540
1543
1203
1430
1310
1440
1236
1404
1254
1454
1524
1263
1313
435
1434
1311
1451
1328
1125
1418
1494
1600
1257
1237
1197
1464
1207
1285
386
1074
1303
1042
1169
863
1274
777
859
1292
877
842
1498
1278
1209
1337
1171
938
22
598
1139
711
591
676
850
1079
920
962
739
1051
935
1050
989
894
1146
986
976
1218
554
1022
743
627
747
876
1135
787
204
418
420
839
931
843
830
870
902
843
700
455
552
809
683
284
948
1077
886
703
979
763
576
713
754
598
723
558
766
490
918
851
392
660
845
1274
1119
549
1102
767
643
674
696
1091
991
841
1284
1157
1282
757
1213
1349
806
827
412
338
849
860
1354
1024
1139
653
808
1086
481
1036
801
925
426
932
910
1208
1156
1382
705
1032
884
1219
1404
1038
1151
835
1161
1062
1249
477
1174
1234
1271
1338
1069
770
846
1457
1396
1150
1464
1626
1596
1901
1762
1352
1420
1371
1156
1921
2071
1940
1968
1591
1275
1658
1283
1359
1591
1548
1602
1771
1450
1344
1515
1263
1283
1465
1486
1532
1555
1607
1368
1668
1582
1573
1255
1523
1618
1339
1535
1406
1487
1680
1435
1432
1610
898
1212
1377
1361
904
1100
1658
1965
1939
1757
1895
1369
2037
1799
1837
2019
2053
2380
2409
2221
1651
1708
1896
2138
1846
2372
2243
1905
2133
2359
1758
1963
2210
2290
2617
2418
2182
2319
2308
2690
2894
2785
2201
2609
2695
2683
2581
2137
2832
2190
2657
2143
2037
2177
2283
1873
2330
2188
1674
2974
2492
2583
2825
2268
2551
2296
2716
2789
2564
2546
2709
2423
2487
2466
2658
2910
2519
2893
3208
2945
2417
2914
3002
2885
3046
2811
2501
2221
2015
2617
2823
3104
3113
2388
3139
2687
3035
2707
3215
3101
2699
2394
2779
2968
2845
2789
2742
2845
2518
2924
2802
2919
1895
3085
2152
3025
2374
2664
2914
3201
3247
3402
2973
2902
2949
2980
2818
2821
3017
3434
3333
3233
3259
3145
2813
3368
2467
2637
2180
2864
2769
3010
1575
2296
2717
344
224
99
142
103
73
76
385
80
85
28
16
68
106
187
19
25
4
749
1162
1571
1890
2160
2136
2095
2546
2745
2434
2541
2513
2409
2761
2379
2407
1908
1879
1829
1846
1533
2050
2113
1858
1366
1149
728
1041
1757
1967
1672
1597
1537
1953
1606
1324
1763
2005
2146
1911
1631
1446
1338
1390
1404
1832
1445
1068
1010
797
926
1283
1009
961
1175
665
603
666
734
782
892
968
1297
1152
1061
1055
1033
1197
1342
1408
740
1608
1376
1552
1586
1683
1891
1366
1422
1521
1376
1535
996
1864
1537
1269
1217
1828
1978
1816
1762
2087
2524
2739
2369
2638
2120
2383
2594
2831
3122
3456
3503
3882
4009
3356
3292
3243
3399
3788
3351
3219
3429
3365
3167
2512
2952
2356
2359
2648
2479
2527
2577
2850
3379
2957
3131
3171
3296
3110
3159
3143
3212
3094
3173
3135
3341
3489
3001
3014
3072
3015
2680
2696
2199
2892
2565
2227
2137
