1679
2616
2011
2345
2092
2449
2390
2438
2161
2479
2329
2314
2389
1683
2304
2520
2147
2447
1879
2180
2091
2406
1980
2495
2133
2376
2216
2299
2252
2462
2646
2375
2402
2336
2398
2652
2329
1365
2562
2073
2475
2530
2389
1996
2129
2506
2232
1879
2485
1917
2120
2185
2085
1470
2230
2198
2128
2051
2146
2152
1955
2181
2062
2462
2352
1931
2161
2086
2288
1942
1975
1819
2058
2053
1815
1924
1123
2055
1893
2013
2026
1807
1912
2171
2087
1838
1884
1860
2257
1875
1890
1107
1767
1908
1484
1761
1493
2044
1626
1676
1980
1547
1507
2064
1671
1729
2025
1794
1483
238
1320
2101
1579
1518
1626
1944
2144
1991
2051
1778
1949
1796
1920
1762
1791
1880
1985
1680
2399
1630
2207
1707
1658
1831
1762
2014
1534
680
1039
965
1368
1649
1567
1406
1631
1482
1553
1294
1201
1383
1510
1285
788
1527
1790
1602
1378
1720
1543
1181
1579
1453
1145
1138
1144
1517
1051
1761
1702
1090
1432
1635
2123
1989
1437
2182
1680
1496
1593
1525
1815
1646
1748
2092
1890
1926
1379
1899
1982
1402
1395
900
756
1432
1549
2164
1735
1785
1186
1382
1643
903
1569
1132
1273
689
1293
1236
1517
1498
1661
846
1226
1009
1331
1561
1185
1352
997
1310
1125
1275
542
1253
1298
1343
1408
1090
843
928
1484
1358
1085
1428
1546
1557
1851
1796
1418
1511
1463
1221
1981
2222
2085
2129
1781
1512
1905
1509
1541
1785
1791
1833
1978
1636
1615
1654
1431
1426
1585
1559
1642
1588
1667
1498
1792
1689
1657
1324
1659
1790
1534
1705
1676
1699
1888
1558
1587
1797
1033
1432
1542
1548
1175
1411
1897
2248
2259
2066
2178
1773
2399
2220
2204
2325
2281
2548
2661
2470
1999
1972
2111
2406
2042
2565
2493
2185
2338
2511
1963
2228
2452
2423
2810
2660
2411
2476
2492
2848
3116
2930
2373
2799
2909
2857
2675
2249
2832
2278
2843
2343
2338
2601
2695
2129
2569
2510
1973
3312
2967
2991
3282
2656
3072
2796
3119
3151
2983
2966
3174
2826
2999
3014
3460
3585
3388
3780
4056
3639
2991
3361
3480
3468
3692
3470
3169
2905
2743
3238
3536
3703
3816
3283
3836
3511
3703
3346
3757
3511
3199
2924
3194
3407
3346
3351
3432
3490
2984
3469
3295
3400
2427
3532
2783
3510
2815
3242
3298
3508
3532
3705
3275
3192
3379
3392
3313
3315
3464
3768
3623
3507
3595
3473
3019
3747
2818
2910
2403
3027
2916
3186
1694
2371
2976
366
230
99
142
107
78
82
436
86
91
28
19
68
107
191
18
25
4
749
1171
1658
1996
2193
2186
2182
2807
3012
2805
2821
2939
2727
3087
2595
2772
2298
2031
1968
1962
1731
2358
2605
2282
1671
1287
921
1106
2174
2431
1851
1879
1790
2136
1924
1495
1935
2203
2375
2139
1790
1602
1522
1551
1614
2075
1723
1180
1197
999
1099
1593
1230
1064
1331
759
720
813
911
946
1124
1278
1474
1346
1316
1286
1347
1609
1906
1876
1197
1789
1508
1772
1924
1845
2048
1633
1766
1783
1795
1950
1456
2028
1636
1450
1487
2048
2102
1905
1818
2201
2746
2971
2480
2750
2162
2436
2653
2939
3165
3537
3545
3926
4108
3477
3477
3342
3510
4003
3521
3352
3563
3574
3367
2703
3123
2446
2474
2801
2657
2665
2795
3091
3731
3147
3436
3633
3695
3407
3587
3537
3661
3363
3420
3272
3591
3690
3082
3160
3195
3064
2680
2798
2236
2892
2528
2227
2109
