1679
2567
1884
2230
1962
2400
2390
2384
2098
2430
2275
2314
2334
1538
2203
2429
2062
2272
1762
2017
1910
2167
1561
1967
1578
1680
1500
1623
1558
1875
1779
1485
1589
1543
1694
1901
1508
691
1901
1294
1732
1915
1727
1199
1369
1876
1716
1322
1926
1244
1551
1576
1662
861
1770
1731
1673
1695
1711
1627
1403
1601
1383
1757
1795
1430
1750
1675
1789
1566
1649
1496
1733
1744
1539
1575
680
1611
1505
1638
1503
1387
1541
1598
1681
1436
1375
1387
1712
1385
1463
587
1256
1430
1091
1238
937
1370
877
910
1246
829
795
1417
1147
1035
1190
1082
904
10
517
1091
752
679
841
1059
1383
1261
1308
1146
1436
1263
1298
1210
1107
1330
1319
1178
1540
868
1331
1036
941
1108
1186
1477
1036
362
646
592
1034
1195
1110
1033
1049
1031
1052
931
828
968
1120
883
480
1118
1245
1037
845
1103
969
788
1016
975
726
778
661
933
638
1229
1120
612
863
1011
1444
1336
845
1462
1071
927
981
958
1292
1173
1093
1539
1330
1358
757
1289
1428
886
914
516
457
1043
1044
1640
1317
1405
886
1054
1285
661
1258
952
1118
514
972
992
1252
1156
1382
658
967
791
1069
1246
855
951
674
976
906
1116
411
1095
1149
1175
1292
986
697
709
1318
1130
888
1217
1346
1327
1501
1490
1090
1178
1157
900
1708
1883
1685
1741
1370
1107
1481
1122
1177
1475
1387
1370
1523
1295
1150
1322
1029
1116
1253
1265
1163
1194
1311
1042
1396
1313
1266
957
1194
1170
981
1196
1001
1170
1263
1099
1090
1163
525
846
1158
1173
724
892
1450
1753
1700
1526
1611
965
1766
1589
1515
1712
1733
2045
2057
1873
1304
1391
1724
2005
1601
2131
1943
1672
1969
2055
1502
1831
2089
2158
2425
2321
2067
2162
2125
2427
2672
2590
2028
2514
2535
2451
2299
1746
2417
1927
2283
1810
1797
1894
2106
1719
2187
2096
1554
2861
2357
2583
2760
2324
2609
2296
2600
2737
2564
2486
2577
2250
2430
2466
2658
2978
2736
3189
3516
3253
2663
3138
3181
3118
3434
3207
2805
2594
2379
3031
3262
3539
3624
2957
3646
3436
3636
3204
3757
3648
3199
2849
3194
3333
3275
3351
3432
3490
3117
3674
3506
3720
2731
3829
3019
3719
3035
3531
3619
3968
3889
4083
3728
3626
3665
3598
3375
3376
3538
3935
3840
3782
4014
3800
3226
3975
2889
2910
2403
3027
2989
3362
1814
2447
3062
399
254
113
153
115
84
84
449
86
93
28
18
68
108
191
19
25
4
767
1189
1716
2068
2210
2203
2200
2807
3012
2805
2786
2939
2681
3040
2626
2863
2298
2048
1968
1951
1713
2330
2523
2217
1620
1252
863
1093
2132
2483
1869
1942
1885
2182
1959
1559
1992
2287
2473
2167
1810
1622
1504
1531
1584
2110
1692
1180
1217
1018
1099
1624
1208
1036
1288
751
699
764
822
880
1054
1165
1421
1269
1200
1171
1154
1362
1624
1627
916
1683
1415
1640
1774
1805
2009
1500
1575
1609
1460
1648
1163
1924
1564
1330
1315
1872
1992
1827
1762
2087
2555
2778
2341
2555
2064
2294
2417
2652
2910
3254
3211
3571
3710
3115
3107
3110
3288
3627
3181
3175
3296
3261
3127
2417
2866
2320
2359
2617
2449
2527
2608
2919
3479
2989
3218
3402
3410
3185
3350
3291
3268
3049
3124
2999
3291
3289
2921
2965
3031
2966
2593
2542
2052
2577
2305
2057
1912
