1679
2616
1948
2230
2027
2449
2334
2330
2098
2430
2275
2269
2389
1683
2304
2520
2190
2505
2054
2234
2151
2454
2040
2554
2256
2376
2216
2299
2252
2515
2579
2306
2215
2092
2181
2464
2261
1197
2287
1684
1980
2171
2058
1597
1803
2296
2129
1778
2332
1856
2176
2246
2132
1531
2184
2151
2077
2012
2001
1961
1754
1917
1779
2082
1998
1567
1795
1721
1839
1566
1649
1536
1733
1744
1585
1619
680
1656
1554
1592
1386
1282
1459
1598
1681
1391
1375
1292
1613
1251
1321
386
1111
1335
1066
1203
900
1322
827
859
1292
877
937
1498
1278
1252
1436
1260
1040
58
638
1187
835
812
965
1163
1383
1212
1209
1055
1265
1140
1257
1173
1107
1367
1272
1211
1594
958
1434
1078
1030
1108
1231
1526
1119
389
712
678
1117
1384
1224
1101
1228
1159
1219
1030
911
1009
1159
984
508
1187
1371
1188
1023
1267
1133
909
1146
1122
887
944
903
1183
756
1317
1164
612
863
1095
1529
1423
845
1513
1071
927
1024
1045
1332
1173
1143
1624
1416
1509
990
1518
1586
1045
1089
690
607
1199
1273
1830
1484
1519
1019
1259
1484
812
1436
1042
1196
572
1133
1114
1473
1413
1614
823
1258
1071
1369
1561
1148
1312
964
1235
1125
1249
521
1214
1298
1343
1431
1110
868
928
1484
1396
1117
1464
1666
1710
2052
1864
1418
1481
1433
1253
1981
2222
2012
2032
1655
1343
1728
1380
1396
1630
1589
1563
1729
1450
1382
1488
1196
1259
1434
1437
1495
1523
1548
1303
1619
1501
1489
1141
1413
1514
1241
1468
1271
1381
1555
1283
1338
1461
728
1066
1322
1334
874
1030
1599
1930
1859
1680
1773
1167
1901
1715
1745
1887
1870
2255
2308
2072
1477
1444
1767
2005
1650
2083
1993
1719
2010
2157
1656
1875
2210
2290
2521
2370
2125
2267
2125
2479
2728
2639
2086
2562
2642
2509
2440
1969
2595
2059
2532
2010
1977
2106
2224
1822
2378
2326
1734
3030
2628
2700
2955
2490
2898
2629
3003
3151
2983
2966
3240
2826
2999
3014
3387
3585
3388
3780
4133
3793
3238
3585
3600
3527
3821
3536
3169
2905
2682
3290
3536
3703
3879
3283
3836
3511
3703
3417
3911
3785
3414
3000
3263
3553
3490
3421
3432
3490
3050
3606
3576
3800
2807
3904
3019
3857
3090
3531
3619
3968
3889
4007
3577
3409
3522
3529
3313
3438
3613
3935
3768
3713
3846
3718
3226
3975
3029
3183
2701
3135
3136
3362
1873
2674
3235
410
248
110
157
112
80
81
398
80
83
28
17
68
108
191
18
25
4
777
1199
1716
2068
2227
2220
2200
2807
3012
2805
2821
3000
2817
3133
2626
2817
2298
2048
1968
1962
1731
2358
2605
2249
1620
1264
883
1100
2174
2483
1851
1910
1853
2136
1888
1516
1935
2259
2440
2139
1770
1583
1485
1531
1584
2110
1723
1166
1155
962
1085
1624
1252
1064
1302
759
709
789
852
880
1031
1137
1368
1249
1223
1229
1226
1444
1695
1720
1021
1744
1495
1772
1962
1866
2068
1600
1766
1754
1753
1874
1414
2028
1627
1405
1413
2004
2061
1883
1802
2182
2651
2893
2480
2722
2176
2436
2712
2975
3250
3577
3587
3971
4108
3437
3477
3342
3510
3949
3521
3352
3518
3469
3247
2560
3038
2410
2474
2770
2628
2619
2732
3057
3731
3179
3479
3633
3638
3333
3492
3438
3548
3273
3272
3135
3391
3556
3001
3014
3031
2868
2565
2542
2016
2630
2343
2099
1968
