1679
2567
2011
2345
2027
2449
2334
2384
2034
2430
2221
2314
2444
1755
2406
2612
2190
2505
2054
2234
2211
2502
2040
2436
2195
2312
2021
2053
2079
2302
2446
2101
2152
2031
2073
2339
1987
972
2122
1619
1918
2069
1893
1398
1586
1981
1819
1373
1875
1182
1494
1454
1474
678
1586
1590
1572
1656
1662
1579
1453
1654
1496
1919
1947
1612
1932
1812
1939
1613
1689
1617
1872
1921
1677
1750
828
1744
1650
1732
1619
1440
1665
1806
1843
1525
1468
1481
1811
1519
1605
787
1439
1622
1288
1517
1233
1659
1176
1216
1567
1212
1269
1781
1474
1469
1632
1393
1109
82
798
1428
1000
900
1048
1215
1535
1407
1407
1191
1479
1263
1340
1320
1278
1477
1414
1278
1755
1047
1588
1246
1210
1418
1496
1818
1368
574
940
879
1284
1611
1529
1372
1587
1417
1470
1228
1201
1300
1471
1251
760
1493
1748
1526
1307
1678
1461
1090
1406
1343
1112
1166
1179
1475
992
1672
1567
980
1270
1427
1869
1771
1183
1925
1419
1252
1287
1263
1614
1391
1345
1794
1631
1699
1146
1632
1784
1283
1307
830
697
1354
1365
1878
1526
1557
1019
1177
1444
782
1392
982
1157
572
1133
1073
1340
1284
1475
728
1064
915
1219
1404
1075
1272
932
1272
1125
1275
521
1233
1277
1319
1431
1131
868
928
1540
1434
1150
1499
1666
1634
1851
1796
1385
1451
1402
1221
1951
2109
1903
1935
1591
1309
1658
1283
1323
1591
1508
1525
1729
1419
1344
1460
1163
1212
1314
1339
1348
1358
1400
1205
1544
1447
1461
1118
1386
1480
1274
1434
1271
1416
1555
1283
1307
1498
762
1066
1295
1307
904
1134
1658
1965
1979
1834
1976
1521
2173
1925
1974
2106
2098
2422
2510
2321
1709
1708
1939
2138
1748
2179
2043
1766
2010
2157
1605
1919
2250
2290
2569
2370
2067
2267
2186
2479
2617
2444
1856
2371
2428
2394
2252
1690
2299
1796
2159
1677
1676
1753
1930
1463
2043
2004
1374
2636
2153
2350
2433
1991
2377
2019
2370
2478
2205
2245
2311
2077
2146
2138
2367
2572
2229
2672
2976
2560
1924
2392
2583
2476
2724
2350
2016
1786
1590
2254
2493
2668
2665
1737
2569
2088
2500
2068
2518
2554
2127
1788
2158
2310
2271
2367
2358
2487
2185
2651
2450
2599
1591
2639
1680
2678
2153
2375
2594
2741
2675
2796
2368
2324
2520
2430
2385
2452
2421
2766
2681
2615
2587
2490
2193
2685
1764
1885
1360
2160
1740
1692
680
1159
1594
213
151
60
86
66
40
55
204
62
57
28
7
68
90
116
14
25
4
601
1023
1138
1320
1894
1900
1867
1936
2212
1745
2121
1782
1820
2109
1948
1815
1440
1660
1678
1719
1335
1741
1744
1629
1188
1079
573
989
1465
1554
1546
1347
1315
1746
1324
1131
1591
1723
1885
1656
1431
1270
1171
1169
1074
1485
1137
913
823
649
810
1036
810
876
1047
596
507
543
571
569
589
601
1067
900
807
843
792
921
1060
1159
389
1472
1257
1397
1361
1541
1714
999
1077
1201
915
1119
577
1700
1429
1089
899
1521
1757
1616
1601
1708
1889
1928
1756
1996
1798
1992
1917
1969
2105
2485
2419
2726
2716
2309
2090
2315
2398
2447
1991
2155
2318
2114
2248
1417
1965
1976
1925
2036
1855
2067
2017
2231
2422
2386
2435
2364
2499
2555
2446
2354
2316
2332
2333
2360
2540
2284
2239
2134
2296
2034
2106
1722
1466
1737
1675
1717
1464
