1605
2616
2075
2288
2027
2351
2224
2221
1844
2286
2113
2134
2115
1176
1949
2245
1935
2214
1644
1854
1730
2024
1381
1791
1455
1616
1435
1562
1558
1875
1845
1622
1652
1604
1694
1775
1508
579
1791
1100
1484
1761
1507
933
1206
1666
1458
1119
1722
999
1267
1271
1380
556
1494
1544
1521
1577
1565
1532
1302
1548
1270
1594
1644
1294
1522
1447
1590
1330
1444
1375
1594
1612
1355
1400
435
1434
1311
1404
1270
1125
1335
1389
1518
1212
1237
1150
1464
1162
1285
427
1111
1303
1017
1134
826
1129
577
706
1109
686
700
1377
1147
1122
1239
1127
938
22
517
1091
711
591
676
850
1079
969
1011
875
1094
935
1050
1063
894
1110
986
1010
1325
688
1073
743
717
747
832
1086
663
71
287
305
756
855
691
694
601
709
634
601
331
427
692
549
172
744
742
585
455
692
558
485
540
606
469
612
420
641
372
829
761
355
660
845
1274
1075
549
1102
810
683
718
696
1050
954
841
1369
1201
1244
679
1213
1349
846
827
412
338
849
769
1259
1024
1101
586
644
927
390
859
651
731
222
651
585
810
771
963
445
708
542
769
931
561
629
415
679
656
852
149
898
956
958
1036
779
454
463
1069
826
627
935
986
1059
1101
1217
860
996
912
708
1496
1619
1504
1580
1212
904
1233
928
959
1166
1063
1139
1275
1078
918
1156
861
973
1042
1118
942
964
1103
814
1272
1152
1126
888
1140
1170
916
1061
821
1029
1097
1008
997
1051
424
736
1021
1039
573
684
1300
1541
1460
1295
1408
814
1540
1421
1378
1625
1596
1919
1906
1724
1072
1180
1466
1737
1405
1939
1843
1579
1887
1954
1349
1610
1927
1992
2088
1885
1553
1796
1635
2111
2284
2152
1511
2086
2108
2046
1970
1466
2122
1752
2096
1677
1737
1894
2165
1770
2282
2188
1554
2805
2357
2525
2760
2268
2609
2241
2600
2789
2624
2666
2776
2365
2487
2521
2731
3045
2663
3041
3439
3176
2663
3138
3301
3293
3563
3272
2865
2657
2440
3031
3262
3430
3496
2876
3519
3211
3569
3275
3757
3580
3199
2924
3125
3260
3275
3351
3432
3634
3117
3537
3365
3640
2731
3755
2940
3788
3035
3387
3491
3815
3747
3856
3577
3553
3736
3666
3499
3561
3836
4269
3985
3782
4014
3882
3363
4051
3029
3115
2627
3189
3136
3538
1873
2599
3149
388
248
110
153
110
80
82
424
82
87
28
16
68
103
178
18
25
4
749
1180
1687
1996
2193
2169
2165
2676
2859
2593
2681
2817
2681
3040
2595
2817
2259
2031
1968
1962
1731
2330
2564
2249
1645
1287
941
1113
2216
2483
1869
1942
1853
2136
1888
1495
1935
2259
2505
2224
1850
1661
1578
1631
1704
2214
1785
1194
1197
962
1056
1500
1163
1026
1260
725
667
752
822
864
1054
1194
1421
1269
1223
1229
1226
1444
1730
1689
1057
1729
1455
1728
1924
1845
2009
1500
1613
1609
1544
1685
1205
1924
1564
1330
1266
1850
1964
1805
1738
2049
2492
2623
2229
2471
2050
2294
2447
2616
2826
3132
3128
3437
3511
3034
2922
2978
3103
3466
2954
2953
3163
3105
3007
2322
2780
2301
2291
2525
2330
2412
2452
2747
3228
2862
3088
3171
3296
3073
3112
3093
3044
2959
2976
2953
3190
3222
2841
2867
2868
2721
2507
2491
1979
2525
2305
2057
1912
