1605
2567
2011
2230
1898
2253
2224
2221
1971
2430
2275
2359
2444
1610
2254
2520
2190
2563
2113
2288
2332
2502
1980
2495
2195
2312
2151
2176
2136
2355
2379
2033
2027
1848
1910
2151
1782
860
2012
1424
1732
2017
1783
1265
1531
2033
1871
1525
2027
1489
1835
1880
1803
1044
1862
1918
1926
1893
1952
1865
1654
1917
1666
1973
1897
1521
1841
1812
1939
1660
1812
1698
1965
1965
1723
1750
877
1833
1699
1732
1619
1492
1624
1806
1884
1659
1606
1576
1960
1608
1605
707
1402
1590
1214
1378
1048
1514
1026
1165
1567
1212
1174
1700
1376
1426
1681
1482
1211
118
838
1524
1124
1032
1172
1371
1687
1456
1457
1191
1436
1222
1340
1284
1235
1403
1319
1178
1594
868
1331
994
896
1005
1142
1379
912
230
483
506
923
1120
996
931
915
902
885
766
538
718
887
716
340
1016
1119
924
739
938
804
637
756
790
598
695
592
849
579
1140
985
465
701
887
1317
1206
676
1359
1028
927
1024
958
1252
1136
1093
1582
1459
1471
951
1480
1586
1084
1089
656
547
1121
1090
1687
1400
1405
886
1013
1245
571
1170
831
886
368
812
748
1075
985
1149
587
935
759
1069
1286
965
1071
771
1087
937
1116
411
1115
1170
1199
1292
1027
746
819
1401
1282
987
1287
1426
1442
1701
1660
1287
1390
1341
1124
1890
2071
1940
2000
1655
1343
1764
1380
1396
1669
1589
1563
1771
1450
1344
1460
1196
1259
1434
1412
1421
1391
1489
1270
1569
1501
1461
1141
1386
1445
1209
1434
1271
1346
1430
1222
1245
1386
695
992
1213
1227
814
996
1509
1753
1660
1565
1692
1066
1856
1631
1653
1800
1779
2171
2107
1923
1246
1338
1595
1781
1357
1794
1592
1299
1601
1600
1093
1478
1766
1893
1944
1740
1381
1640
1513
1900
2007
1909
1281
1944
1841
1699
1735
1075
1648
1402
1660
1077
1195
1329
1576
1157
1756
1681
956
2355
1882
2059
2172
1769
2029
1797
2140
2322
2025
2005
2178
1846
2033
2083
2221
2572
2229
2672
2899
2483
1842
2392
2583
2535
2659
2416
2137
1911
1712
2461
2658
2831
2793
1900
2695
2163
2567
2068
2363
2417
2056
1713
2089
2310
2271
2367
2205
2415
2119
2515
2450
2519
1515
2564
1759
2747
2153
2230
2466
2588
2532
2720
2444
2324
2520
2430
2447
2452
2421
2599
2536
2546
2503
2326
2124
2685
1834
2022
1435
2322
2034
2219
978
1462
1939
235
151
63
97
78
51
61
230
66
61
28
9
68
95
138
15
25
4
629
1060
1283
1569
1994
2001
1954
2197
2517
2116
2331
2087
2092
2435
2163
2134
1752
1778
1766
1782
1425
1881
1949
1727
1264
1102
631
1015
1590
1812
1618
1503
1473
1861
1536
1259
1744
1948
2114
1883
1591
1407
1338
1390
1404
1902
1507
1082
1072
870
1013
1438
1075
989
1189
691
624
703
763
815
961
1109
1385
1230
1177
1171
1154
1334
1589
1627
951
1698
1442
1662
1737
1764
1930
1366
1422
1492
1334
1459
954
1849
1510
1209
1119
1696
1895
1750
1706
1935
2238
2392
2118
2387
1994
2205
2329
2544
2698
3011
3003
3304
3362
2913
2830
2845
2917
3144
2671
2687
2896
2844
2727
1893
2351
2120
2085
2311
2182
2274
2297
2575
2925
2671
2827
2883
2898
2888
2874
2797
2820
2735
2679
2634
2890
2820
2560
2476
2582
2329
2221
1927
1649
1999
1860
1844
1632
