1532
2518
1884
2115
1833
2204
2169
2167
1780
2286
2059
2134
2115
1248
2000
2291
1893
2156
1586
1799
1730
2120
1621
2084
1763
1933
1630
1746
1674
1981
2046
1827
1839
1726
1802
2026
1782
916
2122
1489
1856
2120
1893
1398
1586
2086
1871
1423
1926
1305
1551
1515
1568
800
1724
1684
1673
1735
1759
1722
1503
1654
1496
1865
1897
1521
1795
1721
1839
1566
1649
1577
1779
1833
1585
1619
779
1744
1602
1685
1619
1492
1665
1754
1803
1480
1422
1434
1712
1385
1427
587
1256
1430
1140
1238
937
1370
827
961
1384
1021
1032
1659
1409
1382
1534
1349
1109
106
798
1428
1000
900
965
1111
1383
1261
1259
1010
1308
1140
1174
1173
1022
1256
1224
1111
1486
778
1279
911
896
953
1053
1233
829
204
483
477
867
1006
843
830
780
870
759
634
455
635
887
683
284
914
994
811
668
897
763
637
843
827
630
723
592
849
579
1051
985
502
782
1011
1444
1249
676
1307
897
765
806
827
1171
1027
891
1327
1157
1206
641
1098
1230
687
696
342
278
810
723
1306
982
1063
586
685
1007
390
903
651
692
222
571
545
766
685
777
398
611
417
581
734
450
509
319
493
468
693
39
780
828
814
920
654
308
272
847
485
299
512
585
637
550
911
499
632
575
291
1132
1129
995
1127
801
465
809
509
413
664
619
676
820
768
569
934
593
830
861
996
758
800
954
684
1148
1044
1014
751
921
860
688
857
461
747
721
672
655
641
51
332
720
718
243
303
913
1082
901
794
880
107
906
790
735
924
820
1206
1000
780
29
228
736
933
426
928
691
506
945
892
275
684
1081
1296
1173
965
466
751
473
1057
1231
1277
534
1279
1147
946
1171
460
997
876
851
278
413
269
811
492
1087
1037
118
1566
932
1302
1324
1049
1334
1020
1276
1596
1187
1164
1249
1155
1237
1262
1200
1491
1142
1563
1820
1480
856
1498
1926
1951
2014
1625
1469
1103
923
1788
1890
2123
1963
761
1808
1265
1765
1288
1511
1664
1127
652
1053
1140
1052
1173
1054
1269
988
1356
1183
1079
147
1225
341
1359
1161
1001
1377
1361
1533
1584
1160
1167
1376
1331
1333
1404
1303
1514
1667
1584
1328
1180
1023
1546
779
997
392
1564
1078
901
203
402
558
59
67
19
34
32
7
33
10
43
25
28
1
68
73
58
10
25
4
480
902
821
964
1711
1681
1656
1458
1869
1321
1876
1356
1593
1830
1793
1541
1167
1525
1564
1624
1155
1460
1334
1238
883
918
321
912
881
884
1331
1002
935
1494
936
938
1439
1469
1559
1372
1232
1093
1042
1029
863
1242
921
828
699
557
753
881
700
820
948
536
433
470
482
504
543
545
1014
842
714
766
671
784
848
909
178
1381
1152
1199
986
1338
1557
732
771
1027
706
893
326
1611
1367
969
728
1389
1702
1594
1585
1689
1825
1890
1756
1968
1784
1957
1917
2005
2063
2485
2419
2726
2666
2269
2044
2315
2398
2394
1877
2110
2273
2010
2128
1274
1879
1921
1833
1975
1795
1998
1923
2163
2321
2322
2261
2075
2215
2444
2303
2206
2148
2197
2136
2132
2290
2016
2078
1890
2092
1838
1991
1568
1356
1632
1675
1695
1407
