1605
2616
1948
2172
1833
2302
2224
2275
1907
2286
2059
2134
2224
1466
2102
2383
2062
2272
1820
2017
1910
2263
1800
2260
1886
2123
1956
1992
2021
2302
2312
1964
2027
1848
1965
2151
1851
860
2067
1489
1856
2069
1948
1531
1640
2033
1768
1423
1976
1427
1722
1698
1709
922
1724
1731
1623
1695
1614
1579
1353
1601
1440
1811
1795
1476
1795
1721
1839
1613
1730
1657
1965
2009
1769
1793
877
1789
1602
1638
1561
1387
1624
1702
1721
1436
1468
1387
1761
1474
1534
707
1402
1590
1263
1448
1085
1514
1026
1165
1476
1021
985
1619
1376
1426
1632
1438
1177
118
919
1572
1124
1076
1131
1319
1637
1407
1457
1281
1479
1304
1381
1284
1235
1440
1414
1312
1862
1092
1588
1162
1075
1263
1319
1526
1036
336
614
592
1034
1233
1148
1033
1049
1063
1052
931
745
884
1120
883
452
1118
1245
1037
845
1103
969
758
929
901
726
778
627
849
549
1051
940
428
741
970
1444
1249
676
1307
941
805
849
784
1171
1064
942
1369
1244
1358
796
1251
1309
806
783
412
398
926
952
1497
1149
1177
653
808
1046
420
903
711
808
309
771
748
987
942
1149
587
902
728
956
1089
781
911
577
864
749
984
280
977
1020
1007
1129
882
576
627
1207
1016
823
1146
1226
1251
1401
1456
1090
1147
1096
868
1678
1770
1613
1741
1433
1140
1481
1154
1214
1437
1387
1370
1564
1264
1150
1349
1029
1140
1283
1290
1200
1227
1281
1042
1396
1259
1210
911
1112
1101
883
1061
821
1029
1055
916
904
1014
390
736
1021
1012
543
719
1330
1541
1420
1333
1408
814
1585
1421
1423
1625
1551
1919
1906
1675
1014
1127
1466
1737
1405
1939
1793
1439
1682
1701
1196
1478
1806
1893
1992
1789
1381
1535
1268
1689
1841
1763
994
1706
1628
1525
1547
852
1411
1183
1287
678
834
905
1223
901
1469
1451
716
2017
1339
1710
1846
1548
1914
1575
1852
2115
1845
1765
1780
1616
1692
1809
1857
2167
1722
2007
2205
1866
1102
1573
2045
1951
2078
1757
1530
1165
1045
1788
1944
2178
2090
1086
2061
1489
2032
1572
1821
1801
1413
1031
1536
1652
1697
1735
1514
1699
1320
1697
1535
1399
527
1671
735
1845
1547
1579
1826
1821
1961
1963
1613
1673
1876
1812
1890
2020
1899
2015
2029
2065
1916
1671
1574
2153
1201
1271
541
1672
1225
1077
262
553
730
92
73
28
49
44
18
41
87
51
35
28
1
68
78
71
11
25
4
517
939
936
1071
1761
1765
1744
1675
1984
1374
1911
1417
1548
1783
1732
1496
1206
1542
1602
1656
1191
1544
1375
1336
959
964
399
931
1090
1090
1367
1065
967
1494
901
874
1381
1412
1461
1343
1192
1035
950
969
773
1138
828
758
574
447
666
726
612
802
933
518
412
433
438
422
380
376
890
726
552
631
526
646
672
815
37
1305
1099
1089
798
1277
1459
598
542
823
329
591
33
1522
1331
939
654
1301
1647
1550
1561
1594
1666
1697
1561
1801
1686
1850
1681
1682
1681
2040
1960
2237
2119
1906
1721
2083
2065
1911
1424
1756
1873
1593
1769
845
1408
1740
1582
1608
1468
1745
1550
1716
1767
1973
1827
1498
1589
1962
1685
1614
1475
1614
1493
1585
1689
1280
1676
1499
1806
1397
1676
1004
915
1001
1156
1419
1043
