1605
2567
1948
2230
2027
2449
2334
2384
2034
2430
2275
2314
2444
1683
2304
2520
2147
2447
1879
2071
1971
2311
1800
2260
1948
2186
1891
1930
1847
2142
2179
1964
1964
1787
1802
1963
1714
860
1957
1424
1732
1966
1727
1199
1423
1928
1716
1322
1875
1244
1608
1576
1662
800
1678
1637
1521
1537
1469
1389
1152
1337
1157
1594
1644
1339
1659
1584
1690
1424
1567
1496
1733
1700
1447
1531
582
1522
1408
1451
1212
1125
1418
1546
1640
1301
1237
1245
1613
1341
1392
467
1147
1367
1066
1169
788
1081
527
603
1063
590
652
1336
1081
992
1141
949
768
1
437
995
587
458
552
590
927
823
862
649
880
771
801
805
638
889
700
809
949
374
815
575
493
592
699
940
621
98
320
334
783
893
805
762
735
837
718
601
372
510
770
649
256
914
994
886
703
979
804
606
799
864
630
695
523
766
461
874
761
281
498
679
1147
1032
549
1153
810
724
718
696
1091
991
891
1327
1114
1244
641
1175
1230
647
609
272
248
732
631
1163
940
1063
553
603
887
360
859
681
731
251
611
626
943
942
1149
563
838
666
919
1049
744
870
609
864
749
931
214
918
935
910
1013
779
430
436
985
674
463
723
746
791
851
1115
762
905
881
676
1465
1581
1467
1612
1243
971
1339
993
959
1244
1185
1177
1357
1109
995
1211
895
1045
1132
1167
1016
1096
1192
945
1371
1232
1238
934
1194
1239
1013
1163
866
1064
1180
1008
1059
1200
491
809
1103
1119
664
823
1390
1612
1500
1333
1367
763
1494
1336
1286
1537
1551
1877
1805
1575
956
1021
1337
1603
1210
1698
1592
1253
1519
1600
1042
1346
1645
1826
1895
1692
1209
1378
1146
1636
1785
1763
1109
1801
1734
1583
1641
963
1530
1226
1287
678
774
764
1164
798
1374
1359
537
1960
1407
1710
1716
1381
1624
1297
1622
1856
1486
1525
1514
1328
1464
1535
1565
1964
1649
2080
2437
2020
1267
1722
2165
2068
2143
1757
1591
1227
1166
1944
2109
2287
2154
1086
2061
1489
1965
1430
1821
1870
1341
804
1260
1432
1482
1454
1284
1627
1320
1833
1676
1559
603
1671
735
1776
1382
1290
1697
1591
1747
1887
1537
1601
1805
1812
1766
1897
1750
2015
2029
1928
1748
1589
1436
1926
1061
1134
467
1564
1078
1077
262
553
903
114
85
31
49
44
18
41
87
50
35
28
0
68
76
67
10
25
4
508
921
821
999
1711
1715
1691
1501
1907
1374
1876
1295
1458
1690
1701
1404
1128
1508
1577
1645
1173
1516
1334
1270
858
918
341
912
923
987
1349
1033
999
1540
1042
981
1496
1581
1690
1514
1332
1172
1097
1129
954
1346
1044
870
740
557
753
850
678
820
962
536
443
470
482
487
496
489
996
842
691
747
623
729
813
940
213
1381
1152
1221
1023
1379
1557
765
771
969
622
818
243
1611
1367
969
679
1323
1633
1528
1537
1556
1603
1619
1561
1773
1672
1797
1593
1646
1681
2121
2043
2370
2368
2068
1906
2216
2287
2179
1651
1933
2051
1750
1888
988
1579
1813
1719
1791
1676
1929
1830
1991
2120
2163
2088
1902
1987
2221
2066
2058
1924
1973
1839
1813
1990
1548
1837
1695
1888
1495
1733
1055
1025
1159
1267
1461
1099
