1679
2616
2011
2230
2027
2449
2445
2438
2225
2623
2383
2359
2389
1538
2203
2383
2062
2272
1762
2071
1971
2215
1681
2084
1701
1806
1630
1808
1789
2035
2046
1691
1714
1543
1640
1713
1303
411
1626
970
1361
1710
1452
800
1151
1613
1458
1018
1621
938
1267
1271
1380
434
1402
1404
1370
1458
1420
1436
1202
1390
1157
1485
1543
1248
1567
1447
1540
1283
1404
1254
1408
1392
1125
1182
189
1212
1069
1217
1037
862
1129
1076
1234
899
914
819
1067
806
1036
146
855
1048
821
820
455
695
227
348
788
399
463
1094
917
775
895
726
598
1
116
610
339
238
346
329
623
433
417
287
581
402
428
438
211
522
224
474
466
1
197
114
1
1
212
305
82
1
1
1
338
326
195
186
1
225
1
40
1
1
69
47
1
266
240
171
28
116
1
32
1
54
1
141
1
15
1
208
135
1
1
97
595
466
1
433
158
33
18
42
447
371
1
604
382
563
19
564
636
131
85
1
1
265
172
639
396
531
120
152
410
1
192
171
111
1
9
1
148
129
266
115
223
74
168
262
1
67
1
11
61
402
1
583
571
478
618
406
16
1
486
67
1
195
225
254
50
571
171
328
300
35
889
866
705
933
642
330
703
445
377
548
417
522
613
613
298
713
258
568
529
727
390
538
658
326
851
695
679
476
620
481
297
417
1
288
221
336
376
305
1
1
473
530
32
130
793
905
701
640
637
1
635
537
413
662
592
1080
899
730
1
70
650
844
329
784
591
366
781
639
121
551
1000
1230
981
820
237
594
290
899
1009
1033
132
993
827
657
889
181
642
657
477
1
112
1
516
338
991
899
1
1284
593
952
998
716
987
798
1046
1389
887
864
851
751
896
988
763
1154
780
1046
1280
864
199
753
1388
1426
1498
1164
984
730
681
1478
1615
1797
1643
435
1554
815
1431
862
1201
1254
841
274
776
920
837
892
747
1054
788
1151
1043
839
1
1001
26
1220
996
711
1121
902
1033
1130
858
805
1018
1125
1271
1404
1229
1263
1377
1447
1244
1180
1092
1470
569
656
1
1077
269
110
1
1
1
1
25
1
8
20
1
29
1
40
21
28
1
68
71
40
9
25
4
453
875
734
821
1661
1664
1639
1414
1831
1215
1736
1112
1412
1643
1670
1450
1167
1542
1577
1645
1191
1516
1416
1336
934
952
399
938
1048
1142
1403
1127
1062
1563
1077
981
1496
1610
1690
1542
1352
1211
1153
1189
1044
1416
1137
927
823
649
839
1036
810
867
1019
570
486
531
556
569
636
686
1085
900
784
824
720
839
883
940
143
1366
1165
1199
1023
1379
1596
832
848
1027
664
893
326
1611
1385
1029
777
1389
1675
1561
1569
1651
1825
1851
1700
1912
1742
1903
1769
1790
1808
2242
2210
2548
2517
2148
1952
2249
2287
2233
1651
1889
2051
1750
1928
940
1579
1776
1627
1669
1557
1837
1705
1922
1968
2037
1914
1671
1759
2073
1923
1811
1644
1749
1592
1630
1790
1414
1757
1548
1765
1446
1762
1107
1062
1159
1341
1546
1267
