1679
2567
1948
2288
2092
2400
2390
2330
2034
2430
2167
2179
2169
1248
1949
2200
1808
1981
1410
1745
1730
2024
1381
1908
1578
1743
1500
1562
1500
1768
1779
1554
1652
1604
1694
1775
1372
523
1736
1165
1484
1812
1562
933
1206
1718
1458
1069
1570
815
1210
1211
1380
434
1402
1357
1269
1340
1275
1293
1102
1285
1100
1540
1492
1112
1339
1219
1340
1095
1281
1132
1269
1347
1125
1226
336
1300
1069
1170
979
915
1253
1233
1437
1167
1191
1150
1414
1073
1178
306
1001
1207
944
1029
640
888
327
450
880
447
463
1094
885
775
895
815
734
1
397
947
545
502
594
746
1079
969
962
784
1051
894
967
989
851
1146
986
943
1164
599
1073
785
672
747
920
1184
787
177
385
420
867
1006
919
830
870
934
926
799
621
801
965
816
396
1016
1161
1037
845
1103
969
758
929
975
759
806
696
974
609
1184
1030
502
823
970
1444
1293
718
1307
984
846
893
871
1171
1064
891
1327
1201
1244
679
1175
1230
727
652
342
278
732
631
1211
940
987
520
562
887
360
770
591
615
134
450
382
590
557
684
327
579
386
581
734
450
509
319
493
499
746
105
859
871
814
943
717
405
408
958
636
463
688
786
867
951
1115
696
783
698
484
1314
1318
1141
1321
959
634
986
735
704
896
780
869
944
830
647
990
627
830
891
996
795
866
954
652
1098
964
902
682
866
756
590
790
416
747
721
733
780
790
119
406
802
825
303
442
1032
1188
1021
871
880
107
951
790
689
968
957
1374
1251
1078
318
387
865
1022
622
1073
891
646
1068
1044
530
949
1282
1528
1414
1304
752
1064
718
1215
1287
1277
534
1279
1094
946
1077
404
938
789
664
145
232
128
575
287
895
807
1
1341
525
894
802
550
871
631
989
1337
887
864
851
809
896
933
763
1086
635
898
1126
864
35
678
1268
1193
1239
900
741
419
377
1219
1341
1633
1324
110
1364
741
1364
862
1124
1186
627
198
776
774
765
751
517
839
522
947
832
679
1
1001
26
1082
941
639
1057
902
1033
1054
782
733
875
919
1085
1157
856
1013
1304
1378
1076
852
816
1319
569
792
169
1347
710
549
1
99
212
37
49
13
30
30
5
30
1
39
17
28
1
68
68
36
9
25
4
453
875
705
786
1627
1614
1569
1240
1641
896
1526
686
1004
1271
1424
1040
777
1373
1464
1550
1047
1320
1087
1107
756
860
244
879
715
677
1223
752
682
1311
619
703
1229
1186
1233
1144
1053
897
857
848
563
861
612
673
450
318
579
479
413
708
792
432
316
347
319
307
264
263
819
629
483
573
430
564
531
690
1
1245
1046
1001
610
1156
1380
431
427
707
203
478
1
1462
1286
849
507
1169
1551
1461
1496
1480
1476
1426
1422
1633
1616
1761
1563
1574
1554
1959
1918
2237
2219
1906
1675
2017
2028
1911
1367
1667
1829
1593
1848
940
1536
1795
1673
1760
1617
1837
1674
1888
1918
2037
1914
1671
1703
2036
1876
1861
1700
1793
1691
1676
1790
1280
1717
1548
1765
1348
1676
902
915
1054
1267
1461
1099
