1605
2567
1948
2288
2092
2400
2334
2384
2098
2479
2275
2359
2499
1755
2406
2657
2275
2622
2171
2451
2452
2645
2280
2788
2503
2629
2411
2422
2368
2622
2779
2511
2402
2214
2181
2339
2124
1140
2342
1814
2227
2325
2114
1664
1749
2138
1923
1525
2129
1550
1892
1880
1803
1105
1954
1964
1875
1893
1904
1913
1754
1917
1666
1973
1947
1612
1841
1721
1789
1566
1689
1617
1872
1877
1677
1750
828
1789
1699
1826
1735
1545
1747
1911
1965
1659
1606
1623
1960
1608
1677
827
1475
1622
1263
1482
1122
1611
1176
1216
1613
1212
1174
1781
1442
1512
1730
1527
1279
154
999
1668
1207
1121
1172
1475
1738
1553
1605
1417
1693
1509
1547
1467
1364
1513
1509
1312
1755
1047
1537
1162
1075
1263
1364
1623
1119
389
679
649
1062
1233
1110
999
1094
1095
1094
931
828
926
1081
883
424
1084
1245
1075
917
1144
1010
788
1016
1048
791
861
730
933
638
1140
985
502
741
970
1402
1249
760
1410
984
805
806
827
1211
1064
992
1412
1201
1320
796
1327
1388
886
871
516
457
1043
1090
1592
1317
1405
919
1095
1404
722
1392
1012
1118
514
1052
1032
1296
1241
1428
728
1064
884
1181
1404
1001
1151
771
1050
906
1090
346
1076
1106
1079
1153
882
600
627
1207
978
757
1041
1146
1212
1301
1353
926
996
943
676
1435
1544
1359
1515
1212
904
1304
1025
995
1205
1185
1255
1357
1140
995
1211
861
973
1042
1143
1016
1030
1103
847
1272
1179
1154
911
1140
1135
883
1027
776
958
971
916
966
1051
424
772
1076
1066
603
753
1360
1647
1540
1372
1408
763
1494
1294
1240
1450
1414
1835
1805
1675
1014
1127
1466
1737
1357
1891
1692
1392
1723
1752
1196
1522
1847
1926
2088
1934
1610
1796
1574
2058
2173
2104
1511
2086
2108
2046
2017
1410
1944
1577
1785
1211
1195
1258
1517
1208
1756
1727
1075
2467
2017
2176
2238
1769
2029
1741
2082
2270
2025
2005
2178
1904
2090
2083
2148
2505
2156
2450
2668
2405
1760
2169
2464
2476
2595
2284
1955
1662
1530
2202
2383
2668
2602
1656
2505
2013
2500
1997
2440
2417
1913
1485
1950
2017
1984
2086
1975
2129
1720
2242
2098
2039
1059
2118
1207
2261
1823
1796
2082
2205
2175
2190
1915
1962
2020
1949
1890
2020
2048
2265
2319
2203
2000
1753
1642
2078
1131
1271
541
1618
1005
901
83
250
558
70
61
22
38
37
16
39
62
48
29
28
0
68
77
67
10
25
4
499
921
878
999
1727
1698
1639
1414
1793
1108
1666
929
1276
1504
1547
1176
855
1423
1514
1571
1047
1320
1046
1009
705
849
225
866
590
523
1187
720
682
1333
725
767
1267
1243
1331
1230
1113
976
894
888
593
895
612
687
450
318
579
479
413
708
777
432
316
335
334
324
264
263
819
648
460
573
454
564
531
690
1
1245
1033
979
610
1156
1360
431
427
765
287
553
1
1492
1313
879
581
1257
1620
1517
1537
1537
1634
1658
1589
1856
1714
1886
1799
1826
1893
2242
2252
2504
2467
2108
1952
2216
2213
2125
1537
1800
1962
1697
1928
988
1579
1776
1650
1669
1498
1745
1550
1750
1817
1973
1870
1498
1589
1962
1685
1614
1419
1614
1543
1539
1689
1213
1676
1450
1725
1299
1647
902
879
896
1119
1398
1043
