1532
2567
1884
2172
1962
2351
2224
2167
1907
2382
2167
2269
2279
1538
2254
2520
2190
2447
1937
2125
2031
2311
1740
2143
1825
1933
1695
1808
1789
2035
2112
1896
1902
1726
1748
1838
1440
523
1681
970
1361
1710
1452
800
1097
1508
1303
866
1468
815
1096
1089
1239
373
1402
1357
1269
1340
1275
1246
1102
1232
931
1323
1391
1021
1294
1264
1290
1000
1159
1011
1129
1215
987
1095
90
1123
875
936
688
547
882
764
1031
630
590
535
820
627
822
1
600
888
698
610
233
358
1
1
329
1
1
608
524
297
404
370
360
1
1
273
8
1
15
17
369
190
120
16
324
197
304
364
125
449
129
373
305
1
146
30
1
1
123
257
1
1
1
1
310
288
195
254
108
386
132
139
1
1
225
114
1
266
156
134
28
157
25
62
20
128
51
224
1
15
1
208
135
1
10
221
722
509
1
536
332
236
193
129
568
481
136
774
554
752
174
641
676
131
1
1
1
304
172
687
438
607
186
193
450
1
281
261
150
1
49
16
280
258
359
162
320
137
244
380
46
107
1
122
186
481
1
603
593
526
641
427
40
25
625
257
136
336
385
484
400
809
401
541
453
227
1041
979
850
998
642
262
632
348
231
470
417
445
572
520
182
658
191
544
498
678
316
406
598
261
801
641
595
430
593
412
264
383
1
288
221
366
376
305
1
1
500
503
2
95
793
905
701
601
596
1
635
537
459
749
684
1080
798
631
1
1
564
710
231
736
541
320
740
639
19
507
960
1263
1077
917
409
698
351
952
1120
1228
362
1088
881
714
983
181
701
657
540
1
172
1
516
338
895
899
1
1397
661
1127
1129
827
1102
909
1161
1493
1067
1044
1116
924
1067
1097
836
1221
708
972
1280
864
199
753
1268
1193
1239
900
741
419
317
1219
1341
1579
1324
110
1301
591
1230
649
892
1049
555
122
707
847
765
822
594
982
655
1015
761
599
1
927
1
1082
886
639
1121
1055
1104
1206
782
877
1018
988
1023
1157
1005
1013
1159
1172
909
770
679
1167
287
451
1
1022
269
110
1
1
1
1
13
1
8
18
1
24
1
37
13
28
1
68
67
22
8
25
4
416
828
561
643
1578
1580
1533
1197
1565
896
1596
929
1276
1597
1609
1313
1050
1508
1552
1603
1119
1432
1211
1140
807
895
263
886
756
729
1277
877
777
1379
795
810
1305
1271
1331
1173
1093
956
894
868
593
965
735
730
512
373
594
572
501
755
834
458
337
347
319
324
287
263
819
629
483
593
454
564
566
659
1
1230
1046
1023
723
1216
1400
464
465
794
287
516
1
1477
1295
849
507
1169
1551
1472
1512
1480
1507
1426
1394
1661
1644
1797
1593
1610
1596
2040
2001
2237
2119
1866
1628
2017
2028
1857
1367
1667
1829
1541
1769
797
1408
1722
1605
1669
1527
1768
1612
1819
1918
2005
1914
1671
1759
2110
1923
1861
1644
1793
1691
1767
1890
1414
1797
1646
1929
1593
1819
1209
1135
1369
1415
1589
1295
