1605
2567
1948
2230
1898
2351
2279
2330
2098
2479
2275
2269
2334
1466
2102
2337
1977
2272
1820
2071
1971
2263
1681
2084
1825
2059
1891
1992
2021
2248
2246
1964
1902
1726
1802
1901
1508
691
1901
1294
1608
1915
1783
1199
1477
1876
1664
1271
1773
1182
1551
1515
1568
678
1586
1544
1420
1537
1469
1484
1302
1443
1270
1702
1745
1430
1750
1721
1839
1518
1689
1536
1826
1877
1631
1750
828
1833
1699
1732
1677
1545
1665
1858
1843
1570
1514
1481
1761
1430
1534
667
1293
1430
1091
1169
863
1177
627
655
1063
590
652
1336
1114
1078
1288
1127
938
46
598
1139
711
679
759
954
1282
1163
1160
1010
1265
1099
1174
1173
1107
1367
1272
1211
1647
1002
1434
1036
1030
1212
1319
1574
1161
389
712
678
1062
1309
1186
1101
1228
1159
1135
997
869
1051
1237
984
564
1255
1371
1188
988
1226
1010
758
973
938
759
806
696
974
638
1140
985
502
782
970
1444
1249
760
1462
1028
886
893
871
1171
1027
942
1412
1244
1320
718
1175
1270
687
609
307
278
771
723
1306
1024
1101
653
808
1086
450
992
711
731
251
651
626
943
899
1010
469
741
604
844
971
597
670
415
642
562
772
83
819
828
766
897
654
284
272
847
561
397
618
666
676
600
945
598
753
698
419
1253
1318
1141
1257
895
533
915
606
522
741
619
676
778
737
531
934
526
759
740
849
537
636
747
489
974
829
819
636
784
687
492
654
236
606
555
549
531
566
1
259
720
771
273
407
1032
1188
1101
1025
1083
410
1268
1084
1056
1231
1186
1542
1402
1227
550
651
1036
1201
720
1217
992
693
1027
943
326
772
1121
1362
1173
1014
466
751
412
1057
1176
1228
477
1279
1201
946
1171
516
997
832
851
345
533
552
928
696
1326
1313
417
1791
1068
1418
1520
1215
1450
1131
1507
1700
1307
1344
1315
1212
1351
1481
1492
1897
1432
1711
1897
1635
856
1349
1747
1659
1820
1427
1227
854
741
1633
1725
1960
1707
598
1681
1040
1564
1004
1279
1391
841
425
845
920
981
1103
824
1126
788
1151
902
839
71
1150
262
1359
1106
928
1377
1361
1533
1509
1235
1311
1376
1400
1519
1527
1303
1514
1739
1790
1664
1507
1298
1850
1061
1134
467
1618
1152
1077
262
477
817
92
85
31
56
47
21
41
75
51
39
28
2
68
79
80
11
25
4
508
939
936
1106
1794
1782
1761
1762
2098
1639
2086
1782
1911
2155
2040
1997
1596
1710
1728
1751
1389
1853
1826
1662
1163
1045
534
983
1382
1451
1510
1315
1252
1746
1324
1174
1668
1836
1983
1741
1511
1348
1245
1250
1194
1659
1291
983
885
705
854
1129
899
914
1104
639
560
617
645
651
706
771
1173
997
876
920
840
1031
1130
1221
459
1487
1244
1353
1286
1541
1714
1066
1116
1260
999
1157
577
1700
1420
1074
899
1499
1757
1616
1601
1708
1920
1967
1784
1996
1784
1974
1917
2041
2105
2526
2502
2859
2865
2511
2321
2481
2547
2554
2047
2243
2407
2219
2248
1321
1922
1939
1856
1975
1855
2067
1986
2197
2371
2290
2305
2133
2272
2481
2351
2255
2204
2287
2234
2269
2440
2217
2198
2134
2296
2034
2077
1722
1429
1737
1675
1717
1464
