1605
2567
1948
2172
1898
2351
2334
2275
2034
2382
2113
2179
2169
1393
2152
2383
1977
2214
1644
1908
1850
2215
1621
2025
1701
1933
1695
1808
1847
2088
2112
1896
1964
1787
1910
2026
1714
860
2012
1424
1856
2017
1783
1265
1423
1823
1664
1221
1773
1060
1437
1454
1474
617
1494
1544
1420
1458
1324
1341
1102
1337
1100
1485
1492
1112
1385
1310
1390
1189
1404
1254
1501
1568
1309
1444
533
1478
1311
1404
1270
1125
1418
1494
1640
1301
1237
1150
1513
1162
1249
306
1001
1239
944
1029
677
1033
477
603
971
494
463
1134
917
775
944
815
700
1
317
802
504
414
511
590
876
774
813
603
838
689
718
732
552
816
605
675
842
285
609
450
403
489
655
891
497
18
221
248
672
742
614
559
511
644
467
436
207
302
497
381
60
607
575
472
313
445
230
243
193
349
212
390
178
265
107
341
224
1
132
346
850
683
168
639
332
236
193
173
568
517
236
859
726
866
330
793
874
369
347
28
39
499
402
878
606
683
286
316
609
149
503
411
382
1
250
260
501
429
545
280
450
292
506
616
340
469
254
419
374
640
18
780
828
814
943
717
405
381
958
636
430
688
706
714
701
979
631
753
667
452
1253
1280
1177
1321
959
600
950
638
632
857
740
792
944
799
531
879
459
735
710
873
611
669
806
554
1024
883
819
636
784
687
460
620
146
535
555
580
624
678
85
406
802
852
393
511
1151
1365
1260
1141
1245
511
1268
1084
1010
1231
1231
1583
1453
1227
492
651
1122
1290
867
1361
1192
926
1314
1246
633
1081
1403
1628
1558
1353
866
1117
779
1268
1397
1374
534
1279
1094
888
1124
404
938
876
789
278
352
340
870
645
1278
1221
417
1791
1136
1476
1585
1326
1682
1464
1852
2011
1726
1645
1647
1500
1692
1754
1857
2099
1649
2080
2437
2097
1513
2094
2464
2418
2659
2350
2076
1849
1651
2358
2548
2831
2857
1981
2885
2463
2901
2423
2827
2691
2270
1940
2365
2602
2558
2508
2512
2630
2252
2719
2591
2759
1743
2787
1837
2816
2208
2375
2594
2818
2890
2947
2595
2468
2663
2705
2694
2698
2868
3100
2971
2889
3007
2818
2400
3064
2115
2227
1733
2539
2328
2571
1336
1993
2458
300
200
90
123
95
67
71
333
75
75
28
14
68
102
169
17
25
4
703
1115
1456
1712
2043
2035
2024
2328
2555
2275
2471
2452
2409
2761
2441
2498
2064
1913
1867
1877
1569
2078
2236
1956
1391
1172
747
1041
1757
1967
1672
1597
1568
1930
1642
1367
1801
2033
2244
2025
1710
1544
1448
1511
1554
2006
1631
1138
1114
925
1027
1469
1097
1008
1217
708
667
740
808
864
1054
1165
1421
1269
1223
1229
1226
1417
1624
1658
951
1713
1442
1662
1737
1764
1950
1400
1537
1550
1376
1535
1037
1864
1528
1239
1119
1740
1923
1761
1722
1992
2333
2430
2146
2415
1994
2205
2300
2436
2656
3011
3044
3437
3561
2994
2968
2944
3066
3359
2898
2953
3163
3105
3007
2274
2737
2265
2291
2525
2360
2412
2421
2713
3228
2893
3131
3171
3182
3073
3159
3192
3268
3139
3173
3090
3341
3423
2961
3063
3113
3015
2622
2645
2126
2682
2417
2163
2024
