2196
3141
3592
3760
3172
4085
3852
3715
2758
2968
3337
2871
2201
1943
1429
1774
1941
1240
1209
1796
2015
2120
1788
2264
2048
2707
1082
1783
2016
1833
2210
1599
2329
2634
1738
1991
1995
2880
1636
2072
2028
602
1958
1777
1614
1838
2323
2104
2004
1748
2539
2365
2063
2210
2342
1997
1419
1220
1940
1864
1258
2009
2131
1794
2098
2227
1890
2168
1759
1984
1996
2163
1874
1499
1985
334
1435
2190
2464
2115
2768
2022
2355
2567
2306
2238
2162
2098
2609
1945
1455
1964
2216
1952
2262
2279
1925
2366
2098
2313
2260
2043
1755
1994
1322
1813
2010
1794
1885
2359
1335
1830
1756
1838
1767
2384
2632
842
2099
2527
2449
1576
2531
2084
1586
2606
2197
2441
1981
1932
2103
2114
1822
2421
1953
2389
2360
2017
2671
2269
2668
2397
2126
2659
2120
2739
1662
2122
2027
2721
770
1796
1839
1914
2073
1709
1914
1340
1659
1670
1713
1399
1256
1414
1619
1619
1163
1424
1736
1669
1468
1166
1252
1478
1152
1001
1438
1715
1352
1398
1972
2153
1119
2144
1774
1952
1937
2395
2263
1977
1468
2233
1677
1575
1269
1686
1630
1731
1791
1621
1924
1892
1599
1755
1583
1608
1807
992
1409
2277
1326
939
2083
1528
1739
1684
1671
1957
1239
1252
1578
1440
1415
1225
1511
1756
1226
2231
825
1073
1229
515
1641
936
1233
197
2333
400
229
2222
1317
1628
1953
1607
1982
2464
1608
1857
1237
1946
2018
2546
1856
2007
4134
2830
1935
1728
2115
1759
1700
2294
1567
2153
1094
1929
1822
1704
1335
1505
1622
1943
664
1413
1305
1595
2239
1323
1121
1792
1733
1252
1248
1223
1748
1064
1091
1796
1582
1740
1639
2233
1761
1756
1582
1743
2437
1846
2567
2354
2847
2453
1964
2931
2176
3177
2290
1511
2375
2421
2726
2693
2455
2528
3024
2391
2546
2205
2894
2514
1091
2741
2619
2104
2354
1956
2820
2345
2181
3212
2422
3141
2288
2340
1837
2518
2057
1595
2092
1968
1756
1815
1557
1803
1506
1173
2034
2004
1615
2895
2359
2140
2015
2896
2351
2332
1502
2388
2795
2401
2937
2213
2453
2805
2092
2181
2578
2663
2496
3378
1902
2289
2836
2231
2006
2477
2283
1921
1739
2339
1259
2671
1949
1705
2086
2298
2384
1732
2406
2675
2269
2048
1869
3541
2772
2548
3171
2565
2321
1963
2054
1683
2454
2329
1346
2283
2413
1606
2472
1858
1834
2252
2573
2437
2086
2856
2952
2161
2232
1938
2259
2906
1868
2601
2058
2354
1592
2750
2371
2007
2279
2511
2612
2013
2460
1451
2255
2223
2505
2096
2310
2115
2256
2028
2350
2443
2521
3860
2398
2978
3062
2388
3008
2977
2323
2697
2693
2775
2720
3503
2499
2727
2873
2007
2975
2946
1797
3156
1352
3025
2968
1856
2523
2338
2077
3196
1973
2471
2752
1973
2829
2076
2131
2000
2740
2800
2479
1881
2938
2809
2221
2945
2410
1852
3386
1756
2429
3072
2690
3077
2699
2149
2972
3011
2637
2295
4263
4497
3834
3410
3409
2881
2778
2733
3038
2460
3456
2819
2110
2544
2516
1720
2799
1920
659
1847
2758
1171
2109
2414
2466
3029
1397
3159
2779
2338
3230
2639
2081
2727
3495
2572
3890
2917
2538
3052
3436
3865
3276
2503
3286
1636
2399
1319
2422
1666
2393
1495
1905
1786
1885
1713
1765
2672
2186
1908
2347
2050
2125
2124
2443
2232
2270
2448
2130
2372
2491
2104
1158
1723
