2196
3141
3659
3760
3077
4028
3732
3566
2608
2620
2815
2437
2033
1820
1247
1532
1738
987
1089
1772
2015
2120
1788
2264
2048
2663
909
1616
1784
1560
1849
1448
2004
2375
1532
1690
1810
2767
1636
2072
2028
602
1958
1730
1532
1778
2194
1918
1888
1528
2264
2022
1829
1987
2092
1885
1243
949
1708
1708
1181
1759
1881
1460
1888
1854
1438
1969
1564
1573
1770
1952
1682
1124
1806
183
1192
1965
2102
1970
2448
1857
2106
2397
1955
2041
1920
1671
2248
1587
1258
1784
1983
1863
1936
1828
1557
1880
1804
2023
1968
1626
1378
1632
875
1355
1547
1606
1507
1970
734
1078
1075
1288
1294
1777
2045
167
1639
2016
1756
998
1816
1456
1216
2128
1474
2208
1316
1482
1644
1448
1343
2088
1284
1912
1842
1145
2279
1392
2099
1713
1575
2223
1550
2351
1200
1636
1606
2280
227
1373
1547
1597
1818
1371
1809
1159
1605
1346
1283
1227
1025
1055
1439
1415
906
1201
1333
1311
1143
849
822
1079
731
670
1034
1369
1050
921
1732
1751
792
1761
1526
1719
1679
2201
2043
1846
1344
2162
1612
1512
1330
1850
1831
1977
2059
1750
2215
2184
1765
2031
1728
1608
1807
1051
1471
2215
1400
1050
2320
1742
2037
1872
1827
2127
1385
1383
1638
1371
1415
1225
1586
1820
1298
2231
904
1221
1455
593
1789
1127
1477
372
2583
490
335
2497
1479
1740
2047
1676
2099
2652
1825
2122
1416
2196
2190
2757
2069
2213
4342
2983
2013
1827
2115
1852
1766
2294
1514
2131
1154
1993
1787
1646
1335
1505
1670
2044
701
1413
1218
1491
2067
1143
1021
1681
1594
1125
1170
1127
1690
1017
1046
1692
1472
1606
1549
2174
1649
1721
1458
1539
2385
1764
2484
2187
2520
2369
1869
2821
1976
3075
2127
1452
2253
2323
2550
2646
2455
2629
3151
2452
2546
2126
2742
2433
947
2615
2503
2023
2163
1740
2511
1976
1651
2791
2136
2651
1967
2203
1574
2450
2057
1595
2092
1899
1756
1760
1557
1948
1506
1047
1926
1858
1378
2730
2106
2013
1924
2752
2176
2043
1256
2086
2446
2018
2702
2025
2301
2709
2040
2249
2696
2751
2553
3378
1902
2219
2804
2291
2006
2410
2283
1843
1666
2283
1259
2671
2018
1766
2148
2349
2384
1732
2337
2578
2157
2017
1837
3405
2616
2218
2779
2397
2162
1873
1919
1631
2298
2209
1256
2234
2345
1554
2431
1827
1834
2214
2526
2376
1992
2730
2862
1983
1977
1871
2146
2779
1794
2459
1912
2083
1498
2535
2211
1922
2198
2361
2441
1828
2207
1321
1991
2063
2164
1762
2101
1851
2136
1825
2167
2027
2106
3355
1752
2439
2728
2160
2598
2488
1896
2307
2308
1911
2328
3184
2131
2407
2735
1819
2767
2683
1555
2851
1246
2635
2498
1551
2141
1969
1894
2610
1621
1969
2047
1781
2280
1757
1661
1410
2208
2311
2098
1590
2643
2286
1942
2626
2164
1641
2864
1495
2061
2761
2408
2727
2310
1916
2474
2480
2291
1964
3786
3666
2960
2643
2611
2088
2014
2058
2298
1831
2716
2255
1603
2002
2018
1395
2172
1574
413
1513
2421
880
1426
1697
1751
2001
944
2282
1959
1593
2266
1773
1330
1715
2372
1613
2964
1621
1758
1907
2867
3195
2439
1790
2098
1007
1497
911
1525
1041
1407
1007
1615
1154
1255
1185
1207
1774
1537
1512
1656
1371
1315
1471
1846
1611
1616
1918
1629
1771
1937
1621
923
1277
