2196
3060
3460
3562
2982
4028
3732
3491
2507
2620
2815
2364
2000
1758
1175
1532
1806
1038
1089
1725
1953
1968
1715
2158
1999
2575
852
1504
1611
1287
1633
1298
1874
2220
1409
1510
1624
2540
1444
1976
1982
602
1945
1777
1614
1838
2323
2030
2004
1704
2461
2308
2063
2255
2384
2015
1454
1220
1940
1838
1271
2051
2231
1794
2140
2227
1955
2248
1808
1916
1906
1994
1759
1249
1895
221
1253
2021
2163
2028
2512
1890
2156
2465
2105
2159
2122
2037
2558
1945
1455
2083
2274
1937
2140
2166
1879
2258
2025
2240
2130
1918
1629
1895
1136
1604
1817
1747
1847
2324
1197
1705
1651
1681
1585
2131
2387
535
1831
2202
1969
1176
1935
1570
1317
2238
1667
2255
1506
1610
1750
1686
1527
2209
1563
2151
2101
1508
2442
1768
2289
1941
1685
2310
1692
2437
1332
1879
1869
2658
702
1848
1986
2072
2146
1979
2072
1642
1703
1856
1874
1485
1441
1568
1727
1772
1318
1498
1787
1772
1607
1211
1198
1428
1100
927
1337
1616
1301
1219
1892
2053
1078
2035
1774
1859
1872
2330
2208
1977
1406
2305
1808
1700
1515
2013
2032
2140
2237
1943
2287
2329
1931
2308
1945
1797
1946
1170
1596
2465
1620
1271
2557
1957
2335
2059
2036
2551
1629
1711
2055
1988
1907
1946
2256
2336
1870
2820
1139
1666
1757
671
2230
1509
1781
547
2834
762
547
2980
1856
2002
2422
2305
2567
3151
2205
2651
2011
2882
3221
3529
2993
3107
5103
3825
2868
2322
2613
2320
2427
2933
2202
2411
1930
2886
2275
2459
2172
2195
2338
2696
1183
2219
1874
2272
2753
1863
1551
2238
2288
1602
1754
1848
2123
1625
1636
2142
1911
2096
2094
2390
2024
2002
2019
2050
2618
2134
2712
2555
3228
2622
2342
3124
2496
3517
2888
1864
3044
2749
3193
3162
3063
3185
3911
3123
3357
3301
3503
2963
1570
3162
3259
2626
3122
2603
3438
2959
3066
3984
3211
3875
3010
2750
2625
3128
2689
2118
2581
2449
2320
2203
1913
2310
1903
1425
2357
2149
2088
3169
2737
2437
2334
3278
2613
2738
2057
3218
3423
3038
3524
2840
3290
3237
2503
2793
3010
3633
3229
3951
2674
3274
3285
3071
2587
3403
2806
3099
2210
3065
1672
3677
2502
2191
3126
3166
3079
2309
2958
3397
2754
2474
2323
4085
3448
3339
3954
3112
2958
2232
2685
2070
3184
2927
1766
3009
2928
1997
3088
2328
2387
2855
3322
3360
2745
3741
3626
2740
2894
2156
3051
3793
2217
3097
2350
2988
1811
3351
2929
2460
2926
3260
3170
2458
2966
1755
2784
2473
3034
2563
2635
2496
2478
2404
2624
3158
3075
4416
2985
3570
3564
2673
3622
3515
2750
3218
3270
3832
3040
3821
2959
3369
3230
2460
3356
3672
2201
3547
1459
3611
3639
2334
3049
2799
2327
3847
2262
2836
3330
2112
3378
2428
2647
2530
3213
3288
3077
2296
3316
3407
2459
3264
2755
2099
3779
2017
2859
3446
2916
3428
2865
2216
3186
3078
2602
2205
4210
4331
3616
3174
3163
2683
2651
2564
2769
2266
3271
2716
2064
2604
2466
1720
2720
1870
554
1735
2662
1062
1904
2055
2252
2772
1352
2984
2533
2028
2792
2278
1705
2187
2896
1997
3291
2125
2050
2289
3094
3553
2829
2146
2657
1377
2080
1166
2105
1446
2009
1278
1744
1420
1487
1403
1455
2144
1842
1652
1963
1611
1649
1675
1965
1694
1747
2040
1720
1825
1984
1669
975
1399
