2196
2978
3460
3496
2697
3858
3612
3342
2507
2620
2815
2364
2033
1758
1175
1532
1772
937
970
1678
1891
1917
1667
1998
1852
2444
679
1448
1669
1355
1633
1198
1744
2168
1368
1389
1439
2427
1253
1735
1704
161
1858
1350
1204
1659
2022
1807
1800
1352
2106
1678
1596
1719
1801
1755
962
639
1322
1448
1078
1466
1430
1030
1426
1267
791
1569
978
749
1229
1362
1184
375
1508
0
462
1401
1500
1710
1742
1560
1561
1988
1403
1570
1517
1121
1784
1109
903
1126
1400
1744
1692
1434
1282
1664
1620
1769
1741
1335
1042
1434
615
1063
1354
1543
1318
1757
456
639
708
974
967
1322
1604
0
1255
1504
1170
510
1160
771
879
1834
1137
2115
1030
1257
1397
1115
1085
1877
950
1753
1669
781
2149
1141
1910
1542
1300
2092
1194
2178
870
1453
1553
2217
227
1373
1450
1386
1709
1101
1704
798
1562
1206
1176
1141
887
1003
1332
1211
699
1090
1232
1260
1096
804
714
880
520
523
831
1171
798
742
1532
1600
710
1542
1278
1441
1292
1814
1823
1586
1032
1734
1351
1387
1084
1441
1563
1568
1523
1298
1633
1600
1377
1293
1149
1168
1323
516
845
1588
592
442
1608
1099
1143
1215
1148
1110
702
466
923
548
814
503
692
982
296
1200
275
0
0
184
318
0
260
0
1206
0
0
913
293
879
970
1
636
1092
416
402
0
760
386
1211
576
770
2889
1530
536
789
1170
917
577
1249
668
1830
258
1099
1334
775
149
710
907
1241
108
359
562
659
1467
603
624
1272
1177
871
781
742
1430
549
637
1380
1070
1028
1004
1939
1123
1230
522
772
1997
1147
2172
1718
1813
2052
1159
2435
1457
2598
1475
1100
1523
1929
1849
2036
1791
1921
2327
1720
1860
1343
2235
2025
468
2110
1688
1540
1331
1093
1830
1300
766
2160
1347
1835
1085
1701
610
1636
1300
841
1174
801
815
929
693
716
515
100
1227
1384
432
2072
1349
1462
1377
2274
1783
1579
701
1558
1888
1509
2115
1461
1616
2276
1578
1637
2342
1957
2158
3026
1461
1656
2515
1692
1633
1815
1934
1057
1267
1556
876
1934
1638
1432
1536
1787
1828
1299
1992
2097
1822
1713
1577
3133
2356
1954
2517
2145
1791
1739
1603
1450
1986
2010
1047
1847
2070
1345
2144
1545
1466
1836
2105
1822
1615
2288
2547
1761
1774
1787
1863
2462
1719
2353
1864
1992
1467
2492
2132
1865
2077
2261
2312
1754
2165
1299
1953
2081
2202
1829
2148
1939
2171
1854
2213
2086
2152
3456
1928
2601
2853
2217
2803
2684
2024
2394
2404
2199
2471
3290
2177
2407
2735
1819
2767
2617
1514
2807
1200
2505
2363
1464
2093
1877
1871
2545
1589
1923
2047
1781
2335
1820
1849
1646
2385
2420
2207
1631
2643
2137
1823
2466
2065
1571
2798
1458
1938
2512
2126
2516
2143
1817
2261
2214
2222
1874
3573
3334
2742
2466
2427
1890
1887
1889
2029
1734
2593
2050
1465
1700
1769
1111
1546
1228
133
1011
1988
517
742
837
892
1144
399
1140
894
848
1214
908
740
1107
1624
974
2473
1045
1270
1220
2601
2972
2160
1612
1819
859
1285
784
1314
820
1133
817
1470
821
857
750
836
1141
1116
1255
1310
932
839
1063
1407
1115
1049
1306
899
787
1200
847
479
628
