2196
3060
3592
3760
3268
4142
3911
3715
2658
2829
2989
2582
2134
1851
1357
1653
1840
1088
1169
1819
2015
2221
1788
2371
2147
2707
1082
1728
1900
1560
1921
1448
2069
2375
1532
1690
1686
2653
1492
1927
1982
664
1970
1777
1532
1778
2237
1956
1888
1572
2342
2136
1985
2076
2134
1904
1243
949
1708
1682
1194
1800
1831
1508
1846
1907
1567
1969
1564
1573
1680
1783
1490
812
1687
0
827
1626
1741
1768
1935
1626
1709
2124
1604
1688
1638
1365
1990
1288
1061
1425
1633
1774
1732
1546
1373
1772
1767
1951
1871
1543
1252
1566
801
1271
1470
1606
1431
1899
687
953
1023
1210
1149
1575
1849
0
1370
1644
1436
643
1279
828
879
1797
1040
2069
935
1160
1256
925
901
1695
560
1434
1367
418
2018
890
1625
1201
1080
1917
980
2092
672
1210
1290
1840
0
1056
1207
1123
1527
831
1573
557
1519
1021
961
1055
748
747
1188
955
493
979
1081
1107
957
622
500
730
362
449
730
1072
697
503
1372
1298
424
1159
981
1209
905
1427
1438
1066
658
1449
1090
1073
900
1278
1429
1568
1433
1298
1561
1600
1432
1293
1294
1357
1461
754
1158
2027
1180
829
1964
1367
1516
1450
1305
1194
800
597
1042
823
978
831
1064
1304
797
1642
589
554
701
398
1053
363
807
0
1832
38
0
1739
886
1291
1532
839
1280
1653
904
997
463
1134
901
1703
1074
1251
3235
1759
769
937
1220
1010
709
1482
879
1895
437
1227
1438
1065
567
922
1098
1341
219
669
781
1023
1682
783
691
1347
1177
902
859
790
1459
643
774
1484
1253
1339
1276
2076
1386
1441
1021
1181
2178
1393
2338
2020
2357
2263
1633
2711
1856
2904
1856
1305
1888
2093
2141
2318
2123
2275
2771
2147
2234
1813
2590
2310
803
2405
2095
1742
1779
1470
2201
1669
1120
2370
1705
2325
1486
1929
1048
2043
1679
1189
1664
1350
1316
1317
1100
1296
1044
668
1658
1712
984
2456
1791
1759
1651
2466
1958
1869
1009
1935
2237
1891
2467
1837
1997
2516
1784
1773
2342
2045
2158
3114
1627
1937
2643
1991
1840
2079
2109
1607
1557
2115
1200
2671
1949
1644
2025
2195
2245
1696
2302
2434
2008
1896
1707
3315
2512
2152
2713
2355
2109
1873
1919
1657
2454
2369
1316
2234
2413
1632
2513
1827
1871
2327
2620
2499
2133
2983
3042
2250
2283
1972
2429
3159
1943
2707
2131
2490
1655
2964
2610
2205
2603
2860
2870
2273
2671
1559
2407
2295
2656
2229
2403
2203
2307
2114
2418
2682
2660
4012
2456
3032
3146
2388
3008
2928
2237
2697
2693
2775
2720
3503
2453
2727
2873
1970
2940
2881
1757
3069
1292
2765
2766
1769
2332
2154
2008
3001
1813
2288
2560
1921
2774
2076
2131
1882
2681
2745
2533
1881
2895
2585
2022
2732
2262
1747
3060
1569
2122
2823
2352
2727
2421
1983
2688
2613
2360
2024
3786
3666
3033
2761
2795
2286
2205
2171
2432
1928
2839
2306
1742
2182
2167
1436
2172
1623
448
1624
2469
953
1631
1912
2037
2429
1171
2721
2287
1965
2792
2134
1598
2120
2821
1997
3291
2053
1953
2289
3094
3463
2718
2013
2447
1229
1815
1090
1947
1262
1845
1224
1728
1387
1421
1278
1331
1880
1613
1535
1771
1451
1506
1634
2005
1777
1834
2081
1720
1880
2030
1717
949
1399
