2196
3060
3526
3628
2887
3858
3552
3342
2507
2620
2728
2364
1967
1697
1138
1451
1704
887
930
1655
1891
1917
1691
2158
1950
2619
852
1560
1669
1287
1705
1348
1939
2220
1368
1510
1624
2597
1492
1976
2028
664
1970
1825
1655
1838
2366
2067
2033
1704
2421
2193
2024
2121
2217
1904
1314
1065
1824
1786
1220
1926
1981
1555
1972
2067
1696
2048
1662
1710
1770
1868
1567
999
1746
31
948
1852
2042
1970
2448
1890
2106
2397
2005
2081
2001
1854
2506
1826
1376
1904
2158
1922
2099
2053
1833
2204
2062
2277
2195
1960
1671
1862
1098
1646
1894
1747
1772
2253
1197
1642
1651
1760
1694
2283
2632
904
2099
2527
2396
1443
2412
1970
1519
2496
1956
2379
1791
1739
1926
1828
1601
2240
1507
2151
2058
1436
2410
1705
2241
1884
1630
2266
1550
2437
1332
1757
1764
2532
499
1637
1693
1756
1964
1641
1914
1280
1638
1578
1552
1371
1256
1311
1619
1670
1215
1424
1736
1720
1468
1075
1090
1328
1047
890
1286
1567
1150
1040
1772
1801
832
1706
1377
1534
1485
2008
1878
1586
1032
1734
1221
1136
961
1278
1294
1241
1076
1105
1343
1381
1211
924
932
979
1115
456
845
1650
739
608
1786
1260
1516
1450
1305
1194
849
662
983
617
814
634
915
1175
582
1495
432
257
399
281
612
109
442
0
1394
0
0
1188
508
1066
1204
350
987
1466
796
931
463
1134
729
1422
860
1045
3166
1683
614
937
1270
1010
709
1482
826
1895
377
1099
1299
717
218
710
1002
1291
182
483
606
763
1467
513
525
1087
900
680
625
550
1343
409
546
1311
997
1028
913
1919
1085
1160
398
721
1945
1023
2151
1651
1759
2052
1159
2463
1497
2666
1530
1158
1645
1962
1908
2083
1847
2073
2454
1720
1860
1343
2286
2066
612
2279
2037
1742
1779
1524
2201
1792
1297
2581
1920
2406
1566
1883
961
1839
1489
1015
1419
1144
1128
1151
896
933
581
289
1281
1457
432
2072
1475
1590
1468
2322
1783
1579
701
1482
1958
1572
2232
1587
1844
2420
1732
1705
2303
2045
2215
3158
1627
1937
2611
1811
1633
1815
1899
1057
1340
1724
994
2068
1673
1462
1658
1889
1967
1443
2061
2145
1822
1744
1610
3179
2304
1822
2387
2061
1632
1627
1468
1373
1829
1810
927
1702
1967
1241
1980
1451
1429
1836
2012
1637
1474
2098
2502
1627
1570
1720
1523
2145
1545
2141
1694
1721
1357
2148
1853
1667
1834
1961
2098
1606
1912
1212
1840
2010
2013
1662
2008
1763
2068
1652
2076
1789
1968
3152
1517
2116
2435
1904
2137
2097
1554
2003
1923
1047
2043
2901
1670
1765
2378
1328
2317
1759
989
2329
1063
1919
1893
1116
1663
1508
1711
2154
1460
1787
1854
1729
2115
1693
1661
1292
2030
2094
1826
1382
2349
1614
1584
2147
1770
1395
2537
1234
1631
2200
1788
2025
1754
1584
1691
1682
1945
1663
3202
2835
2378
2230
2182
1625
1568
1552
1558
1347
2099
1742
1234
1520
1669
1111
1467
1129
28
844
1843
480
742
980
1107
1229
535
1492
1222
1034
1477
1052
848
1107
1774
1165
2582
1117
1319
1220
2601
2883
2104
1567
1819
859
1338
860
1472
967
1407
953
1566
1054
1089
968
1053
1511
1345
1395
1540
1172
1125
1226
1567
1239
1267
1550
1127
1115
1476
1040
636
871
