2196
3060
3526
3628
3077
3971
3732
3566
2608
2759
3076
2727
2134
1912
1357
1653
1840
1038
1089
1725
1933
2018
1715
2211
2048
2663
967
1672
1842
1560
1849
1348
2004
2323
1532
1630
1686
2653
1492
1976
1982
539
1933
1635
1409
1759
2194
1956
1917
1616
2421
2251
2024
2166
2217
1923
1349
1065
1785
1734
1207
1884
1931
1508
1846
1907
1631
2048
1613
1778
1815
1952
1644
1062
1776
69
888
1739
1982
1941
2255
1824
2057
2329
1955
2041
2001
1854
2506
1886
1455
1964
2216
1937
2140
2166
1833
2312
2135
2277
2227
1960
1629
1862
1098
1646
1856
1731
1810
2253
1104
1580
1599
1720
1658
2283
2583
720
1946
2434
2289
1354
2293
1913
1552
2533
2101
2410
1933
1835
2067
2114
1859
2482
1953
2389
2403
2090
2704
2269
2715
2510
2346
2878
2547
3041
2256
2669
2501
3351
1313
2271
2326
2442
2473
2451
2203
1943
1746
1949
1928
1571
1625
1721
1835
1977
1472
1683
2039
1976
1793
1483
1574
1776
1469
1221
1741
1962
1654
1756
2292
2455
1364
2527
2170
2230
2324
2717
2593
2432
1905
2875
2395
2390
2191
2911
2770
3040
3220
2524
3087
3132
2541
3323
2741
2615
2846
1885
2223
3092
2281
1769
3032
2278
2856
2341
2350
3059
1873
2039
2293
2194
2071
2143
2479
2594
2156
3115
1375
1963
2134
729
2303
1509
1903
635
2959
807
582
2911
1748
1852
2234
2025
2392
2901
2096
2453
1713
2570
2877
3319
2709
2901
4896
3595
2712
2173
2464
2133
2229
2817
1990
2346
1691
2503
2101
2169
1823
1982
2099
2445
1035
2033
1655
2012
2496
1593
1319
1978
2010
1411
1521
1608
2007
1485
1591
2107
1911
2096
2094
2410
2061
2072
2019
2050
2618
2134
2712
2555
3119
2559
2200
3041
2336
3347
2671
1717
2740
2552
2901
2834
2731
2781
3341
2574
2671
2283
2844
2514
1139
2699
2503
2104
2227
1902
2696
2222
1916
3002
2351
3059
2368
2385
2012
2789
2373
1885
2336
2174
1944
1871
1557
1948
1572
1173
2034
1967
1615
2840
2359
2098
2060
2991
2439
2448
1749
2841
3213
2847
3465
2903
3442
3429
2708
2997
3128
3898
3285
3907
2619
3274
3253
3011
2462
3205
2667
2863
2137
2954
1642
3610
2468
2130
3004
3064
3032
2237
2854
3252
2679
2413
2290
4130
3448
3273
3824
3070
2958
2232
2640
2044
3236
2927
1766
3009
2928
1997
3129
2328
2387
2780
3228
3237
2651
3614
3491
2606
2741
2089
2768
3476
2092
2920
2253
2762
1717
3136
2729
2290
2724
3060
3084
2458
2881
1668
2633
2402
2807
2363
2472
2320
2409
2288
2578
2979
2937
4264
2867
3355
3355
2530
3264
3222
2579
2957
2933
3063
2791
3609
2591
2888
2955
2045
3009
3012
1837
3243
1383
3285
3236
2073
2714
2477
2191
3457
2102
2699
3073
2060
3213
2364
2600
2472
3213
3180
2914
2130
3148
3033
2260
2998
2558
1958
3583
1905
2798
3383
2973
3568
3032
2316
3400
3410
2845
2415
4528
4913
4125
3587
3593
3212
3097
2958
3307
2556
3641
3024
2387
2905
2765
1964
3269
2216
869
2293
3095
1352
2314
2485
2609
3201
1579
3511
2943
2400
3318
2639
1974
2525
3195
2316
3618
2485
2343
2900
3360
3776
3108
2369
2937
1488
2240
1268
2211
1446
2119
1305
1760
1453
1554
1403
1424
2144
1766
1652
1963
1611
1649
1675
1965
1694
1703
1999
1674
1716
1937
1524
845
1155
