2196
3141
3659
3760
3077
3971
3672
3417
2558
2550
2641
2364
2000
1758
1247
1613
1873
1139
1209
1819
2036
2272
1812
2318
2196
2751
1025
1728
1900
1697
1994
1498
2199
2530
1656
1810
1872
2880
1636
2120
2167
916
1995
1967
1778
1937
2538
2253
2150
1969
2697
2595
2257
2478
2509
2071
1595
1375
2094
1968
1323
2218
2432
1985
2308
2494
2342
2447
2052
2327
2266
2374
2028
1686
2134
524
1739
2585
2886
2317
3089
2220
2603
2772
2557
2473
2404
2404
2919
2424
1849
2682
2915
2129
2711
2954
2522
3015
2613
2748
2584
2418
2132
2290
1619
2229
2357
1935
2226
2678
1706
2395
2280
2192
2058
2839
3171
1579
2483
3085
2983
1931
3008
2541
1922
2901
2535
2565
2361
2156
2350
2399
2006
2603
2231
2588
2619
2381
2867
2583
2952
2795
2511
3009
2761
3084
2256
2608
2501
3414
1449
2376
2424
2547
2473
2586
2308
2184
1789
2135
2250
1686
1718
1875
2014
2130
1627
1720
2140
2130
1933
1573
1735
1876
1627
1332
1943
2210
1805
1876
2292
2506
1446
2637
2319
2416
2646
3104
2867
2823
2279
3303
2656
2641
2437
3319
2972
3285
3399
2782
3305
3205
2652
3415
2886
2678
2984
2063
2411
3218
2575
1934
3151
2386
3005
2434
2402
2975
1873
2104
2353
2263
2071
2143
2479
2530
2156
3188
1414
2185
2360
827
2818
2017
2390
985
3460
1214
828
3531
2234
2227
2656
2584
2860
3338
2367
2717
2071
2945
3221
3600
2922
3107
5241
3978
3023
2470
2812
2413
2691
3165
2308
2475
2050
2950
2345
2459
2172
2195
2338
2646
1183
2157
1786
2220
2667
1863
1485
2238
2334
1666
1754
1848
2094
1672
1773
2315
2057
2274
2230
2449
2099
2142
2143
2152
2695
2217
2733
2622
3282
2643
2437
3206
2616
3585
2943
1923
3227
2847
3427
3256
3229
3337
4038
3367
3606
3615
3757
3167
1905
3456
3609
2787
3378
2765
3747
3328
3596
4334
3570
4446
3572
3024
3151
3535
3067
2408
2887
2723
2508
2369
2116
2672
2167
1678
2518
2295
2324
3388
2927
2479
2470
3326
2657
2796
1995
2991
3353
2911
3406
2777
3138
3237
2554
2861
3010
3545
3116
3774
2343
2852
3028
2711
2296
2807
2423
2314
1847
2451
1348
2940
2122
1857
2392
2451
2477
1876
2544
2819
2381
2200
2031
3722
2980
2746
3366
2733
2534
2008
2234
1812
2663
2528
1436
2476
2516
1710
2636
1921
1908
2289
2667
2560
2133
2983
3042
2250
2232
1922
2202
2779
1794
2495
1985
2309
1592
2750
2411
2092
2400
2661
2698
2050
2502
1472
2331
2241
2543
2096
2310
2115
2273
1999
2327
2324
2429
3759
2222
2762
2979
2331
3008
2879
2237
2697
2645
2679
2649
3503
2499
2834
2955
2083
3044
3144
1837
3199
1352
3155
3035
1856
2523
2292
2099
3326
2006
2562
2881
1990
2884
2108
2271
2177
2917
2908
2588
1881
2853
2660
2062
2679
2262
1712
2994
1569
2183
2761
2408
2797
2365
1950
2545
2480
2360
1994
3786
3832
3179
2879
2857
2286
2269
2227
2365
1879
2654
2152
1557
1881
1968
1273
1937
1426
308
1345
2325
771
1289
1410
1536
1829
762
1755
1304
1221
1828
1485
1169
1580
2148
1357
2800
1477
1660
1831
2829
3151
2327
1790
2168
1044
1550
962
1631
1115
1571
1088
1647
1220
1255
1185
1238
1827
1613
1535
1771
1411
1411
1512
1886
1570
1616
1836
1538
1607
1891
1475
818
1155
