2196
2978
3526
3628
3077
4028
3792
3566
2558
2620
2902
2509
2067
1851
1284
1572
1806
1038
1129
1772
1974
2069
1740
2158
2048
2663
1025
1672
1900
1697
1994
1549
2199
2427
1574
1690
1686
2597
1492
2024
1982
664
1958
1730
1532
1778
2237
1993
1917
1616
2421
2251
2063
2255
2342
1978
1384
1104
1824
1786
1233
1968
2031
1698
2014
2120
1825
2168
1759
1984
1996
2121
1836
1374
1985
410
1435
2190
2464
2144
2833
2121
2504
2635
2406
2395
2323
2343
2867
2304
1692
2383
2624
2041
2425
2560
2246
2799
2393
2530
2454
2334
2048
2191
1545
2062
2280
1904
2188
2607
1659
2269
2070
2074
2022
2789
3122
1395
2368
2853
2716
1709
2770
2369
1754
2753
2342
2503
2266
2124
2315
2399
2080
2693
2398
2747
2706
2599
2997
2896
3237
3137
2842
3270
3259
3472
2785
3215
2974
3980
2128
2957
2911
2969
2801
3058
2466
2666
1886
2599
2680
1973
2272
2542
2409
2692
2142
2091
2543
2539
2258
1845
1950
2026
1785
1405
1994
2309
2007
2055
2452
2757
1650
2910
2468
2509
2711
3169
2867
2692
2154
3018
2526
2452
2191
3074
2837
3285
3488
2717
3159
3205
2652
3508
2958
2803
3192
2123
2473
3218
2575
1990
3210
2493
3080
2434
2507
3314
2068
2367
2591
2468
2235
2275
2628
2723
2228
3262
1375
1963
2134
729
2303
1445
1842
547
2834
717
476
2704
1587
1777
2094
1746
2099
2589
1825
2056
1356
2071
2104
2686
2140
2282
4273
2983
1935
1778
2066
1712
1634
2294
1620
2174
1214
2120
1857
1646
1265
1505
1670
1943
590
1165
1087
1283
1939
1053
889
1569
1547
1125
1093
1079
1690
970
1046
1761
1545
1606
1503
2174
1611
1686
1395
1590
2385
1723
2463
2187
2629
2369
1775
2766
1976
3075
2127
1452
2253
2355
2609
2599
2455
2579
3151
2391
2546
2283
2894
2514
1043
2657
2503
2023
2227
1902
2634
2099
1739
2861
2064
2651
1807
2020
1311
2111
1805
1363
1725
1556
1379
1372
1100
1296
978
541
1550
1676
905
2292
1665
1674
1514
2370
1827
1695
824
1558
1958
1572
2232
1587
1768
2372
1578
1569
2224
1781
1933
2938
1351
1656
2483
1632
1508
1682
1865
979
1267
1556
906
2001
1673
1401
1536
1736
1782
1263
1923
1952
1710
1622
1447
2862
2044
1492
1995
1893
1473
1559
1242
1270
1621
1730
867
1605
1899
1188
1857
1388
1282
1723
1871
1514
1380
1845
2233
1449
1367
1653
1354
1828
1445
1963
1621
1585
1310
2019
1693
1554
1672
1711
1927
1458
1786
1125
1689
1956
1937
1595
1962
1705
2051
1623
2053
1729
1968
3203
1517
2116
2477
1961
2239
2195
1640
2047
1971
1335
2186
2972
1808
1925
2488
1479
2525
2155
1231
2590
1155
2309
2229
1377
1997
1877
1848
2545
1653
2015
2111
1781
2225
1725
1615
1292
2030
2202
1881
1423
2391
1689
1584
2040
1671
1289
2210
1047
1262
1889
1562
1675
1531
1484
1477
1483
1772
1483
2884
2420
1941
1758
1691
1031
995
1158
1221
1057
1730
1383
820
977
1122
624
606
635
0
454
1506
226
332
407
535
715
263
877
648
724
951
764
633
838
1474
782
2310
901
1221
991
2450
2793
1937
1478
1609
748
1179
784
1261
784
1078
844
1518
921
1023
906
929
1247
1116
1208
1194
852
744
982
1288
991
1006
1265
899
787
1200
847
531
709
