2196
3060
3526
3694
3172
4028
3792
3640
2658
2829
3076
2582
2134
1881
1320
1653
1840
1088
1169
1819
2057
2221
1836
2424
2294
2926
1313
1951
2132
1970
2282
1699
2329
2634
1697
1931
2057
2937
1779
2216
2214
979
2020
1967
1778
1937
2538
2216
2092
1880
2657
2595
2218
2389
2467
2053
1595
1375
2056
1942
1310
2218
2332
1889
2266
2441
2278
2407
2101
2396
2311
2416
2143
1811
2193
600
1739
2529
2826
2317
3153
2220
2652
2772
2506
2473
2444
2587
3126
2543
1849
2562
2682
2041
2507
2673
2292
2799
2393
2566
2422
2209
1922
2126
1433
1979
2203
1872
2112
2572
1567
2207
2070
2074
2022
2789
3073
1395
2368
2899
2823
1887
2949
2427
1788
2790
2390
2518
2218
2092
2350
2494
2117
2724
2398
2708
2706
2599
2997
2896
3142
2966
2732
3183
3046
3257
2586
3033
2816
3666
1721
2640
2618
2758
2619
2788
2387
2486
1843
2367
2411
1772
1902
2029
2050
2283
1782
1905
2291
2232
2026
1664
1735
1876
1627
1295
1792
2111
1805
1876
2372
2656
1569
2691
2368
2462
2646
3040
2812
2692
2154
3018
2460
2452
2130
2911
2770
3121
3131
2459
2941
2913
2375
3046
2596
2363
2638
1766
2097
2904
2061
1492
2735
2118
2633
2247
2298
2890
1726
1842
2174
1988
1907
1815
2256
2465
2013
2894
1218
1815
1983
691
2156
1318
1599
416
2521
490
265
2360
1425
1628
1953
1607
2041
2589
1717
1924
1237
2008
2018
2546
1856
2076
4204
2983
2091
1827
2165
1852
1899
2527
1726
2239
1333
2120
1891
1762
1475
1611
1813
2144
738
1475
1349
1699
2324
1413
1187
1829
1825
1316
1326
1416
1892
1345
1455
2038
1801
1918
1912
2312
1836
1862
1645
1692
2437
1887
2588
2421
3010
2517
2200
3069
2416
3449
2780
1835
3044
2782
3251
3115
2952
3084
3721
2940
3170
2910
3351
2841
1474
3036
3085
2425
2738
2279
3067
2529
2535
3563
2781
3549
2770
2568
2275
2925
2436
1943
2459
2380
2257
2148
1913
2310
1969
1488
2410
2186
2167
3279
2737
2352
2243
3135
2570
2680
1934
3067
3423
2911
3465
2840
3214
3237
2554
2929
3089
3809
3285
3951
2674
3274
3221
2951
2462
3072
2597
2628
1992
2730
1524
3409
2329
2039
2698
2757
2755
2093
2682
3012
2455
2230
2128
3813
3136
3009
3497
2860
2746
2098
2324
1889
2923
2688
1586
2767
2791
1893
2924
2203
2276
2667
3135
3175
2604
3614
3536
2740
2843
2139
3051
3793
2192
3026
2350
2943
1811
3394
2969
2460
2926
3260
3255
2606
3092
1776
2822
2473
3034
2530
2588
2467
2495
2375
2646
3158
2983
4365
2985
3516
3564
2701
3571
3417
2665
3131
3126
3544
3005
3821
2959
3262
3202
2460
3356
3804
2242
3678
1520
3741
3773
2378
3049
2846
2350
3978
2326
2973
3522
2147
3378
2396
2647
2648
3331
3288
3077
2255
3274
3257
2459
3317
2804
2134
3844
2017
2859
3508
3085
3568
3032
2316
3257
3211
2741
2385
4528
4830
4052
3469
3532
3145
3097
2902
3307
2605
3702
3024
2341
2845
2715
1923
3112
2216
869
2181
2951
1280
2314
2557
2753
3201
1534
3247
2697
2276
3230
2567
1920
2525
3345
2380
3672
2701
2440
3052
3512
4044
3555
2725
3566
1783
2558
1447
2633
1813
2612
1549
1937
1786
1852
1713
1765
2672
2148
1862
2271
1930
1982
2042
2324
2025
2052
2244
1993
2153
2306
1911
1106
1561
