2196
3060
3526
3694
3172
4142
3852
3640
2608
2620
2902
2582
2134
1851
1357
1694
1907
1139
1209
1843
2057
2272
1836
2371
2245
2794
1198
1839
2074
1833
2210
1649
2264
2530
1615
1750
1872
2767
1588
2120
2075
727
1958
1777
1573
1818
2366
2067
1975
1704
2461
2308
2101
2210
2342
1960
1419
1220
1940
1838
1245
1926
2031
1603
1972
2067
1696
2088
1662
1778
1906
2036
1721
1249
1925
259
1192
2021
2223
1999
2448
1890
2057
2397
2055
2041
2001
1854
2403
1706
1337
1844
1983
1892
2058
2053
1787
2150
2025
2204
2163
1960
1629
1862
1173
1646
1817
1716
1772
2182
1104
1580
1599
1681
1622
2182
2534
720
1984
2434
2289
1354
2293
1799
1485
2422
1860
2348
1791
1739
1926
1876
1675
2300
1674
2190
2188
1799
2606
2081
2620
2397
2181
2703
2333
2912
2058
2547
2501
3288
1245
2165
2278
2336
2364
2383
2230
2064
1778
2088
2196
1658
1672
1773
1870
1977
1472
1609
1888
1823
1561
1211
1252
1378
1100
964
1438
1715
1352
1339
1972
2053
1119
2089
1823
1952
2001
2395
2208
1912
1406
2233
1743
1700
1515
2176
2167
2385
2327
2008
2360
2402
1987
2400
2090
1986
2223
1349
1784
2653
1767
1382
2617
2010
2559
2106
2089
2466
1482
1580
1936
1783
1689
1553
1883
2078
1656
2673
1100
1444
1606
593
1789
1127
1416
240
2396
400
265
2360
1317
1590
1907
1397
1748
2277
1446
1593
939
1634
1502
2054
1358
1526
3581
2295
1391
1382
1767
1431
1304
1888
1197
2024
855
1673
1613
1298
916
1240
1479
1743
479
1041
999
1283
1939
1053
889
1569
1501
1093
1093
1031
1632
923
1046
1692
1435
1562
1503
2174
1573
1581
1271
1437
2281
1558
2380
2020
2249
2221
1538
2656
1816
2938
1964
1364
2071
2257
2375
2412
2234
2376
2771
2086
2234
1891
2590
2229
803
2447
2270
1902
1971
1632
2325
1853
1385
2510
1849
2325
1486
1929
1048
1907
1489
1015
1419
1213
1191
1261
1100
1296
912
605
1604
1639
905
2292
1665
1632
1559
2418
1914
1695
886
1784
2167
1891
2467
1712
1844
2420
1630
1637
2303
2045
2215
3158
1627
2008
2675
1991
1799
2013
2004
1214
1376
1780
1024
2269
1742
1492
1658
1889
1967
1443
2061
2145
1784
1653
1447
2907
2096
1690
2191
1977
1579
1627
1377
1347
1829
1850
927
1654
1933
1214
1898
1419
1392
1761
1918
1514
1286
1719
2233
1449
1316
1653
1354
1955
1470
2034
1621
1631
1326
2105
1773
1582
1672
1661
1884
1347
1617
1039
1500
1867
1710
1428
1846
1558
1949
1507
1962
1372
1644
2849
1223
1847
2268
1790
2035
1950
1426
1873
1778
951
2043
2901
1716
1925
2488
1479
2455
2089
1272
2590
1139
2179
2028
1247
1758
1646
1734
2219
1428
1650
1662
1642
1786
1501
1286
821
1498
1605
1337
1008
2054
1091
1306
1668
1327
1078
1818
861
1016
1578
1337
1464
1420
1417
1477
1616
1842
1543
2990
2420
1868
1699
1752
1229
1313
1383
1356
1202
1915
1486
1004
1098
1271
745
762
734
0
509
1603
262
332
551
678
886
354
1140
730
786
1127
764
687
1040
1624
974
2419
973
1221
1144
2563
2838
1937
1434
1469
674
1020
682
997
600
859
736
1421
754
790
688
774
930
963
1115
1079
732
649
900
1248
991
1006
1306
854
787
1200
798
505
628
