2196
3060
3460
3628
2982
3971
3732
3491
2608
2620
2728
2364
2000
1728
1175
1532
1738
887
970
1678
1891
1917
1691
2158
2048
2663
967
1616
1784
1560
1994
1448
2134
2375
1574
1750
1872
2824
1588
2024
2028
602
1945
1730
1532
1818
2366
2067
2033
1792
2500
2251
1985
2076
2134
1904
1279
1065
1747
1734
1220
1884
1931
1555
1888
1854
1438
1969
1515
1504
1680
1868
1606
937
1716
69
948
1739
1921
1855
2127
1692
1858
2260
1854
1923
1880
1610
2196
1527
1258
1665
1808
1833
1936
1772
1603
2042
1878
2096
2065
1793
1503
1796
1061
1604
1778
1731
1810
2218
1058
1517
1494
1642
1622
2131
2387
535
1869
2295
2183
1265
2054
1684
1418
2422
1956
2348
1791
1771
1926
1828
1638
2330
1786
2310
2317
1944
2671
2269
2715
2397
2181
2747
2333
2869
1992
2426
2343
3225
1178
2218
2326
2336
2400
2316
2151
1822
1724
1949
2035
1629
1718
1927
2050
2181
1627
1794
2240
2181
1979
1618
1681
1776
1469
1184
1691
2012
1604
1577
2092
2304
1282
2418
2021
2184
2259
2782
2593
2497
1967
2946
2395
2327
2130
2992
2703
3121
3220
2588
3159
3059
2541
3231
2669
2489
2777
1825
2160
3030
2207
1658
2973
2278
2782
2341
2350
2890
1824
2039
2234
2194
2016
1946
2256
2465
2085
3115
1336
1889
2058
729
2377
1572
1903
679
3022
898
582
2980
1856
1927
2328
2165
2509
3026
2205
2519
1832
2695
3049
3319
2638
2694
4826
3672
2635
2173
2464
2133
2163
2643
1832
2282
1512
2375
2031
2052
1684
1770
1861
2245
813
1661
1437
1699
2282
1458
1220
1904
1918
1380
1482
1512
1892
1251
1318
1900
1655
1740
1639
2233
1724
1792
1582
1692
2411
1846
2546
2321
2738
2453
1964
2876
2136
3143
2236
1541
2375
2421
2667
2646
2455
2629
3214
2513
2671
2361
2996
2596
1234
2783
2619
2144
2418
2010
2820
2345
2270
3352
2566
3222
2368
2385
1837
2653
2247
1711
2214
2037
1818
1815
1506
1875
1572
1173
2034
2004
1693
2840
2232
2013
1924
2848
2264
2274
1502
2539
2865
2465
3054
2339
2605
2853
2143
2317
2696
2751
2553
3422
2013
2500
2868
2351
2089
2609
2353
2078
1739
2339
1289
2806
2087
1796
2270
2400
2430
1768
2406
2675
2232
2078
1934
3632
2876
2680
3236
2607
2427
1985
2189
1760
2611
2489
1466
2573
2585
1736
2718
2046
2055
2516
2947
2806
2274
3172
3177
2295
2385
1989
2542
3286
2043
2884
2228
2716
1717
3093
2729
2318
2764
3010
2998
2384
2881
1689
2709
2437
2959
2463
2565
2467
2478
2375
2624
3098
2983
4365
2985
3516
3564
2701
3571
3466
2750
3174
3174
3736
3040
3821
2867
3209
3120
2309
3217
3540
2080
3460
1444
3546
3505
2160
2762
2523
2168
3457
2070
2608
2945
2025
3103
2268
2459
2295
3035
3125
2805
2047
3064
2884
2221
2998
2509
1923
3517
1830
2614
3321
2803
3358
2921
2282
3328
3344
2741
2385
4528
4830
4052
3528
3593
3145
3097
2902
3240
2508
3456
2767
2110
2604
2466
1761
2720
1969
624
1903
2806
1134
2041
2342
2395
2944
1352
2984
2615
2090
2967
2351
1866
2457
3270
2444
3727
2629
2440
3052
3474
3955
3332
2592
3356
1673
2505
1370
2422
1666
2393
1468
1857
1686
1786
1651
1672
2513
2033
1768
2155
1890
1934
1960
2324
2025
2096
2285
2039
2153
2306
1959
1106
1561
