2196
3141
3526
3694
3172
4085
3792
3715
2708
2829
3163
2654
2167
1943
1393
1734
1941
1189
1248
1819
2036
2170
1812
2318
2147
2794
1082
1728
1958
1628
1921
1448
2069
2323
1491
1570
1624
2597
1492
2024
2028
664
1945
1730
1573
1798
2323
2067
2033
1704
2421
2136
1907
1987
2134
1885
1208
910
1592
1578
1142
1675
1780
1412
1762
1800
1502
2008
1613
1778
1860
1952
1682
1187
1836
183
1192
2078
2283
2028
2512
1923
2156
2397
2005
2041
1960
1732
2300
1587
1297
1724
1866
1833
1855
1772
1603
2042
1951
2168
2130
1918
1587
1829
1098
1563
1817
1716
1696
2147
1058
1517
1442
1603
1512
2030
2387
535
1831
2202
2023
1132
1935
1456
1216
2202
1667
2286
1601
1610
1820
1733
1490
2179
1396
2031
1928
1363
2442
1831
2336
2055
1795
2441
1764
2523
1464
1879
1816
2595
499
1637
1791
1756
1964
1641
1941
1461
1659
1578
1606
1371
1256
1311
1619
1568
1009
1312
1484
1516
1375
1030
1037
1278
994
854
1286
1616
1201
1160
1892
2053
1037
2089
1823
1952
2001
2524
2373
2237
1780
2661
2199
2139
1884
2584
2502
2713
2773
2201
2578
2621
2208
2677
2234
2174
2361
1408
1847
2653
1914
1492
2735
2010
2410
2106
2036
2381
1531
1580
1936
1783
1743
1750
2107
2272
1799
2746
1139
1666
1908
691
2230
1445
1720
503
2771
717
511
2842
1694
1890
2188
1956
2333
2901
1988
2254
1654
2383
2447
2967
2353
2420
4411
3060
2013
1778
2066
1712
1568
2120
1355
2110
1034
1801
1752
1588
1126
1346
1527
1793
516
1103
1087
1387
2067
1188
988
1607
1501
1061
1093
1079
1632
877
1001
1727
1509
1651
1549
2155
1611
1686
1333
1488
2333
1682
2484
2220
2575
2348
1775
2793
1976
3040
2182
1482
2253
2290
2492
2505
2344
2477
3024
2391
2546
2126
2793
2474
1091
2657
2445
2063
2227
1902
2634
2099
1827
3002
2351
3059
2288
2294
1749
2518
2057
1479
1847
1556
1505
1483
1201
1441
1110
731
1711
1785
1141
2566
1980
1844
1696
2561
2001
1927
1071
1860
2167
1827
2408
1649
1920
2372
1630
1637
2264
1957
2158
3070
1516
1796
2611
1811
1633
1881
2004
1293
1449
1948
1053
2269
1776
1492
1658
1940
1967
1479
2130
2289
1933
1805
1674
3269
2460
2086
2713
2313
2003
1829
1828
1605
2298
2209
1196
2089
2242
1475
2267
1639
1576
1987
2199
1822
1615
2288
2592
1805
1774
1771
1806
2462
1669
2353
1888
2128
1529
2664
2371
2007
2319
2461
2527
1939
2333
1407
2142
2170
2391
1995
2264
2086
2273
2057
2372
2503
2521
3809
2280
2816
2979
2331
3008
2928
2237
2610
2596
2583
2613
3432
2453
2781
2928
2007
2975
3012
1757
3112
1337
2960
2833
1725
2332
2200
2008
2936
1845
2288
2624
1921
2719
2012
2037
1882
2562
2691
2370
1714
2685
2212
1863
2466
2016
1536
2667
1346
1753
2449
2014
2236
1976
1684
1976
1948
2049
1784
3361
3085
2451
2289
2243
1758
1696
1664
1827
1493
2284
1896
1281
1520
1570
1030
1311
1080
63
1011
1988
517
742
980
1035
1144
490
1404
976
972
1390
1052
901
1310
1998
1229
2691
1261
1465
1525
2715
3017
2160
1656
1958
970
1497
911
1525
967
1407
980
1599
1087
1188
1092
1176
1722
1498
1442
1579
1291
1268
1430
1726
1405
1398
1714
1355
1388
1661
1282
766
1034
