2196
3141
3659
3760
3172
4085
3911
3864
2758
2968
3337
2944
2301
2035
1575
1896
2111
1492
1447
1983
2201
2626
2029
2903
2737
3320
1833
2565
2710
2516
2930
2150
2978
3048
2068
2532
2552
3447
2163
2649
2631
1420
2107
2347
2065
2056
2796
2514
2383
2277
2972
2938
2490
2701
2800
2164
1736
1491
2249
2072
1362
2302
2482
2080
2350
2441
2148
2407
2052
2259
2131
2289
1989
1561
2044
410
1435
2190
2343
2086
2640
1956
2206
2499
2155
2159
2081
2037
2558
1945
1455
1964
2100
1892
2058
1941
1741
2150
2025
2204
2098
1793
1503
1731
1024
1563
1817
1716
1772
2253
1104
1454
1442
1563
1549
2131
2436
535
1869
2295
2129
1309
2173
1799
1451
2386
1860
2348
1743
1739
1891
1828
1564
2209
1563
2190
2101
1581
2475
1831
2336
1998
1851
2528
1977
2610
1596
2061
2027
2847
770
1796
1937
1914
2036
1641
1941
1401
1649
1624
1606
1399
1348
1414
1655
1619
1112
1424
1636
1669
1468
1166
1198
1378
1100
927
1286
1517
1150
1040
1812
1952
1037
2035
1774
1905
1937
2459
2263
2107
1655
2447
1938
1951
1761
2339
2301
2467
2416
2072
2578
2621
2208
2585
2307
2237
2569
1706
2097
2842
2061
1492
2676
2010
2559
2153
2193
2635
1677
1908
2234
2194
2016
1946
2330
2465
2085
3041
1296
1815
1983
710
2230
1381
1781
591
2771
717
511
2842
1802
1890
2234
1886
2158
2714
1934
2188
1475
2320
2533
2967
2425
2488
4550
3213
2168
1926
2215
1899
1965
2469
1673
2239
1453
2248
1926
1820
1405
1558
1765
2144
776
1599
1437
1751
2282
1458
1253
1904
1871
1348
1443
1464
1921
1345
1364
1934
1655
1740
1730
2272
1836
1897
1769
1846
2488
1929
2588
2421
3010
2559
2295
3096
2376
3347
2616
1746
2862
2683
3135
3068
3007
3135
3785
3001
3232
3145
3452
2922
1522
3120
3085
2466
2866
2333
3191
2652
2712
3703
2996
3712
3010
2796
2713
3196
2689
2176
2642
2449
2257
2148
1913
2455
1969
1488
2410
2222
2245
3333
2800
2479
2425
3374
2701
2854
2119
3142
3353
2974
3583
2965
3442
3381
2708
3065
3089
3721
3285
3907
2564
3133
3221
3011
2462
3138
2667
2785
2065
2786
1554
3476
2433
2100
2943
3013
3032
2273
2854
3301
2717
2443
2290
4130
3396
3207
3758
3028
2958
2210
2550
2018
3132
2888
1736
2960
2859
1945
3006
2203
2313
2742
3181
3175
2604
3614
3491
2651
2741
2123
2938
3603
2167
3026
2301
2807
1749
3222
2849
2347
2805
3160
3127
2421
2923
1689
2633
2402
2883
2429
2519
2408
2427
2259
2555
2979
2891
4163
2633
3247
3313
2530
3366
3271
2622
3044
3126
3544
2933
3786
2867
3209
3147
2385
3356
3738
2242
3591
1489
3676
3706
2378
3049
2799
2350
3978
2326
2973
3458
2130
3433
2428
2694
2707
3508
3505
3240
2380
3358
3481
2539
3317
2853
2134
3779
1942
2736
3383
2973
3428
2921
2249
3115
3144
2637
2295
4316
4497
3761
3233
3286
2881
2906
2846
3173
2508
3517
2921
2295
2845
2665
1883
3112
2216
869
2293
3143
1425
2519
2772
2824
3372
1624
3511
3025
2462
3493
2856
2188
2862
3644
2700
3890
2917
2538
3052
3436
3910
3387
2592
3286
1636
2346
1319
2317
1556
2228
1414
1824
1586
1653
1558
1610
2408
1995
1768
2155
1810
1839
1838
2164
1860
1878
2081
1720
1771
1984
1572
897
1237
