2196
3141
3659
3694
2982
4028
3792
3715
2758
2829
3163
2799
2234
1974
1429
1815
2043
1391
1368
1936
2160
2474
1908
2530
2343
2926
1256
2007
2132
1901
2282
1699
2329
2634
1738
1931
1995
2937
1731
2216
2167
853
2008
1967
1696
1898
2495
2216
2150
1924
2697
2537
2218
2344
2384
1978
1419
1142
1824
1760
1220
1926
2081
1698
2056
2120
1761
2088
1613
1710
1860
1952
1644
999
1806
145
1009
1796
1921
1913
2191
1791
1908
2226
1754
1884
1839
1549
2248
1527
1179
1665
1866
1833
1895
1828
1603
1988
1878
2023
1968
1626
1378
1698
950
1480
1740
1716
1734
2218
1150
1517
1442
1603
1585
2131
2436
658
1946
2434
2343
1398
2352
1913
1552
2533
2101
2425
1981
1867
2103
2114
1785
2421
1897
2429
2447
2090
2769
2457
2857
2624
2401
2965
2761
3127
2322
2729
2553
3477
1517
2429
2424
2442
2400
2451
2203
1943
1768
2088
2089
1600
1672
1773
1870
1926
1472
1683
2089
2130
1933
1528
1627
1776
1521
1221
1741
2061
1654
1756
2292
2556
1487
2637
2319
2462
2775
3233
2977
2953
2341
3303
2656
2641
2437
3237
2972
3367
3577
2846
3450
3496
2874
3877
3247
2929
3261
2182
2598
3469
2795
2100
3388
2600
3229
2622
2716
3483
2165
2498
2650
2674
2399
2537
2926
2981
2514
3556
1532
2260
2360
788
2671
1827
2207
898
3335
1033
723
3324
2180
2189
2609
2444
2743
3338
2367
2784
2011
2882
3221
3529
2922
2969
4965
3825
2790
2272
2563
2180
2229
2759
1938
2303
1572
2375
1996
1878
1614
1770
1956
2295
887
1661
1480
1855
2410
1503
1253
1978
2056
1443
1482
1560
1978
1391
1500
2073
1874
2051
1957
2371
2024
2072
2081
2152
2695
2258
2733
2588
3173
2601
2295
3096
2376
3415
2780
1805
2923
2716
3135
3068
3007
3084
3658
2879
3107
2910
3351
2841
1522
3120
3201
2586
2994
2495
3376
2836
2977
3914
3283
3957
3251
2887
2975
3467
3004
2408
2887
2861
2634
2591
2320
3035
2564
2120
2895
2551
2798
3608
3242
2691
2653
3565
2876
3086
2427
3520
3701
3229
3759
3153
3671
3573
2914
3405
3364
4339
3623
4171
2950
3626
3381
3310
2711
3602
2876
3178
2246
3121
1701
3677
2468
2130
3004
2961
2940
2237
2854
3204
2642
2352
2193
3994
3344
3207
3824
3028
2958
2210
2595
2044
3236
2927
1766
3009
2928
1997
3129
2297
2387
2855
3275
3298
2651
3614
3491
2606
2639
2056
2655
3413
2067
2884
2253
2807
1733
3222
2849
2347
2845
3160
3084
2384
2839
1668
2671
2384
2845
2396
2496
2379
2427
2259
2509
2801
2798
4163
2750
3355
3355
2559
3417
3271
2622
3088
3078
3352
2898
3750
2867
3262
3147
2309
3252
3540
2161
3547
1459
3611
3505
2204
2810
2661
2259
3717
2198
2836
3330
2112
3268
2364
2600
2589
3390
3343
3077
2338
3316
3407
2499
3264
2804
2169
3909
2017
2921
3508
3029
3639
3143
2382
3400
3277
2775
2385
4528
4830
3980
3528
3654
3145
3161
2958
3240
2605
3641
2921
2249
2724
2665
1842
2877
2068
694
1958
2758
1098
1973
2127
2180
2601
1171
2721
2205
1903
2792
2134
1705
2255
3046
2252
3618
2485
2343
2823
3398
3865
3220
2503
3146
1636
2452
1370
2422
1593
2338
1441
1873
1653
1720
1620
1703
2566
2110
1838
2194
1850
1934
1960
2284
2066
2052
2285
2039
2208
2399
2056
1132
1642
