2196
3060
3460
3628
3077
4028
3852
3640
2708
2898
3076
2654
2134
1881
1357
1734
1975
1240
1288
1889
2098
2424
1932
2637
2442
3013
1371
2118
2305
2038
2426
1749
2524
2738
1862
2111
2181
3107
1923
2409
2399
1105
2033
2110
1860
1937
2538
2290
2208
1969
2697
2537
2179
2389
2426
2034
1490
1220
1901
1786
1233
1968
2031
1698
2098
2227
2019
2288
1955
2190
2086
2205
1913
1436
2015
448
1496
2247
2404
2086
2576
1956
2206
2465
2055
2120
2001
1793
2403
1766
1337
1784
2041
1892
2058
2053
1787
2204
2025
2168
2098
1835
1587
1862
1098
1563
1817
1731
1772
2182
1011
1454
1442
1603
1585
2182
2485
720
2022
2434
2236
1398
2352
1913
1519
2533
2004
2379
1886
1835
2032
1971
1675
2330
1786
2349
2274
1799
2606
2019
2478
2169
1961
2572
2120
2696
1596
2000
1974
2658
567
1637
1791
1808
2036
1641
1888
1220
1627
1531
1498
1313
1210
1311
1547
1466
906
1238
1384
1414
1236
939
929
1129
889
743
1034
1270
899
861
1652
1701
792
1706
1476
1627
1550
2008
1878
1651
1094
1877
1416
1387
1146
1686
1697
1813
1791
1492
1779
1673
1377
1293
1294
1357
1461
635
908
1650
666
442
1549
991
1143
1309
1200
1025
702
531
864
480
759
503
617
982
439
1274
314
0
172
223
392
0
260
0
1143
0
0
913
239
841
923
1
636
1029
416
402
0
635
214
1141
576
838
2889
1530
614
937
1220
1010
577
1307
668
1808
198
1035
1334
775
149
604
859
1090
0
111
343
503
1296
378
393
1012
761
552
392
213
1170
81
229
1069
814
805
686
1821
935
985
148
567
1842
900
2047
1518
1487
1946
923
2270
1257
2462
1204
982
1218
1798
1557
1849
1515
1719
2074
1415
1611
951
2083
1821
325
2068
1688
1540
1331
1039
1707
1238
678
1949
1275
1754
1004
1655
435
1432
1048
609
991
732
689
818
591
571
317
0
1066
1311
116
1798
1097
1335
1241
2035
1477
1116
269
879
1400
1126
1880
1148
1159
1892
1116
1025
1949
1075
1539
2585
965
1023
2258
1152
1259
1153
1551
351
941
1165
700
1532
1431
1189
985
1378
1458
1010
1716
1615
1374
1348
1123
2454
1524
964
1538
1557
1101
1403
927
1063
1256
1411
627
1170
1658
1006
1569
1169
1024
1421
1591
1084
956
1403
1963
1093
959
1519
958
1385
1296
1822
1499
1359
1263
1934
1614
1469
1550
1511
1712
1199
1449
930
1349
1778
1559
1261
1707
1353
1846
1334
1825
1134
1506
2748
1106
1739
2100
1733
1881
1901
1383
1830
1682
663
1865
2689
1394
1551
2323
1253
2282
1759
989
2285
1018
1724
1558
899
1424
1324
1575
1698
1236
1467
1406
1607
1731
1469
1286
939
1617
1768
1500
1132
2096
1166
1306
1668
1278
1008
1687
786
832
1453
1224
1394
1365
1384
1406
1416
1738
1513
2884
2337
1795
1699
1630
964
995
1102
1019
961
1483
1230
681
797
1072
624
527
536
0
231
1362
117
58
192
320
458
81
614
402
538
689
403
419
568
1026
462
2092
541
929
533
2184
2391
1435
1033
980
490
755
554
786
453
585
546
1341
554
624
595
650
825
887
1092
1041
732
649
900
1288
1033
1006
1265
899
787
1154
750
426
547
