2196
3141
3592
3694
3077
4028
3792
3640
2708
2759
3076
2654
2167
1881
1393
1734
1907
1240
1209
1819
2036
2272
1812
2371
2245
2882
1313
1951
2132
1970
2426
1799
2589
2841
1862
2231
2243
3221
1923
2457
2492
1357
2095
2347
2065
2056
2839
2476
2296
2145
2815
2766
2412
2567
2592
2090
1630
1414
2133
1968
1323
2177
2382
2032
2392
2547
2342
2487
2150
2533
2311
2374
2066
1748
2164
562
1678
2472
2705
2230
3025
2154
2504
2635
2356
2356
2283
2282
2867
2244
1652
2383
2566
2026
2425
2447
2062
2582
2245
2385
2260
2001
1713
1961
1284
1854
2087
1841
2037
2501
1521
2081
1966
1917
1804
2435
2730
1027
2138
2620
2449
1487
2472
1970
1586
2606
2149
2441
1981
1899
2103
2066
1785
2451
2008
2469
2403
2163
2801
2395
2857
2681
2401
2878
2618
2998
2190
2547
2501
3351
1313
2271
2375
2494
2437
2451
2230
2064
1768
2042
2143
1629
1672
1875
2014
2130
1679
1757
2190
2232
1933
1618
1735
1826
1521
1221
1741
1962
1604
1637
2132
2355
1282
2418
2071
2230
2388
2911
2702
2497
2030
3018
2526
2452
2253
2992
2770
3203
3399
2653
3232
3205
2652
3323
2741
2552
2846
1944
2348
3218
2575
1990
3210
2547
3229
2528
2559
3398
2068
2301
2472
2331
2180
2143
2554
2723
2300
3188
1336
1963
2134
729
2450
1636
1903
591
2771
626
441
2704
1587
1815
2141
1886
2275
2839
2042
2320
1654
2445
2619
3108
2425
2488
4619
3289
2401
1976
2265
1946
2031
2527
1832
2260
1393
2248
1926
1820
1405
1664
1765
2144
776
1475
1305
1647
2196
1278
1121
1755
1733
1284
1365
1464
1892
1345
1409
2004
1801
1918
1821
2312
1874
1897
1832
1948
2592
2052
2650
2488
3010
2559
2248
3069
2416
3449
2834
1864
3044
2749
3193
3115
3063
3084
3785
3001
3107
2910
3351
2882
1474
2994
2910
2345
2674
2171
3067
2529
2447
3493
2781
3467
2609
2568
2362
3060
2625
2001
2520
2449
2257
2203
1913
2383
1969
1615
2464
2259
2167
3169
2611
2310
2197
3135
2526
2506
1687
2690
3074
2592
3113
2401
2681
2901
2246
2453
2774
2927
2778
3554
2178
2570
2964
2471
2172
2741
2423
2235
1884
2506
1377
2940
2157
1826
2392
2553
2569
1876
2544
2771
2344
2139
2031
3722
2980
2746
3301
2733
2587
2053
2279
1837
2767
2528
1466
2573
2585
1736
2718
2046
2129
2591
3041
3052
2510
3362
3311
2473
2537
2039
2598
3349
2043
2813
2155
2535
1639
2921
2530
2120
2481
2710
2741
2124
2544
1494
2331
2241
2505
2062
2310
2086
2273
2057
2350
2384
2475
3708
2163
2709
2895
2217
2803
2733
2109
2524
2500
2391
2506
3326
2269
2567
2818
1894
2836
2749
1595
2894
1231
2570
2498
1595
2188
1969
1940
2805
1749
2152
2368
1868
2609
1948
1943
1646
2326
2365
2098
1507
2559
2137
1783
2306
1819
1465
2602
1346
1753
2387
2070
2446
2198
1883
2474
2413
2291
1964
3786
3832
3106
2702
2673
2220
2141
2171
2365
1976
2778
2306
1695
2002
2018
1314
1859
1327
238
1290
2277
771
1357
1554
1608
1829
762
1843
1549
1345
2003
1485
1116
1580
2223
1549
3018
1693
1806
1907
2867
3240
2551
1924
2378
1192
1709
1013
1789
1188
1735
1170
1711
1320
1354
1216
1238
1827
1613
1535
1732
1411
1411
1471
1766
1446
1442
1754
1401
1443
1707
1379
792
1074
