2196
2978
3393
3562
2887
3971
3792
3715
2708
2829
3076
2727
2201
1974
1502
1855
2043
1341
1328
1889
2098
2424
1932
2637
2442
3013
1486
2230
2363
2243
2714
1949
2719
2893
1944
2231
2243
3221
1971
2505
2446
1168
2070
2157
1942
1977
2710
2402
2237
2057
2815
2824
2412
2656
2759
2164
1736
1491
2172
1994
1336
2260
2382
1985
2350
2494
2278
2447
2101
2396
2221
2289
1951
1561
2074
486
1678
2416
2645
2201
2833
2055
2355
2567
2205
2159
2041
1854
2455
1826
1416
1904
2158
1907
2058
1941
1695
2150
1951
2096
2065
1751
1503
1731
987
1480
1701
1684
1620
2111
1011
1329
1337
1524
1512
2030
2289
474
1869
2248
2129
1309
2173
1799
1451
2386
1908
2332
1743
1771
1997
2019
1711
2391
1841
2389
2317
2017
2736
2269
2715
2510
2291
2834
2547
3041
2256
2669
2501
3351
1313
2271
2326
2336
2400
2383
2177
1883
1746
1995
1982
1571
1579
1670
1835
1926
1369
1572
1888
1925
1747
1437
1520
1627
1416
1111
1539
1863
1453
1458
2052
2204
1160
2144
1823
1905
1872
2266
2098
1912
1344
2233
1808
1700
1453
2013
2032
2222
2237
1879
2287
2184
1820
2124
1800
1734
2015
1111
1534
2340
1547
1105
2379
1689
1963
1731
1671
1788
1190
1187
1519
1234
1361
1225
1586
1885
1369
2378
943
1147
1304
554
1789
1000
1294
197
2333
309
159
2222
1317
1628
1860
1467
1806
2340
1500
1659
999
1696
1588
2194
1642
1870
3858
2601
1624
1481
1867
1525
1436
2062
1355
2088
1034
1801
1752
1588
1195
1399
1527
1843
516
1041
999
1179
1810
963
889
1569
1547
1157
1209
1223
1719
970
1046
1692
1399
1428
1322
2056
1423
1441
959
1181
2152
1435
2359
1986
2303
2242
1585
2683
1816
2904
1964
1335
2010
2191
2200
2271
1957
2174
2517
1903
1985
1500
2438
2147
612
2321
1979
1742
1715
1362
2016
1484
1031
2230
1490
2080
1325
1792
873
1772
1363
899
1358
1144
1066
1206
1049
1078
845
478
1496
1639
984
2456
1791
1717
1651
2466
1914
1695
886
1633
2098
1764
2467
1712
1920
2420
1681
1773
2342
2133
2158
3114
1516
1726
2515
1632
1591
1815
1899
1057
1304
1724
935
2068
1638
1432
1475
1736
1874
1407
2026
2145
1822
1683
1512
3043
2252
1888
2452
2187
1791
1716
1603
1476
2090
2010
1047
1799
2070
1345
2144
1576
1503
1874
2105
1822
1521
2098
2502
1716
1672
1737
1580
2082
1545
2141
1694
1766
1373
2234
1893
1667
1834
1861
1969
1495
1870
1169
1726
1974
1899
1528
1892
1558
1932
1449
1916
1312
1598
2748
1047
1793
2142
1733
1932
1853
1341
1786
1634
567
1865
2689
1440
1551
2323
1177
2247
1693
989
2285
1033
1659
1491
899
1424
1324
1575
1829
1236
1467
1406
1590
1676
1469
1286
880
1617
1714
1391
1049
2096
1241
1306
1774
1376
1078
1883
898
1016
1702
1393
1464
1420
1384
1264
1283
1669
1393
2672
2087
1650
1581
1630
964
931
1045
1019
1009
1668
1332
866
1038
1221
745
919
783
0
565
1603
299
469
694
749
886
263
789
484
538
689
475
365
500
951
398
1928
397
831
380
2146
2391
1435
1033
980
490
808
580
786
453
640
627
1373
654
724
657
712
825
849
1092
964
613
411
655
1009
702
657
1020
580
513
877
411
244
304
