2196
2978
3526
3694
3172
4028
3852
3789
2758
2968
3163
2654
2167
1943
1393
1734
1975
1290
1248
1819
2015
2170
1788
2371
2147
2794
1140
1839
2016
1765
2210
1599
2329
2634
1738
2051
2057
2994
1827
2264
2260
916
2008
1920
1737
1917
2495
2216
2092
1836
2539
2365
2063
2166
2259
1960
1419
1142
1901
1838
1271
2093
2281
1937
2224
2387
2213
2368
2052
2396
2266
2332
2028
1686
2104
486
1678
2529
2826
2288
3089
2220
2652
2806
2557
2473
2444
2526
3022
2424
1810
2562
2740
2070
2507
2560
2200
2636
2356
2566
2422
2293
2048
2191
1471
2062
2241
1919
2226
2607
1567
2207
2123
2113
2022
2687
2926
1211
2329
2899
2769
1754
2710
2198
1653
2643
2197
2425
1981
1899
2067
2019
1785
2451
1897
2349
2317
1872
2606
2144
2620
2283
2126
2747
2262
2782
1794
2183
2132
2910
906
1954
1986
2072
2146
1979
2019
1521
1670
1717
1713
1428
1302
1362
1583
1619
1060
1386
1636
1567
1375
1075
1144
1378
1100
964
1387
1616
1201
1100
1852
1902
914
1925
1675
1859
1808
2201
2153
1912
1344
2162
1743
1638
1330
1850
1764
1813
1880
1621
1997
1892
1543
1478
1439
1482
1738
873
1158
1901
959
663
1786
1152
1292
1309
1148
1110
751
662
1102
823
1033
831
1139
1433
868
1863
628
628
776
398
1127
427
807
0
1832
38
0
1671
886
1291
1485
769
1338
1841
1175
1394
880
1696
1674
2194
1571
1732
3788
2371
1391
1432
1817
1572
1502
2178
1514
2153
1154
1929
1787
1588
1265
1505
1718
2044
701
1475
1305
1595
2153
1323
1154
1866
1918
1380
1443
1464
1863
1251
1318
1969
1764
1918
1912
2312
1911
1897
1832
1846
2514
2011
2629
2455
3064
2580
2342
3151
2536
3517
2834
1805
2923
2651
3135
3068
2952
2983
3531
2757
2983
2831
3199
2759
1378
2909
2910
2345
2610
2171
3067
2652
2712
3563
2853
3549
2770
2568
2187
2925
2436
1827
2214
1968
1881
1871
1557
1875
1440
1110
1980
1894
1457
2730
2232
2098
2060
2896
2307
2332
1502
2388
2795
2465
3113
2401
2834
2949
2194
2317
2696
2751
2609
3422
2013
2500
2932
2411
2089
2477
2248
1843
1666
2283
1289
2806
2053
1766
2209
2349
2338
1732
2406
2578
2157
2017
1837
3405
2564
2284
2844
2397
2056
1806
1828
1554
2194
2090
1136
1992
2207
1475
2349
1701
1650
2101
2433
2191
1804
2414
2727
1894
1876
1804
1806
2462
1669
2282
1815
1902
1420
2363
2092
1837
2117
2211
2269
1717
2038
1256
1915
2063
2126
1762
2078
1851
2102
1710
2076
1729
1921
3152
1458
2116
2435
1961
2239
2146
1597
2047
1971
1335
2150
3007
1808
1925
2461
1404
2386
1825
1029
2285
1033
1724
1625
986
1519
1324
1620
1894
1332
1558
1598
1624
1841
1501
1333
939
1617
1714
1446
1049
2012
1091
1306
1668
1327
1113
1883
935
1201
1765
1506
1604
1476
1451
1549
1682
1911
1603
3149
2669
2159
1994
1998
1361
1377
1439
1558
1347
1976
1588
1050
1158
1321
786
841
685
0
454
1458
153
58
192
320
372
0
438
74
290
426
186
150
365
876
270
1874
181
734
227
2108
2302
1323
944
770
379
543
452
575
379
530
519
1325
554
657
595
619
666
734
998
887
533
316
614
929
619
613
938
535
404
877
508
322
344
