2196
2978
3393
3562
2982
3915
3612
3491
2608
2689
2902
2509
2033
1820
1320
1653
1907
1240
1288
1866
2098
2322
1836
2424
2245
2838
1140
1783
1958
1765
2210
1699
2394
2686
1738
1991
2057
3050
1779
2313
2307
1105
2058
2157
1901
1997
2667
2328
2179
1969
2736
2652
2335
2567
2592
2071
1595
1336
2017
1890
1271
2009
2131
1794
2182
2280
1955
2208
1759
1916
1951
2121
1797
1249
1865
259
1253
2021
2163
1999
2448
1923
2106
2363
2005
2041
2001
1854
2403
1826
1376
1964
2100
1907
2140
2053
1787
2150
2025
2240
2195
2001
1671
1928
1173
1688
1894
1778
1847
2324
1243
1705
1599
1642
1585
2131
2387
474
1831
2202
1969
1176
1995
1627
1350
2312
1763
2286
1553
1642
1785
1733
1564
2209
1563
2151
2058
1436
2442
1831
2336
1941
1740
2397
1835
2567
1464
2000
2027
2847
838
1848
1937
1967
2146
1911
2019
1642
1692
1763
1713
1399
1302
1414
1619
1568
1009
1349
1535
1567
1375
985
929
1129
889
817
1135
1369
999
921
1692
1801
832
1761
1427
1627
1614
2137
2098
1912
1344
2091
1677
1700
1515
2176
2167
2304
2327
1879
2287
2184
1820
2124
1873
1797
1946
1170
1471
2340
1400
1105
2261
1635
2037
1825
1723
2042
1287
1318
1638
1371
1415
1225
1437
1756
1226
2157
864
1147
1304
515
1494
809
1173
153
2270
355
229
2222
1263
1515
1719
1258
1689
2090
1338
1527
999
1696
1674
2194
1571
1732
3858
2601
1546
1531
1916
1572
1502
2178
1461
2153
1214
2120
1857
1762
1475
1717
1908
2194
776
1537
1393
1647
2239
1413
1187
1904
1918
1380
1404
1416
1834
1204
1273
1900
1618
1740
1685
2253
1724
1721
1395
1488
2359
1764
2525
2254
2738
2432
2011
2903
2176
3245
2399
1599
2497
2454
2667
2646
2510
2680
3151
2452
2546
2283
2894
2514
1043
2615
2503
2104
2227
1794
2573
2160
2004
3142
2351
2896
2128
2294
1749
2518
2184
1711
2092
1968
1881
1871
1608
2020
1572
1236
2195
2077
1930
3004
2485
2268
2152
3087
2526
2564
1749
2841
3074
2719
3289
2715
3138
3237
2503
2793
3010
3457
3116
3774
2399
2922
3124
2771
2296
2807
2457
2392
1884
2618
1436
3141
2260
1978
2637
2706
2755
2093
2682
3012
2530
2321
2226
3949
3188
3009
3497
2817
2640
2075
2324
1863
2767
2528
1466
2573
2654
1762
2718
2015
2055
2516
2901
2745
2274
3109
3177
2384
2385
1972
2372
3032
1893
2672
2107
2535
1639
2878
2490
2148
2562
2860
2827
2236
2713
1581
2520
2313
2656
2262
2426
2262
2341
2143
2441
2682
2614
3860
2398
2924
3021
2331
3008
2928
2280
2697
2693
2679
2613
3396
2315
2514
2763
1819
2802
2749
1635
2981
1261
2700
2699
1638
2236
2062
1940
2805
1717
2106
2368
1851
2554
1916
1943
1646
2385
2420
2207
1673
2685
2212
1903
2519
2016
1536
2667
1383
1815
2449
2014
2236
2032
1717
1976
2081
2153
1814
3520
3251
2742
2407
2366
1758
1823
1777
1827
1541
2346
1947
1419
1640
1669
1030
1311
1080
0
899
1892
480
810
909
1035
1229
490
1228
894
848
1127
908
740
1107
1699
1038
2528
1117
1368
1296
2563
2838
1937
1389
1469
711
1073
682
1050
710
1023
763
1470
887
923
875
960
1247
1116
1232
1233
932
839
982
1368
1115
1137
1387
991
1005
1384
943
531
669
