2196
3141
3592
3760
3268
4085
3852
3715
2758
2829
2989
2654
2134
1912
1393
1694
1873
1139
1129
1772
1995
2170
1812
2371
2196
2838
1256
2007
2247
2038
2498
1899
2654
2789
1903
2231
2367
3277
1971
2457
2446
1231
2058
2205
1983
2017
2753
2439
2296
2189
2854
2824
2451
2612
2675
2108
1666
1414
2094
1942
1310
2135
2332
1889
2224
2334
2148
2328
1955
2259
2176
2332
2066
1748
2104
486
1557
2303
2585
2201
2833
2088
2454
2601
2256
2277
2202
2098
2661
2065
1573
2263
2449
1996
2344
2335
2016
2420
2209
2422
2325
2085
1755
1994
1284
1854
2087
1857
2112
2536
1474
1956
1913
1877
1804
2384
2632
904
2061
2481
2396
1487
2412
2027
1552
2496
1956
2379
1886
1835
2032
2066
1785
2391
1841
2389
2360
1944
2704
2207
2620
2283
2071
2703
2191
2782
1728
2122
2027
2784
702
1796
1888
1914
2036
1776
1993
1581
1681
1763
1767
1485
1441
1619
1835
1875
1369
1609
1938
1925
1700
1392
1466
1627
1363
1074
1590
1913
1604
1577
2172
2405
1405
2582
2170
2230
2453
2911
2648
2497
1967
2875
2265
2202
1884
2666
2569
2794
2773
2330
2869
2767
2264
2770
2307
2174
2500
1646
2035
2842
2134
1547
2735
2010
2484
2059
2036
2381
1531
1711
1936
1851
1743
1618
1883
2014
1441
2305
943
1295
1455
593
1789
1127
1477
284
2458
490
265
2428
1371
1590
1813
1258
1748
2277
1500
1725
1177
1883
1846
2405
1785
1938
3927
2601
1624
1531
1817
1572
1436
2062
1303
2045
796
1610
1578
1298
777
1187
1384
1743
516
1103
999
1231
1853
963
889
1569
1547
1157
1170
1127
1719
1064
1182
1796
1582
1695
1685
2253
1724
1721
1520
1641
2437
1887
2546
2287
2792
2474
2106
2958
2256
3313
2562
1717
2801
2651
3018
3022
2842
2933
3594
2818
3045
2753
3249
2759
1378
2909
2852
2345
2674
2279
3191
2775
2889
3843
3140
3794
3091
2796
2625
3264
2815
2234
2764
2586
2383
2369
2015
2600
2167
1741
2572
2368
2403
3333
2927
2564
2470
3422
2745
2796
2119
3142
3423
2974
3465
2903
3442
3429
2759
3065
3089
3633
3116
3774
2399
2852
3060
2651
2255
2807
2457
2314
1884
2618
1436
3074
2226
1887
2515
2655
2708
1985
2578
2867
2344
2169
2063
3722
2980
2680
3301
2733
2534
2008
2189
1812
2663
2528
1496
2622
2688
1840
2924
2172
2203
2629
2994
2868
2416
3298
3311
2428
2486
2039
2712
3476
2092
2920
2228
2671
1702
3093
2769
2290
2684
2910
2912
2236
2671
1581
2520
2330
2694
2262
2403
2232
2324
2086
2372
2503
2568
3860
2398
3032
3104
2416
3110
2977
2280
2654
2693
2775
2720
3503
2453
2727
2900
2007
2975
3012
1797
3199
1368
3220
3102
1943
2619
2384
2122
3326
2038
2608
3073
2060
3158
2268
2412
2354
3154
3234
2968
2255
3274
3332
2459
3317
2755
2063
3713
1905
2798
3508
3085
3709
3199
2415
3542
3543
2879
2506
4687
5162
4271
3764
3838
3410
3352
3183
3576
2750
3764
3024
2341
2905
2765
1964
3112
2216
799
2126
2903
1207
2109
2342
2538
3029
1443
3072
2697
2214
3055
2351
1866
2390
3195
2380
3727
2629
2440
3052
3474
4000
3443
2636
3496
1820
2611
1472
2686
1813
2612
1549
1921
1819
1885
1744
1796
2724
2186
1908
2309
1970
2125
2164
2483
2232
2227
2407
2130
2372
2491
2153
1210
1723