2196
2978
3393
3562
2887
3858
3672
3491
2608
2620
2815
2437
2067
1820
1320
1613
1806
1088
1089
1772
2015
2170
1788
2318
2098
2751
1140
1895
2132
1901
2282
1699
2394
2686
1821
2111
2181
3164
1971
2409
2446
1168
2070
2205
1942
2017
2796
2514
2325
2189
2894
2881
2412
2612
2634
2108
1701
1491
2210
2020
1349
2302
2432
2080
2392
2494
2342
2527
2248
2670
2446
2584
2296
2061
2283
789
2165
2924
3187
2490
3538
2451
3000
3044
3008
2788
2767
3015
3384
2902
2086
3041
3148
2189
2874
3123
2613
3177
2650
2784
2649
2543
2258
2323
1619
2187
2318
1951
2302
2678
1706
2332
2123
2034
1949
2687
2975
1211
2291
2760
2609
1665
2591
2084
1620
2606
2101
2394
1886
1835
1997
1924
1638
2330
1786
2270
2231
1872
2606
2019
2573
2226
1961
2528
1977
2696
1662
2183
2079
2847
770
1796
1888
1861
2036
1776
1967
1461
1681
1717
1713
1457
1395
1516
1763
1875
1421
1572
1938
1925
1747
1437
1466
1677
1416
1148
1691
1962
1654
1756
2212
2355
1364
2527
2170
2277
2388
2911
2648
2497
2030
2946
2460
2390
2191
3074
2904
3203
3399
2782
3232
3132
2596
3415
2886
2741
2984
2063
2411
3218
2575
1934
3269
2547
3303
2575
2611
3314
1970
2301
2591
2537
2344
2340
2852
2916
2514
3483
1571
2482
2662
885
3038
2081
2451
1073
3523
1260
934
3669
2341
2264
2656
2654
2802
3338
2475
2916
2130
2945
3392
3600
2922
3038
5034
3748
2790
2272
2613
2226
2427
2933
2202
2432
1871
2822
2275
2401
2103
2195
2338
2746
1220
2219
1786
2168
2667
1863
1551
2275
2380
1698
1832
2041
2267
1953
2000
2454
2240
2496
2457
2567
2362
2318
2580
2510
2850
2464
2879
2823
3663
2791
2768
3371
2816
3755
3214
2070
3531
3011
3719
3538
3505
3489
4228
3550
3731
3615
3757
3208
1905
3372
3434
2667
3250
2711
3686
3205
3508
4264
3498
4202
3492
3070
3238
3671
3257
2582
3009
2861
2634
2480
2116
2600
2167
1804
2679
2368
2561
3498
3116
2607
2516
3422
2788
2912
2180
3293
3492
3038
3641
2965
3442
3429
2811
3201
3207
3986
3398
3995
2619
3274
3221
2951
2462
3138
2597
2549
2029
2730
1524
3409
2399
2039
2821
2859
2801
2093
2751
3060
2530
2261
2096
3813
3032
2746
3366
2691
2427
2008
2189
1760
2663
2489
1436
2525
2619
1736
2718
1984
1982
2440
2760
2622
2227
3046
3177
2384
2436
2022
2542
3222
2018
2778
2131
2490
1639
2878
2570
2148
2562
2860
2912
2310
2797
1624
2595
2348
2694
2262
2426
2262
2341
2143
2441
2741
2706
4012
2574
3139
3188
2473
3212
3173
2494
2871
2933
3160
2791
3644
2637
2941
3010
2196
3148
3342
1959
3330
1398
3285
3169
1986
2571
2338
2099
3326
2038
2562
2945
2008
2939
2172
2318
2118
2799
2908
2642
1922
2895
2585
2101
2732
2312
1817
3256
1681
2306
2947
2578
3077
2643
2083
2901
2812
2499
2145
3998
4165
3470
3056
3041
2485
2524
2452
2769
2218
3209
2562
1880
2242
2167
1436
2250
1623
413
1513
2421
880
1562
1769
1822
2086
898
2018
1549
1345
2003
1629
1223
1715
2447
1741
3073
1765
1806
1907
2943
3329
2551
1879
2308
1155
1762
1039
1842
1262
1790
1170
1679
1320
1354
1216
1238
1827
1575
1535
1694
1371
1363
1512
1886
1611
1660
1958
1583
1661
1845
1427
818
1155