2196
2978
3526
3694
2982
4028
3732
3566
2558
2689
2902
2437
2033
1820
1247
1613
1840
1139
1169
1796
1995
2120
1764
2211
2098
2663
909
1560
1784
1492
1921
1448
2004
2323
1491
1570
1624
2653
1540
2072
2028
602
1933
1635
1409
1719
2065
1807
1829
1484
2264
2022
1868
2032
2134
1885
1208
987
1708
1682
1194
1759
1780
1460
1804
1747
1373
1889
1369
1367
1590
1783
1490
750
1627
0
644
1514
1620
1710
1807
1560
1660
2090
1503
1648
1597
1182
1835
1049
864
1066
1284
1699
1529
1265
1190
1502
1583
1806
1806
1460
1126
1467
726
1188
1431
1559
1318
1828
595
827
866
1092
1076
1373
1751
0
1332
1690
1490
687
1339
999
1014
1944
1233
2131
1030
1257
1361
1115
1049
1846
894
1633
1540
636
2083
1078
1767
1258
1135
1917
980
2092
672
1150
1290
1903
0
1109
1304
1334
1709
1101
1678
798
1540
1113
961
1055
702
747
1224
1007
545
979
1031
953
817
532
500
730
415
449
730
1023
596
384
1332
1248
383
1159
981
1209
970
1427
1438
1066
595
1235
764
760
470
707
825
832
719
847
1052
944
878
463
571
728
908
159
469
1337
372
221
1311
723
771
1074
887
516
410
138
626
205
486
241
394
853
224
1053
275
0
97
242
465
0
320
0
1268
0
0
1188
454
954
1016
141
811
1154
579
667
165
947
643
1351
647
907
3027
1530
614
888
1270
1057
775
1423
773
1851
377
1099
1299
833
358
816
1002
1241
108
359
475
555
1296
423
459
1012
807
616
548
406
1286
315
410
1276
1033
1072
958
1899
1085
1125
460
823
1997
1188
2234
1852
1977
2157
1301
2518
1617
2768
1747
1276
1827
2060
1966
2177
1847
2022
2454
1781
1860
1421
2286
2066
516
2194
1921
1701
1651
1362
2016
1607
1208
2510
1705
2162
1325
1792
873
1839
1426
899
1297
938
815
874
744
789
449
36
1120
1311
116
1798
1034
1208
1104
1940
1477
1232
331
954
1400
1126
1762
1023
1159
1892
1167
1093
1949
1251
1595
2585
855
952
2162
1092
1176
1153
1551
194
941
1165
700
1532
1361
1189
985
1327
1458
1047
1750
1760
1561
1500
1285
2681
1732
1096
1603
1557
1101
1403
927
1037
1152
1331
567
1073
1556
954
1528
1106
987
1384
1497
1022
909
1340
1963
1093
1010
1553
1071
1638
1371
1928
1548
1450
1294
2019
1773
1610
1712
1711
1884
1421
1786
1104
1613
1885
1786
1428
1823
1470
1897
1363
1825
1134
1460
2596
930
1632
2059
1705
1779
1804
1255
1656
1538
279
1723
2583
1348
1497
2296
1215
2247
1693
989
2285
1018
1724
1625
1029
1519
1370
1620
1829
1300
1558
1598
1624
1786
1501
1286
821
1498
1714
1446
1049
2054
1091
1306
1721
1376
1148
1949
973
1201
1765
1449
1675
1476
1451
1477
1549
1807
1543
3043
2669
2087
1935
1998
1361
1313
1327
1288
1202
1853
1486
912
1038
1172
664
684
635
0
509
1555
226
332
551
678
801
263
877
648
600
776
547
526
703
1175
526
2092
613
978
685
2260
2570
1714
1211
1190
527
755
529
786
489
695
600
1341
554
591
564
650
772
810
1022
848
533
411
614
969
619
613
979
535
350
739
314
217
182
