2196
3141
3659
3694
3077
4085
3911
3789
2758
2829
3076
2654
2134
1912
1357
1653
1873
1088
1169
1796
1995
2120
1740
2211
2098
2707
1025
1728
1842
1492
1849
1348
1874
2168
1326
1329
1377
2370
1253
1735
1797
350
1895
1540
1327
1719
2065
1807
1800
1440
2185
1907
1752
1898
2051
1830
1103
832
1592
1630
1142
1675
1780
1412
1846
1907
1502
2008
1564
1573
1725
1826
1606
1062
1776
107
1009
1908
2163
2028
2576
1989
2206
2431
2005
2041
1960
1732
2351
1706
1337
1784
2041
1892
2018
1884
1603
1934
1878
2096
2001
1668
1378
1698
950
1438
1663
1684
1696
2147
965
1266
1285
1446
1403
1929
2240
413
1754
2109
1863
1087
1816
1456
1249
2238
1619
2270
1458
1546
1750
1686
1490
2179
1451
2111
2058
1508
2475
1768
2336
1941
1740
2354
1692
2480
1332
1757
1711
2406
363
1531
1693
1756
2000
1641
1888
1220
1616
1438
1337
1199
1025
1106
1475
1415
957
1275
1484
1465
1282
985
1037
1179
836
706
1034
1319
999
921
1732
1801
914
1925
1575
1673
1679
2137
2043
1846
1281
2091
1677
1638
1330
1850
1898
2140
2237
1814
2215
2111
1820
1939
1800
1734
1877
992
1283
2089
1253
939
2201
1528
1888
1731
1618
1873
1141
1056
1400
1234
1361
1290
1511
1756
1298
2231
864
999
1078
496
1494
809
1112
65
2020
174
18
1877
993
1403
1625
1048
1572
2028
1338
1527
999
1696
1588
2265
1571
1732
3788
2371
1313
1333
1618
1291
974
1598
879
1916
557
1354
1508
1181
777
1081
1336
1693
479
1041
999
1283
1982
1098
988
1607
1547
1093
1093
1031
1632
923
1046
1727
1509
1606
1503
2155
1536
1581
1208
1385
2256
1599
2421
2086
2357
2284
1585
2683
1856
2904
1964
1364
2071
2257
2434
2552
2289
2376
2834
2086
2172
1813
2539
2270
756
2405
2212
1902
2035
1632
2325
1792
1474
2581
1777
2406
1646
1929
1136
1975
1616
1131
1603
1419
1254
1317
1100
1151
912
605
1658
1748
1141
2456
1791
1801
1742
2561
2001
1869
1009
1860
2237
1955
2643
2025
2377
2757
2040
2249
2657
2839
2609
3466
2068
2430
2836
2351
2089
2543
2318
2078
1739
2395
1318
2806
2087
1796
2209
2349
2338
1696
2371
2530
2083
1896
1772
3360
2512
2218
2844
2439
2162
1851
1919
1631
2350
2209
1256
2138
2345
1554
2472
1858
1834
2214
2573
2314
1992
2730
2952
2117
2079
1871
2033
2652
1769
2424
1937
2219
1545
2707
2411
2092
2441
2710
2784
2124
2502
1472
2255
2206
2391
1995
2264
2086
2239
1941
2281
2324
2383
3607
2104
2762
2979
2331
2905
2782
2109
2524
2500
2199
2471
3290
2269
2514
2763
1781
2732
2485
1514
2851
1246
2700
2565
1595
2141
2015
1917
2805
1717
2152
2368
1833
2445
1852
1802
1587
2385
2528
2316
1673
2685
2212
1823
2359
1868
1465
2537
1234
1631
2263
1844
2095
1809
1650
1833
1815
1945
1663
3202
2752
2232
2112
2182
1625
1632
1720
1827
1541
2346
1896
1373
1580
1719
1111
1467
1129
28
955
1988
517
810
1052
1179
1486
581
1492
1058
972
1302
1052
794
1175
1774
1165
2637
1333
1465
1525
2677
2972
2104
1567
1749
822
1179
784
1261
820
1133
817
1502
954
1056
999
1022
1352
1269
1348
1463
1092
1030
1226
1527
1198
1180
1428
1036
951
1246
895
505
709
