2196
2978
3526
3562
2887
3971
3792
3566
2608
2759
3076
2582
2100
1851
1284
1572
1840
1139
1209
1819
2015
2221
1812
2318
2147
2707
1082
1839
1958
1697
2066
1498
2199
2479
1615
1750
1810
2767
1540
1976
1936
539
1945
1777
1573
1818
2280
1993
1975
1660
2421
2251
2063
2166
2217
1923
1279
987
1669
1682
1194
1800
1931
1508
1930
1960
1696
2088
1711
1778
1906
1994
1759
1311
1955
296
1313
2190
2404
2086
2704
2055
2355
2567
2205
2198
2081
1976
2609
2005
1573
2203
2449
1996
2344
2447
2062
2474
2209
2349
2292
2043
1797
2027
1322
1896
2087
1841
1999
2430
1382
1893
1756
1799
1767
2435
2681
842
2099
2620
2556
1620
2651
2255
1754
2717
2245
2441
2076
1964
2209
2304
1969
2542
2175
2588
2533
2381
2867
2645
3000
2852
2677
3096
2903
3214
2454
2851
2711
3666
1721
2588
2618
2758
2692
2856
2387
2486
1843
2460
2519
1887
2133
2286
2302
2589
2142
2165
2744
2744
2444
2116
2272
2374
2206
1736
2449
2704
2359
2472
2772
3059
1937
3239
2814
2880
3291
3685
3307
3213
2716
3659
2982
2891
2560
3401
3173
3530
3667
2911
3377
3278
2652
3508
2886
2741
3054
2004
2473
3343
2721
2100
3388
2654
3378
2669
2663
3483
2116
2367
2591
2537
2290
2406
2777
2787
2300
3188
1336
2037
2209
768
2597
1827
2147
810
3147
988
652
3186
1964
2002
2422
2305
2626
3088
2150
2585
1892
2695
2877
3178
2567
2626
4619
3366
2401
2025
2414
2039
2163
2759
1990
2346
1632
2439
2101
2169
1893
1929
2051
2445
998
1909
1612
2012
2582
1683
1385
2052
2149
1570
1715
1897
2181
1813
1909
2384
2167
2363
2321
2528
2324
2353
2580
2510
2824
2505
2858
2856
3663
2770
2768
3371
2816
3721
3214
2040
3531
3011
3719
3538
3450
3489
4228
3550
3669
3615
3706
3167
1809
3372
3550
2747
3250
2657
3500
2959
3154
3984
3355
4038
3171
2796
2625
3264
2878
2350
2764
2723
2571
2480
2218
2817
2432
1994
2733
2478
2640
3553
3116
2691
2607
3565
2963
3144
2365
3595
3911
3420
3935
3279
3823
3573
2965
3473
3364
4339
3567
4171
2950
3556
3413
3370
2711
3469
2806
3021
2246
3065
1672
3610
2502
2160
3065
3013
2940
2237
2889
3252
2642
2352
2226
3994
3292
3141
3693
2944
2852
2142
2460
1915
2975
2688
1556
2670
2688
1814
2800
2109
2166
2629
3088
2991
2510
3488
3446
2562
2588
2039
2712
3349
2018
2778
2180
2626
1702
3136
2729
2290
2684
3010
2955
2310
2713
1581
2444
2295
2618
2229
2426
2262
2375
2172
2487
2860
2798
4062
2574
3085
3188
2416
3161
3124
2494
2871
2933
3063
2827
3644
2729
2995
3010
2158
3113
3276
1918
3330
1413
3350
3236
2030
2666
2430
2145
3326
2006
2516
2817
1973
2939
2172
2365
2295
3095
3125
2805
2089
3148
3108
2380
3158
2607
1958
3517
1868
2614
3259
2860
3428
2921
2316
3328
3344
2741
2355
4422
4830
4052
3469
3532
3079
3097
3014
3307
2605
3579
2921
2203
2785
2616
1842
2877
2068
694
1958
2806
1171
2109
2342
2395
2772
1261
2721
2205
1903
2617
1990
1545
2052
2821
2060
3345
2269
2099
2365
3132
3597
2997
2280
2937
1525
2187
1243
2264
1482
2174
1359
1824
1620
1653
1527
1610
2408
2033
1768
2117
1810
1887
1960
2284
2025
2009
2203
1902
2044
2260
1959
1106
1602