2196
3141
3592
3628
2887
3858
3672
3417
2558
2620
2815
2437
2033
1758
1247
1613
1806
987
1089
1772
1995
2170
1788
2318
2098
2751
1025
1728
1900
1628
1994
1549
2199
2530
1697
1931
1934
2937
1684
2120
2075
727
1983
1872
1655
1838
2323
2030
1975
1660
2421
2193
2024
2121
2176
1904
1314
1104
1785
1760
1220
1926
2081
1651
2014
2014
1696
2088
1613
1778
1860
1952
1721
1249
1895
296
1253
2134
2283
2028
2448
1923
2156
2431
2105
2159
2122
1976
2506
1826
1455
1964
2158
1937
2140
2166
1925
2312
2135
2277
2227
1960
1671
1928
1173
1646
1856
1731
1734
2218
1150
1517
1547
1642
1585
2131
2387
597
1869
2341
2129
1309
2173
1684
1418
2422
1908
2363
1791
1771
1997
2019
1711
2330
1730
2230
2188
1726
2606
2019
2526
2226
2071
2703
2191
2739
1662
2122
2027
2721
634
1743
1888
1861
2036
1641
1941
1340
1638
1578
1552
1371
1210
1362
1655
1619
1163
1386
1686
1669
1422
1120
1198
1328
1100
927
1286
1567
1150
1040
1732
1852
873
1761
1476
1673
1679
2137
1988
1651
1094
1806
1351
1261
1084
1441
1563
1568
1433
1234
1633
1527
1266
1109
1005
979
1115
337
657
1400
372
331
1489
938
1069
1215
1148
1025
702
466
923
686
923
634
766
1046
368
1274
393
183
323
281
686
173
564
0
1456
0
0
1257
508
1029
1110
211
811
1217
633
667
165
947
558
1351
718
976
2958
1530
536
838
1170
917
577
1365
773
1851
377
1099
1369
949
358
816
1050
1291
145
483
606
815
1596
693
657
1272
1177
871
781
742
1430
549
592
1415
1143
1161
1140
2017
1348
1371
772
976
2100
1352
2317
1953
2249
2242
1538
2683
1776
2836
1747
1217
1827
2126
2083
2271
2068
2174
2517
1781
1860
1343
2336
2066
564
2279
2037
1782
1715
1470
2140
1607
1120
2440
1777
2243
1486
1883
1048
2043
1742
1189
1541
1213
1066
1206
1049
1223
912
478
1550
1676
905
2401
1791
1801
1742
2609
2001
1927
1071
2011
2307
2018
2584
1900
2225
2660
1938
2113
2539
2575
2553
3334
1847
2289
2804
2231
1965
2410
2213
1843
1702
2339
1289
2806
2018
1766
2270
2451
2523
1912
2544
2771
2344
2169
2031
3768
3084
2878
3366
2733
2587
2053
2324
1889
2923
2648
1586
2670
2654
1814
2800
2078
2092
2516
2947
2806
2321
3172
3221
2428
2537
2039
2655
3349
2043
2849
2180
2581
1686
3050
2729
2290
2684
2960
2955
2273
2671
1603
2482
2313
2618
2162
2380
2174
2290
2028
2372
2563
2521
3860
2339
2924
3104
2359
3008
2977
2366
2827
2885
3063
2755
3538
2591
2834
2983
2158
3079
3144
1918
3243
1368
3220
3102
1899
2571
2338
2099
3196
1909
2380
2752
1938
2774
2044
2131
1941
2681
2691
2479
1839
2811
2585
2101
2785
2312
1782
3125
1569
2245
2947
2521
2937
2588
2049
2759
2746
2430
2115
3998
3999
3397
2997
3102
2551
2524
2396
2702
2121
3024
2511
1834
2303
2267
1558
2329
1722
448
1513
2469
916
1494
1625
1679
2086
944
2194
1795
1469
2178
1629
1276
1715
2298
1485
2855
1477
1660
1678
2791
3106
2383
1790
2098
1044
1550
911
1472
1004
1461
1007
1615
1120
1155
1030
1083
1511
1384
1418
1502
1132
1077
1185
1567
1281
1267
1550
1127
1115
1476
1040
609
790
