2196
2978
3526
3694
3172
4028
3792
3640
2658
2829
3163
2799
2201
1974
1466
1855
2043
1341
1328
1889
2098
2373
1908
2530
2393
2969
1429
2174
2363
2243
2714
1949
2654
2841
1944
2352
2429
3334
2019
2553
2538
1294
2095
2300
1983
2017
2710
2439
2296
2145
2854
2881
2412
2612
2634
2090
1595
1336
2017
1864
1271
2009
2181
1794
2098
2227
2019
2328
2003
2190
2131
2205
1913
1561
2015
372
1435
2303
2585
2201
2833
2055
2404
2635
2306
2238
2202
2098
2661
2065
1534
2143
2391
1981
2303
2391
2062
2474
2209
2422
2292
2085
1839
1994
1322
1854
2087
1841
1999
2465
1428
1956
1861
1877
1767
2384
2681
965
2099
2620
2503
1620
2591
2141
1653
2643
2149
2410
1933
1835
2032
1971
1748
2421
1841
2389
2403
2017
2704
2332
2810
2624
2401
2965
2761
3127
2322
2729
2553
3414
1381
2324
2424
2494
2510
2518
2230
2064
1778
2181
2196
1715
1856
2029
2122
2334
1833
1868
2291
2334
2026
1618
1789
1876
1679
1368
1943
2259
1856
1935
2332
2506
1405
2527
2170
2323
2517
2975
2757
2562
1967
2875
2395
2264
1945
2584
2368
2549
2684
2137
2578
2621
2208
2770
2379
2174
2500
1527
1910
2653
1840
1437
2735
2064
2633
2247
2298
2890
1775
1908
2174
1988
1962
2012
2405
2465
1942
2967
1296
1889
1983
710
2377
1572
1903
591
2771
626
370
2497
1425
1665
2000
1676
2041
2527
1717
1990
1416
2196
2362
2897
2211
2282
4411
3060
2091
1877
2265
1946
1965
2527
1726
2217
1273
2120
1891
1820
1544
1664
1861
2194
813
1599
1437
1803
2367
1458
1220
1866
1825
1348
1443
1464
1863
1251
1318
1934
1655
1784
1685
2214
1724
1756
1582
1743
2488
1929
2588
2388
2901
2517
2106
2958
2216
3245
2508
1629
2557
2454
2784
2787
2676
2831
3468
2818
2920
2675
3097
2718
1330
2867
2794
2224
2482
2010
2882
2468
2270
3282
2566
3222
2529
2431
1924
2653
2247
1711
2092
1899
1818
1871
1557
1803
1506
1173
2088
2040
1772
3004
2422
2183
2060
2991
2351
2332
1564
2614
2865
2465
3054
2401
2834
3045
2400
2725
2932
3280
2891
3598
2178
2641
2964
2591
2255
2807
2457
2235
1847
2451
1377
2940
2157
1887
2392
2451
2523
1840
2475
2771
2269
2078
1934
3586
2876
2548
3171
2607
2374
1941
2009
1708
2559
2369
1346
2380
2516
1710
2636
1952
1945
2403
2714
2560
2086
2793
2997
2206
2232
1938
2316
2906
1893
2672
2058
2354
1576
2707
2411
2035
2360
2511
2612
2013
2418
1429
2218
2206
2429
2062
2310
2086
2256
2028
2372
2443
2429
3658
2163
2816
3021
2331
2956
2879
2195
2567
2500
2199
2471
3290
2177
2460
2790
1856
2871
2815
1676
3069
1322
2895
2766
1682
2332
2154
2008
3001
1813
2197
2368
1833
2499
1916
1943
1646
2444
2583
2370
1714
2685
2212
1903
2466
1967
1571
2798
1458
2061
2636
2183
2446
2087
1783
2261
2214
2187
1904
3626
3500
2815
2525
2550
2022
2078
2058
2231
1879
2778
2203
1649
2062
2018
1355
2094
1475
308
1401
2373
844
1426
1697
1751
2086
944
2282
1877
1593
2266
1701
1384
1850
2522
1805
3127
1837
1904
2136
2981
3374
2718
2057
2517
1266
1815
1064
1894
1262
1845
1197
1728
1420
1454
1372
1455
2197
1804
1675
1925
1571
1601
1716
2005
1694
1703
1958
1583
1716
1984
1669
923
1318
