2196
3060
3460
3628
2982
3971
3732
3566
2608
2759
2989
2654
2134
1851
1284
1653
1840
1038
1129
1796
1995
2170
1812
2371
2245
2794
1140
1895
2074
1765
2210
1599
2329
2530
1656
1870
1872
2824
1636
2168
2121
790
1970
1777
1532
1798
2323
2104
2004
1704
2461
2193
2024
2121
2217
1904
1243
949
1669
1630
1142
1633
1730
1317
1762
1694
1308
1889
1369
1367
1590
1741
1452
812
1657
0
827
1683
1921
1913
2191
1725
1809
2158
1654
1806
1678
1304
1990
1348
1100
1425
1633
1788
1732
1603
1373
1718
1731
1914
1903
1585
1294
1566
838
1271
1547
1606
1507
2005
826
1078
1075
1288
1221
1676
1996
106
1600
1923
1649
865
1577
1170
1115
2055
1474
2208
1316
1417
1573
1353
1270
1998
1173
1912
1842
1072
2247
1329
1957
1485
1355
2135
1336
2221
870
1453
1448
2154
23
1267
1450
1492
1818
1236
1730
918
1573
1299
1230
1170
887
952
1332
1262
751
1127
1232
1260
1143
758
661
930
573
559
831
1072
647
444
1372
1348
546
1378
1080
1209
970
1363
1383
935
533
1164
699
697
531
788
1026
1077
987
911
1270
1163
1100
924
1005
1042
1184
516
782
1588
666
552
1786
1206
1441
1403
1305
1194
849
662
1102
754
869
700
915
1175
511
1495
432
257
399
301
833
300
747
0
1769
0
0
1533
778
1253
1438
769
1280
1778
1012
1196
701
1509
1245
1913
1216
1457
3512
2142
1158
1234
1518
1291
1040
1714
985
1959
676
1482
1578
1298
777
1187
1431
1693
479
1041
1043
1231
1853
1008
856
1495
1362
998
976
935
1603
877
910
1623
1326
1428
1322
2076
1386
1476
959
1181
2204
1476
2338
2020
2357
2305
1727
2738
1936
3040
2127
1452
2314
2355
2492
2552
2344
2427
2834
2086
2172
1656
2539
2188
708
2363
2153
1822
1907
1632
2387
1853
1562
2721
1920
2488
1807
2066
1399
2314
1994
1537
1969
1831
1630
1594
1405
1730
1308
983
1980
1894
1457
2730
2232
2056
1969
2848
2220
2101
1256
2237
2656
2337
2995
2276
2605
2901
2143
2249
2617
2575
2496
3334
1847
2219
2772
2231
2006
2410
2213
1764
1594
2171
1230
2739
1984
1674
1964
2195
2291
1696
2371
2530
2120
1957
1772
3405
2564
2284
2844
2439
2162
1851
1919
1657
2350
2209
1256
2234
2345
1527
2390
1795
1797
2214
2573
2376
1992
2730
2907
2072
2028
1871
2089
2652
1769
2495
1961
2173
1545
2707
2411
2092
2481
2760
2827
2236
2628
1538
2407
2259
2580
2162
2380
2203
2307
2086
2418
2682
2614
3860
2339
2870
2979
2331
3008
2928
2280
2697
2693
2583
2649
3432
2361
2674
2873
1932
2940
2881
1676
3069
1322
2895
2901
1812
2427
2200
2008
3066
1845
2288
2496
1903
2664
2012
2131
1882
2562
2583
2370
1714
2685
2286
1863
2519
2115
1676
2929
1458
2061
2761
2352
2657
2254
1850
2332
2280
2222
1904
3626
3583
2960
2643
2734
2154
2141
2171
2432
1928
2839
2357
1788
2182
2217
1517
2250
1623
413
1568
2469
916
1631
1840
1894
2172
989
2194
1795
1593
2354
1918
1491
1985
2672
1805
3236
1981
2001
2212
3094
3553
2829
2102
2517
1303
1868
1090
1947
1262
1845
1197
1695
1353
1421
1278
1331
1933
1651
1582
1771
1491
1554
1675
2005
1736
1791
1999
1720
1771
2030
1669
975
1358
