2196
3141
3592
3694
3172
4142
3911
3789
2758
2829
3163
2654
2167
1943
1393
1774
1975
1341
1288
1889
2077
2272
1812
2318
2147
2707
967
1728
1842
1492
1777
1398
2004
2271
1450
1630
1748
2710
1588
2024
2075
727
1970
1825
1655
1838
2323
2067
1975
1704
2461
2251
2024
2121
2176
1904
1279
1026
1708
1682
1181
1759
1831
1412
1804
1854
1567
2048
1564
1573
1680
1783
1529
812
1716
69
1009
1796
1921
1913
2191
1758
1858
2226
1704
1766
1678
1426
2093
1348
1061
1425
1692
1788
1773
1659
1419
1718
1694
1914
1903
1585
1336
1665
875
1396
1624
1637
1507
1934
687
890
918
1171
1185
1575
1898
0
1562
1876
1596
865
1637
1170
1081
2055
1378
2177
1268
1385
1573
1448
1343
2088
1340
1952
1928
1290
2410
1768
2289
1998
1740
2354
1621
2437
1332
1879
1922
2721
702
1848
1986
2072
2146
1979
2072
1642
1692
1717
1767
1457
1348
1414
1655
1721
1215
1498
1837
1823
1561
1256
1359
1577
1363
1111
1539
1863
1553
1577
2132
2355
1323
2472
2170
2230
2453
2846
2648
2497
2030
2946
2460
2452
2191
2992
2703
2958
3041
2459
3014
2913
2319
2770
2451
2237
2430
1468
1910
2716
1987
1437
2676
2064
2559
2106
2089
2466
1580
1711
2055
1988
1907
1881
2181
2401
1870
2894
1218
1815
2058
749
2377
1572
1964
635
2959
807
582
2980
1856
2002
2375
2095
2392
2964
2042
2453
1713
2570
2705
3038
2496
2694
4826
3519
2479
2124
2513
2133
2229
2759
2043
2346
1632
2567
2101
2111
1893
1982
2099
2496
998
1909
1568
1960
2539
1728
1451
2126
2241
1634
1793
1945
2152
1719
1727
2281
2093
2274
2230
2469
2212
2248
2455
2408
2773
2423
2858
2789
3554
2728
2674
3316
2776
3721
3214
2011
3470
2979
3660
3538
3505
3539
4292
3550
3731
3615
3757
3249
1953
3456
3609
2787
3378
2819
3686
3267
3596
4334
3570
4446
3572
3115
3238
3603
3130
2466
3009
2861
2634
2480
2218
2890
2498
1994
2787
2514
2876
3717
3305
2776
2744
3660
3007
3201
2489
3670
3911
3420
3935
3341
3899
3669
3016
3473
3364
4250
3511
4127
2840
3556
3413
3370
2753
3602
2876
3178
2246
3065
1701
3677
2502
2191
3065
3064
2986
2273
2923
3301
2754
2504
2388
4221
3500
3405
3954
3154
3064
2232
2595
2044
3184
2927
1766
3009
2928
1997
3129
2328
2387
2780
3275
3237
2651
3551
3491
2651
2792
2139
3051
3793
2217
3097
2350
2897
1780
3308
2929
2460
3007
3310
3298
2606
3050
1776
2822
2455
2997
2530
2635
2526
2495
2404
2646
3217
3121
4467
3044
3570
3564
2701
3622
3515
2750
3218
3270
3736
3076
3892
3006
3316
3230
2460
3390
3738
2201
3547
1474
3611
3505
2204
2905
2707
2259
3782
2198
2836
3266
2077
3268
2332
2506
2354
3035
3071
2751
2005
2980
2734
2101
2838
2410
1888
3452
1793
2491
3196
2803
3218
2699
2183
2972
2879
2568
2205
4104
4248
3543
3174
3286
2815
2778
2621
2904
2266
3271
2665
2064
2483
2367
1639
2564
1821
554
1735
2566
989
1631
1840
1894
2258
1080
2457
1959
1593
2266
1773
1330
1850
2447
1677
3073
1837
1904
2212
3018
3463
2718
2057
2447
1192
1762
1039
1842
1225
1790
1143
1679
1253
1288
1185
1269
1880
1575
1512
1694
1371
1315
1430
1726
1405
1398
1632
1310
1279
1522
1137
688
953
