2196
3060
3526
3694
3077
3971
3672
3417
2558
2550
2815
2437
2033
1789
1247
1572
1806
987
1049
1749
1953
1968
1667
2052
1901
2488
794
1448
1669
1355
1633
1298
1809
2220
1368
1510
1624
2597
1492
2024
2075
790
1995
1967
1737
1898
2538
2253
2121
1880
2657
2595
2296
2522
2634
2108
1701
1491
2210
2046
1362
2302
2532
2080
2434
2547
2342
2527
2150
2396
2266
2374
2104
1873
2193
676
1922
2698
2886
2346
3153
2220
2652
2772
2557
2473
2404
2465
2971
2424
1849
2562
2682
2055
2507
2616
2200
2690
2319
2494
2389
2209
1964
2093
1359
1896
2048
1825
2037
2501
1428
1956
1861
1877
1804
2435
2730
1027
2214
2667
2609
1709
2651
2255
1687
2717
2245
2472
2076
1964
2209
2209
1859
2512
2064
2509
2490
2308
2801
2520
2952
2795
2511
3052
2832
3214
2454
2851
2764
3603
1721
2640
2716
2864
2764
3058
2466
2606
1886
2645
2841
2059
2364
2593
2481
2794
2297
2202
2744
2744
2491
2116
2272
2424
2154
1663
2348
2605
2259
2472
2772
3109
1937
3184
2814
2880
3291
3749
3362
3278
2778
3802
3178
3079
2806
3890
3508
3939
4113
3169
3813
3788
2984
3969
3247
2929
3330
2301
2724
3469
2868
2155
3447
2654
3303
2669
2663
3568
2116
2367
2531
2468
2344
2340
2777
2787
2300
3335
1493
2334
2587
866
2818
1890
2268
898
3335
1033
687
3186
2018
2077
2422
2165
2450
3026
2150
2585
1892
2695
2963
3389
2851
2969
4965
3748
2712
2272
2663
2367
2625
3165
2414
2518
2229
3141
2414
2633
2382
2301
2433
2746
1220
2343
1874
2272
2796
1953
1584
2312
2427
1761
1871
1993
2209
1766
1773
2281
2057
2274
2275
2469
2174
2212
2268
2306
2721
2258
2775
2655
3282
2622
2342
3124
2496
3517
2834
1805
2983
2749
3310
3256
3173
3286
3975
3306
3419
3223
3452
3004
1665
3246
3376
2667
3122
2657
3624
3205
3508
4194
3427
4283
3572
3070
3238
3603
3067
2524
2948
2861
2634
2480
2116
2745
2233
1804
2572
2295
2324
3333
2863
2522
2470
3374
2788
2970
2304
3369
3701
3166
3641
3028
3595
3429
2708
3065
3167
3986
3398
4039
2729
3274
3285
3131
2587
3403
2736
2942
2210
3121
1701
3811
2606
2221
3126
3064
2986
2237
2820
3204
2605
2352
2193
3994
3240
3009
3497
2775
2587
2053
2279
1812
2715
2528
1436
2525
2585
1710
2636
1952
2018
2440
2854
2683
2227
3046
3087
2250
2283
1938
2259
2842
1868
2565
2010
2354
1608
2878
2530
2177
2522
2710
2741
2087
2460
1494
2293
2241
2505
2129
2310
2115
2273
2057
2395
2563
2521
3860
2280
2924
3021
2359
2956
2831
2237
2697
2693
2775
2720
3538
2591
2941
3010
2158
3148
3408
2040
3373
1398
3220
3236
1986
2619
2477
2145
3326
2038
2608
2945
2025
3048
2236
2412
2236
2976
3017
2696
1964
2980
2734
2181
2892
2361
1852
3386
1756
2429
3010
2578
3007
2588
2116
2972
2945
2533
2205
4157
4248
3616
3174
3225
2749
2651
2564
2904
2363
3394
2716
2018
2483
2367
1680
2642
1821
518
1680
2517
916
1631
1769
1894
2344
1034
2369
1959
1655
2266
1701
1384
1782
2447
1677
3073
1909
1904
2060
2981
3329
2551
1879
2168
1081
1550
962
1578
1004
1407
953
1566
1087
1122
999
1053
1405
1307
1348
1425
1132
1077
1226
1567
1239
1180
1428
1036
1060
1384
943
531
669
