2196
3060
3592
3628
3077
3971
3792
3566
2658
2759
2989
2654
2167
1881
1320
1613
1873
1088
1129
1796
1995
2120
1764
2318
2147
2751
1140
1895
2132
1901
2210
1599
2264
2530
1615
1810
1810
2710
1492
2024
2028
727
1958
1777
1532
1798
2237
1993
1975
1660
2382
2079
1946
2032
2092
1848
1173
910
1631
1604
1129
1591
1680
1364
1804
1800
1373
1849
1320
1230
1455
1657
1452
812
1687
31
948
1739
1861
1826
2063
1659
1709
2124
1654
1766
1718
1488
2145
1408
1140
1485
1633
1803
1773
1546
1373
1664
1657
1806
1741
1377
1042
1369
540
1022
1316
1512
1280
1722
456
576
761
1092
1039
1423
1800
0
1447
1830
1649
909
1696
1342
1149
2128
1474
2193
1268
1417
1609
1448
1343
2088
1284
1991
1885
1290
2344
1643
2289
1998
1740
2441
1835
2567
1530
2061
2079
2910
974
1954
2034
2072
2218
2113
2098
1762
1724
1856
1874
1514
1441
1568
1727
1721
1163
1386
1686
1720
1468
1166
1144
1328
1047
854
1286
1567
1201
1160
1812
1852
873
1816
1526
1719
1679
2072
2043
1781
1219
1948
1482
1512
1330
1850
1898
2140
2148
1879
2360
2329
1876
2216
2017
1986
2154
1349
1722
2465
1547
1160
2320
1689
2112
1872
1775
2042
1287
1252
1638
1440
1415
1356
1735
2014
1584
2452
943
1147
1304
515
1494
809
1112
109
2145
264
89
2084
1155
1440
1625
1048
1455
1841
1121
1328
820
1571
1331
1984
1287
1457
3581
2142
1080
1234
1518
1291
1106
1714
1091
1981
676
1418
1543
1181
637
1028
1288
1542
368
793
824
1075
1725
873
823
1495
1455
1093
1093
1127
1719
1017
1046
1692
1435
1473
1412
2135
1573
1581
1146
1334
2281
1640
2421
2153
2466
2326
1727
2766
1976
3075
2127
1423
2192
2290
2434
2459
2178
2275
2707
2025
2234
1891
2590
2310
851
2531
2386
2023
2163
1794
2573
2099
1827
3002
2207
2814
1967
2203
1574
2314
1868
1363
1725
1419
1316
1317
1049
1223
912
541
1604
1639
905
2292
1601
1632
1468
2370
1783
1579
824
1709
2028
1700
2408
1712
1997
2468
1732
1705
2303
1869
2102
2982
1406
1656
2515
1751
1674
1947
1969
1214
1376
1836
1024
2202
1707
1462
1658
1838
1921
1371
2026
2097
1747
1683
1545
3043
2148
1690
2191
1935
1473
1582
1287
1244
1621
1651
807
1508
1899
1188
1816
1325
1208
1648
1778
1330
1192
1719
2143
1271
1112
1553
1071
1511
1321
1822
1499
1314
1247
1848
1574
1440
1470
1511
1669
1162
1449
930
1386
1796
1559
1228
1707
1382
1846
1276
1779
955
1275
2495
695
1416
1891
1591
1574
1608
1084
1526
1393
0
1652
2477
1164
1283
2186
989
2005
1231
665
1937
927
1333
1155
681
1185
1047
1461
1438
1075
1239
1085
1520
1402
1277
958
408
1144
1334
1065
758
1802
793
1107
1402
1081
902
1556
712
709
1267
998
1113
1031
1151
837
1017
1530
1302
2619
2004
1577
1581
1568
1031
995
1102
1154
1106
1668
1383
912
1098
1321
786
919
783
0
565
1651
262
400
551
678
801
263
877
484
600
776
619
579
905
1549
846
2419
1045
1319
1144
2563
2883
2104
1523
1749
896
1338
809
1261
784
1023
817
1502
954
1056
937
960
1300
1154
1255
1271
892
744
941
1248
950
962
1306
854
841
1246
895
505
709
