2196
3060
3526
3562
2887
3858
3552
3417
2457
2550
2815
2509
2100
1881
1357
1653
1840
1139
1169
1772
1974
2018
1740
2211
2098
2663
1025
1783
1900
1628
1994
1448
2004
2375
1532
1690
1686
2597
1396
1831
1843
350
1895
1540
1409
1739
2194
1956
1946
1660
2382
2079
1868
1987
2092
1867
1173
949
1631
1656
1168
1759
1881
1555
1888
1854
1502
1929
1515
1504
1725
1826
1529
812
1687
0
766
1570
1741
1768
1871
1593
1709
2090
1553
1688
1557
1121
1784
1049
943
1246
1400
1744
1692
1434
1236
1556
1583
1806
1774
1418
1168
1467
726
1146
1393
1543
1355
1863
687
1015
1128
1288
1294
1676
2045
167
1677
2062
1863
998
1816
1456
1283
2275
1667
2270
1506
1546
1714
1591
1417
2149
1396
1991
1885
1218
2312
1455
2099
1656
1465
2135
1407
2308
1134
1575
1658
2406
295
1426
1596
1650
1854
1304
1809
1039
1595
1346
1337
1256
1025
1055
1404
1262
803
1164
1333
1311
1189
849
876
1029
783
670
932
1270
848
682
1532
1550
710
1597
1377
1534
1356
1750
1658
1326
845
1592
1155
1199
961
1360
1361
1322
1255
1105
1415
1309
1155
924
932
1042
1115
397
657
1400
298
276
1371
831
771
981
835
601
458
269
685
274
486
241
394
724
81
979
196
0
22
184
318
0
199
0
1268
0
0
981
346
916
970
71
636
1092
471
534
46
697
128
1000
434
632
2612
1224
225
591
921
683
247
1075
403
1722
19
780
1194
543
0
551
811
1040
0
235
431
607
1425
558
558
1198
1085
839
781
694
1430
596
637
1415
1179
1161
1140
2017
1348
1371
834
1130
2152
1435
2359
1986
2249
2263
1538
2628
1776
2904
1910
1305
2010
2224
2258
2318
2123
2275
2771
2147
2359
2048
2691
2310
899
2531
2386
1983
2099
1686
2449
1976
1739
2861
2207
2733
2048
2248
1749
2518
2057
1595
2031
1831
1693
1705
1506
1730
1308
857
1765
1821
1299
2566
1980
1929
1878
2752
2133
2101
1256
2237
2516
2082
2761
2151
2529
2805
2092
2181
2578
2486
2384
3202
1737
2148
2772
2231
2006
2410
2213
1686
1630
2115
1141
2403
1811
1523
1658
1889
1967
1443
2061
2145
1822
1683
1480
2907
2096
1558
2060
1935
1526
1582
1332
1295
1621
1651
807
1412
1830
1136
1734
1231
1134
1497
1637
1207
1145
1593
2143
1316
1163
1570
1014
1448
1271
1716
1402
1178
1185
1676
1414
1355
1389
1411
1669
1236
1575
995
1424
1831
1635
1328
1800
1441
1880
1363
1825
1074
1368
2546
812
1470
1975
1648
1676
1706
1170
1569
1393
183
1687
2512
1210
1283
2131
951
2005
1165
665
1937
911
1203
1088
638
1137
1047
1461
1438
1043
1148
957
1485
1347
1245
958
408
1203
1334
1065
758
1802
793
1067
1348
982
832
1426
637
648
1329
998
1043
1031
1185
837
1017
1565
1332
2566
1921
1431
1463
1446
832
804
933
885
864
1421
1127
635
736
1022
502
449
487
0
119
1218
0
0
0
105
201
0
438
156
352
601
331
258
433
1026
398
1983
325
880
456
2184
2436
1546
1077
980
490
808
580
839
563
804
709
1421
721
757
657
681
877
887
1115
1041
693
554
818
1208
909
919
1265
899
787
1200
847
479
588
