2196
3141
3526
3562
2982
4028
3792
3715
2658
2689
2815
2437
2000
1758
1175
1491
1704
887
1010
1725
1974
2018
1740
2211
2048
2707
1082
1728
1958
1765
2210
1599
2329
2530
1656
1870
1934
2824
1684
2120
2075
727
1983
1825
1655
1838
2366
2142
2092
1792
2579
2423
2140
2255
2301
1960
1419
1142
1901
1812
1233
1884
1981
1651
2056
2174
1955
2288
1906
2121
2041
2205
1951
1624
2074
486
1557
2360
2524
2173
2833
2121
2504
2635
2406
2395
2323
2282
2816
2184
1613
2263
2449
2011
2344
2335
2062
2528
2282
2458
2325
2085
1755
1928
1210
1771
2010
1794
1885
2288
1150
1580
1599
1642
1622
2182
2534
781
2061
2574
2396
1443
2352
1856
1485
2422
1860
2317
1648
1707
1856
1733
1527
2209
1507
2071
1972
1363
2410
1643
2289
1884
1740
2441
1764
2523
1464
1939
1974
2721
634
1690
1839
1914
2073
1709
1914
1280
1638
1578
1552
1371
1210
1260
1583
1517
1060
1349
1535
1465
1329
1030
983
1179
836
780
1185
1418
999
921
1652
1701
792
1761
1526
1719
1614
2008
1878
1521
969
1663
1155
1199
900
1360
1496
1649
1523
1427
1779
1673
1377
1293
1149
1105
1323
635
970
1713
666
497
1727
1152
1218
1309
1148
1025
653
531
923
548
814
503
766
1175
582
1495
511
479
550
320
906
363
686
0
1707
0
0
1326
616
1104
1204
420
987
1466
741
799
225
1009
643
1492
931
1045
3166
1759
769
937
1319
1057
643
1307
668
1808
258
972
1264
659
9
604
907
1191
108
421
606
763
1510
558
558
1124
900
648
587
502
1315
362
456
1242
997
939
822
1860
973
1055
335
669
1945
1105
2193
1718
1868
2073
1112
2435
1457
2598
1367
1070
1462
1929
1849
1989
1625
1770
2010
1415
1486
951
1981
1739
229
1984
1571
1420
1267
1093
1707
1300
766
2160
1490
1998
1325
1838
786
1772
1363
841
1236
938
877
929
795
861
647
289
1389
1530
747
2292
1601
1590
1423
2322
1739
1579
762
1558
1958
1636
2350
1649
1768
2324
1527
1433
2146
1604
1877
2806
1185
1445
2451
1512
1467
1616
1795
822
1231
1501
876
1800
1534
1340
1352
1685
1782
1299
1957
2049
1747
1683
1545
3043
2252
1822
2321
2061
1685
1649
1513
1399
1829
1850
987
1799
2036
1345
2144
1576
1503
1950
2152
1883
1662
2225
2547
1761
1774
1771
1806
2462
1694
2388
1888
2038
1467
2406
2092
1809
1996
2161
2312
1717
2038
1277
1915
2027
2013
1662
1985
1734
2034
1594
1984
1491
1691
2950
1341
2009
2310
1819
1983
1999
1511
1873
1778
759
1972
2830
1624
1765
2406
1366
2386
1891
1110
2416
1063
1789
1759
1029
1519
1370
1643
2024
1364
1558
1470
1607
1786
1469
1239
880
1676
1768
1554
1174
2138
1315
1346
1827
1474
1148
2014
973
1139
1702
1393
1464
1420
1384
1406
1483
1842
1603
3096
2586
2014
1876
1814
1229
1250
1327
1288
1106
1668
1383
866
917
1172
624
684
635
0
398
1458
153
127
336
535
544
81
614
238
290
513
259
258
365
801
270
1928
253
734
380
2184
2480
1546
1077
1050
453
755
554
733
416
475
519
1325
588
691
626
650
772
810
1068
1002
653
554
778
1089
785
700
979
580
459
831
411
270
304
