2196
3060
3460
3562
2887
3915
3672
3491
2507
2620
2815
2437
2067
1820
1320
1653
1907
1139
1169
1819
2015
2120
1788
2318
2147
2707
1082
1728
1900
1560
1849
1398
2069
2375
1532
1690
1686
2597
1396
1927
1889
539
1945
1777
1532
1798
2323
2030
2004
1660
2461
2193
1985
2166
2259
1960
1384
1181
1901
1838
1258
1968
2031
1651
2014
2014
1631
2048
1564
1710
1770
1910
1606
999
1746
107
1070
1965
2163
2028
2512
1890
2106
2397
1955
1963
1839
1671
2300
1587
1219
1724
1983
1863
1936
1772
1511
1880
1767
1951
1903
1543
1294
1566
801
1313
1547
1606
1507
2005
826
1078
1075
1249
1221
1575
1898
0
1485
1876
1703
865
1637
1285
1115
2018
1426
2193
1316
1450
1573
1353
1196
1937
1006
1713
1626
709
2083
1078
1862
1428
1300
2092
1194
2221
936
1514
1500
2154
159
1373
1499
1439
1745
1236
1757
979
1595
1392
1283
1199
933
1003
1332
1262
699
1127
1283
1260
1143
804
714
979
625
559
781
1023
697
563
1492
1499
628
1542
1278
1487
1421
1879
1878
1521
1094
1877
1351
1324
1023
1441
1496
1568
1523
1363
1706
1600
1432
1293
1222
1231
1461
694
970
1713
739
608
1786
1260
1516
1543
1409
1364
849
793
1102
754
869
634
915
1240
725
1642
589
628
851
437
1200
618
929
0
1895
83
0
1877
1047
1366
1579
1048
1572
2090
1392
1527
880
1696
1502
2124
1429
1663
3788
2371
1469
1432
1767
1525
1304
2004
1250
2067
855
1673
1613
1356
846
1187
1431
1793
553
1227
1087
1335
2025
1143
955
1569
1455
1093
1054
1031
1661
970
1046
1692
1472
1562
1458
2135
1498
1546
1208
1437
2333
1682
2463
2153
2575
2348
1775
2793
1976
3006
2019
1394
2131
2257
2317
2365
2123
2275
2707
2086
2297
1970
2691
2351
899
2573
2445
2023
2099
1794
2511
1976
1562
2791
2136
2651
1887
2157
1399
2314
1931
1421
1847
1694
1630
1594
1303
1513
1110
668
1658
1676
1063
2456
1917
1886
1787
2705
2089
2043
1256
2162
2516
2210
2761
2151
2453
2757
2092
2249
2617
2751
2609
3466
2013
2430
2900
2471
2131
2543
2353
2000
1775
2395
1289
2739
2053
1766
2270
2400
2384
1804
2440
2626
2194
1987
1804
3405
2564
2152
2713
2271
1897
1784
1783
1554
2246
2169
1166
1992
2242
1475
2349
1764
1724
2176
2433
2253
1898
2604
2772
1894
1825
1787
1750
2335
1669
2353
1864
2083
1498
2535
2172
1865
2157
2261
2355
1791
2207
1364
2104
2152
2353
1962
2194
1939
2171
1825
2213
2027
2152
3355
1811
2439
2686
2075
2547
2439
1896
2350
2260
1815
2293
3078
1900
2139
2570
1592
2594
2221
1312
2590
1124
2049
1893
1116
1663
1554
1689
2089
1396
1695
1790
1711
2005
1661
1615
1351
2149
2311
1989
1423
2475
1988
1704
2306
1868
1465
2667
1346
1753
2387
2014
2376
2143
1850
2403
2480
2326
1994
3839
3832
3252
2879
2979
2485
2460
2452
2769
2170
3148
2613
2018
2544
2516
1720
2642
1821
554
1735
2566
989
1767
1984
2180
2601
1171
2545
2123
1841
2617
2062
1545
2120
2896
1997
3345
2269
2148
2594
3208
3597
2885
2235
2867
1488
2240
1243
2264
1556
2174
1387
1840
1653
1720
1558
1610
2355
1995
1745
2078
1770
1792
1797
2085
1818
1791
2040
1720
1880
2122
1717
949
1358
