2196
2978
3526
3628
3077
3971
3792
3566
2608
2689
2989
2654
2134
1912
1393
1734
1907
1189
1169
1796
1995
2069
1715
2211
2098
2663
1025
1728
1900
1628
2066
1599
2199
2427
1615
1750
1810
2767
1540
1976
1936
476
1933
1635
1409
1759
2237
2030
1946
1660
2382
2079
1868
2032
2134
1904
1279
987
1747
1734
1220
1926
2031
1651
1972
2067
1761
2168
1759
1847
1906
2079
1759
1249
1925
334
1374
2134
2404
2144
2768
2055
2404
2635
2356
2277
2202
2220
2816
2304
1770
2502
2740
2070
2507
2560
2154
2582
2245
2458
2389
2209
1922
2093
1433
1938
2164
1857
2112
2572
1613
2269
2123
2113
2058
2789
3122
1456
2444
2992
2983
2020
3068
2598
1889
2864
2535
2549
2361
2189
2420
2590
2153
2693
2454
2747
2792
2744
3030
2896
3237
3080
2787
3227
3188
3343
2653
3033
2869
3854
1992
2799
2813
2969
2801
3193
2519
2666
1897
2645
2841
2002
2225
2440
2337
2640
2194
2165
2694
2744
2444
2116
2272
2324
2101
1589
2247
2507
2208
2353
2612
2958
1773
3075
2666
2787
3098
3491
3197
3083
2466
3517
2917
2766
2560
3564
3173
3612
3667
2846
3377
3278
2652
3323
2813
2552
2915
1944
2285
3092
2354
1769
3032
2278
2931
2341
2298
2805
1775
1908
2114
2057
2016
1946
2405
2594
2085
2967
1296
1815
2058
749
2450
1572
1964
723
2959
852
582
2980
1856
2002
2375
2235
2509
2964
2096
2453
1773
2633
2963
3389
2780
2901
5034
3901
3023
2371
2663
2273
2427
2875
2096
2411
1930
2822
2275
2459
2312
2248
2290
2696
1183
2157
1743
2168
2667
1818
1518
2201
2288
1602
1676
1752
2036
1579
1591
2142
1947
2096
2003
2390
2024
2072
2081
2101
2669
2176
2733
2655
3391
2707
2579
3261
2616
3619
2997
1893
3166
2782
3368
3303
3173
3185
3848
3123
3232
3145
3402
2882
1570
3162
3143
2546
2930
2495
3315
2836
2889
3843
3068
3875
3010
2796
2713
3332
2815
2176
2642
2449
2257
2148
1811
2238
1771
1362
2303
2186
2009
3114
2611
2268
2243
3183
2570
2564
1810
2841
3074
2592
3113
2527
2986
3141
2503
2793
2971
3368
3004
3730
2399
2852
3092
2711
2255
2807
2423
2314
1847
2451
1318
2873
2087
1766
2148
2247
2245
1624
2233
2337
2008
1865
1674
3224
2460
2020
2583
2187
1844
1716
1648
1450
1934
1970
1017
1799
2105
1397
2226
1670
1687
2063
2386
2130
1757
2414
2727
1939
1876
1838
1976
2589
1719
2388
1888
2128
1514
2621
2331
2007
2360
2611
2698
2124
2586
1516
2407
2295
2580
2196
2380
2174
2307
2057
2350
2443
2521
3759
2280
2870
2979
2303
2854
2831
2195
2567
2596
2391
2506
3326
2315
2567
2818
1932
2906
2946
1797
3112
1322
2960
2968
1812
2475
2246
2077
3131
1877
2334
2624
1921
2719
2012
2037
1823
2562
2691
2370
1756
2769
2436
1942
2572
2065
1641
2994
1495
2061
2698
2352
2797
2476
2049
2759
2679
2430
2115
3998
3999
3252
2820
2795
2352
2333
2283
2432
1976
2839
2255
1695
2062
2068
1395
2094
1574
343
1457
2373
880
1562
1697
1822
2258
1080
2545
2205
1779
2617
2134
1598
2052
2821
2060
3454
2413
2196
2594
3246
3687
2997
2235
2867
1414
2027
1141
2053
1335
1954
1224
1711
1320
1354
1216
1269
1774
1575
1512
1694
1371
1363
1512
1806
1529
1485
1754
1401
1497
1753
1427
845
1155
