2196
2978
3460
3496
2697
3801
3612
3491
2558
2620
2902
2509
2100
1851
1357
1734
1975
1341
1368
1889
2098
2322
1884
2477
2245
2882
1198
1951
2190
2038
2354
1749
2394
2686
1821
2111
2119
2994
1779
2216
2214
916
2020
1967
1696
1878
2452
2142
2092
1880
2579
2423
2140
2344
2426
2015
1454
1220
1940
1838
1271
2009
2181
1794
2098
2174
1890
2248
1808
2053
2086
2163
1874
1499
2015
410
1557
2360
2645
2259
3089
2253
2702
2772
2506
2434
2364
2465
2919
2364
1731
2442
2624
2026
2425
2447
2154
2690
2356
2530
2389
2168
1922
2126
1433
1938
2125
1872
2150
2536
1521
2144
2018
1956
1840
2485
2828
1149
2214
2713
2663
1709
2651
2198
1653
2680
2294
2456
2076
1964
2209
2209
1859
2512
2120
2548
2490
2163
2769
2395
2857
2567
2291
2878
2547
3041
2256
2608
2501
3414
1449
2429
2521
2547
2473
2586
2282
2124
1778
2135
2250
1744
1856
2080
2158
2436
1885
1905
2392
2437
2119
1754
1950
2026
1732
1405
1943
2259
1906
1935
2332
2506
1405
2582
2220
2370
2517
2975
2702
2627
2154
3089
2526
2452
2253
2992
2703
2958
3041
2395
2869
2767
2208
2585
2162
1986
2154
1349
1722
2591
1840
1382
2557
1903
2261
1919
1932
2212
1434
1449
1817
1577
1579
1553
1809
2014
1584
2452
943
1295
1379
554
1641
936
1355
240
2333
309
194
2291
1263
1515
1719
1118
1631
2152
1392
1593
1058
1759
1588
2124
1571
1732
3858
2524
1624
1531
1817
1525
1304
1888
1197
2045
796
1546
1578
1298
846
1187
1384
1693
479
1103
999
1231
1853
963
889
1569
1455
1061
1093
1127
1690
1017
1137
1830
1582
1695
1594
2174
1611
1616
1208
1385
2307
1682
2463
2187
2520
2348
1775
2793
1936
2972
2073
1423
2253
2355
2609
2599
2399
2579
3151
2452
2546
2283
2945
2555
1187
2741
2561
2144
2354
1902
2758
2222
2093
3072
2279
2896
2048
2248
1574
2450
2057
1537
2031
1831
1756
1705
1506
1730
1374
920
1873
1821
1378
2675
2043
1886
1742
2609
2001
1869
1009
1784
2167
1891
2467
1712
1997
2420
1732
1705
2303
1869
1989
2894
1296
1515
2419
1452
1384
1351
1690
665
1086
1333
729
1532
1431
1249
1169
1532
1596
1191
1854
1856
1598
1531
1318
2681
1732
1162
1734
1725
1207
1470
1062
1166
1361
1531
687
1218
1624
1006
1610
1200
1060
1497
1684
1268
1097
1530
2098
1316
1163
1603
1241
1701
1421
1928
1572
1540
1294
1977
1693
1525
1672
1761
1927
1458
1786
1125
1726
1974
1975
1662
2032
1793
2085
1739
2144
1848
1968
3253
1634
2332
2644
2103
2547
2488
1896
2263
2211
1623
2221
3078
1993
2246
2653
1668
2698
2485
1433
2720
1185
2309
2162
1290
1806
1646
1734
2284
1460
1695
1662
1677
1951
1597
1474
1115
1794
1985
1772
1340
2391
1689
1584
2147
1671
1360
2471
1271
1631
2263
1957
2236
2032
1750
2118
2147
2187
1904
3679
3500
2960
2702
2795
2352
2333
2227
2500
2024
2963
2357
1695
2002
2068
1395
2172
1623
448
1513
2469
953
1631
1840
1894
2172
1034
2282
1959
1717
2529
2062
1598
2120
2896
2060
3345
2197
2148
2594
3284
3776
3164
2458
3146
1636
2399
1345
2369
1556
2283
1414
1840
1653
1720
1558
1579
2355
1957
1745
2078
1730
1839
1879
2164
1860
1834
2081
1811
1935
2168
1766
975
1439
