2196
2978
3526
3694
3172
4085
3792
3715
2758
2898
3250
2871
2268
1974
1429
1815
2043
1341
1288
1866
2098
2424
1908
2583
2442
3013
1371
2063
2190
2038
2498
1849
2524
2789
1862
2111
2243
3164
1971
2409
2353
1168
2058
2157
1860
1957
2624
2328
2208
2057
2776
2709
2296
2478
2551
2090
1595
1336
2056
1916
1297
2177
2332
1985
2350
2494
2213
2368
2052
2259
2221
2374
2066
1811
2134
600
1800
2585
2765
2317
3217
2286
2702
2806
2657
2552
2444
2465
2919
2304
1770
2562
2799
2100
2588
2785
2338
2799
2466
2639
2519
2334
2006
2158
1471
2062
2241
1919
2188
2607
1613
2144
1966
1917
1840
2435
2730
904
2138
2574
2449
1487
2412
1970
1519
2533
2052
2379
1791
1803
1962
1876
1638
2270
1674
2270
2188
1799
2638
2081
2620
2340
2181
2790
2333
2912
2058
2486
2343
3162
1245
2165
2278
2336
2400
2316
2151
1943
1768
2042
2089
1658
1718
1875
1942
2028
1576
1683
1988
1925
1654
1256
1305
1527
1205
1037
1489
1765
1402
1339
1972
2153
1119
2089
1823
1905
1872
2395
2208
1912
1406
2233
1808
1700
1392
1931
1831
2058
2148
1750
2069
2111
1765
1847
1583
1545
1738
873
1221
1964
959
774
1905
1367
1665
1543
1462
1618
1092
990
1400
1234
1361
1159
1511
1820
1369
2231
825
924
1153
476
1494
809
1233
153
2208
219
53
2015
1047
1440
1625
1048
1572
2028
1338
1527
939
1759
1760
2335
1642
1732
3858
2448
1391
1432
1717
1385
1106
1714
985
1959
676
1418
1543
1239
707
1134
1336
1693
405
855
824
1023
1725
828
757
1347
1224
934
937
935
1545
689
728
1449
1143
1161
1140
1998
1311
1371
834
1027
2126
1393
2338
1953
2140
2221
1491
2656
1736
2870
1856
1335
1949
2159
2141
2318
2012
2123
2454
1781
1985
1578
2489
2188
660
2279
2037
1701
1651
1416
2140
1730
1297
2440
1633
2243
1486
1883
873
1907
1489
1073
1541
1350
1191
1317
1150
1296
912
605
1658
1712
1063
2511
1854
1801
1742
2609
2045
1985
1194
2086
2377
2082
2761
2151
2529
2757
1989
2181
2657
2839
2722
3554
2123
2570
2932
2471
2089
2477
2248
1764
1666
2283
1230
2739
1984
1705
2148
2247
2291
1660
2302
2434
2008
1835
1707
3315
2512
2218
2713
2271
1950
1806
1783
1528
2090
2050
1106
1944
2207
1475
2349
1764
1724
2138
2433
2130
1804
2540
2727
1850
1825
1787
1750
2335
1644
2318
1815
1947
1451
2406
2092
1809
1996
2161
2269
1754
2165
1342
2029
2117
2202
1862
2171
1968
2188
1883
2236
2205
2291
3557
1987
2655
2895
2274
2854
2831
2237
2697
2741
2775
2649
3503
2453
2674
2900
2007
2975
3012
1797
3156
1337
2960
2833
1725
2284
2108
1962
2936
1781
2197
2368
1868
2554
1948
1943
1646
2326
2474
2261
1673
2643
2286
1942
2626
2164
1676
2929
1532
2183
2761
2352
2797
2421
2016
2616
2546
2360
2024
3786
3832
3179
2761
2734
2220
2205
2114
2365
1928
2839
2306
1742
2182
2217
1477
2172
1574
413
1457
2373
880
1426
1554
1679
1915
898
2106
1713
1407
1915
1557
1223
1715
2447
1677
3018
1693
1806
2060
3018
3374
2662
2057
2517
1266
1921
1115
2000
1372
1900
1197
1695
1287
1321
1185
1207
1669
1422
1395
1540
1251
1268
1430
1726
1446
1485
1754
1446
1552
1799
1379
818
1196
