2196
3060
3592
3628
2982
3915
3732
3640
2708
2898
3250
2871
2234
2004
1502
1815
2009
1341
1368
1913
2119
2474
1932
2690
2540
3101
1602
2230
2421
2174
2498
1899
2654
2789
1862
2231
2243
3107
1923
2457
2446
1231
2070
2252
2024
2056
2796
2476
2325
2145
2854
2766
2412
2567
2634
2127
1701
1491
2210
2020
1362
2386
2582
2175
2476
2601
2472
2527
2150
2464
2356
2500
2143
1936
2193
638
1861
2698
2886
2317
3089
2253
2603
2772
2506
2473
2404
2465
3022
2543
1889
2742
2973
2115
2629
2842
2476
3015
2577
2711
2616
2543
2216
2290
1582
2104
2241
1904
2150
2572
1521
2144
2018
2034
1913
2637
2926
1272
2329
2806
2716
1754
2710
2255
1720
2717
2342
2487
2123
2028
2244
2304
2006
2572
2231
2668
2662
2526
2932
2708
3000
2795
2566
3096
2832
3214
2454
2912
2764
3728
1789
2693
2716
2758
2692
2991
2414
2546
1876
2599
2787
2030
2272
2542
2409
2743
2297
2276
2845
2846
2537
2116
2272
2374
2101
1663
2348
2605
2208
2293
2612
2908
1732
2910
2468
2555
2904
3427
3142
3083
2466
3446
2917
2829
2621
3646
3307
3776
3935
3104
3595
3496
2818
3784
3175
2992
3261
2301
2724
3594
3015
2211
3566
2761
3601
2857
2925
3822
2360
2760
2889
2880
2618
2734
3150
3239
2944
3925
1768
2779
2888
924
3038
2081
2329
942
3398
1079
758
3255
2072
2077
2516
2305
2626
3151
2205
2519
1892
2633
2877
3248
2567
2626
4688
3366
2479
2025
2364
1993
2031
2643
1885
2325
1691
2631
2135
2111
1754
1876
2051
2445
961
1785
1524
1803
2367
1503
1220
1904
1964
1380
1404
1416
1834
1251
1318
1969
1691
1873
1867
2331
1949
1967
1956
1999
2618
2176
2712
2622
3282
2622
2437
3179
2576
3585
2943
1893
3166
2782
3368
3303
3229
3337
4038
3245
3357
3145
3402
2963
1570
3078
3085
2425
2802
2387
3315
2898
2889
3703
2996
3630
2850
2659
2450
3060
2562
2060
2459
2243
2069
2037
1811
2165
1705
1362
2249
2149
2009
3114
2674
2310
2243
3087
2526
2622
1810
2765
3074
2592
3172
2589
2986
3141
2451
2793
3010
3545
3060
3774
2399
2922
3092
2711
2255
2807
2423
2235
1811
2395
1318
2806
2087
1826
2270
2451
2430
1840
2509
2819
2344
2169
1999
3722
3032
2878
3432
2733
2587
2075
2324
1889
2871
2648
1556
2622
2688
1788
2759
2078
2166
2629
3041
3052
2557
3488
3446
2562
2639
2056
2655
3413
2092
2884
2228
2671
1702
3050
2650
2262
2724
2960
2955
2310
2755
1624
2520
2330
2694
2296
2472
2320
2409
2230
2487
2741
2660
3911
2339
2870
3062
2359
3008
2879
2280
2654
2645
2487
2577
3361
2361
2620
2845
1970
2940
2946
1797
3199
1352
3155
3169
1986
2571
2384
2145
3326
2038
2516
2945
2008
2994
2236
2412
2354
3154
3125
2859
2089
3148
3033
2340
3158
2705
2028
3713
1980
2798
3446
2916
3498
2921
2282
3186
3211
2706
2325
4422
4830
3980
3410
3470
2947
2906
2846
3240
2508
3517
2921
2249
2785
2665
1842
3034
2167
799
2070
2854
1207
2109
2342
2395
2772
1352
2896
2533
2028
2792
2206
1652
2120
2747
1933
3345
2125
2001
2365
3132
3508
2885
2191
2657
1377
1974
1115
2000
1372
2009
1251
1744
1387
1421
1309
1331
1986
1689
1582
1771
1411
1458
1512
1846
1529
1573
1795
1492
1607
1845
1427
792
1115
