2196
3141
3659
3694
2982
3915
3732
3491
2608
2689
2989
2509
2100
1851
1284
1572
1772
937
1049
1749
1974
2018
1740
2211
1999
2663
967
1616
1727
1355
1633
1198
1809
2220
1409
1570
1686
2597
1444
1879
1936
602
1958
1730
1532
1798
2237
1956
1946
1660
2421
2193
1985
2121
2176
1904
1314
1104
1863
1786
1220
1926
2031
1698
2098
2174
1890
2208
1808
1916
1906
1994
1759
1249
1925
296
1374
2247
2404
2144
2768
2055
2355
2533
2155
2120
2041
1854
2506
1826
1376
1964
2100
1907
2058
1997
1695
2042
1951
2132
2033
1751
1461
1731
1024
1563
1740
1700
1734
2147
1011
1454
1389
1485
1440
1878
2143
228
1677
2062
1916
1132
1935
1456
1283
2202
1570
2224
1411
1514
1714
1591
1454
2149
1451
2111
2058
1436
2475
1768
2383
1998
1740
2441
1906
2653
1596
2122
2027
2784
702
1796
1937
2019
2146
1911
2046
1642
1713
1810
1874
1514
1487
1619
1835
1875
1369
1535
1787
1772
1607
1211
1198
1378
1152
964
1337
1616
1201
1219
1932
2053
1037
2035
1675
1766
1743
2266
2153
1846
1281
2019
1612
1575
1330
1931
1898
2140
2237
1879
2360
2402
1987
2308
1945
1797
1946
1051
1409
2215
1326
939
2083
1474
1814
1637
1514
1703
1141
1187
1578
1440
1415
1290
1511
1756
1226
2084
825
1073
1229
515
1641
872
1233
197
2270
355
159
2153
1263
1515
1766
1258
1748
2277
1554
1857
1296
2133
2190
2686
1998
2213
4342
3060
2091
1877
2265
1899
1833
2411
1673
2217
1393
2312
2031
1936
1614
1770
1908
2295
924
1785
1568
1908
2453
1638
1385
2126
2195
1602
1715
1800
2123
1672
1682
2211
1947
2140
2048
2390
1986
1967
1956
1999
2618
2176
2692
2521
3119
2601
2390
3151
2456
3449
2834
1864
3105
2782
3368
3303
3284
3337
4038
3306
3419
3223
3554
3086
1713
3204
3318
2626
3058
2495
3438
2898
2889
3843
3068
3712
2850
2613
2275
2993
2562
2060
2581
2380
2195
2148
1811
2165
1705
1299
2249
2113
2009
3059
2485
2268
2243
3183
2613
2738
2057
3067
3423
2911
3524
2965
3442
3381
2657
2997
3049
3633
3229
3951
2674
3344
3253
3071
2587
3403
2771
2942
2137
3009
1672
3677
2537
2160
2943
3013
3032
2237
2854
3252
2717
2474
2355
4221
3552
3471
4020
3154
3011
2210
2595
2018
3079
2808
1676
2864
2859
1971
3129
2297
2350
2818
3275
3360
2745
3677
3626
2784
2894
2156
2994
3666
2142
2955
2301
2807
1764
3222
2809
2318
2805
3060
3084
2458
2881
1668
2595
2348
2732
2262
2426
2232
2358
2143
2441
2741
2706
4062
2574
3085
3230
2502
3264
3124
2451
2827
2837
2871
2684
3467
2453
2674
2873
1970
2975
2946
1797
3199
1368
3220
3236
2073
2762
2569
2213
3652
2134
2745
3266
2077
3158
2332
2553
2472
3272
3288
3077
2296
3358
3407
2539
3317
2755
2134
3844
2054
2921
3508
2973
3568
3032
2349
3400
3277
2741
2355
4422
4663
3980
3528
3593
3079
2970
2789
3105
2411
3333
2716
2018
2483
2466
1720
2799
2019
694
1958
2758
1171
2109
2270
2466
3029
1443
3159
2697
2152
2967
2278
1813
2390
3195
2252
3509
2413
2196
2518
3170
3553
2829
2146
2657
1377
2027
1141
1947
1262
1845
1170
1679
1287
1388
1278
1331
1933
1613
1535
1732
1451
1411
1471
1766
1487
1529
1836
1446
1443
1707
1282
766
1115
