2196
2978
3460
3628
3077
3971
3732
3566
2558
2689
2989
2654
2100
1851
1320
1613
1873
1189
1248
1819
2036
2221
1812
2371
2245
2838
1140
1839
2074
1833
2138
1599
2329
2634
1779
2111
2119
3050
1827
2361
2307
1105
2045
2110
1901
1977
2667
2365
2237
2013
2697
2537
2218
2344
2467
2053
1525
1336
2094
1916
1310
2177
2281
1937
2266
2441
2213
2368
2003
2190
2131
2205
1874
1436
1985
334
1313
2134
2283
2057
2640
1989
2255
2533
2256
2238
2122
2098
2713
2125
1573
2143
2274
1952
2222
2166
1879
2258
2062
2240
2130
1876
1587
1796
1098
1604
1856
1747
1772
2218
1058
1517
1442
1524
1440
1980
2240
351
1754
2202
2076
1265
2173
1799
1485
2459
1956
2363
1838
1803
2032
2019
1711
2330
1786
2349
2274
1944
2704
2269
2763
2567
2346
2834
2547
2955
2058
2426
2290
3099
1042
2112
2180
2178
2218
2046
2046
1702
1703
1810
1874
1485
1441
1568
1763
1875
1369
1572
1888
1925
1700
1302
1359
1478
1152
964
1337
1616
1301
1219
1932
2103
1160
2144
1873
1998
2001
2524
2428
2172
1655
2447
1938
1951
1638
2176
2032
2222
2148
1814
2142
2184
1876
2031
1873
1860
2015
1170
1471
2340
1547
1160
2439
1742
2186
1919
1827
2127
1336
1318
1638
1508
1470
1422
1735
1885
1369
2231
825
999
1153
476
1494
745
1112
65
2145
219
89
2015
1101
1478
1719
1118
1572
2090
1392
1593
939
1634
1502
2194
1571
1801
3788
2448
1391
1333
1618
1385
1172
1772
1144
2024
736
1546
1613
1298
916
1240
1431
1743
442
979
956
1179
1810
918
856
1532
1501
1061
1093
1031
1661
970
1091
1727
1435
1473
1367
2115
1536
1581
1271
1488
2307
1682
2484
2254
2684
2390
1822
2848
2056
3075
2127
1482
2375
2388
2550
2646
2510
2579
3087
2391
2608
2205
2894
2474
1043
2657
2561
2144
2418
2010
2820
2283
2004
3002
2207
2814
1967
2203
1574
2314
1994
1537
1969
1762
1693
1760
1557
1803
1374
1047
1926
1858
1378
2621
1980
1929
1878
2800
2264
2274
1502
2388
2656
2210
2878
2151
2529
2853
2194
2385
2696
2751
2609
3378
1957
2430
2868
2291
2006
2344
2248
1843
1666
2283
1230
2671
1984
1735
2086
2298
2384
1804
2440
2626
2194
2048
1901
3586
2876
2614
3105
2523
2215
1896
1919
1631
2298
2169
1196
2089
2310
1554
2472
1827
1834
2252
2573
2314
1945
2730
2952
2117
2130
1922
2316
3032
1943
2743
2155
2535
1670
3007
2690
2233
2603
2810
2870
2199
2628
1538
2369
2277
2618
2229
2380
2203
2341
2143
2464
2801
2752
4062
2515
3139
3230
2473
3264
3124
2408
2871
2837
2967
2720
3573
2591
2941
2983
2083
3044
3078
1878
3243
1352
3090
2968
1899
2571
2338
2122
3392
2006
2562
3009
2008
2939
2172
2365
2177
2917
2963
2642
1922
2980
2884
2181
2892
2459
1888
3321
1719
2491
3196
2690
3077
2588
2116
2830
2879
2568
2235
4210
4331
3688
3174
3225
2815
2842
2733
3038
2363
3333
2716
2018
2483
2416
1680
2720
1920
589
1791
2614
1025
1699
1840
1966
2344
1080
2369
2041
1779
2441
1846
1437
1850
2447
1613
3018
1693
1709
1907
2905
3285
2606
1924
2378
1192
1709
1039
1842
1225
1735
1170
1711
1320
1354
1247
1269
1880
1613
1558
1732
1371
1315
1389
1726
1405
1355
1673
1264
1279
1569
1185
662
953
