2196
2978
3393
3430
2602
3688
3492
3193
2307
2341
2467
2220
1967
1758
1175
1491
1704
937
970
1702
1953
2018
1691
2105
1901
2532
736
1393
1553
1151
1489
1198
1744
2064
1326
1449
1500
2427
1348
1831
1797
350
1883
1492
1327
1719
2151
1918
1888
1484
2303
2022
1907
1987
2092
1848
1173
949
1708
1682
1168
1759
1831
1508
1930
2014
1761
2168
1759
1847
1951
2121
1874
1436
1985
410
1557
2303
2585
2173
2897
2088
2355
2601
2306
2277
2162
2159
2713
2125
1573
2203
2449
1981
2262
2279
1970
2366
2135
2313
2260
2043
1755
1961
1210
1729
1933
1778
1847
2324
1243
1768
1651
1681
1585
2182
2534
781
2022
2434
2236
1309
2233
1856
1519
2496
1956
2348
1696
1739
1926
1876
1638
2300
1618
2151
2058
1436
2475
1768
2336
1941
1740
2354
1621
2437
1332
1879
1922
2595
634
1743
1888
1914
2036
1709
1941
1401
1649
1578
1498
1285
1071
1106
1404
1262
803
1201
1434
1362
1189
849
822
1079
836
780
1135
1418
999
921
1652
1650
751
1597
1328
1487
1356
1879
1768
1456
969
1663
1221
1261
961
1278
1294
1322
1165
1169
1415
1309
1211
924
1005
1105
1254
456
782
1588
592
387
1549
1045
1218
1309
1148
1110
800
728
1162
891
1033
897
1064
1304
797
1789
589
479
625
340
980
427
747
0
1581
0
0
1464
724
1178
1344
629
1162
1529
904
1063
463
1134
815
1492
860
1113
3235
1912
1002
1184
1568
1244
908
1656
932
1895
437
1227
1438
949
498
869
1050
1391
182
483
562
763
1510
603
591
1235
1085
775
742
694
1459
643
683
1484
1253
1339
1322
2056
1348
1441
896
1130
2126
1393
2297
1886
2140
2200
1396
2601
1696
2836
1856
1305
2010
2159
2141
2224
1902
2073
2390
1720
1798
1186
2133
1902
373
2026
1571
1420
1267
1039
1645
1177
412
1739
916
1427
683
1382
85
1297
921
435
869
595
564
708
591
499
185
0
851
1129
0
1633
907
1123
1013
1892
1433
1174
392
1181
1540
1190
1939
1148
1312
2036
1321
1297
2067
1428
1708
2718
1130
1304
2322
1392
1425
1550
1760
743
1195
1501
817
1800
1500
1280
1230
1532
1689
1263
1923
1952
1635
1561
1415
2862
2044
1492
2060
1935
1579
1627
1423
1321
1777
1810
927
1654
1967
1293
1980
1482
1429
1874
2105
1760
1568
2225
2502
1627
1570
1720
1523
2082
1545
2141
1694
1766
1404
2320
2012
1809
2036
2111
2184
1643
1996
1256
1915
2027
2051
1695
2032
1734
2034
1652
2030
1610
1875
3152
1517
2170
2477
1933
2291
2195
1640
2047
1923
1047
2043
2866
1670
1872
2461
1441
2455
2023
1191
2503
1109
2049
2028
1290
1854
1646
1780
2415
1589
1969
2047
1764
2225
1757
1661
1292
2090
2257
1935
1465
2433
1838
1624
2093
1721
1360
2406
1159
1569
2263
1901
2095
1865
1650
1905
2014
2084
1754
3361
3085
2596
2348
2427
1890
1887
1889
2096
1686
2531
1998
1419
1761
1869
1273
1780
1327
168
1178
2180
735
1221
1482
1679
1915
853
2106
1713
1407
2091
1557
1223
1580
2148
1421
2855
1621
1709
1754
2867
3285
2606
2013
2517
1229
1762
1064
1842
1225
1790
1143
1695
1287
1321
1216
1238
1774
1537
1488
1656
1371
1315
1471
1806
1570
1573
1877
1492
1497
1799
1379
766
1034
