2196
3060
3460
3562
2887
3971
3672
3566
2608
2759
2989
2509
2100
1820
1247
1532
1806
1088
1089
1749
1953
2069
1764
2211
1999
2575
794
1504
1611
1287
1705
1298
1874
2220
1450
1570
1562
2540
1444
1927
1936
539
1945
1682
1450
1778
2194
1918
1917
1616
2421
2136
1946
2076
2134
1904
1279
1065
1747
1682
1181
1800
1931
1555
1930
2014
1696
2128
1662
1778
1860
1952
1721
1187
1895
221
1253
2021
2223
1999
2448
1857
2106
2431
2105
2159
2081
1976
2558
1886
1455
2083
2333
1952
2181
2222
1925
2312
2135
2349
2292
2085
1755
1994
1322
1896
2048
1841
1999
2395
1289
1768
1704
1799
1767
2384
2632
904
2099
2527
2449
1576
2531
2027
1620
2643
2245
2456
2076
1932
2138
2161
1896
2542
2175
2548
2490
2163
2801
2395
2810
2510
2346
2834
2405
2955
2058
2426
2395
3225
1178
2112
2229
2231
2255
2181
2098
1822
1746
1995
2089
1629
1672
1773
1870
2028
1524
1720
2140
2079
1840
1528
1574
1727
1469
1148
1590
1863
1453
1458
2052
2254
1201
2199
1873
1998
2001
2395
2263
2042
1531
2376
1808
1700
1453
1931
1965
2058
2148
1750
2215
2257
1820
2124
1873
1734
1877
1111
1471
2215
1253
995
2142
1474
1814
1637
1566
1703
1141
1121
1459
1234
1361
1225
1586
1885
1298
2157
864
999
1078
476
1347
745
1051
0
2020
128
18
1808
940
1328
1485
839
1338
1716
1012
1130
522
1197
901
1562
860
1045
3027
1530
614
888
1220
1010
643
1365
720
1830
318
1035
1299
775
288
710
1002
1291
182
607
737
867
1553
603
558
1198
992
711
664
598
1401
502
546
1311
997
939
913
1880
1085
1160
522
874
2023
1147
2213
1785
1868
2094
1254
2463
1457
2598
1367
1041
1462
1896
1791
2036
1791
1921
2200
1476
1673
1030
2133
1862
325
2068
1688
1460
1203
985
1583
1177
501
1879
1060
1427
603
1382
85
1297
921
493
808
389
438
597
490
281
118
0
958
1238
0
1688
970
1208
1058
1940
1390
1000
208
954
1400
1126
1880
1211
1388
2132
1373
1297
2107
1428
1764
2762
1185
1304
2354
1452
1425
1550
1795
743
1159
1501
847
1800
1500
1280
1230
1532
1643
1155
1785
1711
1486
1470
1318
2771
1836
1294
1930
1767
1366
1537
1287
1244
1517
1651
777
1412
1830
1162
1857
1388
1355
1761
2012
1637
1380
1845
2233
1360
1316
1620
1297
1828
1421
1928
1548
1495
1279
1977
1654
1554
1631
1661
1884
1421
1701
1082
1651
1938
1824
1528
1916
1646
2000
1536
1939
1312
1552
2799
1165
1847
2268
1790
2035
1950
1383
1743
1682
567
1830
2618
1394
1444
2268
1177
2247
1693
948
2285
1033
1789
1759
1073
1567
1416
1643
2024
1364
1558
1598
1659
1896
1565
1427
1115
1912
2040
1772
1340
2349
1689
1584
2147
1721
1360
2471
1271
1753
2449
2126
2446
2087
1750
2047
2147
2187
1904
3679
3500
2888
2643
2673
2088
2141
2171
2432
1928
2778
2203
1649
2002
1968
1355
2094
1475
343
1345
2229
698
1221
1339
1465
1658
717
1755
1468
1345
1828
1413
1116
1580
2148
1421
2800
1477
1563
1678
2791
3151
2327
1790
2168
1081
1550
937
1525
1041
1461
980
1566
1054
1089
999
1083
1563
1384
1395
1502
1211
1125
1308
1686
1363
1311
1591
1218
1224
1522
1185
688
912
