2196
2978
3526
3562
2792
3801
3492
3193
2357
2411
2467
2075
1833
1605
1029
1370
1602
685
811
1585
1829
1714
1571
1786
1606
2225
332
1113
1321
1014
1345
1097
1614
2064
1285
1269
1315
2370
1205
1639
1658
224
1883
1540
1409
1719
2108
1918
1888
1484
2303
2079
1868
2032
2134
1904
1243
1026
1708
1656
1155
1675
1680
1364
1762
1694
1308
1889
1369
1435
1590
1783
1567
999
1776
107
1009
1796
1921
1855
2191
1791
1958
2260
1854
1963
1920
1671
2248
1527
1258
1724
1925
1863
1977
1828
1557
1934
1804
1987
1903
1543
1252
1599
875
1313
1586
1637
1507
1970
734
1015
1075
1288
1221
1676
1947
0
1524
1830
1543
821
1517
1170
1048
1981
1378
2177
1221
1417
1573
1400
1306
2058
1173
1872
1842
1072
2279
1455
2146
1770
1630
2310
1550
2394
1134
1696
1711
2469
363
1531
1596
1650
1927
1439
1862
1159
1605
1438
1337
1199
1025
1106
1404
1313
854
1164
1283
1311
1143
849
768
979
678
596
831
1072
647
563
1452
1399
546
1378
1129
1348
1227
1750
1713
1326
907
1592
1221
1261
1084
1523
1563
1731
1791
1621
1997
1892
1654
1662
1511
1420
1531
813
1095
1964
959
774
1905
1313
1590
1590
1566
1788
1141
1056
1340
1097
1197
962
1288
1562
940
1789
668
702
927
418
1274
554
868
0
1832
0
0
1533
670
1104
1298
560
1045
1404
796
865
403
1072
643
1422
789
907
2958
1453
536
888
1170
870
379
1075
509
1765
79
844
1159
601
9
497
811
1040
0
49
256
347
1167
243
360
938
761
616
470
309
1199
221
365
1172
924
850
776
1860
1048
1090
335
669
1919
982
2109
1618
1705
2031
1065
2353
1377
2496
1312
982
1340
1863
1674
1849
1515
1668
2010
1415
1611
951
2032
1862
277
1984
1630
1420
1203
1039
1769
1300
766
2019
1203
1754
924
1564
348
1365
1111
667
1113
732
626
818
591
426
185
0
851
1202
37
1798
1097
1293
1195
1988
1521
1174
392
1030
1400
1063
1821
1148
1236
1988
1219
1025
1910
1163
1595
2585
910
1023
2226
1212
1218
1153
1551
194
941
1109
611
1197
1223
1037
802
1123
1272
902
1578
1471
1299
1318
1156
2499
1576
1030
1538
1557
1101
1425
1017
1115
1309
1491
687
1266
1658
1058
1651
1231
1134
1497
1684
1207
1097
1530
2098
1316
1214
1620
1184
1701
1421
1928
1548
1404
1247
1805
1494
1384
1470
1461
1669
1199
1533
1017
1500
1831
1672
1328
1753
1411
1863
1305
1779
1015
1321
2495
695
1416
1891
1563
1574
1608
1127
1569
1393
87
1652
2512
1164
1230
2131
989
2040
1165
665
1937
927
1203
1088
681
1137
1001
1438
1373
1043
1148
957
1468
1347
1277
958
467
1144
1334
1119
758
1760
718
1107
1508
1130
937
1687
824
955
1640
1393
1534
1420
1351
1193
1350
1772
1483
2831
2254
1723
1699
1752
1229
1313
1383
1490
1299
2038
1691
1096
1279
1371
827
997
833
0
565
1651
262
263
407
606
629
127
614
402
414
513
259
311
568
1026
526
2146
685
1124
991
2450
2749
1825
1345
1469
711
1073
733
1156
710
914
736
1421
754
857
781
867
1141
1116
1255
1233
892
744
941
1248
909
831
1102
717
623
1015
653
426
547
