2196
2978
3460
3628
2982
3971
3732
3566
2658
2689
2815
2364
1967
1728
1138
1411
1670
836
970
1678
1912
1917
1643
1998
1852
2532
794
1560
1727
1355
1633
1248
1809
2116
1285
1329
1377
2370
1253
1735
1704
224
1883
1540
1368
1699
2022
1770
1771
1308
2067
1735
1635
1675
1842
1737
962
639
1399
1474
1065
1341
1279
935
1384
1320
791
1569
1027
955
1274
1446
1222
438
1537
0
462
1344
1500
1681
1742
1560
1561
1988
1403
1531
1476
1121
1887
1228
982
1365
1633
1788
1773
1546
1373
1664
1620
1806
1806
1460
1126
1467
689
1146
1354
1543
1355
1863
595
765
918
1210
1221
1626
1898
0
1485
1876
1649
865
1577
1228
1115
2091
1474
2193
1221
1417
1573
1400
1306
1998
1173
1912
1885
1290
2344
1517
2194
1884
1630
2310
1692
2523
1464
1879
1816
2532
431
1584
1742
1756
1964
1574
1888
1280
1649
1578
1552
1371
1302
1465
1727
1824
1318
1572
1888
1823
1654
1302
1413
1527
1205
964
1438
1715
1352
1279
1892
2002
996
1925
1675
1812
1872
2330
2263
1977
1468
2233
1808
1826
1576
2095
2099
2385
2416
2072
2505
2402
1931
2308
1945
1797
2015
1230
1659
2465
1620
1216
2498
1903
2335
2012
1984
2466
1580
1777
1995
1920
1907
1881
2330
2465
1942
2894
1218
1666
1908
710
2230
1445
1781
503
2646
626
441
2704
1694
1890
2281
2095
2333
2839
2042
2320
1594
2445
2705
3038
2425
2488
4619
3366
2479
2025
2414
2133
2163
2759
2043
2346
1632
2439
2066
1994
1754
1823
2004
2395
998
1971
1612
1908
2410
1548
1253
1978
1964
1380
1443
1464
1863
1298
1318
1969
1764
1962
1867
2331
1874
1897
1769
1794
2462
1929
2567
2354
2792
2474
2058
2931
2136
3211
2453
1629
2618
2519
2901
2834
2676
2730
3278
2574
2733
2518
2996
2596
1139
2741
2619
2184
2418
2010
2758
2222
2093
3212
2422
2978
2208
2248
1749
2518
2057
1595
2092
1831
1630
1649
1405
1658
1242
920
1873
1894
1378
2621
2043
1929
1878
2800
2176
2101
1256
2237
2656
2273
2878
2276
2529
2805
2040
2181
2617
2751
2553
3378
1902
2289
2804
2231
1965
2410
2213
1843
1702
2227
1230
2739
2053
1796
2270
2349
2384
1732
2371
2626
2194
2017
1869
3451
2668
2350
2909
2439
2109
1829
1783
1579
2194
2169
1196
2089
2276
1475
2349
1701
1724
2138
2480
2191
1851
2540
2772
1983
1977
1838
1976
2652
1794
2459
1912
2128
1498
2578
2291
1950
2279
2461
2527
1976
2376
1451
2218
2170
2316
1895
2171
1968
2205
1883
2213
2027
2106
3355
1811
2385
2644
2103
2547
2488
1853
2220
2211
1815
2328
3113
2039
2300
2680
1706
2663
2485
1474
2764
1200
2505
2431
1508
2045
1877
1848
2610
1621
2015
2175
1781
2225
1757
1755
1469
2267
2365
2153
1631
2685
2286
1863
2466
1967
1500
2602
1346
1815
2512
2126
2376
2032
1783
2118
2214
2187
1874
3626
3417
2815
2466
2489
1956
1950
1946
2163
1831
2593
2050
1465
1700
1769
1111
1467
1129
28
955
1940
553
947
1052
1179
1315
581
1579
1140
972
1477
1196
955
1377
1998
1293
2746
1405
1611
1754
2791
3195
2383
1790
2098
1007
1550
962
1578
1078
1516
1061
1615
1120
1188
1061
1114
1616
1422
1442
1579
1211
1220
1389
1766
1487
1485
1754
1446
1443
1707
1330
740
1074
