2196
3141
3526
3562
2792
3858
3672
3417
2457
2550
2815
2437
2067
1820
1247
1572
1772
1038
1049
1725
1953
1968
1691
2052
1901
2575
909
1616
1842
1560
1849
1348
1939
2323
1450
1510
1500
2483
1300
1831
1889
413
1908
1540
1409
1759
2237
1956
1917
1572
2303
2079
1946
2076
2217
1904
1279
987
1708
1656
1168
1675
1730
1412
1762
1747
1438
1889
1369
1435
1590
1699
1452
687
1597
0
644
1457
1560
1710
1871
1626
1759
2158
1654
1727
1597
1304
1938
1288
1022
1306
1459
1759
1732
1490
1282
1556
1583
1806
1741
1418
1126
1467
689
1188
1431
1574
1431
1934
687
890
1023
1288
1258
1727
2045
167
1600
1969
1756
998
1816
1456
1216
2202
1667
2270
1553
1642
1820
1686
1490
2179
1451
2071
2015
1436
2410
1768
2383
2055
1906
2485
1906
2610
1530
1939
1974
2721
702
1796
1888
1861
2036
1709
1914
1401
1649
1578
1552
1371
1302
1414
1655
1619
1163
1461
1686
1669
1468
1075
1144
1378
1047
927
1387
1715
1301
1279
1972
2103
1119
2089
1724
1812
1808
2330
2263
1977
1468
2376
1808
1826
1515
2176
2032
2304
2327
1879
2287
2329
1987
2400
2090
1923
2154
1230
1659
2528
1767
1271
2557
1903
2335
1966
1932
2212
1385
1383
1638
1508
1579
1422
1660
1949
1441
2305
904
1221
1304
554
1641
1000
1416
240
2396
400
265
2291
1263
1590
1907
1467
1806
2215
1500
1791
1237
1946
1932
2476
1856
1938
3927
2677
1780
1580
1916
1665
1568
2178
1461
2110
1094
1993
1857
1762
1475
1664
1861
2194
850
1723
1524
1803
2410
1503
1220
1941
2010
1475
1560
1704
2036
1579
1682
2177
1984
2229
2139
2410
2024
2037
2019
1999
2592
2093
2671
2555
3228
2601
2295
3069
2416
3415
2780
1776
2862
2651
3076
2975
2897
2983
3531
2818
2983
2675
3199
2718
1330
2951
2910
2345
2610
2171
3005
2468
2270
3282
2566
3304
2609
2568
2187
2857
2436
1885
2397
2174
2069
2037
1811
2238
1771
1425
2249
2149
1930
3004
2422
2140
2015
2896
2351
2332
1502
2388
2725
2401
3054
2339
2758
2997
2297
2453
2774
2927
2778
3554
2068
2500
2868
2411
2131
2543
2353
2000
1739
2395
1348
3007
2157
1887
2454
2553
2569
1912
2578
2819
2344
2109
1999
3722
2928
2614
3105
2607
2427
1963
2054
1734
2611
2489
1466
2525
2585
1762
2759
2015
2092
2478
2807
2683
2180
2983
3087
2250
2232
1955
2372
3096
1918
2672
2107
2490
1623
2921
2610
2177
2562
2860
2870
2273
2755
1603
2520
2313
2656
2229
2403
2232
2358
2201
2509
2801
2752
4012
2456
3032
3146
2416
3110
3075
2408
2827
2789
2775
2649
3503
2453
2674
2845
1970
2940
2881
1757
3156
1337
3025
3035
1856
2475
2292
2077
3196
1909
2380
2688
1921
2719
2076
2178
1941
2622
2637
2424
1839
2811
2585
2101
2785
2312
1747
3190
1607
2245
2947
2521
2937
2476
2049
2688
2679
2395
2054
3945
3916
3324
2879
2857
2286
2269
2171
2432
2024
2839
2255
1603
1941
2018
1395
2094
1475
273
1290
2229
698
1221
1410
1536
1915
853
2106
1631
1469
2003
1485
1169
1512
2223
1549
2909
1621
1758
1907
2867
3195
2439
1790
2168
1044
1497
886
1419
967
1407
953
1566
1020
1089
1030
1053
1458
1269
1302
1348
1012
887
1104
1487
1239
1224
1550
1173
1169
1522
1137
662
912
