2196
2978
3526
3628
2887
3915
3732
3491
2507
2620
2728
2437
2067
1820
1247
1532
1806
987
1089
1772
1995
2170
1812
2318
2147
2707
1025
1728
1900
1628
2066
1599
2329
2582
1656
1870
1995
2994
1731
2264
2260
916
2008
2015
1737
1878
2452
2179
2063
1836
2579
2365
2140
2344
2426
2015
1525
1336
2094
1942
1297
2135
2231
1889
2182
2227
2019
2328
1906
2190
2086
2247
1951
1499
2015
448
1496
2303
2524
2173
2833
2088
2404
2601
2256
2238
2202
2159
2764
2244
1692
2383
2566
2011
2385
2391
2062
2582
2282
2422
2292
2085
1755
1994
1247
1771
1971
1778
1885
2359
1289
1705
1651
1720
1694
2232
2583
842
2099
2527
2396
1443
2293
1799
1418
2422
1956
2348
1696
1674
1856
1781
1527
2179
1507
2151
2058
1508
2508
1956
2431
2169
1906
2572
2049
2653
1662
2183
2079
2910
906
1954
2034
2019
2109
1844
1993
1521
1692
1717
1713
1457
1441
1568
1763
1824
1318
1498
1736
1720
1468
1120
1090
1328
994
854
1236
1567
1201
1160
1852
2002
1078
2089
1823
1952
2066
2524
2428
2302
1718
2661
2134
2076
1884
2503
2368
2631
2773
2201
2723
2621
2097
2493
2234
2112
2430
1587
2035
2779
1914
1437
2676
2010
2559
2153
2089
2466
1531
1646
1936
1851
1853
1750
2181
2401
2013
3041
1296
1889
1983
729
2303
1572
1842
591
2771
717
441
2635
1533
1703
2047
1607
1923
2464
1608
1857
1296
2008
2018
2476
1785
1938
3996
2601
1624
1481
1867
1572
1370
1946
1197
2024
855
1673
1682
1414
1056
1293
1479
1793
553
1165
1043
1283
1896
1053
889
1532
1409
998
1015
935
1545
783
864
1553
1289
1384
1322
2056
1386
1406
959
1181
2204
1517
2401
2086
2466
2348
1775
2793
2016
3075
2182
1452
2192
2323
2550
2646
2455
2528
3087
2330
2546
2126
2844
2433
947
2615
2445
2023
2227
1794
2511
1976
1651
2721
1992
2651
1967
2203
1486
2382
1931
1479
1847
1625
1442
1428
1201
1296
978
668
1658
1712
984
2401
1791
1801
1696
2561
1958
1869
1132
1935
2377
2082
2761
2025
2301
2709
2040
2113
2539
2575
2440
3290
1737
2148
2772
2171
1965
2410
2283
1921
1739
2339
1289
2739
2053
1766
2148
2247
2338
1768
2406
2578
2120
1957
1804
3360
2564
2284
2909
2397
2056
1829
1828
1554
2194
2090
1106
1896
2139
1371
2185
1639
1576
2025
2292
2006
1662
2225
2547
1716
1723
1771
1806
2399
1644
2282
1791
1902
1451
2406
2092
1865
2117
2311
2441
1828
2165
1342
2066
2117
2278
1929
2171
1910
2136
1825
2167
1908
2106
3304
1752
2439
2686
2075
2495
2439
1896
2263
2163
1719
2257
3043
1854
2032
2543
1479
2490
2155
1272
2590
1139
2244
2095
1334
1854
1646
1780
2415
1589
1878
1983
1764
2280
1788
1755
1528
2267
2365
2098
1590
2559
1988
1704
2306
1918
1536
2667
1346
1753
2449
2126
2446
2087
1817
2189
2147
2187
1904
3626
3500
2960
2584
2550
2022
1950
2002
2096
1783
2593
2050
1511
1881
1869
1273
1937
1475
308
1401
2277
807
1357
1482
1536
1744
762
1843
1386
1159
1565
1269
955
1310
1923
1293
2691
1333
1563
1525
2753
3106
2383
1745
2098
1044
1603
988
1631
1115
1516
1061
1647
1187
1255
1123
1207
1722
1498
1442
1579
1251
1173
1349
1646
1322
1311
1632
1264
1279
1569
1137
662
953
