2196
3141
3592
3760
3172
4142
3971
3864
2808
3038
3424
2944
2268
2035
1538
1855
2077
1391
1368
1936
2139
2525
1932
2690
2442
3013
1486
2230
2421
2174
2498
1849
2589
2789
1821
2171
2181
3164
1875
2361
2399
1231
2058
2157
1942
1977
2667
2365
2267
2101
2854
2824
2451
2612
2675
2108
1630
1414
2094
1968
1336
2218
2332
1937
2308
2441
2148
2368
1955
2259
2221
2289
1989
1624
2044
486
1557
2303
2524
2201
2833
2055
2355
2533
2256
2238
2162
2159
2713
2065
1534
2203
2391
1996
2303
2335
2016
2528
2245
2422
2292
2085
1797
1961
1284
1813
2010
1825
1961
2359
1243
1705
1651
1681
1622
2131
2387
597
1946
2434
2236
1398
2293
1913
1519
2496
2052
2410
1933
1899
2138
2114
1859
2482
1953
2429
2360
1944
2704
2207
2620
2283
2016
2616
2120
2782
1728
2122
2132
2973
906
1901
1937
1967
2073
1844
1967
1461
1670
1624
1606
1399
1348
1414
1619
1568
1009
1312
1585
1618
1422
1030
983
1129
783
743
1034
1369
999
861
1652
1650
710
1597
1278
1394
1163
1621
1603
1196
720
1520
1155
1199
961
1441
1429
1486
1433
1234
1488
1527
1377
1386
1294
1231
1392
635
1033
1901
959
663
1786
1260
1367
1450
1305
1194
751
662
1102
754
869
700
841
1240
725
1716
589
628
776
418
1200
618
929
0
1895
38
0
1602
724
1216
1438
769
1280
1778
1012
1130
522
1259
1073
1773
1074
1182
3166
1683
769
1036
1369
1151
841
1540
932
1938
557
1418
1473
1065
567
922
1145
1492
257
731
824
971
1639
693
691
1310
1177
839
820
694
1401
549
683
1415
1106
1117
1004
1939
1198
1230
647
976
2100
1270
2276
1919
2085
2200
1491
2656
1736
2870
1910
1364
2010
2191
2317
2365
2123
2275
2771
2086
2234
1891
2641
2270
756
2363
2037
1782
1715
1470
2140
1669
1297
2440
1705
2243
1406
1792
786
1704
1300
841
1174
801
752
874
642
644
449
100
1227
1384
274
1908
1286
1462
1332
2179
1696
1463
701
1407
1888
1572
2291
1587
1768
2324
1527
1569
2303
1869
2046
2982
1461
1656
2547
1751
1633
1748
1899
1057
1340
1668
906
1867
1569
1310
1230
1481
1643
1191
1888
1904
1598
1531
1318
2681
1732
1096
1668
1641
1207
1492
1107
1192
1413
1571
747
1363
1796
1162
1857
1325
1208
1572
1684
1145
1097
1593
2143
1271
1163
1586
1071
1575
1321
1857
1499
1314
1247
1891
1574
1469
1550
1511
1755
1310
1659
1039
1538
1885
1710
1361
1800
1499
1932
1449
1916
1253
1552
2697
930
1632
2100
1676
1830
1804
1298
1700
1586
471
1865
2724
1486
1551
2268
1140
2144
1363
827
2155
987
1594
1423
899
1471
1370
1643
2024
1332
1513
1406
1572
1621
1405
1239
821
1557
1768
1446
1091
2096
1241
1386
1774
1376
1148
1949
898
1078
1702
1449
1604
1531
1484
1620
1682
1911
1603
3096
2752
2232
2112
2120
1493
1568
1608
1692
1444
2223
1793
1188
1339
1420
827
997
783
0
454
1458
190
195
407
606
715
218
789
484
538
864
619
579
905
1549
974
2419
973
1319
1144
2488
2793
1937
1389
1399
674
967
631
944
636
804
655
1389
654
724
657
681
877
849
1045
887
573
411
655
1009
743
744
1102
626
568
969
556
348
425
