2196
2978
3393
3430
2697
3744
3552
3417
2457
2481
2728
2292
2000
1758
1247
1532
1806
1088
1129
1772
1974
2069
1764
2264
2098
2663
967
1672
1900
1697
2138
1599
2329
2634
1779
1991
2057
2937
1779
2313
2260
916
1995
1872
1614
1818
2280
2030
1946
1572
2342
2079
1868
1987
2051
1867
1173
949
1708
1656
1168
1675
1730
1364
1804
1854
1567
2008
1564
1710
1860
1994
1682
1187
1836
221
1192
2078
2283
2057
2640
2022
2255
2533
2205
2159
2081
1915
2558
1945
1534
2143
2274
1966
2262
2335
2062
2528
2245
2385
2260
2043
1797
1994
1247
1813
2048
1810
1961
2359
1289
1830
1808
1799
1731
2334
2632
842
2022
2481
2343
1443
2352
1913
1552
2533
2052
2410
1981
1867
2103
2161
1896
2482
2008
2469
2403
2090
2769
2395
2810
2567
2346
2878
2618
3084
2256
2608
2553
3351
1449
2324
2375
2494
2437
2383
2230
2003
1757
2042
2089
1600
1579
1670
1799
1824
1369
1609
1988
2027
1747
1437
1520
1727
1416
1111
1590
1814
1402
1398
1972
2103
1160
2199
1823
1998
2066
2588
2373
2107
1655
2519
2004
1951
1699
2258
2099
2304
2416
1943
2433
2329
1876
2216
1873
1860
2154
1349
1659
2528
1693
1271
2439
1742
2186
1919
1880
2127
1385
1449
1817
1646
1579
1553
1883
2014
1441
2378
982
1221
1304
515
1641
872
1233
197
2333
355
159
2222
1263
1590
1813
1397
1806
2277
1554
1857
1237
1946
2018
2476
1856
1938
3927
2677
1624
1481
1767
1431
1238
1946
1303
2067
855
1737
1647
1414
1056
1293
1479
1793
516
1103
999
1179
1853
1008
922
1532
1501
1125
1170
1175
1748
1017
1046
1692
1435
1517
1412
2115
1536
1581
1208
1385
2307
1640
2421
2153
2575
2390
1916
2848
2096
3109
2182
1511
2375
2355
2492
2552
2289
2477
3024
2391
2608
2283
2894
2474
1091
2657
2445
1983
2035
1740
2449
1915
1651
2791
2136
2814
2048
2248
1662
2382
1994
1421
1847
1694
1505
1594
1354
1586
1242
920
1819
1785
1220
2566
2043
1886
1742
2561
2001
1927
1132
2011
2446
2146
2702
2088
2453
2757
2040
2181
2617
2663
2496
3290
1792
2148
2772
2171
1923
2344
2178
1764
1630
2115
1200
2604
1915
1614
1903
2042
2152
1624
2233
2386
2008
1865
1707
3269
2408
2086
2583
2271
2003
1829
1828
1554
2194
2169
1226
2186
2310
1527
2431
1827
1797
2252
2573
2437
2039
2856
3042
2161
2232
1922
2316
2969
1918
2707
2107
2445
1639
2878
2530
2120
2481
2760
2827
2162
2628
1559
2482
2313
2656
2229
2426
2291
2358
2143
2418
2622
2614
3911
2339
2978
3062
2359
3008
2977
2280
2741
2789
2967
2720
3573
2591
2888
2955
2045
2975
3078
1797
3156
1322
2960
2968
1899
2571
2430
2145
3326
2006
2471
2817
1973
2884
2172
2365
2177
2917
2963
2751
2047
3064
3033
2340
3158
2607
1993
3648
1868
2614
3196
2803
3288
2865
2216
3115
3011
2568
2235
4157
4248
3543
3174
3225
2815
2778
2733
2971
2315
3333
2716
2064
2604
2466
1680
2564
1772
554
1791
2614
1062
1904
2055
2109
2515
1125
2457
2123
1841
2617
1990
1598
2052
2672
1869
3291
2125
2001
2365
3094
3508
2774
2102
2517
1266
1815
1039
1789
1225
1681
1088
1663
1253
1321
1247
1300
1880
1613
1512
1732
1411
1411
1512
1846
1570
1616
1836
1446
1497
1799
1427
818
1115
