2196
3060
3460
3628
2887
3858
3672
3491
2558
2620
2728
2364
1967
1758
1175
1451
1670
887
970
1678
1912
1866
1643
1998
1901
2575
909
1560
1784
1424
1705
1248
1874
2220
1368
1510
1562
2483
1300
1831
1843
350
1895
1540
1409
1739
2108
1881
1888
1572
2303
1964
1791
1853
1926
1811
1138
832
1553
1578
1129
1591
1680
1317
1720
1640
1244
1809
1369
1298
1590
1741
1490
812
1687
0
766
1626
1801
1826
1999
1692
1759
2124
1553
1727
1638
1243
1887
1169
1022
1306
1459
1729
1569
1321
1236
1502
1547
1769
1709
1377
1126
1500
763
1188
1431
1590
1469
1970
734
953
1023
1249
1221
1676
1996
44
1562
1876
1703
954
1756
1285
1182
2091
1426
2193
1316
1417
1538
1305
1159
1937
1006
1753
1713
999
2279
1455
2099
1656
1465
2135
1336
2308
1068
1514
1606
2217
159
1426
1547
1492
1782
1304
1809
1099
1605
1346
1337
1199
1025
1055
1404
1313
751
1164
1384
1414
1236
939
929
1129
783
743
1084
1319
949
921
1692
1801
914
1925
1575
1766
1743
2137
2043
1716
1157
1948
1482
1512
1269
1850
1831
1895
1880
1621
1924
1892
1599
1570
1439
1420
1531
694
1033
1901
1033
718
1845
1313
1516
1543
1514
1533
1044
990
1340
1166
1306
1159
1362
1627
1155
2157
825
924
1153
515
1568
936
1355
197
2208
219
53
1877
1047
1366
1579
978
1514
1903
1229
1460
820
1571
1502
2124
1429
1526
3650
2371
1391
1333
1668
1338
1172
1888
1197
2002
796
1546
1613
1239
777
1134
1384
1693
479
979
956
1231
1896
963
823
1421
1270
934
898
838
1545
736
774
1519
1289
1339
1231
2017
1348
1441
896
1181
2178
1393
2317
1986
2194
2242
1491
2656
1736
2836
1856
1276
1949
2126
2200
2318
2068
2225
2581
1903
2110
1578
2387
2147
708
2363
2037
1782
1843
1578
2263
1792
1385
2581
1920
2488
1807
2066
1224
2111
1742
1189
1541
1213
1128
1206
998
1006
713
352
1335
1530
668
2127
1538
1632
1559
2466
1870
1637
886
1784
2167
1891
2526
1775
1920
2420
1630
1569
2264
1957
2046
2982
1351
1515
2419
1572
1550
1616
1830
822
1195
1445
847
1867
1603
1401
1475
1736
1782
1335
1992
2049
1710
1653
1480
2998
2200
1690
2191
1977
1526
1604
1423
1321
1673
1691
867
1605
1899
1214
1939
1419
1318
1761
1918
1514
1380
1845
2277
1405
1265
1620
1241
1701
1396
1928
1596
1585
1326
2105
1813
1610
1793
1811
2012
1458
1744
1104
1651
1938
1899
1561
1962
1675
2034
1594
2030
1550
1783
2950
1341
2062
2351
1847
2035
2048
1469
1916
1875
1143
2043
2901
1716
1925
2461
1366
2351
1825
1070
2372
1048
1724
1692
1029
1615
1462
1643
1959
1364
1650
1598
1659
1951
1629
1568
1292
2090
2202
1935
1465
2433
1838
1704
2306
1819
1395
2471
1196
1569
2263
1844
2025
1754
1617
1905
1881
1980
1693
3255
3002
2451
2289
2243
1625
1696
1777
1894
1589
2408
1947
1419
1700
1719
1070
1546
1228
98
1067
1988
517
810
980
1107
1315
581
1579
1222
1097
1477
1052
794
1107
1624
974
2528
1045
1368
1220
2563
2838
1993
1434
1539
711
1073
682
1103
710
1023
790
1470
821
923
844
867
1141
1116
1232
1271
932
887
1104
1407
1074
1006
1306
899
896
1200
847
531
669
