2196
2978
3460
3628
2887
3858
3552
3417
2558
2689
2989
2654
2167
1912
1357
1653
1840
1088
1129
1749
1974
2018
1691
2052
1901
2532
852
1504
1727
1355
1705
1348
2004
2323
1491
1690
1686
2710
1540
2024
2028
602
1958
1730
1532
1778
2194
1918
1859
1484
2303
1964
1868
1942
2009
1811
1138
832
1553
1578
1116
1550
1580
1269
1678
1640
1244
1849
1369
1367
1590
1741
1490
812
1687
31
888
1796
1982
1913
2320
1857
2057
2329
1854
1923
1799
1610
2300
1647
1297
1784
1925
1863
2018
1941
1741
2150
1988
2168
2098
1876
1545
1796
1061
1521
1778
1700
1696
2111
965
1329
1389
1485
1476
1980
2338
535
1831
2202
2076
1176
2054
1627
1350
2275
1667
2270
1553
1578
1714
1638
1454
2119
1396
2071
1972
1363
2410
1705
2289
1884
1630
2266
1479
2394
1134
1575
1658
2406
431
1584
1742
1756
1927
1439
1809
1099
1595
1392
1391
1227
1025
1157
1511
1415
957
1275
1484
1465
1282
985
1037
1278
942
854
1185
1418
1100
1100
1772
1801
914
1816
1476
1580
1421
1814
1713
1456
1032
1734
1286
1261
961
1441
1429
1486
1433
1234
1633
1527
1321
1201
1149
1105
1323
516
845
1650
666
442
1608
991
1069
1215
1044
940
702
597
983
686
814
503
692
982
439
1274
314
108
172
262
539
0
381
0
1268
0
0
1188
508
991
1063
211
753
1154
579
667
165
947
472
1281
576
838
2958
1453
536
888
1170
964
643
1307
720
1851
258
1035
1264
717
149
657
954
1191
34
235
387
503
1339
468
459
1087
853
680
548
358
1228
175
274
1138
887
894
867
1880
1010
1125
460
823
1997
1188
2234
1785
1977
2136
1301
2546
1577
2700
1638
1217
1827
2060
2025
2177
1902
2123
2517
1781
1860
1343
2286
2066
564
2237
1979
1701
1715
1470
2263
1853
1385
2510
1705
2243
1566
1929
961
1907
1553
1073
1480
1144
1066
1206
947
1006
779
478
1442
1566
668
2127
1475
1590
1514
2322
1827
1579
762
1482
1819
1445
2173
1524
1692
2228
1424
1297
2146
1604
1933
2850
1185
1445
2386
1392
1425
1550
1760
665
1086
1389
758
1532
1396
1189
985
1276
1411
1047
1750
1711
1449
1440
1285
2681
1784
1228
1734
1725
1207
1447
1107
1141
1413
1571
717
1363
1761
1136
1775
1294
1171
1572
1731
1330
1145
1530
2053
1182
1061
1536
958
1511
1296
1751
1475
1359
1247
1848
1534
1469
1510
1561
1755
1236
1533
995
1500
1867
1672
1361
1823
1499
1897
1420
1847
1193
1506
2748
989
1739
2142
1762
1983
1901
1426
1873
1778
951
2043
2866
1716
1818
2406
1291
2282
1759
989
2242
1018
1659
1491
899
1376
1185
1529
1698
1236
1422
1341
1555
1621
1405
1145
644
1321
1551
1228
883
1844
793
1067
1455
1130
973
1752
861
1078
1640
1393
1534
1365
1384
1335
1350
1738
1483
2937
2420
1941
1876
1875
1361
1313
1439
1423
1202
1791
1486
1004
1218
1420
908
1076
882
0
677
1747
371
605
837
892
1144
399
1053
812
786
1127
908
687
1040
1549
974
2473
1117
1319
1144
2525
2883
1993
1523
1609
748
1179
758
1156
710
914
763
1437
787
890
781
867
1141
1040
1208
1233
852
696
859
1168
867
788
1142
717
677
1107
653
400
506
