2196
3141
3659
3760
3172
4085
3911
3864
2758
2968
3250
2871
2234
1943
1429
1815
2009
1391
1368
1936
2139
2474
1932
2583
2442
3057
1544
2230
2479
2311
2642
1949
2719
2841
1903
2231
2305
3277
2067
2505
2446
1231
2058
2205
1901
1977
2667
2365
2208
1969
2736
2709
2373
2567
2592
2108
1630
1414
2133
1968
1323
2177
2332
1985
2308
2387
2084
2288
1857
1984
1951
2036
1721
1249
1925
296
1374
2247
2524
2144
2833
2055
2305
2499
2155
2159
2122
2098
2661
2005
1534
2083
2216
1952
2222
2166
1925
2366
2135
2313
2227
2043
1755
1994
1322
1896
2048
1825
1999
2430
1382
1893
1808
1799
1694
2334
2632
904
2099
2620
2449
1531
2412
1913
1519
2459
2004
2394
1933
1835
2032
2066
1785
2391
1841
2310
2317
1872
2671
2207
2668
2340
2071
2616
2120
2739
1794
2243
2185
2910
974
2060
2180
2178
2218
2113
2098
1702
1713
1856
1820
1514
1533
1721
1835
1977
1524
1646
1988
2027
1793
1437
1520
1727
1521
1221
1741
2061
1704
1816
2332
2506
1405
2582
2220
2323
2517
2911
2648
2562
2092
2946
2330
2327
2007
2748
2569
2876
3041
2524
3087
2986
2485
3231
2741
2552
2915
1885
2285
3155
2354
1824
3091
2332
2856
2341
2402
2975
1824
2039
2234
2126
1962
1946
2405
2594
2228
3115
1296
1815
2058
729
2450
1572
1842
635
2834
671
441
2635
1640
1777
2141
1746
2158
2652
1879
2254
1535
2383
2447
2897
2353
2488
4480
3136
2091
1827
2115
1806
1833
2411
1726
2260
1393
2312
1996
1936
1684
1823
1956
2295
887
1785
1524
1855
2453
1638
1385
2052
2149
1507
1560
1704
2036
1532
1636
2142
1911
2051
2048
2410
2024
2002
2019
1999
2592
2093
2692
2521
3119
2559
2295
3096
2376
3415
2725
1776
2983
2749
3251
3115
2952
2983
3531
2757
2858
2675
3097
2718
1330
2867
2736
2264
2546
2063
2944
2529
2447
3422
2709
3304
2529
2477
2100
2721
2373
1769
2214
1968
1756
1815
1506
1730
1374
920
1819
1821
1220
2621
2043
1929
1787
2705
2176
2159
1379
2312
2656
2210
2761
2151
2529
2757
1989
2181
2578
2575
2496
3290
1737
2078
2739
2051
1840
2079
2039
1293
1449
1892
1053
2202
1707
1492
1719
1889
2013
1443
2095
2241
1933
1805
1642
3224
2408
2086
2583
2187
1791
1739
1603
1476
1986
1970
1017
1847
2070
1371
2103
1513
1429
1874
2105
1760
1474
2035
2412
1538
1418
1687
1523
2018
1495
2034
1669
1676
1357
2105
1853
1639
1834
1861
2012
1495
1786
1147
1764
1974
1899
1528
1939
1675
2017
1594
2030
1669
1875
3152
1458
2062
2351
1876
2086
2048
1511
1916
1827
951
1972
2760
1578
1765
2406
1366
2386
1825
1029
2329
1048
1789
1759
1116
1663
1554
1711
2154
1396
1604
1598
1624
1841
1501
1333
939
1735
1877
1609
1174
2223
1390
1425
1827
1425
1113
2014
935
1078
1765
1506
1604
1531
1484
1477
1483
1807
1573
2990
2420
1868
1817
1814
1229
1313
1327
1356
1154
1853
1486
958
1158
1371
827
997
783
0
565
1555
190
127
192
392
544
172
789
566
600
864
619
579
838
1325
718
2201
613
978
685
2298
2525
1658
1256
1190
527
861
580
786
526
640
600
1357
654
691
595
650
772
849
1045
964
613
411
614
1009
702
657
1020
535
459
831
460
296
344
