2196
3141
3526
3562
2982
3915
3672
3566
2608
2759
3076
2654
2134
1851
1284
1613
1806
1088
1089
1772
1995
2069
1740
2158
2048
2707
967
1672
1900
1628
2066
1549
2264
2479
1574
1690
1810
2767
1588
2120
2075
664
1970
1825
1573
1818
2366
2104
2033
1704
2461
2251
2024
2121
2217
1904
1279
987
1747
1682
1194
1800
1831
1412
1804
1747
1438
1929
1466
1504
1680
1826
1529
875
1746
31
948
1852
2042
1941
2255
1758
1908
2294
1804
1845
1799
1610
2196
1527
1258
1724
1925
1863
2018
1884
1603
1988
1841
1987
1968
1710
1461
1763
1024
1563
1778
1700
1658
2076
919
1203
1232
1446
1367
1878
2192
228
1715
2062
1916
1087
1816
1342
1182
2091
1426
2208
1268
1450
1609
1495
1306
1998
1173
1832
1756
999
2247
1392
2052
1656
1410
2179
1479
2394
1266
1818
1764
2469
363
1479
1596
1650
1927
1439
1836
1099
1616
1392
1337
1256
1025
1055
1439
1364
854
1164
1333
1260
1050
758
714
979
678
633
983
1270
899
861
1652
1751
873
1761
1476
1673
1550
1943
1823
1456
969
1663
1155
1136
900
1360
1361
1322
1344
1234
1633
1600
1321
1109
1077
1105
1184
456
845
1588
592
387
1608
1045
1218
1309
1148
940
605
335
745
411
595
241
319
788
153
1053
236
0
22
203
318
0
260
0
1206
0
0
981
239
841
923
1
694
1092
416
402
0
760
214
1000
362
632
2612
1147
147
591
921
683
181
1017
456
1744
19
780
1194
543
9
497
811
1090
0
173
431
607
1382
423
492
1050
900
680
625
454
1315
362
410
1207
924
850
731
1821
935
1020
211
618
1868
900
2068
1551
1596
1967
876
2298
1297
2496
1258
953
1279
1798
1616
1896
1625
1871
2137
1537
1673
1108
2184
1902
325
2068
1688
1540
1459
1254
2016
1546
1120
2440
1633
2243
1566
1975
1048
1907
1553
1073
1419
1076
1003
1040
795
789
515
226
1227
1457
432
1963
1286
1462
1377
2179
1608
1290
454
1256
1679
1381
2056
1399
1540
2132
1321
1297
2146
1692
1877
2806
1241
1374
2419
1452
1467
1550
1760
665
1159
1445
788
1733
1534
1340
1291
1532
1643
1191
1819
1760
1523
1500
1318
2771
1940
1360
1930
1809
1420
1582
1287
1270
1621
1691
867
1557
1933
1267
1980
1451
1429
1836
2058
1637
1380
1972
2322
1538
1418
1687
1410
2018
1545
2105
1694
1721
1357
2191
1932
1695
1874
2011
2098
1606
1954
1190
1764
1956
1937
1561
1916
1617
2000
1536
1984
1431
1737
2900
1223
1847
2268
1819
2035
1999
1469
1873
1730
759
1972
2830
1624
1711
2378
1291
2351
1891
1150
2503
1109
1984
1961
1160
1710
1600
1757
2350
1492
1787
1854
1694
1951
1565
1380
998
1676
1877
1663
1174
2181
1390
1386
1880
1474
1184
2014
973
1139
1827
1506
1745
1643
1484
1477
1483
1842
1573
2990
2420
2014
1817
1814
1295
1377
1495
1558
1396
2161
1742
1188
1399
1470
867
997
783
0
565
1603
226
332
551
606
801
263
789
402
476
776
547
419
703
1325
718
2255
685
1026
685
2298
2570
1714
1211
1120
490
702
529
681
379
421
492
1292
488
558
502
588
719
810
1022
887
573
411
696
1009
702
613
898
398
240
739
266
191
182
