2196
2978
3460
3628
2982
4028
3732
3491
2558
2689
2815
2437
2000
1789
1211
1532
1738
987
1010
1678
1933
2018
1691
2052
1901
2488
794
1504
1669
1424
1849
1398
2069
2427
1532
1690
1686
2653
1540
2072
2028
727
1970
1825
1614
1818
2280
1993
1917
1528
2342
2022
1829
1987
2051
1830
1138
871
1592
1630
1142
1675
1680
1364
1762
1694
1244
1849
1320
1367
1545
1741
1490
750
1687
0
705
1514
1680
1739
1871
1626
1709
2124
1553
1727
1638
1243
1887
1228
982
1306
1575
1788
1732
1603
1465
1772
1767
1987
1936
1668
1336
1665
912
1438
1663
1653
1620
2111
965
1329
1285
1406
1403
1929
2289
413
1792
2202
2076
1265
2054
1684
1384
2386
1908
2332
1648
1674
1891
1876
1638
2330
1786
2310
2274
1872
2606
2144
2573
2226
2016
2616
2120
2696
1596
2000
1922
2595
567
1637
1693
1703
1964
1641
1888
1220
1627
1438
1445
1256
1071
1106
1439
1364
854
1201
1384
1362
1143
758
661
930
678
670
932
1220
899
742
1572
1650
792
1706
1476
1673
1550
2008
1933
1586
1032
1806
1351
1324
1146
1523
1496
1486
1523
1298
1706
1673
1432
1293
1294
1294
1461
754
1158
1901
959
774
1905
1260
1441
1497
1462
1618
995
859
1281
1028
1142
1028
1362
1562
1012
1863
707
702
851
437
1347
681
1112
21
2082
174
89
1946
1101
1478
1766
1188
1572
1965
1229
1394
761
1571
1331
2054
1358
1457
3581
2218
1158
1234
1618
1385
1106
1772
1038
1959
557
1418
1473
1065
567
922
1098
1341
182
545
606
763
1553
648
624
1272
1085
807
703
550
1372
455
501
1276
1033
983
913
1919
1085
1195
460
823
1971
1064
2172
1685
1813
2094
1207
2435
1497
2666
1475
1129
1645
1995
1966
2130
1902
2123
2517
1842
2047
1500
2438
2147
612
2321
2037
1742
1779
1524
2263
1853
1385
2510
1705
2325
1646
1929
1136
1975
1553
1131
1541
1282
1254
1372
1100
1296
912
541
1496
1566
668
2182
1538
1547
1468
2274
1783
1579
701
1407
1888
1509
2232
1461
1692
2324
1527
1433
2224
1692
1989
2982
1461
1726
2547
1692
1591
1682
1899
1057
1304
1612
906
1867
1603
1340
1352
1583
1735
1227
1854
1904
1598
1500
1350
2771
1888
1360
1995
1893
1420
1537
1197
1218
1517
1651
837
1460
1864
1188
1816
1357
1318
1723
1918
1514
1286
1782
2188
1316
1214
1603
1241
1765
1421
1928
1548
1495
1279
1891
1574
1440
1470
1411
1669
1236
1575
995
1462
1814
1635
1294
1776
1470
1897
1363
1825
1134
1506
2748
989
1685
2059
1648
1779
1804
1298
1656
1586
567
1865
2724
1486
1658
2378
1328
2317
1693
948
2198
1003
1529
1356
768
1232
1047
1461
1373
1075
1194
1021
1502
1347
1245
1005
526
1321
1497
1174
883
1844
793
1147
1455
1130
902
1556
712
832
1516
1167
1184
1198
1251
1050
1084
1565
1363
2619
2004
1577
1463
1446
898
867
933
952
912
1483
1178
635
676
923
502
449
487
0
119
1266
8
0
0
177
287
36
350
74
228
250
186
258
433
1026
526
2146
613
1026
762
2374
2659
1714
1300
1399
637
914
656
997
636
914
763
1470
821
890
781
836
1036
1040
1185
1156
852
744
941
1288
950
919
1265
808
677
1061
653
374
466
