2196
3141
3526
3628
2887
3858
3552
3268
2457
2411
2641
2364
2000
1758
1247
1572
1806
987
1089
1749
1974
2018
1715
2211
2098
2707
967
1728
1842
1492
1849
1348
1939
2323
1532
1750
1748
2710
1540
2024
2028
664
1970
1777
1532
1818
2280
2067
2004
1748
2461
2251
2063
2210
2301
1978
1454
1220
1978
1864
1284
2135
2332
1937
2224
2280
1955
2208
1808
2053
1996
2079
1836
1311
1955
296
1253
2078
2283
2086
2704
1989
2206
2431
2005
2041
2001
1854
2506
1945
1455
2083
2333
1981
2344
2335
2062
2582
2319
2458
2389
2209
1964
2158
1433
1979
2125
1872
2112
2536
1474
1956
1808
1799
1731
2334
2681
965
2099
2527
2343
1398
2233
1856
1451
2422
1956
2379
1791
1771
1926
1876
1601
2300
1618
2151
2144
1581
2508
1893
2383
2112
1851
2528
2049
2739
1662
2122
2079
2784
770
1848
1937
2019
2182
1979
2046
1702
1724
1856
1820
1457
1441
1568
1727
1772
1318
1572
1938
1976
1747
1437
1466
1577
1258
1001
1387
1715
1402
1458
2052
2204
1241
2363
1972
2091
2259
2717
2538
2432
1843
2733
2265
2202
2007
2666
2569
2794
2773
2330
2723
2621
2153
2493
2162
2049
2223
1289
1722
2465
1620
1216
2498
1849
2186
1872
1827
2042
1239
1187
1519
1371
1361
1290
1586
1885
1441
2452
982
1369
1530
613
2009
1190
1599
460
2709
581
370
2566
1479
1665
2000
1607
1923
2340
1554
1791
1118
1821
1760
2335
1713
1801
3858
2524
1469
1382
1717
1431
1172
1888
1144
1981
676
1418
1473
1007
498
869
1050
1291
182
607
649
815
1510
648
591
1161
946
743
703
598
1372
502
637
1415
1179
1206
1185
1998
1273
1371
772
1079
2100
1311
2276
1919
2085
2157
1349
2546
1617
2700
1638
1188
1645
1995
1966
2083
1847
2022
2327
1659
1798
1265
2235
1984
468
2194
1804
1581
1523
1254
1892
1423
766
2089
1347
1835
1085
1655
435
1500
1111
725
1052
664
564
763
642
499
317
0
1012
1275
195
1853
1160
1378
1195
2083
1521
1232
331
954
1331
1126
1880
1211
1388
2084
1373
1297
2107
1428
1764
2806
1241
1515
2451
1572
1550
1748
1934
1214
1412
1836
994
2135
1742
1523
1781
1940
1967
1443
2130
2241
1896
1805
1642
3179
2304
1888
2452
2145
1738
1672
1558
1399
1881
1890
987
1702
2002
1293
2021
1513
1466
1874
2152
1822
1521
2098
2412
1538
1519
1687
1523
2145
1570
2176
1767
1812
1404
2234
1893
1667
1874
1961
2098
1606
1996
1234
1915
2045
2051
1662
2008
1734
2034
1623
2007
1491
1691
2900
1282
1955
2351
1904
2239
2244
1640
2003
1923
1047
2008
2830
1670
1872
2461
1404
2455
2023
1150
2416
1094
2049
1893
1203
1758
1600
1711
2219
1492
1741
1854
1711
2060
1693
1615
1351
2030
2148
1935
1423
2391
1838
1704
2253
1819
1430
2471
1196
1631
2325
1957
2166
1976
1684
1905
2014
2049
1784
3414
3085
2523
2348
2366
1824
1887
1889
1961
1589
2346
1845
1327
1520
1620
1070
1467
1080
63
1011
2036
589
1015
1195
1393
1744
717
1755
1304
1159
1740
1269
1008
1377
2073
1421
2855
1549
1611
1754
2791
3195
2383
1790
2098
1044
1497
911
1578
1041
1461
1007
1599
1120
1155
1061
1145
1616
1460
1465
1617
1251
1173
1349
1726
1487
1485
1714
1355
1443
1753
1330
792
1115
