2196
3060
3592
3628
2887
3915
3612
3342
2507
2550
2641
2364
1967
1758
1247
1532
1806
1038
1129
1772
1974
2018
1691
2052
1901
2488
794
1504
1727
1492
1849
1448
2004
2271
1450
1510
1500
2540
1444
1976
2028
664
1945
1682
1450
1739
2151
1881
1859
1528
2264
1964
1868
2032
2134
1904
1314
1104
1863
1786
1220
1842
1881
1508
1930
1960
1631
2088
1613
1778
1815
1994
1759
1187
1865
259
1313
2134
2404
2144
2704
1989
2305
2533
2256
2198
2122
2037
2558
1886
1455
1964
2100
1907
2058
1941
1741
2150
2025
2168
2065
1793
1503
1796
1098
1563
1740
1700
1696
2182
1058
1454
1494
1642
1549
2131
2436
535
1831
2202
2023
1220
1995
1513
1283
2275
1763
2317
1648
1707
1926
1924
1675
2361
1841
2389
2403
2163
2801
2520
2952
2738
2566
3009
2690
3041
2124
2608
2448
3351
1381
2376
2472
2494
2437
2383
2203
1943
1746
1995
2035
1571
1579
1721
1870
1926
1369
1535
1787
1720
1561
1211
1198
1378
1152
1001
1489
1765
1453
1458
2012
2103
1160
2144
1823
1952
2066
2588
2373
2172
1655
2447
2004
1951
1699
2421
2301
2467
2416
2008
2505
2548
2042
2400
2017
1860
2015
1230
1534
2340
1400
1050
2261
1635
1888
1778
1671
1957
1239
1318
1578
1440
1470
1422
1735
1949
1369
2231
825
924
1078
457
1274
554
868
0
1895
0
0
1739
886
1328
1579
978
1514
1903
1229
1394
761
1571
1417
2124
1429
1526
3581
2142
1158
1283
1668
1385
1238
1830
1197
2024
855
1737
1647
1414
916
1240
1431
1793
479
1041
999
1231
1853
918
856
1458
1316
966
898
887
1517
736
819
1519
1253
1250
1231
2037
1311
1336
772
976
2049
1188
2193
1785
1977
2136
1349
2546
1577
2700
1584
1158
1645
1995
1849
2036
1681
1871
2264
1537
1735
1186
2184
1943
373
2026
1630
1460
1267
1093
1830
1361
678
1949
1131
1509
844
1473
260
1365
985
551
869
458
438
597
439
281
52
0
851
1202
37
1798
1160
1378
1241
2083
1521
1232
392
1105
1610
1254
1939
1148
1236
2036
1270
1229
2107
1604
1877
2850
1296
1445
2451
1512
1508
1550
1795
822
1195
1445
847
1867
1603
1371
1475
1787
1874
1407
2026
2145
1859
1713
1545
2998
2200
1756
2387
2061
1738
1694
1558
1450
2038
2010
1076
1896
2173
1449
2267
1670
1650
2063
2339
2068
1757
2477
2682
1805
1825
1821
1863
2462
1719
2388
1912
2083
1514
2535
2251
1950
2279
2411
2527
1902
2291
1407
2218
2188
2429
1995
2217
1998
2205
1941
2304
2324
2429
3708
2163
2816
3021
2331
2905
2879
2280
2697
2645
2679
2684
3503
2499
2834
2928
2083
3009
3078
1797
3112
1322
3025
2901
1769
2380
2246
2054
3131
1877
2334
2560
1886
2609
1948
1943
1646
2385
2474
2207
1590
2643
2212
1863
2519
2016
1606
2864
1495
1999
2636
2183
2446
2143
1850
2332
2280
2187
1904
3573
3500
2960
2702
2795
2286
2205
2171
2298
1928
2716
2152
1603
1881
1869
1192
1780
1278
203
1234
2180
735
1152
1410
1536
1744
808
2018
1631
1469
2003
1629
1276
1782
2522
1805
3127
1909
1904
2060
2943
3329
2551
1968
2447
1266
1815
1039
1789
1151
1681
1115
1647
1253
1288
1216
1238
1774
1537
1512
1656
1331
1268
1430
1806
1487
1529
1754
1401
1443
1753
1330
792
1155
