2196
2978
3526
3694
3077
3971
3672
3417
2507
2481
2554
2220
1967
1758
1247
1532
1772
1038
1129
1772
2015
2170
1764
2211
2098
2663
909
1616
1784
1492
1921
1448
2004
2271
1450
1510
1562
2597
1396
1879
1843
476
1933
1682
1450
1739
2108
1918
1859
1440
2185
1792
1713
1764
1884
1755
1032
755
1476
1526
1091
1424
1430
1030
1510
1480
1114
1689
1125
955
1365
1573
1375
562
1537
0
523
1401
1620
1710
1807
1527
1561
2022
1453
1570
1476
999
1732
930
785
1066
1284
1685
1447
1096
960
1232
1363
1552
1547
1168
833
1237
466
897
1200
1480
1166
1651
317
451
551
896
894
1171
1555
0
1217
1551
1223
510
1160
828
913
1871
1233
2146
1125
1289
1432
1210
1122
1877
839
1593
1497
491
1985
828
1578
1087
914
1743
695
1876
408
967
1079
1714
0
1003
1109
1123
1527
697
1520
436
1486
881
800
912
518
542
1044
802
287
831
829
800
678
351
285
481
151
302
427
726
395
145
1172
1147
301
1049
832
1069
712
1234
1329
1001
533
1235
894
885
593
952
1026
1077
1076
1105
1343
1309
1155
1017
1005
1105
1254
575
970
1838
886
718
1964
1367
1516
1450
1305
1279
849
662
983
686
923
634
915
1304
797
1716
550
479
625
359
980
300
747
0
1832
38
0
1602
724
1178
1344
629
1221
1716
1067
1196
582
1384
1245
1843
1287
1388
3373
2065
1158
1234
1618
1338
1040
1714
1038
1938
557
1291
1438
1007
567
922
1145
1442
294
731
737
919
1639
783
724
1347
1270
966
937
838
1488
689
728
1449
1179
1161
1140
1978
1236
1265
709
976
2049
1188
2234
1785
1868
2073
1207
2490
1497
2598
1421
1041
1401
1863
1674
1896
1570
1719
2074
1415
1486
951
1981
1821
277
2026
1630
1500
1267
1039
1707
1238
678
2019
1203
1672
844
1564
348
1500
1174
725
1174
870
752
929
795
861
581
163
1227
1457
432
2072
1475
1505
1332
2131
1608
1290
516
1181
1679
1381
2115
1461
1540
2228
1475
1501
2264
1869
2102
2982
1461
1656
2515
1632
1550
1682
1865
900
1195
1501
817
1666
1465
1280
1291
1532
1643
1227
1854
1808
1561
1470
1253
2681
1836
1228
1864
1725
1313
1492
1107
1166
1413
1571
747
1412
1830
1162
1775
1294
1171
1610
1731
1207
1050
1466
2053
1182
1061
1553
1014
1448
1296
1786
1451
1223
1185
1719
1494
1412
1510
1511
1669
1162
1406
930
1349
1796
1597
1294
1730
1382
1829
1305
1802
1015
1368
2596
930
1685
2142
1705
1779
1706
1170
1613
1490
375
1794
2583
1348
1444
2268
1102
2109
1363
827
2111
957
1463
1289
725
1232
1093
1483
1438
1107
1194
957
1468
1347
1213
911
408
1144
1388
1174
841
1886
942
1147
1455
1081
902
1491
674
709
1391
1111
1254
1142
1185
908
951
1530
1302
2566
1838
1431
1404
1384
766
804
933
952
961
1606
1281
820
857
1072
542
527
487
0
231
1314
8
0
0
34
29
0
87
0
104
163
114
97
298
876
398
1928
397
929
609
2260
2525
1602
1122
980
416
702
529
786
453
640
627
1357
621
724
657
681
772
810
1068
925
613
458
737
1089
826
788
1102
626
513
923
508
348
425
