2196
3141
3659
3826
3172
4028
3852
3715
2708
2759
3076
2727
2201
1974
1502
1815
1975
1341
1328
1913
2139
2525
1981
2796
2589
3188
1660
2342
2595
2447
2858
2150
2913
3048
2068
2412
2552
3504
2210
2649
2677
1546
2145
2489
2229
2116
2968
2662
2500
2409
3091
3168
2684
2879
2925
2238
1947
1724
2442
2202
1426
2595
2883
2509
2812
3027
2859
2767
2541
2945
2672
2711
2411
2310
2372
865
2226
2924
3127
2461
3538
2418
2851
2874
2657
2552
2525
2709
3177
2603
1968
2801
2915
2115
2711
2898
2476
3015
2540
2748
2584
2459
2132
2290
1657
2271
2434
1966
2302
2678
1706
2395
2280
2231
2131
2890
3122
1518
2483
2992
2983
1931
3068
2598
1956
2974
2631
2580
2504
2221
2491
2590
2227
2784
2621
2907
2965
3107
3160
3209
3426
3308
3117
3489
3544
3602
3049
3337
3080
4106
2264
3010
2959
3022
2801
3058
2440
2486
1865
2506
2626
1916
2087
2337
2302
2538
1988
2017
2442
2488
2212
1845
2003
2125
1943
1552
2196
2507
2107
2234
2612
2908
1732
2910
2567
2695
3098
3620
3252
3148
2591
3517
2917
2766
2437
3319
3039
3530
3667
2911
3377
3423
2818
3600
3030
2741
2984
2063
2473
3343
2575
1990
3210
2493
3229
2528
2559
3398
2019
2235
2472
2468
2344
2340
2852
2981
2586
3483
1571
2334
2436
846
2818
2017
2329
985
3460
1124
793
3393
2234
2189
2609
2444
2626
3151
2259
2585
1832
2695
3049
3319
2638
2832
4896
3595
2635
2124
2464
2180
2361
2817
1990
2346
1691
2503
2101
2111
1823
1876
2004
2295
850
1599
1349
1647
2282
1413
1187
1829
1825
1284
1365
1367
1834
1251
1318
1934
1728
1829
1776
2253
1761
1792
1645
1794
2514
2011
2608
2455
3010
2517
2200
3041
2296
3347
2562
1658
2618
2487
2784
2740
2565
2680
3278
2635
2796
2518
3047
2678
1282
2867
2736
2264
2482
2010
2758
2345
2093
3212
2566
3222
2529
2522
2187
2925
2562
2001
2397
2174
2069
2092
1760
2165
1771
1299
2195
2040
1772
2950
2359
2140
2060
2944
2307
2217
1502
2388
2656
2337
2937
2276
2529
2805
2143
2249
2617
2663
2496
3290
1847
2219
2772
2171
1882
2146
2109
1529
1485
1892
1024
2135
1742
1523
1719
1889
1921
1407
2061
2145
1822
1683
1480
2998
2148
1690
2191
2019
1685
1649
1513
1424
1986
1930
1017
1799
2105
1345
2144
1576
1539
1987
2292
1945
1709
2351
2592
1805
1825
1787
1863
2525
1744
2388
1912
2173
1514
2535
2251
1950
2279
2411
2441
1865
2249
1364
2142
2134
2316
1929
2171
1910
2136
1825
2190
1967
2106
3355
1752
2439
2686
2132
2598
2537
1896
2307
2308
1911
2399
3184
2085
2353
2735
1781
2802
2617
1514
2894
1246
2700
2699
1682
2236
2062
1962
2936
1813
2243
2560
1886
2609
1948
1943
1646
2326
2365
2098
1507
2517
1913
1664
2253
1770
1360
2341
1159
1569
2263
1844
2166
1865
1617
1833
1881
1980
1724
3255
3002
2378
2112
2059
1427
1377
1495
1490
1347
1976
1537
1050
1218
1420
908
1232
1030
0
844
1843
444
674
909
1035
1229
445
1228
894
786
1214
836
633
972
1624
1038
2528
1045
1368
1373
2639
2972
2104
1523
1609
822
1232
758
1261
857
1242
871
1502
954
1023
937
1022
1352
1269
1302
1348
1052
982
1185
1567
1322
1311
1632
1264
1224
1569
1137
662
953
