2196
3060
3526
3628
2982
3971
3792
3566
2658
2829
2989
2654
2167
1943
1429
1734
1975
1341
1368
1889
2077
2373
1908
2637
2491
3101
1544
2230
2479
2379
2714
2050
2784
2893
1985
2352
2367
3221
2019
2505
2538
1357
2095
2347
2106
2056
2796
2514
2383
2233
2894
2938
2490
2701
2759
2145
1771
1530
2210
2046
1374
2344
2582
2128
2392
2547
2342
2527
2150
2464
2266
2332
1989
1624
2074
486
1617
2472
2645
2259
3025
2220
2553
2703
2456
2434
2404
2404
2919
2364
1770
2562
2682
2055
2548
2673
2246
2744
2356
2566
2422
2209
1880
2060
1396
1896
2048
1841
2037
2465
1474
2081
2018
1995
1949
2687
3024
1395
2368
2853
2823
1842
2949
2427
1855
2864
2438
2534
2313
2156
2385
2542
2153
2724
2398
2787
2792
2744
3063
2959
3284
3194
2952
3358
3402
3472
2785
3094
2974
3917
2060
2852
2813
2864
2692
2923
2387
2425
1854
2506
2626
1944
2225
2388
2337
2640
2091
2091
2543
2539
2305
1935
2057
2225
1943
1479
2146
2457
2057
2174
2572
2908
1814
3020
2666
2787
3098
3491
3252
3213
2716
3802
3244
3142
2806
3890
3508
3939
4203
3298
3886
3788
2984
3877
3175
2992
3261
2182
2536
3406
2648
1990
3269
2493
3154
2528
2611
3483
2116
2432
2710
2674
2399
2537
3001
3110
2729
3630
1611
2556
2813
924
3112
2208
2573
1117
3585
1305
899
3600
2287
2264
2656
2654
2802
3275
2421
2850
2130
2882
3307
3600
3064
3244
5241
3978
3101
2421
2762
2460
2691
3165
2308
2454
1990
2950
2310
2517
2382
2301
2338
2746
1183
2219
1830
2272
2710
1818
1485
2201
2288
1634
1715
1848
2094
1579
1682
2211
2020
2185
2094
2430
2137
2142
2268
2255
2721
2340
2775
2722
3445
2728
2579
3234
2616
3619
2997
1893
3166
2847
3485
3303
3229
3286
3975
3306
3419
3223
3554
3086
1713
3246
3318
2586
3058
2495
3438
2898
3066
3843
3068
3875
3091
2842
2888
3332
2815
2176
2642
2449
2320
2314
2066
2527
2101
1678
2518
2295
2324
3279
2737
2437
2334
3278
2613
2622
1810
2916
3213
2783
3406
2715
3138
3141
2451
2725
2971
3457
3116
3819
2454
2993
3124
2891
2421
3006
2562
2628
2065
2898
1613
3543
2433
2100
2943
2961
2986
2201
2820
3252
2679
2382
2226
3994
3344
3273
3758
3028
2905
2210
2595
2018
3184
2888
1736
2960
2859
1971
3047
2266
2313
2742
3228
3237
2604
3488
3491
2651
2741
2106
2881
3539
2092
2955
2301
2807
1733
3179
2849
2347
2805
3110
3084
2421
2923
1733
2709
2437
2921
2496
2565
2408
2461
2375
2646
3158
2983
4365
2926
3516
3481
2673
3571
3417
2707
3131
3222
3640
3040
3892
3006
3369
3202
2422
3356
3738
2201
3547
1489
3676
3639
2291
3001
2799
2305
3782
2262
2881
3330
2095
3268
2396
2647
2589
3272
3234
3023
2255
3316
3407
2459
3317
2853
2169
3844
1980
2921
3632
3198
3849
3255
2482
3684
3610
2914
2506
4687
5162
4344
3764
3838
3344
3288
3183
3509
2701
3702
3024
2295
2905
2715
1883
2955
2019
694
2014
2903
1207
2041
2199
2395
2772
1261
2896
2451
1965
2704
2134
1705
2322
2971
2188
3563
2485
2343
2747
3360
3776
3220
2458
3076
1562
2293
1268
2211
1482
2064
1305
1776
1486
1554
1403
1486
2249
1842
1652
1963
1611
1601
1675
2005
1736
1703
1958
1629
1771
1984
1572
923
1358
