2196
3141
3659
3760
3268
4142
3911
3715
2708
2829
3076
2582
2134
1851
1320
1613
1873
1139
1209
1843
2036
2272
1860
2477
2294
2882
1313
2063
2247
2106
2498
1799
2524
2738
1862
2111
2243
3164
1923
2409
2353
1042
2045
2157
1901
1977
2667
2328
2208
1969
2697
2595
2296
2522
2592
2090
1595
1336
2094
1968
1310
2218
2332
1889
2224
2334
2019
2248
1857
1984
1951
2036
1759
1187
1836
145
1009
1796
1921
1884
2191
1725
1858
2192
1654
1806
1718
1488
2196
1587
1219
1665
1808
1818
1855
1772
1603
1988
1878
2096
2065
1751
1461
1763
1024
1480
1663
1684
1658
2076
873
1266
1337
1446
1440
1980
2289
351
1715
2062
1916
1132
1875
1399
1249
2202
1570
2255
1458
1546
1750
1591
1417
2149
1396
1991
1972
1290
2344
1580
2241
1827
1630
2266
1550
2394
1200
1636
1711
2406
295
1479
1547
1492
1782
1236
1730
918
1562
1206
1122
1141
933
1055
1404
1364
854
1164
1333
1362
1189
804
822
1029
783
670
1034
1270
899
742
1572
1600
710
1542
1228
1348
1163
1685
1658
1326
907
1592
1090
1073
900
1197
1227
1322
1165
1169
1415
1381
1266
1017
932
916
1115
337
657
1462
445
331
1489
884
994
1215
1096
940
702
597
923
548
705
372
617
1046
368
1274
393
108
172
223
392
0
260
0
1143
0
0
981
293
879
1016
141
694
1029
416
402
0
635
128
1070
505
701
2751
1377
380
739
1120
823
445
1133
456
1701
0
716
1159
601
9
551
811
1040
0
111
387
503
1296
378
426
975
807
616
548
406
1257
221
274
1103
777
717
640
1801
898
1020
211
567
1842
900
2068
1518
1487
1946
876
2270
1257
2394
1095
923
1158
1765
1440
1755
1404
1668
1947
1232
1424
716
1930
1699
133
1816
1397
1299
948
769
1459
1054
235
1739
1060
1509
683
1382
0
1025
795
319
685
389
438
597
439
209
0
0
797
1165
0
1579
844
1123
1013
1844
1390
1058
208
803
1261
1063
1704
1023
1083
1892
1167
957
1949
1251
1651
2629
965
1163
2258
1212
1218
1153
1551
194
869
998
582
1197
1223
1067
863
1276
1365
1010
1716
1663
1411
1409
1220
2590
1732
1162
1668
1599
1048
1403
972
1089
1309
1491
687
1218
1693
1032
1651
1169
1024
1459
1637
1084
1003
1403
1918
1093
959
1519
958
1385
1296
1786
1475
1314
1232
1805
1534
1412
1510
1461
1627
1125
1406
930
1349
1778
1559
1261
1753
1411
1880
1334
1802
1074
1414
2596
871
1524
1933
1591
1676
1608
1127
1483
1345
0
1687
2477
1164
1230
2131
989
2040
1231
665
1937
927
1333
1222
681
1185
1001
1438
1438
1075
1148
1021
1485
1402
1245
1005
467
1262
1442
1119
841
1844
867
1107
1402
1081
902
1622
786
955
1516
1224
1254
1254
1251
1050
1150
1634
1423
2831
2254
1795
1758
1691
1031
1122
1214
1154
1009
1606
1230
727
736
923
502
449
536
0
286
1362
44
0
121
248
287
36
438
156
228
426
331
365
635
1100
590
2201
613
1075
914
2412
2749
1937
1389
1399
674
967
656
944
563
804
709
1421
787
890
844
898
1194
1116
1208
1156
812
649
818
1208
950
919
1265
808
732
1154
750
426
547
