2196
3060
3460
3562
2887
3858
3612
3491
2608
2689
2815
2437
2000
1789
1247
1572
1840
1038
1049
1702
1933
1968
1715
2105
1950
2532
852
1504
1669
1287
1561
1198
1744
2064
1326
1389
1500
2483
1348
1783
1750
224
1870
1445
1245
1639
1936
1732
1742
1352
2185
1850
1713
1853
2009
1848
1173
949
1669
1630
1155
1633
1630
1269
1720
1747
1373
1889
1369
1298
1500
1615
1375
625
1597
0
644
1514
1620
1768
1871
1626
1709
2158
1604
1688
1597
1304
2042
1288
1100
1485
1633
1788
1732
1603
1465
1772
1767
1951
1936
1585
1336
1632
838
1313
1509
1590
1393
1828
641
890
970
1171
1185
1575
1849
0
1485
1783
1543
776
1398
1056
1048
1981
1378
2162
1125
1289
1432
1258
1122
1907
894
1633
1497
491
1985
953
1673
1258
1135
1917
980
2006
672
1210
1237
1777
0
1003
1207
1228
1600
831
1625
737
1530
1067
907
1026
748
747
1224
1058
493
979
1031
1004
910
622
607
830
467
486
680
924
496
384
1292
1298
464
1213
1030
1162
905
1363
1329
870
471
1235
894
948
715
952
1093
1159
1165
1040
1270
1163
1044
832
860
979
1184
397
657
1400
445
276
1371
831
920
1168
1044
855
556
400
864
548
705
503
766
1175
654
1495
511
479
625
379
980
363
807
0
1769
0
0
1671
886
1328
1532
909
1338
1716
958
997
463
1197
815
1632
931
1182
3235
1836
847
1086
1369
1151
775
1423
720
1830
258
972
1299
833
288
763
1050
1341
219
669
737
971
1639
738
724
1384
1316
934
859
838
1488
643
728
1449
1179
1206
1185
1998
1311
1406
959
1232
2204
1476
2359
2053
2412
2326
1680
2711
1896
2938
1910
1364
2010
2224
2317
2365
2123
2225
2581
1964
2047
1500
2336
2025
516
2194
1862
1661
1587
1308
1954
1423
943
2230
1562
2080
1245
1701
523
1500
1174
667
1113
870
752
874
693
644
383
36
1066
1311
274
1908
1286
1378
1195
1988
1477
1116
269
879
1400
1126
1880
1085
1159
1892
1116
957
1910
1075
1539
2585
910
1023
2194
1092
1176
1153
1586
272
905
998
582
1197
1258
1037
741
1123
1319
902
1612
1519
1374
1318
1123
2499
1628
964
1538
1557
995
1403
1017
1115
1256
1411
597
1170
1624
980
1569
1137
1060
1421
1544
1022
909
1340
1873
1049
858
1503
845
1321
1246
1716
1402
1178
1200
1762
1454
1384
1429
1461
1669
1236
1533
973
1424
1831
1597
1261
1707
1353
1846
1334
1779
895
1275
2445
695
1416
1933
1563
1574
1559
1084
1483
1393
87
1652
2477
1164
1230
2158
1026
2109
1363
827
2068
942
1333
1155
725
1185
1093
1461
1438
1075
1194
957
1468
1347
1245
911
408
1203
1334
1119
758
1760
718
1107
1508
1081
937
1556
749
770
1391
1055
1043
1031
1185
979
1084
1634
1393
2672
2004
1577
1522
1507
898
867
1045
1087
1057
1668
1281
773
917
1172
624
527
586
0
342
1362
117
127
336
535
629
172
789
484
476
689
547
472
703
1250
654
2146
613
978
685
2336
2659
1714
1211
1259
601
914
631
997
636
804
709
1405
688
790
688
712
877
887
1068
1002
653
458
737
1049
785
788
1142
763
623
969
605
374
425
