2196
3060
3460
3496
2887
3915
3732
3566
2658
2759
3076
2582
2067
1851
1320
1653
1873
1088
1129
1749
1953
2069
1740
2158
1999
2663
967
1616
1727
1355
1633
1248
1744
2064
1244
1329
1439
2427
1348
1783
1843
350
1883
1492
1286
1679
2022
1770
1771
1352
2106
1792
1674
1719
1884
1755
1032
716
1438
1474
1065
1341
1330
935
1342
1213
727
1490
929
749
1184
1404
1184
313
1448
0
462
1401
1560
1739
1807
1527
1511
2022
1503
1609
1517
1182
1887
1169
1022
1425
1692
1803
1855
1715
1465
1772
1767
1951
1936
1668
1378
1698
950
1396
1663
1653
1583
2040
826
1078
1180
1328
1330
1828
2192
351
1715
2109
1863
1087
1935
1513
1283
2275
1715
2270
1506
1610
1785
1638
1490
2149
1396
2031
2015
1363
2410
1768
2336
1941
1740
2354
1764
2567
1398
1818
1764
2469
363
1531
1693
1756
2000
1574
1914
1340
1649
1578
1552
1342
1164
1260
1547
1466
906
1201
1384
1311
1096
758
768
930
678
670
1034
1270
949
921
1692
1701
751
1651
1328
1441
1356
1879
1878
1651
1157
1877
1351
1387
1207
1686
1630
1649
1612
1492
1779
1673
1432
1293
1222
1294
1392
575
970
1776
739
552
1727
1206
1441
1403
1305
1194
849
662
983
754
923
700
841
1175
654
1568
550
554
776
418
1274
618
929
0
1769
0
0
1671
832
1216
1438
839
1338
1778
1121
1262
701
1384
1159
1773
1216
1457
3512
2142
1080
1234
1618
1338
1172
1830
1091
2002
736
1610
1613
1298
916
1293
1479
1843
590
1289
1131
1387
2067
1188
988
1681
1594
1189
1248
1271
1805
1204
1273
1900
1691
1829
1730
2253
1724
1792
1582
1692
2411
1764
2505
2287
2738
2453
2011
2958
2176
3245
2508
1658
2618
2487
2726
2693
2455
2629
3151
2513
2608
2205
2844
2514
1043
2615
2386
1983
2099
1794
2511
1976
1739
2791
2064
2733
2048
2248
1662
2518
2057
1595
2031
1899
1818
1760
1506
1803
1440
1110
2034
1967
1615
2895
2296
2140
2060
2896
2351
2274
1502
2463
2725
2401
2937
2276
2529
2805
2040
2113
2578
2575
2553
3334
1847
2289
2772
2171
1965
2410
2213
1686
1630
2115
1200
2604
1949
1644
1903
2042
2152
1552
2233
2386
2045
1926
1804
3405
2668
2416
2975
2481
2215
1896
2009
1657
2350
2209
1196
2089
2310
1527
2431
1764
1724
2138
2433
2253
1945
2604
2862
1983
2028
1871
2146
2715
1769
2495
1985
2264
1561
2707
2371
2064
2360
2611
2698
2124
2586
1516
2369
2241
2467
2062
2287
2086
2256
2028
2327
2324
2429
3658
2163
2709
2937
2303
2905
2879
2237
2610
2548
2295
2542
3326
2223
2460
2735
1819
2802
2617
1514
2851
1246
2570
2565
1595
2188
2062
1940
2805
1717
2060
2239
1799
2335
1852
1896
1646
2444
2528
2261
1631
2685
2212
1863
2413
2016
1606
2864
1495
1999
2698
2239
2516
2143
1850
2332
2413
2326
1994
3786
3749
3106
2820
2918
2352
2396
2283
2432
1976
2901
2408
1834
2303
2267
1517
2250
1574
343
1345
2325
807
1357
1482
1679
2086
944
2282
1795
1593
2354
1846
1437
1850
2522
1677
3018
1837
1855
2060
2981
3374
2606
1924
2238
1118
1603
962
1578
1078
1461
1034
1631
1154
1255
1185
1207
1774
1537
1465
1579
1291
1220
1349
1686
1446
1398
1673
1264
1333
1569
1137
662
912
