2196
3060
3460
3496
2697
3744
3552
3417
2507
2550
2728
2292
1967
1728
1175
1532
1806
1038
1129
1796
2036
2221
1812
2371
2196
2794
1198
1951
2190
2038
2498
1899
2654
2789
1903
2291
2367
3221
1923
2361
2399
1168
2045
2110
1819
1917
2538
2216
2092
1880
2618
2423
2101
2299
2426
2015
1454
1181
1863
1760
1233
1926
2031
1698
2014
2014
1761
2088
1711
1847
1951
2036
1797
1311
1895
259
1192
1965
2223
1999
2384
1857
2106
2397
2005
2081
2041
1915
2558
1886
1455
2083
2333
1981
2262
2222
1925
2312
2135
2277
2195
1960
1629
1862
1136
1688
1894
1747
1847
2324
1289
1705
1599
1681
1658
2283
2583
720
1946
2341
2129
1265
2054
1570
1283
2238
1619
2239
1458
1578
1714
1591
1380
2088
1229
1952
1842
1218
2312
1455
2099
1770
1575
2266
1621
2480
1398
1818
1816
2532
431
1637
1742
1703
1927
1506
1862
1280
1627
1531
1498
1342
1164
1311
1619
1619
1060
1386
1636
1669
1514
1211
1305
1478
1258
1001
1438
1715
1402
1398
2052
2204
1160
2144
1774
1859
1808
2201
2043
1846
1406
2162
1612
1575
1392
1931
1831
1895
1969
1621
1924
1819
1543
1478
1294
1231
1461
635
908
1713
739
608
1727
1152
1367
1450
1305
1194
751
531
923
617
869
700
990
1369
868
1716
550
479
625
359
906
363
686
0
1707
0
0
1533
724
1141
1298
490
987
1341
633
733
225
947
472
1211
576
838
2958
1530
614
888
1220
964
643
1307
720
1808
138
908
1194
543
0
551
764
990
0
173
343
451
1296
423
426
975
761
552
431
309
1199
221
274
1103
850
850
776
1840
973
1020
148
567
1842
858
2047
1518
1487
1946
923
2298
1297
2496
1258
1011
1401
1831
1616
1849
1570
1770
2074
1354
1548
873
1930
1739
133
1816
1339
1259
884
715
1336
870
59
1528
773
1264
603
1427
0
1229
921
551
869
526
438
541
388
281
0
0
743
1129
0
1633
907
1123
1013
1892
1346
1058
269
879
1261
1063
1704
1023
1159
1892
1167
1025
1910
1163
1651
2629
910
952
2226
1092
1135
1087
1551
194
869
998
582
1197
1258
1067
863
1174
1365
938
1612
1471
1299
1318
1123
2454
1524
832
1407
1515
1048
1380
972
1089
1256
1411
597
1121
1624
1006
1528
1106
1024
1421
1497
1022
956
1277
1828
1049
858
1486
845
1321
1246
1716
1426
1269
1232
1762
1494
1440
1550
1611
1841
1310
1575
995
1462
1814
1635
1294
1753
1441
1863
1363
1802
1074
1368
2495
812
1578
2017
1648
1727
1706
1170
1569
1393
0
1687
2547
1210
1230
2131
989
2040
1297
706
1937
927
1333
1155
681
1137
1001
1461
1438
1043
1194
957
1468
1292
1213
911
408
1144
1334
1065
758
1760
718
1107
1455
1130
902
1622
749
832
1453
1111
1184
1198
1284
1121
1217
1669
1453
2778
2087
1723
1699
1752
1163
1122
1270
1356
1251
1853
1537
958
1038
1271
705
684
635
0
454
1555
226
195
336
463
629
172
701
320
414
601
403
419
635
1250
590
2092
541
929
685
2336
2570
1714
1256
1190
564
861
580
786
526
695
655
1389
688
724
657
681
825
810
1022
925
533
411
655
1009
702
613
938
443
295
692
314
191
222
