2196
2978
3393
3562
2792
3801
3492
3268
2407
2411
2554
2220
1967
1758
1175
1491
1772
1038
1049
1702
1912
1866
1643
2052
1852
2488
736
1393
1611
1219
1561
1248
1744
2064
1285
1389
1439
2427
1253
1687
1704
224
1858
1350
1204
1639
1979
1807
1771
1308
2106
1792
1752
1898
2051
1830
1173
871
1631
1604
1142
1675
1780
1460
1804
1747
1373
1849
1369
1298
1500
1657
1375
625
1597
0
644
1457
1620
1739
1935
1659
1709
2090
1503
1648
1597
1243
1887
1228
982
1306
1575
1788
1773
1603
1419
1826
1804
2023
1968
1710
1420
1665
875
1396
1624
1637
1583
2040
873
1203
1180
1406
1330
1727
2045
167
1639
2016
1756
909
1637
1285
1115
2055
1426
2208
1316
1482
1644
1495
1380
2058
1284
1952
1842
1072
2247
1455
2099
1770
1520
2179
1336
2221
870
1453
1448
2154
91
1267
1450
1386
1709
1101
1678
737
1551
1206
1176
1113
887
901
1260
1160
699
1053
1132
1158
957
622
553
780
415
412
579
924
496
384
1332
1298
464
1213
931
1116
776
1169
1219
805
346
1021
699
760
593
952
1093
1159
987
1040
1270
1309
1211
924
860
979
1184
456
845
1650
666
497
1667
1152
1292
1356
1200
1025
653
466
804
548
759
503
617
982
368
1200
353
34
172
223
465
0
442
0
1394
0
0
1326
616
1104
1251
420
987
1466
850
865
284
1009
643
1492
789
1045
3097
1759
769
1036
1419
1151
775
1540
932
1895
497
1291
1438
949
358
869
1050
1291
145
421
518
659
1425
558
525
1161
1038
743
664
502
1315
362
501
1276
960
939
867
1899
1085
1195
460
823
1997
1147
2172
1718
1813
2094
1207
2463
1537
2632
1421
1100
1584
1962
1791
2036
1736
1921
2327
1659
1735
1108
2133
1862
373
2026
1630
1500
1395
1093
1769
1300
678
1949
1275
1835
1004
1655
435
1432
1111
609
1052
801
815
874
693
571
383
0
1120
1384
353
1908
1160
1378
1241
2131
1564
1347
516
1332
1749
1381
2115
1399
1616
2276
1527
1501
2264
1957
2158
3114
1627
1867
2579
1751
1674
1881
1934
1057
1267
1612
876
1934
1638
1432
1475
1736
1874
1407
2095
2193
1859
1713
1545
3088
2304
1822
2321
2103
1738
1672
1468
1399
1881
1850
987
1702
2036
1345
2062
1545
1539
1950
2246
1945
1615
2161
2547
1672
1621
1754
1637
2272
1620
2247
1767
1857
1435
2406
2132
1837
2036
2211
2355
1754
2081
1277
1991
2063
2126
1762
2101
1881
2119
1767
2167
1908
2060
3253
1576
2224
2519
1989
2342
2293
1768
2177
2163
1719
2328
3113
2039
2300
2653
1668
2628
2287
1312
2590
1155
2309
2296
1421
2045
1877
1894
2610
1621
1969
2175
1799
2280
1757
1661
1292
2090
2148
1826
1299
2265
1614
1545
1987
1524
1184
2079
1047
1323
1951
1675
1955
1754
1584
1833
1815
2014
1724
3361
3085
2596
2348
2305
1758
1759
1777
1827
1541
2223
1742
1142
1279
1470
948
1311
1030
0
788
1843
408
674
765
892
972
308
965
566
662
1039
836
740
1040
1699
1102
2528
1045
1368
1220
2563
2838
1937
1478
1679
859
1338
835
1419
931
1297
899
1534
1020
1056
999
1053
1511
1384
1418
1579
1291
1315
1389
1686
1363
1398
1714
1310
1388
1707
1330
766
1034
