2196
3141
3526
3694
2982
3971
3792
3715
2658
2829
3076
2654
2100
1820
1247
1572
1840
1088
1129
1772
1995
2170
1788
2318
2098
2751
1082
1783
2016
1697
2138
1549
2264
2582
1697
1991
2119
2994
1731
2216
2260
1042
2045
2110
1819
1917
2581
2290
2179
1924
2697
2652
2335
2522
2634
2090
1595
1414
2133
1994
1323
2218
2382
1985
2350
2547
2407
2487
2150
2533
2401
2458
2104
1811
2164
638
1861
2585
2826
2288
3025
2187
2603
2772
2607
2552
2525
2587
3022
2483
1849
2562
2682
2041
2425
2504
2200
2690
2356
2566
2487
2334
2006
2191
1508
2062
2241
1904
2150
2572
1521
2081
2018
2034
1913
2536
2779
1027
2214
2713
2609
1709
2710
2312
1720
2680
2294
2487
2218
2028
2209
2304
1969
2603
2175
2588
2533
2308
2867
2583
2952
2681
2401
2921
2690
3084
2322
2790
2711
3666
1789
2588
2667
2811
2655
2788
2387
2425
1854
2506
2680
1944
2179
2388
2337
2589
2091
2091
2543
2539
2258
1845
2003
2125
1943
1479
2146
2358
1956
2055
2412
2656
1528
2746
2418
2462
2711
3169
2977
2823
2217
3089
2460
2390
2130
2829
2569
2794
2952
2459
2869
2767
2264
2770
2379
2300
2569
1646
1972
2716
1914
1492
2795
2064
2484
2153
2141
2635
1580
1711
2055
1988
1962
1946
2256
2401
2013
2967
1218
1666
1908
671
2156
1381
1660
416
2583
490
335
2497
1425
1665
1953
1467
1806
2277
1500
1659
999
1821
1674
2335
1642
1732
3858
2601
1546
1531
1916
1572
1502
2178
1514
2174
1273
2056
1891
1704
1335
1505
1622
1994
627
1351
1174
1491
2153
1233
1021
1644
1547
1093
1054
1031
1632
877
910
1623
1399
1517
1503
2174
1573
1581
1271
1385
2256
1517
2359
2053
2412
2305
1727
2766
1896
2938
1964
1364
2131
2224
2375
2505
2344
2528
3024
2330
2421
2048
2691
2310
803
2489
2212
1862
1971
1632
2387
1915
1651
2721
1920
2406
1566
1975
1224
2111
1742
1247
1725
1556
1379
1372
1100
1296
978
605
1658
1712
1141
2511
1980
1844
1696
2513
1914
1811
1071
2011
2446
2018
2584
1900
2149
2516
1732
1773
2421
2133
2215
3070
1516
1796
2611
1871
1674
1881
1934
1136
1340
1724
965
2068
1673
1462
1658
1838
1967
1479
2095
2193
1822
1713
1512
2998
2096
1558
2126
1935
1579
1627
1423
1321
1777
1850
987
1702
2002
1319
2021
1482
1466
1912
2105
1760
1568
2098
2412
1583
1468
1670
1354
1892
1495
2034
1669
1676
1373
2191
1893
1724
1874
1911
2012
1458
1786
1104
1613
1921
1862
1561
1916
1617
1966
1507
1939
1431
1691
2950
1282
2009
2393
1904
2137
2048
1469
1873
1778
855
2008
2866
1670
1872
2488
1479
2525
2155
1312
2633
1155
2244
2229
1421
2045
1923
1917
2675
1685
2015
2239
1799
2390
1884
1943
1764
2562
2583
2316
1673
2643
2137
1823
2359
1918
1536
2798
1420
1938
2512
2183
2586
2310
1916
2474
2480
2326
1994
3839
3749
3106
2702
2734
2220
2269
2171
2432
2024
2901
2408
1834
2303
2267
1558
2485
1722
483
1568
2469
916
1494
1697
1822
2086
898
2018
1549
1345
1828
1485
1169
1512
2223
1485
2964
1621
1660
1754
2791
3195
2383
1745
2028
1007
1550
911
1578
1004
1461
980
1583
1120
1155
1092
1145
1616
1460
1465
1579
1211
1220
1389
1726
1405
1355
1632
1310
1333
1569
1234
740
1034
