2196
3060
3526
3562
2982
3915
3672
3566
2658
2829
3163
2654
2100
1881
1393
1774
1975
1290
1248
1819
2036
2170
1812
2424
2245
2882
1256
1951
2074
1765
2138
1599
2329
2530
1615
1810
1872
2880
1636
2120
2075
727
1970
1777
1614
1838
2323
2030
1946
1616
2382
2193
2024
2166
2259
1960
1384
1142
1863
1760
1233
1926
2081
1746
2140
2174
1955
2248
1906
2053
2041
2205
1951
1561
2074
448
1557
2416
2645
2259
3089
2253
2603
2772
2557
2473
2364
2465
3022
2543
1889
2682
2857
2115
2629
2842
2476
2961
2577
2711
2551
2459
2132
2257
1582
2187
2395
1982
2377
2749
1752
2457
2227
2192
2058
2839
3122
1518
2521
3132
3143
2109
3306
2883
2124
3121
2824
2658
2646
2317
2597
2780
2374
2875
2677
2946
2921
3035
3160
3084
3331
3194
3007
3358
3259
3386
2785
3155
2974
3917
2060
2799
2764
2864
2764
3058
2466
2666
1876
2599
2680
1973
2225
2491
2373
2743
2245
2239
2744
2693
2398
2026
2165
2225
1943
1479
2045
2358
1956
2114
2452
2707
1650
2856
2517
2602
2840
3298
3087
3018
2466
3446
2852
2703
2498
3319
3106
3612
3667
2911
3377
3423
2763
3692
3175
2992
3330
2242
2598
3406
2721
2045
3269
2547
3303
2622
2663
3568
2214
2563
2829
2743
2563
2734
3299
3239
2944
3925
1729
2631
2813
905
3038
2081
2451
985
3398
1169
793
3462
2180
2189
2656
2584
2802
3338
2421
2784
2011
2820
3135
3459
2922
3038
5103
3901
2946
2371
2762
2460
2757
3224
2361
2475
2050
2950
2310
2459
2172
2195
2242
2546
1035
1971
1612
1908
2410
1548
1253
1978
2056
1507
1637
1752
2036
1485
1591
2142
1874
2007
2003
2390
2061
2072
2143
2101
2643
2176
2733
2588
3282
2643
2437
3151
2456
3483
2834
1835
2983
2749
3193
3115
3063
3135
3848
3062
3232
2988
3402
2882
1570
3162
3259
2586
2994
2495
3376
2959
3154
4054
3355
4038
3171
2796
2713
3264
2815
2292
2825
2723
2446
2314
2015
2455
2101
1678
2572
2295
2245
3224
2737
2437
2425
3278
2701
2854
2119
3293
3562
3038
3524
2903
3290
3333
2605
2929
3049
3721
3285
3907
2509
2993
3092
2711
2338
3006
2527
2549
2029
2730
1524
3275
2295
1948
2637
2655
2662
2021
2682
3012
2493
2291
2193
3904
3240
3141
3693
2944
2746
2098
2324
1889
2923
2648
1526
2573
2654
1762
2759
2046
2055
2478
2901
2745
2321
3235
3266
2428
2537
2022
2542
3159
1993
2813
2204
2671
1686
3093
2690
2262
2684
2910
2870
2199
2671
1603
2520
2330
2656
2196
2380
2232
2358
2201
2509
2860
2844
4163
2633
3193
3272
2473
3161
3026
2408
2827
2789
2775
2684
3503
2545
2834
2955
2083
3079
3210
1918
3286
1383
3155
3102
1986
2571
2338
2122
3392
2038
2516
2881
2008
3048
2236
2459
2354
3154
3125
2914
2213
3274
3407
2539
3371
2853
2134
3909
2054
2921
3632
3085
3639
3143
2449
3613
3477
2845
2476
4634
5162
4344
3705
3716
3278
3161
3071
3442
2750
3887
3177
2433
2965
2865
2086
3425
2365
904
2293
3095
1389
2383
2700
2753
3201
1579
3423
2943
2400
3405
2783
2134
2862
3644
2700
3890
2845
2586
3281
3549
4044
3555
2725
3566
1820
2611
1447
2633
1813
2612
1576
1937
1819
1852
1744
1796
2672
2148
1885
2271
1970
2030
2001
2324
2108
2183
2448
2130
2372
2537
2201
1236
1804
