2196
2978
3526
3694
2982
3915
3612
3342
2507
2620
2728
2364
2033
1820
1320
1694
1907
1139
1209
1796
2015
2170
1764
2211
1999
2575
909
1560
1784
1424
1705
1298
1939
2271
1491
1570
1686
2597
1492
1927
1936
476
1933
1730
1491
1759
2151
1956
1946
1660
2461
2251
2063
2255
2301
1978
1419
1181
1901
1812
1258
1968
2131
1698
2056
2067
1761
2128
1711
1778
1860
1952
1682
1062
1776
145
1131
2021
2163
2028
2448
1890
2156
2397
1955
2002
1920
1732
2300
1647
1337
1844
2041
1907
2099
2110
1787
2258
2025
2168
2098
1835
1545
1763
1024
1521
1701
1669
1620
2040
873
1203
1232
1446
1440
1980
2240
290
1677
2062
1916
1043
1756
1399
1216
2165
1570
2224
1316
1482
1679
1495
1343
2088
1229
1872
1799
1072
2279
1392
2004
1599
1410
2179
1336
2221
936
1393
1500
2154
159
1426
1596
1597
1818
1236
1783
1039
1605
1346
1283
1227
1025
1106
1439
1415
906
1275
1484
1414
1236
849
876
1029
678
670
932
1270
848
682
1532
1600
751
1706
1427
1534
1421
1879
1823
1586
1032
1734
1351
1324
1084
1441
1429
1568
1433
1363
1779
1746
1488
1570
1439
1420
1669
813
1095
1838
959
663
1845
1206
1292
1356
1305
1194
800
662
983
686
869
569
766
1175
582
1421
432
257
474
301
759
109
442
0
1456
0
0
1188
400
916
1016
71
694
1154
579
534
46
697
128
1070
505
770
2889
1530
536
789
1071
823
379
1133
562
1787
198
972
1299
833
288
710
954
1191
71
421
518
711
1425
513
492
1087
900
711
625
550
1343
362
410
1207
960
939
867
1899
1085
1160
398
669
1893
1023
2151
1685
1813
2094
1254
2518
1537
2666
1475
1070
1462
1863
1733
1989
1625
1871
2200
1598
1798
1265
2235
1984
468
2194
1921
1701
1587
1362
2078
1546
943
2300
1562
1998
1245
1792
786
1704
1363
841
1174
938
877
1040
845
861
515
226
1335
1493
589
2127
1412
1505
1377
2179
1608
1347
454
1256
1610
1317
1997
1336
1388
2132
1424
1365
2185
1781
2046
2938
1296
1445
2451
1632
1508
1550
1760
665
1122
1333
758
1532
1396
1219
1046
1429
1596
1191
1819
1856
1635
1531
1318
2726
1784
1162
1668
1599
1048
1403
1017
1141
1413
1571
777
1412
1796
1136
1816
1325
1208
1572
1684
1268
1192
1719
2188
1360
1316
1637
1354
1828
1470
2034
1645
1585
1341
2148
1813
1639
1793
1811
1969
1421
1701
1104
1651
1938
1899
1595
1962
1646
2017
1594
2030
1669
1921
3152
1517
2170
2477
1961
2342
2293
1768
2133
2019
1431
2186
2972
1762
1872
2461
1366
2351
1825
1029
2372
1048
1724
1692
986
1471
1277
1552
1698
1172
1285
1213
1537
1456
1341
1145
703
1380
1605
1391
1008
2054
1166
1266
1721
1327
1113
2014
1010
1201
1889
1562
1745
1531
1451
1477
1549
1876
1573
3096
2586
2159
1994
1936
1427
1377
1495
1558
1396
2161
1742
1234
1459
1620
989
1311
1030
0
844
1795
444
674
765
892
1144
399
1228
812
848
1127
908
740
972
1474
910
2419
901
1270
1144
2563
2927
2048
1523
1679
785
1179
733
1156
784
1133
817
1486
887
923
875
929
1247
1116
1208
1233
852
792
1022
1328
991
962
1224
854
787
1154
701
426
506
