2196
3060
3460
3562
2982
3971
3672
3491
2507
2481
2554
2147
1866
1666
1066
1370
1636
735
890
1655
1912
1917
1667
1998
1803
2488
736
1448
1611
1219
1489
1097
1549
1961
1162
1209
1253
2256
1109
1591
1611
98
1845
1350
1163
1639
1979
1732
1742
1352
2106
1735
1674
1764
1842
1774
1032
716
1476
1552
1103
1508
1580
1174
1636
1640
1179
1769
1271
1161
1410
1615
1375
625
1567
0
644
1570
1680
1739
1871
1593
1610
2022
1403
1609
1517
1060
1835
1169
982
1306
1575
1774
1692
1490
1373
1664
1620
1842
1806
1502
1252
1533
801
1313
1509
1590
1393
1828
549
765
813
1053
1003
1373
1702
0
1370
1690
1436
732
1339
885
913
1871
1185
2131
1125
1321
1432
1162
1085
1816
783
1593
1497
636
2051
953
1767
1315
1080
1874
980
2092
738
1332
1448
2154
159
1320
1499
1439
1709
1101
1678
737
1551
1160
1015
1084
841
901
1260
1160
699
1127
1333
1311
1189
894
822
1079
731
633
882
1171
848
742
1532
1499
587
1378
1129
1255
1034
1427
1493
1196
720
1449
1025
1073
838
1197
1294
1322
1255
1169
1415
1309
1155
924
860
916
977
337
720
1462
519
442
1667
1099
1218
1309
1253
1110
702
531
864
480
705
437
692
982
368
1200
275
0
172
223
392
0
320
0
1268
0
0
1188
454
1029
1204
490
1045
1466
796
865
284
1009
558
1351
718
976
3027
1683
769
1036
1369
1057
643
1365
668
1808
138
908
1264
775
149
710
907
1140
0
235
431
555
1382
513
558
1124
900
680
625
502
1286
362
501
1276
997
939
867
1860
973
1055
211
516
1868
982
2089
1584
1650
1988
923
2325
1337
2530
1367
1070
1523
1962
1791
1989
1625
1820
2200
1537
1611
951
2083
1862
277
1942
1571
1380
1139
877
1459
1054
412
1879
1203
1754
1004
1655
610
1704
1363
841
1297
938
940
1040
795
861
515
226
1281
1493
589
2127
1475
1505
1423
2227
1652
1347
516
1181
1540
1317
1997
1336
1540
2132
1321
1297
2067
1428
1820
2850
1241
1374
2419
1572
1508
1682
1830
979
1304
1612
876
1867
1603
1401
1475
1736
1828
1299
1923
1952
1710
1622
1415
2862
1940
1360
1930
1809
1366
1537
1197
1244
1569
1611
747
1315
1693
1084
1651
1169
1024
1421
1544
1084
1050
1466
2053
1227
1163
1570
1127
1575
1346
1822
1475
1269
1232
1762
1534
1440
1470
1461
1669
1199
1449
973
1424
1831
1672
1395
1823
1499
1897
1363
1847
1193
1506
2748
989
1739
2100
1676
1727
1755
1298
1743
1586
375
1794
2618
1394
1497
2241
1102
2109
1429
787
2068
957
1333
1155
725
1232
1139
1506
1568
1140
1285
1149
1537
1511
1309
1051
644
1321
1442
1228
925
1928
942
1147
1455
1130
937
1622
786
832
1453
1167
1254
1198
1284
1121
1217
1634
1393
2778
2171
1795
1699
1752
1097
1059
1214
1154
1106
1791
1383
820
977
1172
664
606
586
0
454
1555
262
332
551
606
801
218
701
484
476
689
547
419
703
1325
718
2310
901
1173
914
2450
2704
1881
1434
1609
785
1232
758
1261
820
1188
871
1534
1020
1089
1030
1083
1458
1269
1348
1425
1052
1030
1226
1567
1239
1267
1510
1127
1169
1430
1088
662
912
