2196
3060
3592
3760
3077
3971
3792
3640
2608
2759
3076
2727
2134
1881
1393
1774
2009
1391
1368
1889
2098
2322
1884
2477
2294
2926
1256
1895
2132
1833
2210
1599
2199
2479
1574
1750
1810
2710
1540
2072
2121
853
1995
1967
1696
1878
2409
2104
2063
1792
2579
2423
2179
2389
2467
2034
1525
1259
1940
1838
1258
2051
2231
1841
2224
2334
2148
2368
2052
2259
2131
2289
1951
1624
2104
562
1678
2416
2585
2201
2961
2187
2504
2669
2406
2356
2323
2404
2867
2304
1692
2323
2566
2041
2466
2616
2246
2690
2319
2530
2422
2251
1922
2093
1433
1979
2203
1888
2112
2536
1567
2081
2018
1956
1840
2536
2877
1211
2253
2713
2556
1576
2472
1970
1519
2459
2004
2394
1933
1867
2032
1971
1675
2361
1841
2389
2317
1872
2671
2144
2668
2397
2181
2747
2333
2869
1926
2365
2237
3099
1178
2165
2180
2178
2291
2181
2151
1943
1768
2135
2250
1686
1718
1824
1978
2181
1730
1831
2291
2334
2119
1709
1789
1926
1679
1295
1893
2111
1704
1816
2252
2455
1405
2582
2170
2277
2517
3040
2757
2562
2030
2946
2395
2264
2007
2666
2435
2713
2773
2201
2578
2475
2097
2585
2307
2174
2361
1408
1722
2591
1840
1437
2735
2010
2484
2059
2089
2551
1531
1711
1995
1920
1907
1946
2330
2530
2156
3115
1375
2037
2209
768
2597
1827
2086
723
3084
898
652
3049
1964
2002
2375
2095
2333
2839
1934
2320
1713
2508
2619
3038
2353
2557
4619
3366
2479
2124
2464
2180
2229
2701
1938
2325
1632
2567
2170
2169
1963
2089
2147
2546
1072
2033
1743
2064
2539
1728
1385
2089
2149
1507
1560
1656
1978
1391
1455
2073
1801
2007
2003
2351
1986
1967
1832
1846
2514
1929
2588
2421
2956
2538
2153
3013
2256
3279
2562
1688
2679
2519
2784
2787
2676
2831
3341
2635
2733
2440
2996
2637
1282
2825
2794
2305
2674
2225
3005
2529
2535
3493
2709
3304
2529
2431
2100
2721
2373
1769
2153
1899
1818
1815
1557
1875
1506
1047
1926
1858
1457
2675
2106
1929
1878
2705
2089
2043
1194
2011
2377
2082
2761
2088
2377
2757
1989
2045
2539
2575
2553
3378
1957
2430
2836
2351
2048
2410
2248
1843
1666
2283
1289
2873
2053
1796
2331
2400
2384
1732
2406
2578
2194
2048
1901
3541
2720
2482
3105
2523
2321
1963
2054
1734
2506
2329
1316
2234
2413
1580
2513
1827
1834
2252
2526
2253
1898
2604
2817
1939
1876
1821
1863
2462
1694
2318
1839
1947
1451
2406
2052
1809
2036
2211
2269
1680
1996
1256
1915
2045
2051
1695
2008
1734
2068
1652
2076
1669
1921
3203
1517
2224
2561
1989
2342
2293
1725
2133
2115
1431
2186
3043
1947
2193
2625
1630
2663
2485
1514
2807
1231
2635
2565
1551
2093
1923
1871
2675
1653
1969
2111
1764
2170
1757
1708
1351
2149
2202
1935
1382
2391
1689
1624
2147
1721
1324
2275
1122
1446
2138
1731
1885
1698
1584
1762
1815
2014
1724
3361
3002
2523
2348
2427
1890
1950
1946
2029
1638
2408
1896
1281
1520
1669
1030
1467
1129
28
955
1940
517
810
1052
1179
1486
671
1755
1386
1221
1653
1341
1116
1580
2223
1421
2855
1621
1758
1907
2867
3240
2495
1924
2238
1155
1762
1039
1736
1115
1626
1115
1679
1253
1288
1154
1238
1827
1575
1512
1694
1371
1411
1553
1925
1611
1660
1877
1538
1552
1845
1427
845
1196
