2196
3060
3592
3628
2887
3858
3672
3491
2507
2481
2554
2292
2000
1728
1211
1491
1738
937
1010
1725
1953
2069
1764
2318
2147
2751
1082
1728
1842
1560
1921
1448
2069
2375
1532
1750
1810
2710
1588
2072
2075
664
1970
1872
1696
1858
2452
2216
2150
1924
2657
2595
2296
2522
2592
2108
1701
1491
2172
2020
1336
2218
2382
2032
2308
2494
2213
2447
2052
2396
2311
2416
2066
1811
2134
524
1739
2472
2645
2230
3025
2220
2603
2703
2456
2434
2364
2465
3022
2424
1770
2562
2682
2070
2507
2616
2246
2690
2356
2566
2487
2293
1964
2126
1471
1979
2164
1857
2037
2430
1382
1956
1913
1877
1804
2435
2779
965
2099
2574
2503
1576
2472
2027
1620
2606
2149
2441
1981
1899
2067
2114
1859
2512
2064
2548
2533
2235
2834
2520
2952
2738
2566
3096
2832
3127
2322
2669
2606
3540
1517
2429
2424
2442
2437
2383
2230
2124
1789
2228
2250
1715
1810
1978
2050
2232
1782
1905
2291
2283
2072
1709
1789
1976
1679
1295
1792
2061
1704
1697
2172
2304
1241
2254
1873
1952
1937
2395
2263
1977
1531
2447
1873
1888
1699
2421
2234
2549
2505
2137
2578
2475
2042
2400
2090
2049
2292
1468
1847
2653
1767
1382
2617
1957
2484
2059
2089
2466
1482
1646
1936
1714
1689
1553
1883
2078
1584
2452
982
1295
1379
554
1789
1127
1477
328
2521
445
265
2428
1479
1740
2047
1607
1982
2527
1663
1924
1296
2133
2190
2757
2140
2282
4273
3060
2168
1877
2265
1993
1965
2585
1779
2239
1333
2184
1926
1820
1405
1664
1861
2245
850
1723
1480
1751
2282
1368
1154
1829
1825
1316
1326
1319
1834
1251
1364
2004
1801
2007
1957
2371
1949
2002
2019
1999
2592
2134
2692
2521
3119
2601
2342
3124
2416
3381
2671
1776
2862
2618
3076
3068
2952
3084
3785
3123
3357
3145
3452
2963
1617
3162
3143
2546
3058
2549
3438
2959
3066
3914
3140
3875
3010
2796
2713
3196
2752
2176
2703
2586
2383
2314
1964
2455
2101
1615
2464
2295
2245
3279
2800
2437
2334
3230
2613
2622
1872
2991
3213
2783
3406
2715
3214
3285
2657
3065
3128
3721
3285
3907
2619
3133
3221
3071
2587
3271
2701
2942
2137
2898
1554
3342
2295
1978
2576
2655
2708
2057
2716
3060
2567
2321
2226
3994
3240
3009
3497
2860
2746
2120
2415
1915
2923
2688
1556
2622
2688
1788
2842
2140
2239
2629
3088
2991
2416
3298
3266
2428
2436
2022
2542
3222
2018
2778
2155
2535
1655
2964
2610
2177
2562
2760
2741
2162
2628
1559
2482
2295
2618
2229
2403
2232
2324
2143
2418
2622
2614
3860
2339
2978
3104
2416
3059
3026
2366
2784
2837
2871
2755
3609
2591
2888
2983
2158
3079
3144
1878
3243
1352
3090
3035
1899
2523
2338
2077
3261
2006
2562
2945
2025
3103
2268
2506
2472
3213
3180
2968
2172
3190
3257
2380
3158
2705
2028
3648
1942
2859
3570
3142
3779
3143
2382
3471
3410
2810
2415
4475
4747
3980
3410
3532
3145
3033
2846
3105
2460
3394
2716
2018
2423
2367
1598
2564
1772
554
1680
2566
989
1767
2055
2109
2429
1125
2633
2123
1841
2617
2062
1545
2052
2821
1933
3291
2197
2099
2518
3246
3731
3108
2413
3076
1599
2293
1268
2317
1556
2228
1387
1840
1586
1653
1527
1548
2249
1880
1675
1963
1611
1649
1756
2125
1901
1965
2203
1948
2044
2214
1814
1054
1561
