2196
2978
3460
3628
3077
4085
3792
3640
2608
2620
2728
2364
2000
1728
1175
1491
1772
1038
1089
1772
1974
2018
1740
2264
2048
2707
1025
1672
1842
1560
1994
1498
2134
2427
1574
1690
1748
2767
1540
2024
2028
602
1945
1730
1491
1798
2237
2030
2004
1748
2539
2308
2063
2255
2384
2015
1525
1297
2056
1916
1310
2218
2432
2032
2350
2494
2278
2407
2003
2190
2131
2247
1951
1561
2044
410
1496
2303
2464
2173
2897
2121
2454
2601
2356
2277
2162
2037
2558
2005
1495
2024
2216
1937
2181
2222
1925
2420
2135
2313
2260
2001
1713
1928
1247
1771
2010
1825
1999
2395
1289
1830
1756
1760
1694
2334
2583
842
2061
2481
2289
1354
2173
1741
1418
2386
1811
2317
1648
1707
1926
1876
1638
2330
1730
2270
2188
1654
2508
1956
2526
2226
1961
2572
1977
2653
1596
2000
1974
2721
634
1796
1839
1808
2000
1574
1888
1340
1659
1624
1659
1371
1256
1414
1619
1619
1163
1386
1585
1516
1375
1030
983
1129
836
706
983
1220
899
861
1652
1650
792
1651
1328
1441
1356
1879
1823
1456
907
1734
1286
1324
1146
1686
1697
1895
1969
1621
1924
1892
1654
1755
1511
1545
1669
932
1283
2152
1253
995
2142
1581
1888
1731
1618
1703
1044
1056
1459
1234
1361
1290
1586
1820
1369
2378
943
1221
1379
554
1789
1063
1416
240
2396
400
265
2291
1317
1590
1907
1537
1865
2340
1608
1791
1237
2071
2190
2686
1998
2076
4134
2754
1857
1629
1966
1618
1568
2236
1567
2153
1154
2056
1891
1820
1405
1558
1765
2094
701
1475
1305
1647
2282
1368
1187
1829
1825
1284
1365
1367
1805
1157
1182
1830
1618
1784
1730
2233
1686
1686
1458
1641
2385
1805
2525
2321
2738
2411
1869
2821
1976
3040
2127
1423
2131
2257
2434
2552
2344
2477
2961
2208
2359
1891
2691
2392
899
2489
2328
1983
2035
1740
2573
2037
1739
2931
2136
2733
1967
2112
1311
2179
1805
1305
1786
1556
1379
1428
1201
1441
1110
794
1765
1821
1299
2566
1917
1844
1696
2513
2001
1811
1009
1784
2098
1700
2408
1775
2073
2516
1732
1841
2460
2310
2384
3202
1737
2078
2739
2051
1799
2079
2074
1450
1485
1892
1053
2336
1845
1553
1781
1991
2013
1443
2061
2097
1784
1713
1545
3043
2148
1756
2387
2103
1685
1694
1513
1373
1829
1850
957
1702
2002
1319
2062
1482
1466
1912
2199
1822
1615
2225
2547
1672
1621
1754
1637
2145
1545
2141
1742
1857
1404
2320
2012
1809
1996
2161
2312
1717
2081
1277
1991
2099
2240
1862
2124
1851
2119
1767
2144
1848
2060
3253
1693
2385
2602
2075
2495
2390
1768
2133
2067
1527
2221
3078
1993
2193
2598
1630
2594
2221
1272
2590
1155
2309
2162
1290
1806
1600
1734
2154
1396
1695
1662
1677
1951
1597
1521
1233
1971
2094
1826
1299
2265
1465
1425
1880
1524
1219
2145
1010
1323
1889
1619
1815
1587
1451
1406
1483
1807
1513
2884
2337
1795
1758
1814
1229
1250
1327
1288
1154
1853
1537
1050
1158
1371
867
997
882
0
677
1699
371
469
622
678
801
263
789
484
600
864
547
419
635
1100
590
2092
469
880
609
2222
2525
1546
1122
980
416
702
554
786
526
749
655
1405
688
757
688
743
983
1001
1162
1156
772
696
941
1288
1033
962
1306
854
732
1154
750
453
588
