2196
3141
3659
3694
2982
3915
3612
3491
2608
2620
2728
2437
2067
1820
1247
1572
1806
1088
1129
1772
1974
2069
1715
2105
1950
2532
794
1448
1669
1287
1561
1248
1874
2220
1409
1510
1562
2540
1444
1976
1936
539
1920
1587
1409
1739
2108
1918
1917
1528
2342
2136
1907
2076
2217
1923
1314
1026
1785
1734
1207
1884
1981
1603
1930
1907
1502
1969
1515
1641
1770
1952
1682
1062
1776
69
1009
1852
1982
1913
2255
1824
1958
2294
1905
1963
1880
1610
2196
1527
1258
1665
1925
1863
1977
1828
1557
1934
1878
2023
1936
1626
1378
1665
950
1480
1663
1669
1658
2076
873
1141
1128
1288
1258
1727
1996
106
1639
1969
1703
865
1577
1228
1115
2018
1329
2146
1078
1257
1397
1210
1159
1877
950
1673
1540
709
2149
1141
1815
1371
1245
2005
1123
2135
738
1332
1395
1966
0
1162
1304
1334
1709
1169
1757
1039
1605
1346
1283
1199
1025
1055
1439
1313
751
1164
1333
1362
1143
758
768
1029
678
633
932
1171
747
682
1532
1550
710
1597
1328
1441
1227
1621
1548
1196
782
1520
1090
1011
715
1033
1227
1322
1165
1040
1343
1309
1100
924
860
979
1046
278
657
1525
445
331
1430
884
920
1121
991
855
653
466
923
686
923
634
766
1175
654
1568
471
405
550
320
906
236
564
0
1519
0
0
1326
508
991
1157
350
928
1341
687
799
284
1072
643
1422
860
1113
3097
1683
614
888
1270
964
511
1191
562
1744
19
716
1090
368
0
391
668
940
0
0
256
347
1210
288
327
901
715
584
509
358
1199
175
319
1138
850
850
731
1821
973
1020
211
618
1919
1023
2109
1651
1705
2052
1065
2380
1417
2564
1421
1041
1340
1863
1674
1942
1625
1871
2200
1476
1673
1108
2083
1821
325
1984
1571
1420
1139
877
1583
1116
501
1879
1060
1590
924
1610
435
1500
1174
725
1174
938
877
1040
795
861
515
100
1227
1420
432
2072
1475
1547
1468
2274
1696
1405
516
1332
1679
1445
2173
1399
1464
2084
1270
1093
2028
1428
1764
2806
1241
1445
2451
1512
1467
1550
1760
665
1122
1445
788
1599
1465
1249
1169
1429
1550
1083
1716
1711
1486
1470
1318
2771
1888
1294
1930
1767
1313
1515
1242
1270
1569
1691
807
1460
1830
1188
1816
1294
1208
1648
1871
1391
1192
1593
2143
1316
1163
1586
1184
1638
1371
1857
1499
1404
1263
1934
1654
1554
1672
1761
1969
1458
1786
1125
1689
1956
1937
1595
1939
1675
2034
1623
2030
1669
1921
3102
1517
2116
2393
1904
2188
2195
1682
2090
2067
1527
2257
3078
1900
2032
2516
1441
2455
1957
1150
2459
1094
1984
1826
1160
1663
1462
1666
2089
1396
1695
1662
1677
1951
1629
1521
1233
1971
2148
1826
1382
2391
1838
1664
2147
1770
1360
2406
1196
1569
2200
1901
2236
1921
1650
1833
1948
2084
1784
3414
3085
2523
2230
2305
1758
1759
1833
1894
1589
2284
1793
1281
1580
1719
1152
1624
1228
133
1011
1940
553
879
1052
1179
1315
490
1316
976
910
1214
836
633
838
1400
846
2364
829
1124
991
2412
2749
1825
1300
1259
601
861
631
944
600
749
682
1405
721
790
688
774
930
887
1092
1002
613
411
696
1009
660
613
898
398
295
785
363
217
182
