2196
2978
3460
3628
3077
4085
3792
3715
2758
2829
2989
2509
2067
1820
1247
1613
1806
1038
1089
1772
1995
2120
1764
2211
2048
2707
1082
1839
2074
1833
2210
1699
2459
2634
1697
1931
2057
2994
1827
2361
2399
1105
2033
2015
1778
1937
2581
2253
2150
1924
2657
2595
2218
2344
2384
1978
1419
1181
1901
1838
1271
2009
2181
1746
2056
2174
1955
2288
1955
2259
2131
2205
1874
1499
2044
448
1557
2416
2585
2230
2897
2088
2355
2567
2256
2277
2162
2098
2661
2005
1534
2203
2391
1996
2303
2391
2108
2582
2282
2458
2325
2085
1755
1961
1210
1729
1894
1763
1885
2324
1289
1705
1651
1760
1694
2334
2681
904
2061
2481
2343
1443
2412
1970
1552
2533
2101
2410
1933
1835
2032
2066
1822
2421
1841
2349
2274
1944
2638
2081
2526
2169
1961
2528
2049
2739
1662
2183
2185
2910
906
2007
2034
2125
2218
1979
2046
1702
1724
1903
1982
1600
1672
1824
1978
2130
1679
1757
2190
2181
1886
1528
1627
1727
1469
1221
1792
2061
1654
1697
2252
2506
1487
2691
2269
2370
2517
2911
2648
2432
1905
2804
2330
2264
2068
2748
2502
2876
3041
2524
3014
2986
2430
3139
2741
2615
2846
1885
2348
3092
2281
1713
2973
2332
3005
2388
2454
3229
2019
2367
2650
2537
2399
2537
3001
3110
2800
3704
1689
2631
2737
885
2891
1954
2268
942
3398
1169
828
3393
2126
2152
2516
2374
2626
3088
2150
2453
1713
2570
2877
3178
2567
2763
4826
3672
2712
2223
2513
2133
2229
2759
2043
2368
1751
2567
2101
2169
1893
1929
2051
2395
998
1847
1524
1803
2324
1458
1253
1904
1918
1411
1482
1560
1921
1298
1364
1934
1691
1829
1776
2292
1799
1862
1769
1897
2566
2011
2629
2455
2956
2495
2153
3013
2336
3381
2616
1688
2740
2552
2901
2881
2731
2781
3404
2696
2920
2675
3148
2678
1282
2909
2910
2345
2674
2279
3129
2652
2712
3703
2996
3630
2850
2613
2362
2993
2499
2001
2520
2449
2320
2314
2015
2600
2167
1678
2518
2332
2403
3388
2990
2564
2470
3326
2701
2854
2180
3369
3632
3102
3641
3091
3595
3429
2708
3133
3207
3986
3398
4039
2674
3274
3253
3131
2545
3337
2701
2785
2101
2842
1583
3409
2329
2039
2698
2757
2801
2129
2716
3108
2530
2291
2193
3949
3240
3009
3562
2902
2799
2120
2415
1889
2819
2648
1586
2670
2722
1867
2924
2140
2239
2629
3088
3114
2557
3425
3356
2562
2588
2072
2712
3476
2117
2920
2228
2716
1717
3136
2729
2262
2643
2960
2912
2236
2671
1559
2407
2295
2580
2129
2310
2144
2307
2114
2418
2622
2614
3860
2280
2870
3062
2359
3059
2928
2280
2654
2645
2679
2613
3467
2453
2781
2955
2045
3044
3144
1878
3286
1368
3155
3102
1943
2523
2384
2145
3326
2038
2516
2817
1990
2939
2140
2225
2059
2740
2854
2642
2005
3022
2884
2181
2892
2410
1852
3321
1681
2306
2885
2465
2797
2476
1983
2616
2613
2430
2054
3839
3916
3324
2879
2857
2286
2205
2227
2365
1976
2839
2255
1695
2122
2118
1395
2094
1574
343
1457
2325
807
1426
1697
1822
2258
1080
2545
2123
1717
2354
1846
1384
1850
2597
1869
3291
2125
2001
2365
3094
3553
2829
2146
2727
1414
2134
1243
2264
1482
2064
1305
1792
1553
1587
1434
1517
2197
1842
1675
2001
1691
1792
1797
2164
1901
1965
2203
1902
2044
2214
1911
1080
1520
