2196
3141
3592
3628
2887
3858
3552
3268
2457
2481
2641
2220
1900
1697
1175
1532
1772
987
1089
1725
1953
1968
1691
2052
1852
2532
736
1448
1611
1355
1633
1298
1809
2220
1409
1449
1500
2483
1396
1831
1843
413
1920
1682
1450
1759
2151
1956
1888
1572
2382
2136
1946
2076
2217
1923
1279
987
1708
1708
1207
1884
2031
1651
2014
2067
1761
2128
1759
1916
1951
2036
1797
1249
1865
183
1131
1908
2163
2028
2448
1857
2057
2363
2005
2081
2001
1915
2558
1945
1495
2083
2216
1922
2181
2166
1879
2366
2172
2385
2260
2043
1713
1928
1173
1688
1856
1731
1810
2288
1197
1580
1599
1642
1585
2131
2387
535
1907
2341
2183
1265
2054
1570
1317
2238
1619
2239
1363
1450
1573
1400
1233
1967
1062
1832
1713
854
2149
1266
1910
1428
1190
1917
980
2092
738
1210
1290
1966
0
1162
1304
1228
1563
764
1573
557
1519
1021
854
998
610
695
1152
904
390
831
930
902
817
441
392
631
309
412
680
924
496
384
1372
1348
464
1213
1030
1209
905
1363
1329
935
471
1164
699
760
593
788
892
832
629
718
1052
944
933
648
788
853
908
278
532
1400
298
165
1371
777
771
1028
835
516
410
203
626
274
541
241
319
724
81
979
236
0
22
184
318
0
199
0
1206
0
0
913
293
879
923
1
694
1154
471
534
46
697
128
1000
362
563
2612
1224
225
591
921
683
181
1017
403
1701
0
780
1159
485
0
338
621
940
0
0
300
451
1253
378
426
1050
807
584
509
406
1257
221
365
1242
924
939
913
1919
1085
1125
398
721
1971
1147
2172
1685
1813
2052
1159
2408
1377
2530
1367
1070
1401
1896
1733
1942
1625
1871
2264
1537
1735
1108
2083
1821
325
2068
1630
1420
1139
931
1583
1054
324
1739
988
1346
523
1290
0
1093
858
435
869
458
376
541
439
354
118
0
905
1238
0
1633
907
1208
1104
1988
1433
1116
331
954
1331
1126
1880
1085
1159
1940
1219
1093
2028
1428
1764
2762
1130
1374
2386
1512
1425
1418
1760
665
1122
1445
817
1666
1431
1219
1046
1429
1596
1191
1854
1808
1561
1500
1318
2681
1784
1162
1668
1641
1101
1447
1062
1141
1361
1531
717
1363
1796
1110
1734
1294
1245
1685
1825
1391
1239
1656
2188
1405
1367
1653
1410
2018
1545
2141
1694
1766
1404
2277
2012
1809
1996
2161
2227
1680
2081
1256
1878
2010
2013
1662
2008
1763
2051
1623
2030
1550
1783
3001
1400
2116
2435
1904
2239
2244
1640
2003
1971
1239
2115
2937
1808
2032
2543
1517
2490
2023
1191
2459
1109
1984
1826
1160
1663
1554
1689
2154
1396
1695
1790
1694
2005
1597
1521
1174
1853
2040
1826
1340
2391
1838
1664
2200
1770
1360
2341
1196
1631
2263
1901
2095
1809
1617
1905
1881
2049
1724
3255
2918
2451
2289
2305
1824
1887
1946
2029
1638
2346
1845
1327
1520
1570
1030
1311
1080
28
899
1892
480
742
837
892
1058
354
1140
812
848
1127
908
740
1107
1774
1038
2528
1117
1368
1373
2639
2972
2104
1567
1679
859
1285
809
1261
784
1133
871
1534
1020
1122
999
1083
1511
1384
1418
1502
1132
1125
1267
1567
1322
1267
1591
1173
1115
1384
992
583
750
