2196
3141
3592
3760
3268
4198
3911
3789
2758
2968
3250
2799
2167
1881
1393
1734
1975
1240
1248
1866
2098
2373
1860
2424
2294
2882
1198
1895
2132
1833
2282
1749
2459
2634
1697
1931
1934
2824
1636
2072
2028
727
1958
1730
1491
1798
2237
2030
1946
1572
2303
2022
1829
1987
2092
1848
1208
910
1631
1604
1129
1591
1680
1364
1762
1800
1373
1929
1418
1367
1590
1699
1490
812
1687
31
948
1739
1921
1884
2191
1758
1908
2226
1754
1806
1678
1365
2042
1288
1022
1425
1692
1818
1814
1603
1373
1718
1731
1914
1839
1502
1168
1533
763
1230
1470
1606
1431
1934
687
1015
1128
1328
1294
1777
2045
106
1562
1923
1703
954
1637
1285
1115
2091
1426
2177
1221
1353
1467
1210
1085
1877
950
1713
1626
709
2083
1141
1910
1485
1245
1961
1051
2135
804
1393
1395
2092
91
1320
1401
1334
1709
1034
1704
798
1562
1160
1122
1113
795
849
1224
1007
442
868
930
902
771
487
392
581
204
302
427
726
344
145
1172
1147
301
1049
882
1069
776
1169
1274
805
346
1093
699
760
531
707
959
995
808
911
1125
1090
989
555
715
853
908
218
532
1274
225
165
1371
777
771
1028
887
686
556
400
864
617
814
569
841
1240
582
1421
471
331
474
301
833
173
625
0
1581
0
0
1464
724
1178
1391
769
1338
1778
1121
1328
761
1571
1417
1984
1358
1526
3512
2142
1080
1135
1518
1244
974
1656
985
1938
557
1291
1403
891
288
763
1050
1341
219
545
606
763
1467
513
558
1198
1038
743
703
646
1401
455
592
1380
1106
1072
1004
1939
1198
1265
585
823
2023
1188
2193
1752
1813
2094
1207
2463
1457
2564
1367
1011
1340
1863
1733
1896
1570
1820
2200
1537
1673
1030
2032
1862
277
1984
1513
1339
1139
985
1583
1054
324
1669
988
1509
844
1473
260
1432
1111
667
1052
801
815
874
642
571
383
36
1066
1275
37
1688
907
1166
1013
1892
1346
1000
146
803
1261
1063
1821
1148
1236
2036
1219
1161
2028
1340
1764
2806
1130
1304
2354
1392
1384
1351
1690
586
1086
1333
729
1532
1361
1158
1046
1378
1504
1119
1785
1711
1449
1440
1220
2635
1732
1096
1734
1725
1207
1470
1152
1192
1413
1571
717
1266
1693
1058
1692
1231
1171
1535
1684
1145
1050
1403
1918
1049
858
1486
788
1258
1221
1680
1402
1223
1216
1762
1494
1412
1510
1511
1712
1273
1575
995
1462
1849
1710
1395
1823
1529
1932
1449
1893
1193
1506
2647
871
1632
2017
1648
1779
1804
1298
1700
1586
471
1830
2618
1348
1444
2213
1064
2144
1363
827
2068
972
1463
1356
768
1328
1185
1506
1568
1140
1330
1277
1537
1566
1341
1145
703
1439
1551
1282
883
1844
793
1147
1455
1031
867
1426
637
648
1267
998
1043
1031
1151
837
951
1565
1363
2672
2004
1504
1522
1507
832
867
1045
1019
1009
1668
1383
912
977
1122
624
527
487
0
231
1362
81
0
0
177
287
0
175
0
104
163
114
204
298
876
270
1928
397
880
609
2298
2525
1602
1167
1190
564
914
605
892
563
804
655
1373
688
724
657
743
983
1001
1162
1079
693
506
778
1128
867
831
1183
763
677
1061
701
426
588
