2196
3060
3592
3628
2982
3915
3732
3640
2708
2759
2902
2582
2067
1820
1284
1572
1806
1038
1049
1725
1974
2120
1788
2264
2048
2619
909
1560
1669
1355
1705
1348
2004
2323
1450
1630
1686
2653
1492
2024
2028
664
1945
1730
1491
1778
2280
2030
1946
1660
2461
2251
2024
2166
2259
1941
1349
1142
1824
1734
1207
1842
1981
1555
1930
2014
1631
2008
1515
1641
1770
1910
1682
1187
1895
296
1253
2078
2283
2086
2704
1989
2255
2499
2105
2081
1960
1793
2455
1886
1416
1904
2158
1937
2222
2279
2016
2420
2209
2385
2325
2126
1880
2060
1396
1938
2087
1857
2112
2572
1567
2207
2123
2034
1986
2738
3024
1272
2368
2899
2876
1842
2889
2484
1821
2864
2535
2565
2456
2189
2420
2542
2190
2784
2621
2946
2965
2962
3160
3084
3379
3251
3062
3445
3473
3516
2917
3276
3027
3917
1924
2799
2862
2916
2728
3058
2492
2727
1908
2692
2841
2030
2272
2440
2409
2692
2142
2091
2543
2488
2258
1845
2003
2175
1996
1552
2247
2556
2259
2353
2612
2908
1732
2965
2517
2648
3033
3427
3197
3083
2528
3517
2852
2703
2375
3156
2837
3203
3309
2588
3159
3059
2485
3139
2596
2363
2569
1587
1972
2716
1840
1326
2557
1957
2410
2012
1984
2466
1482
1646
1936
1783
1798
1815
2181
2401
2013
2967
1296
1889
2058
729
2377
1509
1842
635
2959
807
547
2842
1802
1965
2281
1956
2216
2652
1825
2056
1356
2196
2190
2686
1998
2145
4273
3060
2168
1827
2165
1899
1899
2469
1779
2260
1453
2248
1926
1820
1544
1664
1765
2044
701
1475
1305
1647
2196
1278
1121
1829
1779
1284
1326
1367
1834
1204
1273
1934
1728
1829
1776
2253
1724
1792
1582
1692
2437
1846
2546
2287
2792
2453
1964
2903
2096
3109
2236
1511
2314
2388
2667
2693
2565
2680
3151
2513
2733
2361
2996
2637
1187
2825
2677
2184
2354
1902
2696
2283
2093
3142
2351
3059
2208
2248
1749
2586
2247
1653
2153
1899
1693
1649
1455
1730
1308
920
1926
1894
1378
2730
2232
2098
2060
2896
2351
2390
1625
2614
2865
2528
3172
2464
2758
2949
2194
2453
2735
3016
2835
3554
2068
2570
2932
2411
2131
2675
2388
2235
1811
2451
1377
2940
2087
1766
2148
2349
2384
1732
2371
2578
2120
1926
1739
3360
2564
2218
2713
2271
2003
1784
1738
1554
2246
2169
1196
2138
2276
1501
2349
1764
1724
2138
2480
2314
1992
2667
2907
2028
1977
1871
2033
2589
1719
2353
1888
2128
1514
2535
2211
1922
2198
2411
2441
1865
2249
1364
2142
2152
2278
1895
2148
1881
2153
1825
2167
1967
2060
3253
1634
2224
2477
1989
2291
2244
1640
2003
1923
1239
2079
2937
1808
2032
2516
1441
2490
2155
1312
2590
1124
2179
2095
1334
1949
1785
1803
2480
1621
1923
2047
1746
2170
1693
1615
1292
1971
2040
1772
1257
2307
1539
1505
1987
1622
1324
2406
1159
1569
2138
1844
2025
1754
1617
1905
1948
2084
1754
3308
2918
2305
2053
2059
1427
1377
1495
1558
1347
1976
1537
958
1098
1221
705
762
734
0
565
1651
335
469
622
678
715
172
789
566
662
1039
691
526
838
1325
782
2310
829
1221
1067
2488
2793
1881
1389
1469
748
1073
682
997
600
804
655
1405
688
757
719
805
983
963
1162
1156
772
601
818
1168
867
788
1142
763
677
1015
605
400
466
