2196
2978
3526
3562
2887
3971
3672
3491
2507
2550
2815
2364
1967
1697
1175
1532
1772
937
970
1702
1912
1866
1643
1945
1852
2444
621
1281
1495
1151
1417
1097
1679
2012
1244
1329
1377
2427
1300
1735
1750
287
1883
1540
1368
1739
2151
1881
1888
1572
2303
2079
1946
2076
2176
1923
1279
1026
1747
1708
1194
1800
1881
1460
1804
1800
1438
1969
1515
1641
1815
1952
1682
1124
1865
183
1192
1965
2163
1970
2320
1857
2057
2363
2005
2081
2001
1854
2403
1766
1416
1904
2100
1907
2099
2053
1741
2096
1914
2132
2098
1793
1545
1796
1061
1563
1817
1747
1810
2288
1150
1580
1547
1603
1549
2131
2485
658
1946
2434
2289
1443
2412
1913
1519
2496
1956
2363
1743
1771
1962
1971
1675
2330
1674
2190
2101
1508
2442
1831
2431
2169
1906
2485
1906
2610
1464
1879
1922
2658
702
1848
1888
1861
2036
1709
1914
1340
1638
1531
1445
1285
1164
1311
1619
1568
1009
1312
1585
1516
1375
1075
1144
1278
1047
890
1337
1567
1251
1279
1972
2103
1078
2035
1774
1905
2001
2524
2373
2237
1780
2590
2134
2076
1822
2584
2502
2876
2863
2395
2869
2840
2264
2862
2524
2426
2638
1646
2097
2904
2207
1603
2795
2064
2484
2153
2089
2466
1531
1580
1817
1646
1689
1618
1883
2014
1512
2526
1021
1295
1530
593
1789
1127
1416
328
2396
355
159
2222
1317
1590
1813
1397
1806
2340
1608
1924
1237
2071
2018
2546
1998
2213
4204
2907
1935
1728
2016
1712
1634
2236
1514
2131
1154
2056
1822
1704
1405
1558
1670
1943
664
1413
1218
1439
2067
1188
1021
1681
1640
1220
1248
1271
1776
1157
1182
1830
1618
1784
1730
2272
1836
1897
1769
1794
2462
1887
2546
2287
2792
2474
2058
2958
2216
3211
2345
1541
2436
2388
2609
2646
2399
2477
3024
2269
2484
2048
2691
2351
851
2489
2328
1983
2163
1848
2696
2222
2093
3072
2351
2896
2048
2203
1574
2382
2057
1595
2092
1968
1756
1705
1455
1658
1308
920
1819
1858
1378
2675
2169
1971
1833
2752
2176
2159
1379
2312
2586
2210
2878
2276
2529
2805
2040
2249
2696
2839
2722
3554
2068
2500
2932
2411
2048
2477
2318
1921
1739
2339
1289
2806
2087
1826
2270
2349
2430
1804
2406
2578
2157
2017
1901
3586
2876
2614
3236
2607
2321
1918
1964
1683
2402
2329
1316
2331
2413
1580
2431
1795
1760
2138
2386
2068
1804
2477
2682
1805
1825
1804
1806
2335
1620
2211
1742
1857
1435
2363
2052
1837
2077
2261
2355
1791
2165
1299
1953
2081
2126
1762
2101
1851
2119
1739
2099
1848
2014
3253
1634
2278
2602
2018
2342
2293
1682
2090
1971
1239
2079
2901
1716
1818
2406
1328
2386
1825
1070
2416
1094
1919
1759
1029
1567
1370
1620
1959
1332
1558
1534
1642
1786
1533
1427
1115
1853
1985
1663
1257
2223
1465
1505
1934
1573
1254
2145
1047
1385
1951
1675
1955
1698
1584
1833
1881
2049
1724
3255
3002
2523
2230
2305
1691
1632
1608
1760
1541
2284
1896
1281
1520
1669
1030
1389
1129
63
899
1892
444
605
694
892
1058
354
965
730
724
951
764
633
905
1400
718
2255
757
1124
914
2412
2704
1825
1345
1399
711
1073
733
1156
710
1023
763
1454
821
857
812
836
1036
1040
1208
1194
812
649
900
1248
950
962
1306
854
732
1154
750
453
547
