2196
3060
3526
3562
2982
4028
3852
3640
2608
2759
2902
2582
2134
1881
1357
1734
1941
1290
1328
1866
2077
2373
1908
2583
2442
3013
1429
2118
2305
2038
2354
1799
2459
2686
1821
2111
2181
3107
1923
2361
2353
1105
2058
2157
1901
1977
2624
2328
2208
2057
2776
2709
2296
2522
2551
2053
1595
1375
2056
1916
1284
2135
2231
1794
2098
2120
1890
2208
1857
1984
2041
2205
1874
1436
2015
410
1496
2247
2464
2173
2833
2055
2305
2567
2306
2277
2202
2220
2764
2244
1692
2383
2566
2026
2385
2447
2154
2636
2319
2494
2357
2126
1797
1961
1284
1771
1933
1778
1847
2288
1197
1580
1494
1563
1476
1929
2240
351
1715
2109
1863
998
1816
1399
1182
2091
1522
2224
1363
1514
1714
1591
1454
2119
1396
2071
2015
1363
2410
1705
2289
1884
1740
2441
1764
2523
1332
1757
1764
2406
431
1584
1742
1756
2000
1709
1967
1461
1670
1670
1606
1399
1302
1414
1655
1619
1163
1461
1686
1720
1514
1166
1144
1278
942
817
1236
1517
1201
1160
1892
2002
1037
1980
1675
1859
1808
2201
2043
1716
1157
2019
1612
1638
1330
1768
1831
1895
1791
1492
1779
1819
1488
1478
1294
1294
1392
635
970
1776
812
663
1905
1313
1516
1450
1357
1449
995
990
1400
1234
1306
1159
1511
1820
1298
2305
864
1147
1304
515
1568
936
1294
240
2270
264
124
2153
1155
1515
1719
1118
1514
1903
1229
1460
820
1571
1502
2194
1500
1595
3650
2371
1391
1382
1668
1385
1238
1830
1144
2024
796
1610
1578
1239
707
1028
1288
1592
405
855
912
1127
1810
963
889
1569
1547
1157
1170
1175
1719
970
1091
1761
1545
1651
1639
2194
1686
1686
1333
1437
2307
1682
2442
2153
2466
2348
1775
2821
2016
3075
2127
1452
2192
2290
2434
2552
2399
2579
3087
2452
2546
2205
2793
2433
1043
2615
2503
2023
2163
1848
2573
2099
1739
2791
1992
2570
1887
2112
1486
2314
1931
1479
1908
1625
1442
1538
1303
1441
1044
731
1711
1748
1063
2456
1791
1801
1696
2513
2001
1927
1194
2086
2446
2146
2702
1963
2149
2612
1886
1977
2460
2310
2384
3202
1737
2078
2675
1931
1757
2079
2074
1372
1449
1948
1112
2470
1845
1583
1781
1991
2106
1516
2130
2241
1933
1774
1642
3179
2304
1954
2452
2145
1738
1716
1648
1476
2038
2010
1076
1944
2173
1423
2185
1607
1539
1912
2199
1822
1521
2035
2457
1583
1519
1720
1523
2145
1570
2211
1767
1812
1388
2234
1893
1667
1834
1961
2098
1569
1954
1212
1840
1992
1937
1595
1939
1617
1966
1536
1962
1372
1644
2799
1047
1793
2142
1705
1830
1853
1298
1656
1538
375
1759
2547
1256
1337
2186
1026
2040
1231
746
2068
957
1333
1155
638
1185
1093
1461
1438
1107
1239
1021
1468
1347
1277
1051
585
1380
1605
1337
925
1970
942
1187
1508
1130
902
1491
674
770
1453
1167
1324
1198
1251
1121
1283
1703
1453
2778
2254
1723
1581
1630
964
995
1158
1087
1009
1545
1281
727
857
1122
664
762
685
0
454
1458
190
127
336
392
544
81
614
402
414
513
259
258
433
876
398
1928
253
831
456
2146
2346
1323
944
770
379
649
478
575
342
421
519
1308
554
624
533
619
772
810
1068
964
573
458
737
1089
826
788
1061
580
459
831
363
244
304
