2196
2978
3526
3562
2982
3915
3672
3417
2507
2620
2815
2509
2100
1820
1320
1653
1840
1139
1169
1796
2036
2170
1812
2371
2245
2882
1198
1839
1958
1628
2066
1498
2199
2479
1574
1690
1686
2710
1540
2072
2028
727
1983
1825
1573
1838
2409
2179
2092
1836
2539
2365
2063
2210
2342
1997
1454
1259
1940
1812
1258
2009
2081
1651
1972
2067
1696
2088
1711
1916
1996
2079
1836
1436
1985
410
1435
2247
2524
2173
2768
2088
2454
2601
2306
2277
2162
2098
2609
2065
1573
2263
2507
2026
2425
2504
2108
2636
2282
2458
2357
2168
1839
1994
1322
1813
2048
1841
2037
2430
1335
1830
1704
1760
1658
2182
2534
720
1984
2481
2343
1398
2293
1913
1552
2570
2149
2410
1981
1867
2032
1971
1748
2361
1730
2310
2274
1799
2638
2081
2526
2226
2016
2659
2120
2739
1662
2122
2079
2784
702
1796
1937
2019
2182
1911
2046
1581
1692
1810
1820
1514
1487
1568
1727
1772
1318
1535
1888
1925
1654
1256
1252
1478
1258
1037
1539
1814
1503
1458
2052
2254
1241
2363
2071
2137
2259
2653
2538
2432
1905
2733
2199
2139
1822
2584
2368
2549
2684
2201
2723
2621
2097
2400
2162
2049
2223
1349
1659
2465
1620
1216
2379
1796
2186
1919
1827
2212
1434
1514
1876
1783
1689
1618
2032
2143
1584
2526
982
1295
1455
554
1789
1063
1477
328
2396
445
300
2360
1317
1590
1860
1467
1806
2215
1392
1593
939
1759
1588
2124
1571
1663
3788
2448
1546
1531
1867
1572
1436
2004
1250
2045
855
1737
1682
1472
1126
1452
1622
1893
590
1165
1131
1439
2067
1188
988
1681
1594
1125
1093
1127
1719
1064
1182
1796
1509
1651
1549
2155
1573
1616
1333
1437
2281
1599
2421
2120
2466
2348
1775
2793
1976
3040
2073
1423
2192
2290
2492
2552
2289
2477
2897
2269
2484
2126
2742
2351
899
2573
2445
2023
2099
1740
2573
2099
1916
2931
2136
2733
2048
2203
1574
2382
1931
1479
1969
1694
1567
1594
1405
1586
1176
794
1765
1785
1141
2566
2043
1886
1833
2657
2089
1927
1194
2086
2377
1955
2643
1900
2149
2564
1886
1977
2460
2398
2384
3290
1792
2078
2739
2111
1923
2344
2248
1764
1594
2171
1230
2604
1915
1674
1964
2093
2106
1552
2233
2386
2045
1896
1739
3360
2512
2086
2583
2187
1791
1694
1558
1399
1881
1930
1047
1896
2105
1397
2185
1576
1503
1950
2199
1822
1521
2098
2502
1672
1570
1704
1467
2018
1545
2141
1694
1676
1341
2105
1773
1582
1712
1761
1969
1458
1744
1104
1689
1956
1899
1528
1892
1617
1966
1536
1984
1491
1783
2950
1282
1901
2268
1819
2086
1999
1426
1873
1730
663
1901
2724
1486
1658
2378
1253
2282
1627
908
2198
1003
1594
1491
899
1471
1324
1620
1894
1332
1558
1470
1590
1621
1405
1145
644
1439
1551
1282
883
1928
867
1107
1455
1081
937
1622
749
770
1329
1111
1254
1254
1284
1193
1350
1703
1423
2831
2171
1795
1640
1630
964
995
1158
1154
1009
1545
1178
635
676
923
502
449
536
0
286
1410
117
127
336
463
544
127
614
238
352
601
403
311
568
1175
654
2255
685
1026
685
2298
2525
1602
1122
1120
527
808
605
892
563
749
655
1405
754
790
719
774
1036
1040
1208
1156
772
649
818
1168
909
919
1224
808
732
1061
605
400
506
