2196
3141
3659
3826
3268
4085
3911
3789
2708
2829
2989
2654
2167
1881
1320
1653
1840
1139
1209
1819
2015
2221
1788
2371
2245
2838
1256
1895
2074
1901
2282
1699
2329
2530
1656
1870
1934
2937
1731
2168
2121
727
1958
1730
1573
1818
2280
2030
2004
1704
2421
2193
1985
2121
2259
1960
1384
1104
1785
1760
1233
1884
1931
1508
1846
1800
1373
1889
1466
1435
1590
1699
1414
687
1597
0
583
1457
1680
1797
2063
1692
1759
2158
1604
1688
1638
1304
1938
1228
1022
1425
1575
1774
1692
1434
1327
1664
1620
1769
1741
1418
1126
1434
615
1063
1277
1496
1166
1686
410
514
604
974
1003
1373
1653
0
1255
1504
1276
554
1100
771
812
1687
992
2069
888
1193
1291
1067
975
1786
783
1593
1540
563
2018
890
1673
1144
914
1743
766
1920
540
1089
1185
1714
0
951
1109
1017
1454
629
1520
496
1486
928
854
940
518
542
1044
802
339
831
930
902
817
487
338
581
309
375
629
924
546
324
1292
1248
383
1213
1030
1209
970
1427
1438
1066
533
1306
960
885
593
870
959
995
897
976
1343
1236
1100
832
860
916
977
337
594
1337
225
221
1430
938
1069
1168
1096
855
556
400
745
480
650
437
692
1111
511
1421
471
331
474
320
759
109
564
0
1456
0
0
1257
508
1029
1204
420
928
1279
687
733
284
947
558
1422
789
907
2889
1530
536
789
1071
777
379
1191
615
1808
258
972
1299
717
218
657
954
1291
108
421
518
659
1467
603
624
1198
992
775
664
598
1401
549
592
1415
1179
1250
1231
2037
1348
1371
772
1079
2126
1311
2297
1886
2085
2157
1349
2546
1577
2734
1638
1217
1705
1995
1908
2130
1847
1972
2327
1720
1798
1265
2235
1984
516
2194
1804
1621
1523
1201
1830
1361
766
2089
1347
1754
924
1564
260
1365
985
609
991
732
752
874
744
789
449
36
1174
1384
432
2072
1412
1505
1377
2179
1696
1521
762
1482
1888
1636
2232
1524
1616
2276
1527
1433
2146
1604
1820
2762
1185
1445
2419
1512
1425
1484
1725
665
1159
1501
817
1666
1465
1280
1291
1532
1689
1227
1888
1856
1635
1561
1415
2907
1992
1558
2126
1977
1579
1649
1423
1347
1829
1890
987
1799
2070
1371
2185
1639
1576
2025
2292
2006
1709
2288
2547
1716
1621
1720
1523
2018
1520
2070
1669
1631
1341
2062
1773
1639
1834
1961
2055
1532
1828
1147
1726
1974
1937
1628
1962
1675
2034
1652
2030
1669
1829
3051
1458
2116
2435
1961
2342
2293
1768
2220
2211
1719
2257
3043
1900
2086
2570
1592
2628
2353
1393
2677
1170
2244
2162
1290
1806
1646
1757
2219
1460
1695
1726
1659
1841
1501
1286
821
1557
1768
1446
1008
2054
1166
1346
1774
1425
1113
1883
898
1016
1640
1280
1324
1309
1284
1193
1217
1634
1423
2778
2087
1723
1640
1630
964
1059
1214
1288
1106
1730
1383
912
1098
1221
745
762
685
0
454
1555
226
263
479
606
801
218
877
648
724
1127
836
687
1040
1624
974
2528
1045
1270
1067
2488
2838
1937
1389
1469
711
1073
733
1208
747
1023
817
1502
921
956
844
929
1300
1154
1232
1271
892
839
1022
1407
1074
1049
1387
1036
1005
1292
847
479
669
