2196
2978
3460
3562
2982
3971
3792
3566
2558
2620
2815
2437
2067
1789
1247
1613
1873
1189
1169
1772
1974
2069
1740
2264
2098
2663
909
1616
1784
1424
1705
1298
1874
2220
1450
1570
1624
2653
1492
2024
2028
727
1970
1777
1573
1818
2280
2030
1946
1616
2421
2251
2024
2121
2217
1904
1243
949
1631
1656
1181
1717
1730
1364
1804
1747
1373
1889
1369
1435
1635
1783
1529
937
1776
107
948
1739
1982
1941
2255
1824
2007
2363
1905
1963
1920
1732
2403
1826
1376
1964
2216
1922
2181
2110
1787
2258
2062
2240
2163
1918
1629
1829
1098
1604
1778
1716
1696
2147
1058
1454
1389
1524
1512
1980
2338
413
1792
2155
2023
1132
1875
1513
1283
2275
1763
2286
1601
1674
1856
1828
1638
2330
1730
2310
2231
1726
2573
2019
2573
2340
2126
2747
2333
2912
1926
2304
2237
3099
1042
2112
2132
2125
2218
1979
2046
1702
1703
1810
1767
1428
1395
1516
1691
1772
1215
1461
1787
1823
1561
1211
1198
1328
1100
964
1438
1765
1352
1339
2012
2153
1201
2308
1972
2137
2324
2846
2702
2562
2092
3089
2526
2515
2191
2992
2770
3040
3041
2524
2941
2986
2430
3046
2524
2363
2638
1706
2160
2967
2281
1713
3032
2386
2931
2434
2507
3229
2019
2301
2591
2606
2344
2406
2777
2916
2514
3483
1532
2334
2587
885
2891
2017
2390
1029
3523
1260
899
3531
2341
2339
2797
2793
2977
3525
2530
2982
2190
2945
3392
3740
3207
3244
5241
4054
3179
2470
2762
2460
2625
3107
2255
2475
1990
2822
2275
2343
2103
2142
2242
2646
1183
2157
1830
2220
2667
1863
1551
2238
2334
1698
1871
2041
2267
1953
2000
2419
2203
2496
2457
2567
2362
2353
2580
2510
2850
2505
2879
2856
3608
2749
2674
3344
2736
3653
3106
2011
3470
2979
3660
3491
3450
3539
4292
3489
3606
3615
3807
3249
1953
3456
3609
2787
3378
2872
3747
3267
3596
4334
3570
4446
3572
3024
3063
3467
3067
2408
2825
2655
2446
2369
2116
2600
2233
1741
2518
2332
2403
3333
2863
2522
2470
3374
2788
2970
2304
3369
3632
3102
3583
2965
3366
3381
2708
3065
3128
3809
3342
3951
2619
3274
3285
3071
2587
3403
2771
3099
2282
3121
1731
3744
2502
2160
3004
3013
2986
2201
2785
3156
2605
2352
2258
4085
3448
3273
3758
2986
2905
2187
2595
2044
3132
2808
1676
2864
2825
1893
2924
2140
2239
2705
3088
3114
2510
3488
3401
2517
2537
2039
2655
3286
2018
2849
2228
2716
1702
3136
2729
2290
2684
3010
2955
2347
2755
1624
2595
2384
2845
2429
2565
2467
2478
2404
2669
3277
3121
4467
2985
3570
3564
2701
3622
3515
2793
3174
3270
3832
3040
3856
2959
3369
3230
2460
3390
3738
2242
3591
1474
3611
3572
2291
2953
2753
2282
3782
2198
2745
3137
2060
3158
2268
2459
2413
3095
3125
2859
2130
3106
2958
2300
3104
2558
1958
3452
1793
2552
3134
2747
3288
2810
2183
3044
2945
2533
2205
4210
4414
3688
3174
3286
2815
2778
2621
2904
2363
3394
2819
2110
2664
2566
1842
2877
1969
624
1791
2614
1025
1836
2127
2252
2686
1216
2808
2287
1965
2704
2206
1705
2255
3046
2252
3618
2557
2343
2747
3284
3776
3108
2413
3076
1525
2293
1268
2211
1446
2009
1278
1760
1420
1454
1309
1331
1933
1689
1558
1732
1451
1458
1512
1806
1487
1485
1714
1310
1388
1707
1379
818
1115
