2196
3141
3659
3694
3172
4142
3911
3789
2758
2898
3076
2582
2067
1789
1211
1491
1772
937
1049
1725
1953
1968
1715
2158
1999
2575
794
1504
1669
1287
1633
1248
1809
2168
1368
1389
1377
2370
1300
1783
1843
413
1920
1682
1532
1778
2194
1918
1888
1572
2303
2079
1946
2076
2217
1923
1314
1065
1824
1760
1233
1884
1981
1555
1930
1960
1567
2048
1613
1778
1906
2079
1797
1311
1955
372
1496
2247
2404
2115
2704
2022
2355
2601
2306
2277
2162
2037
2609
1945
1534
2083
2333
1981
2262
2279
1925
2312
2062
2277
2163
1876
1587
1829
1061
1604
1778
1700
1658
2076
873
1266
1285
1446
1403
1828
2192
290
1715
2062
1916
1043
1875
1399
1249
2238
1667
2255
1411
1514
1679
1543
1343
2058
1284
1912
1842
1145
2279
1517
2099
1713
1520
2266
1479
2308
1134
1696
1764
2532
567
1637
1742
1756
1964
1506
1836
1099
1616
1392
1337
1199
1025
1106
1475
1364
854
1201
1333
1311
1143
758
714
930
573
559
882
1171
747
682
1532
1550
710
1542
1328
1534
1421
1943
1933
1716
1219
2091
1677
1700
1515
2176
2032
2140
2148
1879
2360
2257
1876
2031
1728
1734
1946
1051
1409
2152
1326
995
2261
1581
1963
1778
1775
2042
1287
1252
1519
1371
1470
1290
1586
1756
1155
2157
864
999
1229
496
1494
809
1233
109
2208
309
124
2084
1155
1478
1672
1048
1455
1841
1175
1394
761
1446
1331
1913
1216
1457
3512
2065
1002
1086
1469
1151
908
1540
826
1851
318
1035
1334
775
218
657
859
1191
71
359
562
763
1553
693
624
1235
1131
871
781
646
1401
502
637
1449
1216
1250
1140
1998
1236
1336
709
976
2049
1188
2234
1852
1977
2136
1349
2573
1617
2734
1584
1129
1523
1962
1791
1942
1625
1770
2010
1354
1424
873
1930
1739
133
1900
1455
1380
1203
931
1521
993
147
1598
773
1264
523
1290
0
1025
795
435
869
595
501
652
490
281
52
0
851
1129
0
1579
844
1081
922
1749
1258
884
84
728
1191
871
1645
960
931
1748
962
753
1792
810
1426
2453
744
811
2130
972
1093
1020
1516
272
941
1165
641
1264
1258
1067
802
1123
1319
938
1612
1519
1337
1348
1123
2409
1524
832
1407
1473
942
1380
881
1037
1152
1371
627
1170
1658
1006
1569
1106
1024
1384
1497
899
909
1340
1963
1138
1061
1536
1014
1511
1296
1786
1499
1314
1232
1805
1494
1384
1429
1411
1669
1162
1449
952
1386
1796
1521
1228
1730
1382
1846
1334
1779
895
1321
2445
754
1416
1891
1563
1574
1559
1127
1569
1442
87
1723
2547
1210
1283
2158
951
2005
1231
746
2068
972
1398
1356
812
1376
1277
1575
1764
1268
1422
1341
1590
1621
1373
1098
585
1262
1442
1228
883
1928
942
1147
1455
1031
867
1491
674
648
1267
998
1113
1142
1218
1050
1150
1634
1423
2831
2171
1795
1758
1752
1163
1250
1383
1490
1299
2038
1640
1050
1279
1470
867
1154
932
0
621
1699
371
605
837
892
1144
399
1228
894
910
1302
980
740
1107
1774
1102
2637
1333
1514
1525
2715
3106
2327
1790
2098
1007
1444
911
1525
1041
1516
1034
1631
1187
1222
1123
1145
1563
1422
1395
1540
1172
1173
1267
1567
1281
1267
1510
1173
1169
1476
1088
636
871
