2196
3060
3526
3628
2887
3915
3732
3640
2608
2689
2902
2509
2100
1851
1320
1653
1873
1139
1209
1843
2057
2322
1836
2371
2196
2838
1256
2007
2190
1970
2354
1699
2329
2530
1697
1991
1995
2880
1684
2168
2214
916
2008
1920
1655
1878
2452
2142
2033
1792
2500
2308
2024
2166
2217
1904
1243
1026
1708
1656
1181
1800
1931
1555
1888
1907
1502
1929
1418
1504
1680
1826
1529
875
1716
69
888
1683
1801
1826
1999
1659
1709
2158
1704
1806
1678
1426
2093
1408
1179
1545
1750
1833
1855
1715
1557
1934
1841
1987
1968
1710
1420
1731
1024
1563
1817
1716
1696
2111
965
1266
1285
1406
1330
1828
2192
228
1677
2109
1863
998
1696
1342
1149
2055
1474
2224
1363
1482
1644
1448
1270
2028
1117
1872
1799
1145
2312
1517
2099
1656
1410
2179
1407
2351
1200
1696
1764
2406
295
1531
1645
1650
1891
1371
1809
1159
1605
1392
1391
1256
1025
1106
1439
1313
751
1090
1283
1311
1189
804
822
1079
731
706
983
1319
999
921
1652
1701
751
1651
1377
1487
1356
1814
1768
1456
907
1592
1221
1261
1023
1523
1496
1568
1433
1298
1706
1746
1543
1662
1511
1420
1531
813
1221
1964
1106
774
1905
1313
1590
1590
1514
1703
1141
1187
1578
1303
1361
1225
1437
1627
1083
1936
668
702
927
418
1274
618
1051
65
2082
219
53
2015
1047
1366
1579
1048
1572
2090
1283
1460
820
1571
1417
2124
1571
1663
3788
2448
1546
1432
1717
1478
1304
2004
1250
2067
855
1673
1647
1356
916
1240
1479
1843
590
1227
1131
1387
1982
1053
955
1644
1640
1189
1209
1175
1748
1111
1228
1900
1655
1829
1821
2292
1836
1827
1707
1846
2540
1970
2588
2354
2847
2495
2106
2958
2176
3245
2453
1658
2740
2618
3076
3022
2842
2983
3658
2879
3107
2910
3351
2841
1522
3078
3143
2546
2930
2441
3253
2836
2889
3703
2925
3712
2850
2613
2275
2857
2373
1885
2336
2243
2006
1926
1710
2093
1771
1362
2249
2149
2088
3114
2674
2352
2243
3087
2526
2506
1810
2841
3074
2592
3230
2527
2986
3141
2400
2725
2971
3368
3060
3730
2343
2922
3092
2711
2338
3006
2562
2549
2029
2730
1466
3275
2329
2008
2759
2859
2847
2165
2751
3060
2567
2321
2161
3858
3188
2944
3562
2817
2587
2053
2279
1812
2715
2489
1436
2476
2551
1684
2636
1984
2018
2403
2807
2745
2274
3109
3221
2384
2385
2005
2598
3286
2018
2778
2180
2671
1702
3093
2769
2347
2805
3060
3084
2384
2881
1689
2709
2402
2845
2396
2496
2320
2392
2230
2532
2920
2891
4264
2809
3355
3397
2616
3417
3368
2622
3088
3126
3448
2933
3715
2821
3209
3147
2347
3252
3540
2120
3547
1459
3480
3505
2247
2953
2753
2282
3847
2230
2836
3330
2112
3323
2428
2741
2766
3449
3451
3186
2338
3316
3407
2499
3317
2755
2099
3844
1980
2859
3446
2973
3568
3088
2415
3471
3344
2741
2355
4475
4913
4125
3587
3593
3145
3097
3014
3307
2605
3641
3024
2387
2965
2765
1964
3112
2167
799
2126
2951
1316
2314
2629
2824
3458
1670
3598
3107
2524
3493
2783
2081
2795
3570
2700
3945
2989
2635
3205
3549
4089
3555
2725
3496
1820
2611
1421
2580
1703
2502
1549
1905
1753
1819
1713
1734
2566
2148
1862
2309
2050
2173
2124
2483
2232
2227
2448
2176
2317
2399
2008
1106
1561
