2196
2978
3460
3628
3077
4028
3852
3715
2708
2829
2989
2582
2100
1851
1320
1613
1840
1139
1169
1819
2036
2221
1836
2424
2294
2882
1256
1895
2074
1833
2282
1649
2329
2582
1697
1870
1872
2824
1588
2120
2167
790
1983
1872
1655
1858
2409
2179
2121
1880
2579
2423
2140
2344
2467
2015
1490
1297
1978
1864
1284
2051
2181
1746
2140
2227
1890
2208
1808
1984
2041
2121
1797
1374
1925
334
1374
2247
2404
2086
2576
1989
2255
2499
2205
2198
2122
1976
2609
1945
1495
2024
2274
1966
2222
2279
2016
2474
2209
2385
2325
2085
1839
2027
1284
1771
1971
1810
1999
2395
1382
1830
1756
1838
1767
2435
2681
904
2099
2620
2449
1487
2472
1970
1586
2533
2101
2394
1838
1835
1997
2019
1711
2391
1786
2270
2231
1872
2638
2081
2573
2283
2126
2747
2333
2912
2058
2426
2395
3162
1110
2112
2229
2283
2364
2316
2177
2003
1778
2181
2196
1658
1718
1875
1942
2028
1576
1683
2089
2079
1886
1573
1681
1826
1521
1221
1741
2061
1654
1756
2212
2355
1323
2418
2071
2137
2195
2717
2538
2302
1780
2590
2069
1951
1638
2339
2234
2385
2327
1879
2215
2111
1765
2031
1800
1671
1946
1111
1409
2277
1400
1050
2201
1635
1888
1731
1723
1873
1190
1121
1519
1303
1361
1159
1437
1756
1298
2231
904
1147
1229
515
1494
872
1233
153
2208
219
53
1877
993
1403
1579
978
1397
1841
1067
1262
701
1384
1073
1703
1145
1251
3304
1989
1080
1184
1518
1198
974
1656
985
1916
437
1163
1369
833
218
657
859
1090
34
359
562
659
1467
513
525
1161
1038
743
664
502
1315
409
456
1242
997
1028
1004
1919
1161
1195
522
823
1997
1188
2193
1785
1868
2094
1207
2490
1497
2598
1421
1041
1401
1831
1557
1802
1460
1719
2074
1354
1548
873
1981
1780
229
1984
1630
1460
1203
1039
1707
1238
501
1879
1060
1590
844
1564
260
1365
1048
609
1052
732
626
818
591
426
251
0
1120
1311
274
1853
1097
1251
1104
1988
1477
1116
208
803
1331
1063
1762
1085
1083
1844
1013
889
1871
1075
1482
2541
910
952
2194
1152
1259
1219
1655
508
1050
1221
670
1331
1292
1067
802
1174
1365
1010
1716
1615
1411
1348
1188
2545
1628
964
1603
1641
1101
1447
1017
1115
1361
1491
687
1315
1727
1084
1651
1169
1097
1497
1591
1145
1003
1466
2053
1271
1112
1553
1071
1638
1371
1893
1524
1359
1247
1848
1574
1497
1550
1561
1712
1236
1491
995
1500
1867
1672
1361
1776
1470
1914
1391
1825
1015
1368
2495
812
1470
1933
1563
1574
1559
1084
1526
1442
87
1652
2477
1210
1283
2158
1026
2109
1363
827
2068
972
1463
1289
812
1280
1093
1461
1373
1075
1239
1021
1468
1347
1213
911
408
1144
1388
1065
800
1760
718
1028
1402
1031
902
1491
637
648
1329
1111
1184
1198
1218
1050
1150
1669
1453
2884
2420
2014
1935
1936
1295
1250
1383
1356
1251
1915
1537
1050
1218
1371
827
1076
882
0
621
1603
262
400
479
606
715
218
789
484
476
601
331
365
500
1026
398
2037
397
831
456
2146
2391
1435
988
770
379
649
478
628
342
421
492
1292
521
624
595
650
719
772
1045
964
573
458
737
1089
826
744
1020
580
404
785
314
217
222
