2196
3141
3592
3760
3077
3971
3792
3566
2658
2689
2815
2364
2033
1820
1320
1653
1840
1139
1129
1772
1974
2069
1740
2264
2098
2707
1025
1728
1958
1765
2138
1599
2264
2582
1738
2051
2119
3107
1827
2264
2307
1105
2033
2110
1819
1957
2581
2328
2208
2013
2736
2652
2257
2478
2551
2071
1595
1375
2094
1942
1310
2177
2281
1841
2224
2280
2084
2288
1857
2121
2041
2205
1913
1436
1985
334
1435
2190
2343
2086
2704
2055
2355
2533
2155
2159
2122
2098
2661
2125
1573
2143
2391
1981
2262
2335
1970
2420
2209
2385
2260
2001
1755
1928
1247
1813
1971
1794
1961
2395
1335
1768
1704
1760
1658
2232
2583
720
1984
2388
2183
1354
2233
1856
1519
2533
2101
2394
1838
1835
2067
2114
1859
2512
2064
2509
2490
2163
2769
2457
2857
2681
2511
2965
2618
3041
2124
2486
2343
3162
1178
2218
2278
2283
2291
2181
2125
1822
1735
1903
1874
1543
1533
1670
1835
1926
1421
1646
1938
1874
1700
1392
1520
1677
1469
1148
1640
1913
1553
1518
2052
2153
1201
2254
1873
1952
2066
2524
2318
2172
1593
2519
2004
2014
1761
2421
2234
2549
2684
2266
2651
2694
2153
2493
2234
2049
2361
1408
1784
2653
1914
1437
2676
1957
2335
2059
2036
2551
1580
1777
2055
1988
1962
2012
2479
2659
2300
3262
1414
2037
2209
768
2524
1763
2147
810
3210
1033
687
3255
2072
2077
2516
2305
2509
2964
2096
2453
1773
2633
2791
3108
2496
2694
4757
3519
2557
2124
2513
2226
2427
2875
2096
2389
1811
2694
2205
2285
2033
2035
2099
2395
961
1847
1568
1855
2367
1503
1286
1978
1964
1380
1404
1464
1921
1391
1409
2004
1728
1873
1776
2272
1799
1862
1707
1794
2462
1929
2588
2421
2901
2517
2106
2958
2256
3313
2508
1658
2618
2487
2843
2787
2676
2781
3404
2635
2796
2440
2996
2637
1187
2783
2677
2144
2354
2010
2820
2406
2270
3212
2422
2978
2288
2294
1749
2586
2184
1711
2092
1899
1756
1815
1506
1803
1506
1110
2088
2004
1693
2840
2232
2013
1924
2848
2220
2159
1379
2237
2516
2146
2761
2088
2453
2805
2092
2249
2657
2839
2722
3554
2178
2711
2964
2531
2172
2741
2423
2235
1811
2451
1348
3007
2191
1917
2515
2553
2569
1949
2544
2867
2381
2169
1999
3632
2824
2548
3105
2565
2321
1963
2054
1734
2506
2369
1376
2380
2448
1632
2595
1890
1945
2365
2760
2622
2180
2919
2997
2117
2130
1905
2202
2779
1794
2459
1937
2219
1529
2621
2251
1950
2238
2411
2527
1976
2333
1429
2218
2188
2391
1962
2217
2027
2239
1941
2258
2265
2291
3607
1987
2601
2853
2246
2803
2733
2067
2480
2404
2007
2435
3220
2177
2353
2680
1668
2663
2419
1474
2851
1231
2635
2498
1508
2141
1923
1871
2545
1621
2015
2239
1816
2335
1852
1896
1705
2444
2583
2316
1714
2727
2361
1903
2466
2016
1536
2798
1383
1815
2512
2070
2446
2087
1783
2118
2081
2084
1784
3467
3334
2742
2407
2427
1890
1823
1777
1961
1686
2531
1998
1465
1821
1918
1314
1937
1426
238
1290
2180
698
1221
1482
1536
1915
853
1930
1631
1345
1828
1485
1116
1580
2148
1421
2909
1549
1611
1678
2829
3195
2495
1879
2238
1118
1603
937
1631
1078
1461
980
1566
1020
1089
1030
1053
1458
1269
1325
1425
1132
1077
1267
1646
1363
1398
1632
1264
1279
1522
1137
636
871
