2196
3141
3592
3628
2982
3915
3612
3417
2457
2481
2554
2292
2000
1728
1175
1491
1704
836
970
1655
1891
1917
1691
2105
1999
2575
909
1560
1669
1424
1777
1348
1874
2220
1409
1510
1500
2540
1396
1831
1889
413
1920
1682
1450
1739
2194
1993
1917
1528
2303
2022
1868
2032
2092
1848
1208
949
1708
1682
1168
1675
1780
1412
1846
1907
1631
2008
1515
1504
1725
1826
1567
999
1806
107
1070
1908
2042
1913
2191
1758
1858
2192
1654
1806
1678
1304
1938
1228
1061
1485
1633
1803
1773
1546
1373
1718
1694
1914
1871
1585
1336
1599
801
1313
1547
1637
1507
1934
734
953
1023
1288
1258
1727
1996
44
1562
1876
1596
821
1517
1113
1081
1981
1281
2162
1125
1321
1503
1258
1159
1937
1006
1792
1713
854
2214
1266
2004
1656
1465
2179
1407
2351
1068
1636
1658
2280
295
1479
1596
1597
1818
1371
1836
1220
1627
1485
1391
1285
1118
1157
1475
1466
957
1312
1535
1516
1375
1075
1037
1229
994
854
1185
1418
1050
1040
1772
1852
955
1925
1575
1766
1743
2201
2098
1781
1344
2091
1547
1512
1207
1768
1764
1895
1880
1685
1997
2038
1654
1662
1583
1482
1738
932
1221
2089
1106
774
2023
1474
1665
1543
1514
1618
1044
1056
1400
1166
1251
1159
1437
1627
1155
2084
746
924
1002
437
1200
491
929
0
1769
0
0
1533
724
1178
1391
629
1162
1529
850
997
522
1197
987
1632
1002
1182
3304
1989
1080
1184
1568
1291
974
1714
985
1916
557
1418
1508
1181
707
1028
1241
1592
368
855
912
1075
1725
873
790
1458
1362
1030
1015
935
1574
830
864
1553
1326
1428
1367
2096
1498
1511
1146
1334
2256
1558
2401
2053
2412
2284
1585
2711
1856
2938
1964
1394
2131
2290
2492
2505
2289
2427
2897
2208
2421
2126
2793
2433
995
2573
2445
1983
2035
1740
2449
1915
1562
2791
1992
2488
1807
2066
1399
2314
1868
1305
1786
1625
1442
1428
1150
1296
912
478
1442
1530
747
2292
1665
1717
1605
2513
1914
1695
824
1633
1958
1572
2291
1524
1616
2276
1475
1365
2185
1604
1933
2850
1296
1445
2419
1512
1467
1550
1760
822
1231
1501
817
1800
1500
1249
1108
1481
1550
1119
1785
1808
1561
1470
1253
2635
1784
1162
1734
1725
1313
1537
1287
1244
1621
1730
837
1508
1864
1188
1898
1357
1318
1685
1871
1391
1239
1719
2143
1360
1214
1586
1127
1575
1371
1857
1548
1404
1247
1891
1614
1525
1672
1661
1798
1347
1617
1039
1575
1885
1710
1361
1776
1411
1863
1363
1825
1015
1414
2647
989
1739
2142
1705
1881
1901
1341
1743
1682
567
1830
2689
1486
1551
2296
1140
2178
1495
867
2198
987
1529
1356
855
1376
1231
1575
1764
1204
1422
1277
1572
1676
1437
1239
821
1617
1768
1446
1008
2054
1091
1306
1668
1278
1008
1752
786
893
1516
1224
1324
1309
1351
1193
1350
1703
1483
2937
2420
1941
1758
1752
1097
1059
1214
1154
1057
1668
1281
820
857
1122
583
449
487
0
175
1314
44
0
121
320
458
36
350
156
228
426
331
311
500
1100
526
2146
613
1075
914
2412
2704
1769
1256
1259
601
861
580
839
526
695
655
1405
688
724
626
712
877
925
1115
1041
693
506
696
1009
660
570
898
398
295
739
363
244
304
