2196
3060
3460
3496
2697
3858
3612
3491
2507
2620
2728
2364
2033
1758
1211
1572
1840
1038
1089
1725
1974
2120
1764
2264
2098
2707
1025
1728
1842
1628
2066
1498
2069
2375
1491
1630
1624
2540
1348
1783
1797
350
1883
1445
1327
1699
2022
1807
1800
1352
2106
1792
1752
1809
1967
1793
1067
755
1476
1552
1116
1591
1680
1317
1762
1747
1373
1889
1418
1367
1635
1741
1529
937
1776
145
1131
2021
2223
2028
2512
1956
2206
2431
2055
2081
1960
1854
2506
1945
1455
1964
2100
1892
2018
1941
1649
1988
1914
2059
2033
1793
1545
1829
1136
1604
1817
1731
1810
2253
1197
1580
1547
1642
1549
2081
2436
597
1869
2295
2129
1220
2114
1741
1384
2312
1763
2317
1648
1707
1891
1828
1601
2300
1618
2230
2144
1654
2508
1831
2431
2055
1906
2485
1906
2567
1398
1879
1869
2595
499
1637
1693
1703
1927
1439
1836
1220
1627
1531
1498
1285
1118
1260
1583
1619
1112
1424
1736
1669
1422
1120
1090
1328
994
854
1185
1418
1100
1100
1852
1902
996
2035
1675
1766
1679
2137
2098
1912
1344
2233
1808
1700
1515
2013
1898
2058
2059
1814
2142
2038
1765
1847
1728
1671
1877
1051
1471
2215
1326
1050
2320
1635
1963
1731
1618
1788
1190
1187
1578
1303
1415
1356
1660
1949
1369
2378
982
1221
1304
515
1568
872
1233
109
2082
219
53
2015
1101
1478
1672
1118
1572
2028
1338
1460
820
1509
1417
1984
1429
1526
3581
2295
1235
1333
1668
1431
1172
1830
1197
2045
855
1610
1613
1239
777
1134
1384
1642
442
1041
1043
1283
1896
1008
889
1495
1455
1061
1054
1031
1661
923
1001
1727
1472
1606
1503
2174
1573
1581
1271
1437
2307
1599
2401
2086
2412
2326
1775
2793
2016
3040
2182
1511
2375
2388
2609
2599
2455
2528
2961
2208
2359
1970
2641
2270
851
2447
2153
1862
1843
1470
2263
1853
1385
2581
1777
2243
1566
1975
1048
1975
1616
1073
1480
1213
1191
1317
1150
1223
845
478
1496
1639
905
2292
1728
1674
1559
2418
1914
1811
1009
1935
2377
2082
2702
1963
2149
2564
1835
1977
2539
2575
2496
3334
1792
2078
2739
2171
1923
2278
2144
1607
1557
2059
1171
2537
1915
1614
1842
2093
2199
1660
2268
2434
2045
1896
1772
3360
2512
2218
2844
2439
2162
1851
1919
1605
2246
2209
1196
2041
2242
1501
2390
1764
1797
2214
2526
2314
1898
2540
2817
2028
2028
1855
2089
2652
1744
2388
1864
1992
1467
2406
2132
1837
2077
2211
2269
1717
2038
1277
1915
2027
2051
1695
2055
1793
2102
1710
2099
1789
1968
3253
1634
2224
2561
2018
2342
2244
1725
2177
2067
1527
2186
3043
1900
2139
2598
1592
2594
2287
1352
2633
1170
2244
2229
1421
1949
1739
1826
2415
1589
1878
1919
1729
2060
1629
1521
1233
1971
2094
1772
1257
2223
1390
1465
1987
1622
1324
2275
1122
1446
2014
1619
1745
1587
1451
1477
1616
1842
1603
3149
2669
2087
1994
1936
1427
1377
1495
1625
1444
2099
1742
1142
1339
1420
908
1076
833
0
732
1795
408
674
837
892
972
308
1053
812
848
1214
836
633
972
1624
1038
2473
973
1319
1220
2563
2838
1993
1434
1609
822
1179
784
1261
820
1078
844
1486
921
1023
937
960
1300
1154
1278
1348
1052
982
1104
1407
1157
1180
1510
1082
1060
1384
1040
609
871
