2196
3060
3460
3628
2887
3915
3612
3417
2457
2550
2728
2292
2000
1758
1247
1613
1873
1139
1129
1796
1995
2120
1764
2264
2147
2751
1140
1839
2074
1765
2138
1599
2199
2427
1574
1810
1872
2880
1684
2216
2260
1042
2020
2015
1778
1937
2581
2328
2179
1969
2736
2709
2335
2567
2634
2127
1666
1491
2172
1994
1323
2177
2332
1937
2224
2387
2148
2368
2003
2190
2086
2205
1874
1374
1925
334
1313
2190
2343
2115
2640
1989
2206
2499
2105
2120
2001
1793
2403
1706
1297
1844
2041
1877
1977
1941
1649
1988
1841
1987
1903
1543
1294
1599
801
1271
1547
1606
1431
1934
780
1141
1128
1328
1330
1727
2094
106
1600
2016
1809
998
1696
1228
1115
2091
1426
2177
1268
1417
1573
1400
1270
1967
1006
1713
1669
927
2214
1266
1910
1542
1300
2005
1194
2135
738
1210
1237
1840
0
1109
1255
1228
1600
899
1599
557
1519
1021
907
998
702
798
1224
1058
493
905
1031
953
771
396
338
631
362
449
730
973
596
503
1412
1449
628
1432
1179
1301
1034
1427
1383
1066
595
1235
829
760
531
707
825
832
808
911
1270
1309
1100
924
932
1042
1254
516
782
1588
519
331
1489
884
920
1121
939
601
458
269
685
274
595
306
543
917
224
1200
353
34
248
281
759
173
625
0
1519
0
0
1326
562
1104
1298
560
1045
1466
741
865
403
1134
815
1562
1002
1182
3166
1759
769
937
1270
964
643
1307
668
1830
258
1099
1334
775
218
763
1050
1341
145
421
606
815
1510
648
591
1161
946
680
548
454
1315
409
501
1276
960
894
776
1821
973
1055
335
618
1919
1023
2130
1618
1596
1967
876
2270
1217
2428
1204
953
1158
1699
1382
1661
1349
1618
1947
1354
1486
951
1981
1780
277
2026
1630
1500
1267
1039
1769
1238
501
1809
988
1346
683
1427
85
1297
921
493
808
458
501
652
490
426
185
0
958
1202
37
1688
907
1166
1058
1844
1390
1058
269
954
1331
999
1762
960
1007
1892
1167
957
1949
1075
1482
2497
799
882
2130
972
1135
1087
1586
429
977
1109
670
1398
1292
1067
863
1225
1319
902
1578
1519
1299
1318
1156
2454
1471
898
1472
1557
1048
1425
1062
1141
1309
1451
657
1170
1590
954
1487
1074
950
1346
1450
899
862
1277
1918
1138
959
1536
901
1448
1296
1822
1475
1269
1232
1805
1494
1440
1470
1511
1712
1236
1491
973
1462
1831
1597
1261
1730
1411
1846
1305
1802
1074
1368
2596
812
1578
1975
1620
1625
1559
1127
1569
1490
279
1723
2512
1256
1390
2213
1102
2178
1429
827
2111
987
1594
1558
942
1424
1324
1575
1764
1236
1422
1406
1572
1566
1405
1192
762
1439
1551
1337
1008
1970
1017
1187
1561
1179
937
1622
786
955
1578
1337
1534
1365
1351
1264
1283
1738
1483
2937
2337
1868
1758
1691
1097
1122
1158
1087
961
1483
1230
681
736
923
502
371
437
0
119
1218
8
0
0
105
201
0
350
0
228
338
259
311
568
1175
590
2092
469
880
609
2298
2570
1602
1211
1120
490
702
554
733
453
530
519
1325
588
691
626
650
719
734
1022
925
533
316
574
929
619
526
857
443
240
692
266
191
182
