2196
2978
3460
3562
2792
3915
3672
3491
2608
2759
2989
2654
2134
1851
1320
1653
1873
1139
1129
1796
2036
2221
1788
2264
2147
2794
1198
1895
2074
1765
2210
1699
2459
2686
1779
2051
2181
3164
1971
2409
2399
1168
2045
2157
1860
1957
2667
2365
2208
2013
2697
2537
2218
2389
2509
2053
1560
1297
2056
1916
1284
2093
2281
1889
2224
2280
2019
2328
1906
2121
2086
2163
1836
1311
1955
372
1496
2247
2404
2115
2704
1989
2305
2567
2256
2238
2162
2098
2713
2184
1652
2323
2507
1996
2344
2335
2062
2582
2319
2530
2454
2251
1922
2093
1396
1896
2048
1810
1923
2395
1335
1830
1704
1760
1694
2334
2583
781
1984
2388
2289
1398
2293
1856
1519
2533
2052
2379
1791
1771
1997
1971
1748
2421
1841
2310
2231
1726
2540
1893
2431
2112
1961
2528
2049
2696
1728
2122
2079
2784
838
1848
1888
1914
2036
1709
1914
1340
1638
1531
1445
1313
1164
1208
1475
1415
906
1275
1484
1465
1282
939
983
1179
836
743
1084
1369
949
921
1652
1751
792
1706
1427
1627
1550
2072
1933
1651
1094
1948
1482
1387
1084
1441
1563
1731
1612
1363
1779
1673
1488
1478
1366
1357
1531
694
1095
1901
1033
829
2083
1420
1590
1543
1514
1703
1141
1056
1340
1097
1197
1094
1362
1562
1083
1936
746
924
1153
515
1568
936
1233
197
2333
309
194
2153
1263
1515
1719
1258
1631
2028
1338
1527
999
1759
1674
2335
1713
1938
3996
2601
1702
1580
1966
1618
1502
2062
1303
2045
915
1801
1717
1530
1126
1452
1670
1994
627
1351
1218
1491
2110
1233
1021
1718
1733
1220
1248
1223
1719
1017
1091
1727
1509
1606
1549
2174
1649
1686
1333
1539
2359
1723
2505
2287
2738
2453
1964
2903
2136
3211
2453
1658
2679
2519
2843
2834
2676
2831
3468
2696
2920
2753
3148
2678
1234
2825
2736
2184
2418
2063
2882
2345
2093
3072
2422
3059
2208
2340
1749
2450
2121
1595
2031
1831
1756
1705
1405
1658
1242
794
1711
1785
1141
2456
1917
1844
1696
2513
2001
1869
1132
2086
2446
2082
2643
2025
2301
2709
2040
2181
2578
2486
2384
3290
1847
2148
2739
2171
1965
2410
2248
1764
1666
2171
1171
2537
1880
1614
1964
2195
2199
1660
2302
2482
2045
1865
1739
3269
2408
1954
2452
2103
1685
1649
1513
1399
1934
1890
957
1750
2002
1319
2062
1513
1503
1874
2105
1822
1615
2225
2592
1716
1723
1771
1750
2399
1694
2318
1864
2083
1514
2578
2291
1950
2279
2461
2569
1976
2333
1386
2104
2152
2278
1862
2171
1910
2153
1796
2167
1908
2106
3304
1634
2278
2561
2046
2393
2390
1810
2177
2115
1527
2257
3113
2039
2300
2653
1630
2628
2287
1312
2590
1155
2244
2095
1334
1949
1785
1803
2480
1589
1878
2047
1764
2225
1757
1661
1292
1971
2148
1881
1340
2349
1763
1584
2147
1770
1360
2471
1234
1569
2263
1844
2095
1809
1584
1833
1881
2049
1754
3308
3085
2523
2348
2427
1890
1823
1889
2029
1686
2531
1998
1373
1580
1620
1030
1389
1080
0
844
1795
444
605
837
1035
1229
490
1316
894
786
1039
836
687
905
1400
782
2255
685
1124
914
2412
2659
1714
1300
1399
637
1020
682
1050
636
804
682
1405
688
724
688
712
825
887
1115
1079
772
601
859
1168
867
831
1102
717
677
1015
556
322
344
