2196
2978
3526
3694
2982
3971
3672
3491
2608
2759
2902
2437
2067
1789
1211
1532
1772
937
1049
1702
1953
2018
1740
2264
2098
2707
1025
1728
1842
1492
1777
1348
1939
2271
1409
1570
1562
2540
1444
1927
1889
539
1945
1777
1532
1818
2280
1993
1975
1660
2421
2136
1907
1987
2134
1867
1243
949
1631
1630
1168
1759
1831
1412
1804
1854
1502
1929
1466
1504
1635
1783
1490
875
1746
107
948
1852
2102
1999
2512
1956
2156
2465
2105
2159
2081
2037
2609
2005
1495
2083
2333
1966
2303
2279
1970
2366
2172
2313
2227
1960
1713
1961
1247
1813
2048
1810
1999
2465
1382
1830
1704
1799
1731
2283
2534
781
2022
2434
2289
1443
2412
1913
1552
2496
2004
2394
1933
1835
2067
2019
1711
2330
1786
2270
2188
1726
2606
2081
2573
2340
2071
2659
2120
2696
1662
2122
2027
2721
770
1796
1888
1967
2073
1776
1941
1461
1681
1670
1606
1342
1256
1414
1691
1670
1112
1424
1736
1669
1468
1166
1198
1378
1047
854
1185
1468
1100
981
1732
1801
832
1816
1476
1673
1550
1943
1933
1586
1032
1877
1482
1387
1207
1686
1764
1813
1791
1621
1997
2038
1765
1939
1728
1608
1877
1111
1534
2403
1473
1160
2379
1742
2037
1872
1880
2127
1336
1383
1698
1508
1525
1487
1735
1885
1298
2231
904
1073
1153
496
1568
936
1294
153
2145
219
89
2084
1101
1403
1625
1048
1572
2028
1338
1460
820
1634
1417
2054
1358
1526
3512
2218
1313
1382
1767
1478
1238
1830
1144
2002
736
1546
1578
1298
777
1081
1241
1542
294
793
868
1075
1725
828
757
1384
1270
902
859
790
1459
596
728
1484
1216
1206
1140
1978
1273
1336
772
1079
2152
1352
2297
1953
2140
2221
1538
2656
1816
2870
1801
1305
2010
2159
2258
2318
2012
2174
2581
1842
1922
1421
2286
2066
612
2321
1979
1742
1779
1470
2201
1669
1208
2440
1777
2325
1566
1883
873
1907
1489
1015
1419
1144
1128
1261
1049
1223
978
541
1496
1639
905
2292
1665
1632
1468
2274
1783
1579
701
1482
1819
1572
2173
1461
1540
2132
1373
1365
2146
1516
1877
2894
1296
1445
2386
1392
1384
1484
1725
665
1122
1333
788
1599
1465
1249
1230
1481
1550
1083
1785
1808
1523
1470
1285
2726
1888
1360
1864
1767
1313
1537
1287
1244
1517
1651
807
1412
1796
1162
1816
1357
1282
1723
1965
1576
1427
1909
2322
1538
1468
1687
1523
2145
1570
2211
1767
1812
1388
2191
1893
1724
1955
2061
2184
1643
2038
1234
1878
2045
2126
1762
2078
1793
2068
1652
2053
1610
1875
3051
1458
2062
2435
1961
2239
2244
1725
2090
2019
1239
2150
2937
1716
1818
2406
1291
2282
1627
908
2242
1033
1659
1558
899
1424
1231
1575
1829
1268
1422
1277
1537
1566
1405
1239
762
1498
1660
1391
1049
2054
1166
1306
1721
1327
1078
1949
898
1016
1702
1449
1675
1531
1484
1549
1616
1842
1603
3043
2503
2014
1935
1998
1493
1568
1552
1692
1493
2223
1742
1142
1399
1470
867
997
833
0
677
1747
335
537
622
678
801
218
877
484
600
776
475
419
568
1100
462
2037
541
1026
762
2336
2615
1714
1211
1259
601
967
682
1103
710
968
790
1486
887
923
812
898
1247
1193
1255
1271
932
887
1063
1368
1115
1049
1306
945
896
1246
847
505
628
