2196
3141
3659
3694
2982
4028
3732
3491
2558
2550
2728
2437
2067
1851
1284
1572
1772
987
1049
1725
1933
1917
1691
2052
1950
2532
736
1448
1553
1151
1489
1097
1549
1961
1244
1269
1377
2370
1253
1735
1797
350
1895
1492
1368
1739
2194
1918
1888
1572
2342
2079
1946
2032
2176
1923
1279
1065
1824
1786
1220
1884
1931
1603
1972
2067
1696
2088
1662
1778
1906
2036
1797
1311
1955
372
1374
2190
2404
2115
2704
1989
2255
2499
2105
2081
2041
1976
2558
1886
1416
1964
2100
1892
2099
2110
1833
2204
2062
2240
2195
2001
1671
1862
1136
1688
1894
1763
1847
2324
1289
1830
1756
1838
1731
2283
2583
842
2061
2481
2343
1487
2472
2027
1620
2570
2052
2394
1838
1835
2067
2066
1785
2421
1897
2349
2317
2017
2736
2332
2810
2567
2291
2790
2476
2912
1992
2486
2448
3225
1245
2165
2229
2336
2364
2248
2177
2003
1768
2135
2196
1658
1672
1824
1978
2079
1576
1720
2039
2079
1793
1392
1413
1627
1416
1184
1691
2012
1704
1756
2292
2455
1405
2527
2121
2277
2388
2782
2538
2432
1905
2733
2199
2139
1945
2584
2368
2549
2595
2137
2651
2621
2153
2585
2234
2112
2361
1527
1847
2591
1693
1271
2557
1957
2484
2059
1984
2381
1482
1580
1876
1783
1798
1750
2107
2272
1870
2746
1179
1740
1908
691
2230
1509
1781
547
2771
671
476
2704
1694
1852
2141
1816
2099
2652
1879
2188
1475
2320
2447
2897
2282
2420
4411
3136
2091
1778
2165
1806
1833
2353
1673
2239
1333
2248
1961
1936
1684
1876
2004
2395
924
1723
1524
1803
2410
1503
1253
1941
1964
1380
1404
1416
1863
1251
1364
1969
1728
1829
1730
2272
1761
1756
1582
1692
2462
1846
2567
2321
2792
2453
2011
2958
2256
3313
2562
1688
2679
2585
2959
2928
2786
2933
3468
2757
2920
2675
3148
2759
1426
2994
2968
2385
2738
2225
3005
2591
2447
3493
2853
3630
2930
2659
2450
3128
2689
2118
2581
2380
2257
2203
1862
2238
1903
1425
2249
2149
2009
3169
2611
2268
2197
3039
2439
2448
1687
2614
2865
2401
3054
2339
2758
2997
2349
2589
2814
3192
2835
3642
2288
2782
3028
2711
2255
2807
2492
2314
1847
2451
1348
3007
2191
1887
2392
2451
2523
1840
2509
2819
2306
2139
1999
3722
3032
2746
3236
2607
2321
1963
2054
1708
2454
2369
1376
2428
2551
1710
2636
1984
1982
2440
2854
2683
2274
3172
3177
2384
2486
2022
2598
3349
2043
2813
2155
2535
1639
2878
2490
2092
2481
2760
2827
2199
2586
1516
2407
2259
2580
2162
2333
2174
2290
2086
2418
2622
2660
3911
2456
3085
3230
2473
3264
3124
2408
2871
2885
2967
2720
3538
2499
2834
2955
2083
3079
3144
1918
3286
1368
3155
3169
1986
2571
2430
2168
3457
2102
2653
3137
2060
3158
2268
2412
2354
3095
3180
2859
2089
3148
3108
2300
2998
2558
1958
3583
1830
2614
3321
2803
3288
2754
2216
3186
3144
2637
2265
4263
4497
3688
3174
3225
2749
2715
2677
2904
2266
3209
2613
1972
2423
2416
1720
2720
1920
589
1791
2710
1134
1973
2199
2395
2772
1261
2721
2287
1965
2880
2278
1759
2255
3046
2188
3509
2485
2294
2670
3284
3687
2997
2324
3006
1488
2187
1243
2211
1519
2119
1359
1808
1520
1587
1434
1455
2144
1766
1628
1886
1611
1601
1675
1965
1694
1660
1958
1629
1771
1984
1621
923
1358
