2196
3060
3592
3760
3268
4142
3911
3864
2758
2968
3163
2727
2201
1943
1393
1694
1907
1240
1248
1819
2015
2170
1788
2264
2048
2707
1082
1839
2016
1765
2138
1549
2134
2427
1532
1750
1810
2767
1636
2072
2121
853
2008
1920
1655
1878
2495
2179
2092
1836
2618
2480
2140
2299
2426
2034
1490
1297
2017
1916
1297
2135
2332
1937
2224
2280
1955
2288
1857
2121
2131
2289
2028
1624
2104
562
1800
2585
2886
2317
3089
2187
2504
2635
2306
2316
2243
2159
2713
2125
1573
2263
2507
1996
2303
2335
2016
2420
2209
2349
2292
2085
1755
1961
1284
1813
1971
1794
1885
2324
1289
1705
1704
1760
1658
2283
2632
904
2099
2527
2449
1576
2472
2027
1620
2570
2101
2410
1933
1899
2067
2066
1748
2421
1841
2310
2231
1872
2671
2144
2668
2397
2236
2747
2333
2869
1926
2304
2290
3162
1245
2271
2326
2442
2473
2586
2256
2064
1789
2228
2304
1715
1764
1927
2014
2181
1627
1794
2240
2283
2072
1664
1789
1976
1732
1368
1893
2111
1704
1756
2292
2455
1364
2472
2170
2230
2453
2975
2757
2627
2154
3089
2526
2390
2130
2911
2770
3203
3220
2524
3014
3059
2485
3046
2596
2363
2569
1706
2097
2967
2281
1658
2973
2332
2931
2341
2402
3059
1921
2104
2412
2400
2180
2275
2777
2852
2371
3409
1532
2334
2587
866
2818
1954
2329
985
3460
1169
864
3600
2287
2227
2703
2723
2919
3525
2530
3048
2309
3070
3478
3670
2993
3176
5241
4131
3101
2520
2862
2507
2824
3282
2414
2540
2169
3141
2414
2691
2452
2407
2481
2847
1332
2467
1961
2376
2839
1953
1551
2275
2380
1729
1910
2089
2267
1953
1954
2419
2203
2407
2412
2567
2362
2353
2580
2459
2799
2464
2858
2856
3663
2791
2768
3344
2816
3755
3214
2040
3470
2946
3544
3444
3394
3438
4228
3428
3544
3458
3655
3167
1809
3330
3492
2747
3250
2765
3686
3205
3508
4334
3642
4446
3652
3115
3238
3603
3193
2524
3009
2929
2759
2702
2320
3035
2564
2057
2841
2514
2876
3662
3242
2776
2744
3660
3007
3201
2489
3670
3911
3357
3935
3341
3823
3669
2965
3337
3246
3986
3342
4039
2674
3274
3285
3131
2545
3337
2701
2942
2137
2954
1613
3610
2433
2100
2943
2910
2940
2165
2785
3108
2567
2291
2128
3858
3136
2944
3562
2902
2693
2075
2369
1863
2871
2688
1616
2815
2757
1840
2883
2109
2129
2516
2854
2806
2274
3046
3177
2295
2283
1938
2316
2906
1844
2530
1961
2264
1561
2664
2331
1979
2319
2461
2484
1939
2333
1407
2180
2188
2353
1929
2194
1939
2153
1854
2190
2027
2152
3355
1693
2332
2561
2046
2393
2390
1810
2220
2211
1719
2328
3113
1947
2086
2570
1517
2490
2023
1191
2546
1124
2114
2095
1334
1949
1785
1826
2415
1556
1878
2047
1781
2225
1725
1661
1292
2030
2202
1881
1423
2391
1689
1584
2040
1622
1254
2210
1122
1385
2076
1788
2095
1865
1650
1833
1881
2049
1724
3361
3002
2378
2171
2120
1559
1504
1495
1558
1396
2038
1640
1142
1279
1420
908
1154
882
0
565
1555
190
263
407
463
544
127
701
402
538
864
619
526
770
1250
590
2092
541
978
685
2336
2659
1769
1300
1259
637
914
605
839
489
695
600
1357
621
657
564
650
719
772
1045
925
613
506
778
1089
826
831
1183
717
568
1015
556
348
385
