2196
2978
3526
3628
3077
4028
3732
3491
2507
2620
2902
2582
2067
1851
1357
1694
1907
1189
1248
1843
2036
2170
1764
2318
2196
2794
1198
1895
2132
1970
2426
1799
2589
2841
1903
2231
2367
3334
2019
2457
2446
1294
2095
2347
2065
2037
2753
2476
2354
2277
2972
3053
2529
2790
2800
2164
1736
1569
2287
2098
1374
2427
2632
2271
2602
2867
2795
2806
2589
3013
2627
2669
2296
2123
2283
713
1922
2642
2826
2346
3153
2286
2702
2840
2607
2552
2525
2709
3177
2722
1968
2861
3032
2129
2752
2954
2522
3015
2577
2784
2681
2584
2299
2356
1731
2354
2473
1982
2415
2855
1937
2583
2332
2192
2058
2738
2975
1211
2253
2713
2609
1620
2591
2198
1720
2753
2294
2472
2171
2060
2244
2352
2006
2603
2231
2588
2619
2526
2932
2771
3142
3023
2732
3227
3117
3300
2653
3094
2974
3980
2060
2852
2911
2969
2801
3193
2492
2606
1886
2645
2841
2059
2318
2491
2409
2692
2194
2165
2744
2744
2491
2116
2326
2374
2206
1736
2449
2704
2309
2532
2772
3109
1937
3239
2814
2880
3291
3749
3417
3408
2840
3873
3244
3142
2867
3809
3441
3857
3935
3104
3740
3642
2984
4061
3464
3181
3538
2480
2912
3719
3088
2321
3625
2868
3676
2810
2925
3907
2311
2694
2889
2949
2672
2799
3224
3303
2872
3851
1768
2779
2888
963
3259
2336
2633
1161
3648
1305
899
3669
2395
2339
2797
2793
2977
3463
2475
2916
2130
2882
3307
3670
3064
3176
5172
3978
3101
2421
2762
2460
2691
3107
2308
2475
1990
2950
2310
2517
2312
2354
2433
2847
1257
2405
1961
2376
2796
1953
1551
2238
2334
1698
1832
1945
2181
1719
1818
2350
2093
2274
2230
2489
2249
2212
2331
2255
2721
2340
2796
2756
3554
2728
2579
3289
2696
3687
3214
2070
3531
3011
3660
3538
3450
3489
4165
3367
3544
3380
3655
3086
1809
3372
3492
2707
3250
2765
3747
3205
3419
4124
3427
4120
3251
2933
3063
3467
3067
2524
2948
2792
2571
2535
2167
2672
2167
1804
2572
2295
2324
3279
2737
2395
2379
3326
2701
2796
2119
3142
3353
2911
3524
2965
3519
3477
2811
3133
3167
3898
3285
3907
2619
3274
3285
3071
2504
3205
2701
2785
2101
2954
1613
3610
2502
2191
3065
3013
3032
2309
2958
3349
2754
2443
2355
4130
3500
3405
4020
3112
3011
2255
2640
2018
3184
2848
1676
2815
2757
1893
2924
2140
2203
2667
3135
3052
2557
3488
3446
2651
2690
2106
2938
3730
2167
2990
2325
2943
1780
3308
2969
2460
3007
3310
3298
2606
3092
1776
2822
2455
2921
2463
2588
2496
2495
2375
2601
3098
2937
4214
2750
3247
3355
2559
3315
3271
2536
3001
3029
3352
2898
3680
2775
3048
3038
2158
3079
3276
1959
3286
1398
3285
3169
1986
2666
2430
2122
3392
2070
2608
2945
2025
3103
2300
2553
2413
3213
3234
2914
2213
3190
3183
2420
3264
2705
2063
3713
1905
2736
3383
2860
3288
2754
2216
3115
3011
2637
2295
4369
4747
3907
3469
3532
3013
2906
2789
3105
2508
3579
2921
2295
2785
2616
1842
2877
2068
764
2014
2806
1207
2041
2270
2395
2944
1397
3072
2533
2028
2880
2351
1759
2390
3121
2252
3509
2413
2196
2518
3246
3731
3164
2369
3076
1562
2240
1243
2264
1519
2174
1359
1792
1553
1587
1496
1548
2249
1842
1698
2040
1730
1744
1838
2125
1818
1878
2162
1902
2098
2260
1911
1106
1561
