2196
3060
3526
3628
2887
3971
3672
3491
2507
2620
2902
2509
2067
1789
1284
1653
1840
1088
1169
1796
1995
2170
1788
2318
2196
2751
1082
1728
1900
1560
1994
1498
2069
2323
1491
1630
1686
2710
1588
2072
2028
727
1970
1872
1696
1898
2495
2253
2121
1924
2697
2537
2179
2344
2384
2015
1454
1181
1901
1838
1245
2009
2131
1794
2182
2280
1955
2248
1906
2121
2041
2163
1874
1436
1955
372
1374
2134
2404
2115
2768
2022
2355
2567
2205
2159
2122
2037
2661
2065
1573
2263
2507
1996
2344
2335
2016
2420
2209
2422
2292
2043
1713
1895
1136
1688
1894
1747
1772
2253
1104
1517
1494
1642
1585
2131
2485
720
2022
2481
2289
1354
2293
1913
1485
2496
2052
2394
1933
1899
2103
2114
1785
2421
1841
2349
2274
1944
2704
2207
2668
2340
2071
2616
2191
2782
1728
2243
2185
2910
906
1954
2034
2072
2146
1844
1967
1461
1659
1670
1713
1457
1348
1516
1691
1670
1112
1424
1686
1669
1422
1030
1090
1229
994
890
1236
1567
1150
1100
1852
1952
1037
2089
1774
1952
2001
2524
2318
2107
1655
2590
2069
1951
1699
2421
2368
2549
2684
2266
2796
2840
2319
2770
2307
2237
2500
1527
1847
2653
1767
1382
2617
1903
2410
2059
2036
2466
1482
1514
1817
1646
1579
1487
1883
2014
1584
2526
1021
1295
1530
574
1789
1000
1355
284
2458
400
229
2360
1317
1628
1860
1397
1806
2277
1554
1791
1177
1946
1932
2405
1856
2007
3996
2677
1702
1580
1916
1665
1634
2236
1461
2131
1154
1929
1752
1588
1195
1505
1622
1893
627
1351
1174
1439
2025
1098
922
1532
1501
1093
1131
1175
1719
970
1001
1727
1435
1517
1458
2155
1536
1546
1083
1232
2178
1476
2359
1986
2249
2221
1443
2601
1736
2870
1856
1335
2010
2224
2375
2412
2178
2326
2771
2086
2234
1891
2691
2310
899
2531
2270
1862
1971
1578
2325
1792
1297
2440
1705
2325
1486
1929
1136
2043
1742
1305
1725
1419
1379
1483
1252
1513
1110
794
1711
1712
984
2346
1665
1717
1605
2466
1914
1811
947
1860
2237
1891
2526
1900
2073
2516
1835
1909
2460
2310
2327
3246
1682
2078
2707
2051
1882
2278
2213
1686
1630
2171
1200
2671
1949
1674
2025
2195
2291
1696
2371
2578
2120
1987
1804
3405
2616
2218
2779
2313
2056
1806
1738
1502
2090
2010
1047
1847
2105
1371
2144
1576
1576
2025
2292
2006
1757
2351
2682
1894
1927
1855
2089
2779
1844
2601
2058
2445
1623
2921
2530
2177
2562
2810
2870
2236
2628
1559
2482
2313
2656
2229
2426
2262
2358
2172
2464
2741
2660
3911
2339
2924
3104
2359
3059
2977
2323
2741
2741
2679
2649
3503
2499
2727
2900
2045
3009
3144
1878
3286
1398
3220
3102
1899
2475
2246
2077
3261
1973
2471
2752
1955
2829
2140
2225
2059
2858
2963
2696
2005
2980
2809
2181
2945
2410
1817
3321
1756
2491
3134
2634
3007
2643
2149
2901
2812
2464
2084
3945
4082
3470
3115
3163
2617
2524
2452
2769
2266
3209
2562
1880
2242
2167
1477
2172
1623
448
1624
2566
1025
1836
2055
2180
2686
1261
2808
2451
2090
2967
2423
1866
2457
3195
2380
3618
2557
2294
2747
3360
3821
3276
2547
3286
1673
2452
1370
2422
1593
2338
1468
1857
1686
1753
1620
1641
2408
2033
1792
2117
1770
1887
1920
2284
1984
2009
2244
1993
2153
2306
1959
1080
1602
