2196
2978
3526
3562
2887
3915
3612
3491
2558
2620
2902
2437
2000
1758
1211
1491
1738
937
1049
1725
1933
1917
1643
1998
1901
2488
679
1337
1437
1151
1417
1148
1679
2064
1244
1269
1377
2313
1253
1735
1750
350
1883
1445
1245
1659
1936
1770
1771
1396
2224
1907
1752
1853
1967
1830
1173
871
1553
1552
1129
1633
1730
1412
1804
1747
1438
1889
1466
1435
1680
1783
1529
937
1716
69
1009
1908
2163
2028
2576
1956
2156
2397
2055
2041
1920
1671
2248
1527
1219
1724
1866
1848
1977
1941
1649
2042
1878
2059
1968
1710
1461
1698
987
1480
1740
1716
1734
2147
1058
1517
1494
1563
1512
2030
2338
474
1869
2341
2129
1220
1995
1627
1317
2238
1619
2270
1506
1578
1785
1638
1417
2119
1284
1952
1885
1290
2410
1768
2289
1998
1851
2441
1764
2523
1332
1818
1869
2658
567
1743
1888
1914
2073
1844
1967
1521
1692
1810
1874
1485
1441
1568
1799
1824
1369
1609
1988
2027
1793
1483
1520
1677
1363
1074
1590
1913
1503
1577
2092
2204
1201
2254
1972
2137
2195
2588
2428
2302
1843
2661
2069
1951
1761
2503
2435
2713
2684
2266
2796
2840
2375
3046
2524
2426
2707
1766
2097
2842
2061
1492
2735
2010
2410
2012
1932
2296
1482
1514
1817
1646
1689
1684
2107
2207
1727
2599
1061
1518
1757
652
2156
1381
1781
547
2771
626
441
2635
1587
1815
2094
1676
1982
2527
1663
1857
1177
1946
1932
2546
1927
2076
4204
2830
1780
1679
1966
1618
1436
2004
1250
2045
855
1610
1613
1298
846
1187
1336
1693
442
917
956
1231
1853
1008
856
1458
1316
966
898
838
1517
643
728
1484
1216
1206
1094
1998
1273
1371
896
1181
2204
1517
2359
2053
2357
2263
1585
2711
1816
2870
1910
1305
1949
2126
2141
2318
2012
2174
2517
1903
2047
1500
2438
2106
660
2363
2037
1782
1779
1470
2140
1669
1297
2510
1849
2488
1807
2020
1311
2111
1805
1247
1725
1488
1442
1428
1252
1368
978
541
1604
1639
905
2346
1791
1801
1651
2561
2001
1811
947
1709
2167
1827
2408
1775
1997
2420
1732
1705
2303
1869
1989
2938
1406
1726
2515
1751
1591
1682
1865
900
1195
1501
847
1733
1500
1280
1169
1481
1596
1191
1819
1760
1486
1440
1285
2681
1836
1228
1799
1725
1207
1470
1152
1218
1465
1531
717
1363
1796
1136
1734
1231
1097
1459
1637
1084
1050
1530
2008
1138
1061
1553
958
1511
1321
1786
1475
1314
1216
1805
1534
1412
1510
1461
1712
1273
1533
995
1500
1849
1635
1294
1753
1382
1846
1305
1802
1074
1414
2647
989
1685
2100
1705
1779
1804
1298
1656
1490
183
1759
2583
1348
1497
2241
1140
2213
1561
867
2111
957
1398
1289
768
1280
1093
1506
1503
1075
1148
957
1468
1292
1213
911
408
1203
1334
1065
758
1760
643
1028
1348
982
832
1491
637
709
1329
1055
1184
1142
1185
837
1017
1530
1302
2619
1838
1504
1404
1446
832
804
989
952
912
1421
1178
635
676
923
502
292
388
0
119
1218
0
0
49
248
372
0
438
238
352
426
259
311
433
1026
462
2037
397
880
609
2260
2480
1490
1077
910
453
702
503
733
416
585
546
1325
588
657
595
681
877
887
1115
1041
732
554
818
1208
867
788
1102
671
513
877
460
322
385
