2196
2978
3460
3628
3077
3971
3792
3566
2608
2689
2902
2509
2100
1820
1320
1694
1873
1189
1209
1819
2036
2170
1812
2318
2147
2707
1082
1839
2074
1901
2282
1749
2459
2686
1779
2111
2243
3164
1971
2457
2399
1105
2033
2062
1819
1917
2538
2290
2150
1969
2736
2652
2257
2433
2551
2090
1630
1452
2210
2020
1336
2302
2432
1985
2350
2494
2278
2407
2052
2327
2221
2289
1989
1624
2044
410
1435
2303
2585
2230
2961
2187
2553
2669
2456
2356
2323
2343
2816
2304
1770
2562
2740
2070
2548
2616
2200
2744
2393
2603
2519
2376
2048
2158
1508
2062
2203
1904
2188
2607
1613
2144
2070
2034
1913
2536
2877
1149
2291
2806
2716
1709
2651
2198
1653
2606
2101
2394
1838
1803
1997
1971
1675
2361
1730
2310
2231
1726
2540
2019
2573
2283
2016
2572
2120
2739
1794
2243
2237
3099
1042
2007
2132
2125
2218
2113
2098
1702
1703
1856
1928
1571
1625
1824
1942
2028
1524
1720
2039
2027
1793
1392
1466
1627
1416
1148
1590
1863
1503
1518
2092
2304
1282
2363
1972
2137
2324
2846
2593
2367
1780
2590
2069
2076
1822
2421
2368
2631
2773
2266
2651
2621
2097
2400
2090
2049
2223
1289
1596
2340
1473
1050
2201
1528
1739
1637
1618
1788
1190
1252
1519
1371
1470
1356
1735
2014
1584
2526
982
1369
1530
574
1862
1127
1477
372
2521
490
300
2360
1425
1665
2000
1676
2041
2527
1771
2056
1475
2196
2362
2897
2211
2420
4411
3213
2168
1926
2215
1899
1899
2527
1779
2239
1333
2184
1961
1878
1614
1823
1908
2245
850
1599
1349
1647
2239
1323
1088
1792
1733
1284
1287
1367
1805
1157
1228
1865
1655
1784
1730
2272
1761
1756
1582
1743
2488
1887
2546
2287
2738
2453
2011
2903
2136
3211
2345
1541
2375
2355
2492
2552
2344
2477
2897
2269
2484
2126
2793
2392
995
2573
2445
2063
2290
1902
2634
2160
1827
3002
2351
2896
2048
2203
1486
2382
1931
1479
1969
1694
1505
1483
1201
1368
1110
731
1658
1748
1063
2456
1917
1844
1742
2609
2045
1869
1009
1784
2167
1891
2467
1712
1844
2420
1681
1705
2382
2222
2327
3202
1682
1937
2643
1991
1757
1947
2039
1450
1485
1892
1024
2202
1707
1432
1597
1889
1921
1371
2026
2145
1859
1774
1577
3088
2252
1822
2452
2145
1738
1672
1558
1399
1934
1890
957
1654
2002
1319
2103
1545
1466
1874
2058
1637
1380
1845
2277
1449
1316
1637
1241
1828
1421
1963
1596
1540
1294
1977
1693
1525
1591
1611
1755
1310
1659
1060
1538
1867
1748
1428
1846
1558
1966
1536
1984
1491
1737
2900
1282
1955
2268
1847
2086
2048
1554
1916
1875
1143
2115
2901
1716
1872
2433
1328
2386
1957
1150
2503
1094
1919
1759
1029
1615
1508
1666
2089
1396
1604
1662
1659
1951
1565
1427
1057
1735
1931
1717
1257
2307
1689
1584
2147
1770
1360
2471
1196
1631
2200
1844
2095
1921
1650
1976
1948
2014
1754
3308
2918
2305
2053
2120
1493
1568
1608
1760
1541
2346
1845
1234
1399
1470
867
997
833
0
509
1506
190
263
479
678
715
263
789
566
538
864
619
526
703
1175
590
2201
613
1075
762
2374
2704
1881
1345
1399
674
967
682
997
636
804
709
1437
754
790
719
805
1088
1078
1232
1271
892
792
1022
1368
1033
1049
1387
1036
1060
1430
992
609
790
