2196
3060
3460
3628
2887
3858
3672
3491
2558
2550
2728
2292
1933
1728
1211
1572
1772
937
1049
1702
1933
1968
1667
2052
1901
2488
736
1393
1553
1219
1633
1298
1874
2168
1409
1449
1562
2483
1396
1831
1797
287
1870
1445
1245
1639
1979
1770
1771
1308
2106
1792
1713
1764
1926
1793
1103
794
1476
1552
1129
1633
1630
1317
1762
1694
1373
1849
1369
1367
1545
1741
1452
812
1687
31
888
1739
1982
1913
2320
1791
1908
2294
1905
2002
1960
1854
2403
1826
1455
1964
2158
1922
2099
2053
1787
2150
2025
2168
2098
1835
1545
1829
1098
1563
1740
1684
1620
2111
965
1392
1337
1524
1476
1929
2289
351
1715
2109
1863
998
1696
1285
1149
2128
1522
2239
1363
1482
1644
1448
1306
2058
1229
1952
1928
1363
2410
1643
2241
1941
1740
2354
1621
2480
1332
1879
1869
2532
567
1743
1888
1861
2000
1709
1914
1280
1627
1438
1445
1256
1118
1208
1475
1364
854
1201
1384
1362
1143
804
822
1029
678
596
882
1220
899
802
1652
1701
832
1816
1476
1627
1550
1943
1823
1456
907
1592
1155
1199
1023
1441
1496
1568
1433
1234
1561
1454
1321
1109
1005
1105
1184
516
908
1713
739
552
1727
1152
1218
1309
1148
1110
751
662
1042
686
923
634
766
1175
582
1495
471
331
399
301
759
173
625
0
1581
0
0
1395
616
1141
1251
490
1045
1404
741
865
403
1072
815
1632
1074
1251
3304
1989
1080
1135
1419
1151
841
1598
932
1938
497
1354
1473
1123
567
1028
1193
1492
257
669
737
867
1639
693
657
1310
1224
902
898
838
1545
689
728
1484
1253
1250
1231
2037
1348
1371
896
1181
2178
1476
2380
2086
2466
2348
1822
2793
2016
3109
2290
1511
2314
2355
2550
2552
2344
2477
2897
2208
2359
1970
2641
2351
947
2615
2503
2023
2099
1740
2511
1976
1739
2861
2207
2814
1967
2157
1399
2314
1994
1479
1969
1762
1693
1705
1405
1730
1440
1110
2034
1931
1615
2785
2169
2056
2015
2848
2220
2217
1502
2539
2934
2465
3113
2464
2758
2997
2297
2589
2814
3192
2947
3686
2233
2641
2932
2531
2214
2741
2423
2314
1920
2562
1436
3141
2260
1948
2576
2604
2662
1949
2544
2867
2418
2230
2096
3858
3188
3075
3628
2902
2799
2142
2505
1941
3027
2768
1616
2767
2791
1919
3047
2297
2424
2818
3322
3298
2698
3741
3626
2784
2843
2123
2994
3793
2217
3061
2374
2988
1796
3351
2929
2403
2845
3160
3170
2458
2923
1733
2747
2455
2997
2496
2612
2526
2512
2404
2646
3158
3029
4416
2985
3462
3481
2673
3622
3466
2707
3131
3174
3640
3040
3892
2959
3262
3202
2385
3287
3672
2242
3634
1520
3806
3773
2378
3001
2799
2305
3847
2230
2881
3394
2130
3378
2460
2741
2766
3508
3505
3186
2380
3400
3631
2579
3371
2804
2099
3844
1980
2921
3570
3085
3568
2977
2282
3257
3277
2741
2385
4422
4747
4052
3469
3593
3212
3161
3014
3307
2605
3579
2870
2203
2785
2715
1964
3190
2216
834
2237
3047
1316
2383
2629
2824
3372
1670
3598
3107
2524
3493
2856
2134
2727
3570
2700
3945
2989
2635
3281
3587
4044
3555
2725
3496
1783
2558
1421
2580
1740
2447
1522
1889
1753
1819
1713
1796
2724
2186
1862
2232
1930
2077
2083
2404
2190
2183
2448
2130
2372
2445
2153
1184
1683
