2196
3141
3526
3694
3077
4085
3792
3566
2658
2829
2989
2509
2067
1789
1247
1572
1772
937
970
1678
1933
2018
1740
2158
1999
2663
909
1616
1784
1492
1777
1398
1939
2220
1368
1449
1439
2427
1348
1831
1889
413
1908
1587
1368
1699
2065
1807
1800
1352
2106
1792
1713
1809
1967
1793
1032
716
1438
1474
1091
1466
1480
1078
1552
1427
1050
1729
1271
1298
1500
1615
1414
687
1657
0
766
1570
1680
1768
1871
1626
1709
2124
1604
1727
1678
1304
1938
1288
1022
1425
1692
1788
1773
1546
1373
1772
1731
1951
1871
1543
1294
1566
838
1313
1509
1621
1545
2040
826
1141
1128
1288
1258
1626
1898
0
1485
1876
1649
821
1577
1113
1048
1981
1281
2162
1221
1385
1503
1258
1159
1907
950
1673
1626
854
2149
1204
1910
1428
1190
1917
980
2006
540
1089
1237
1840
0
1109
1255
1228
1600
831
1573
557
1497
974
907
969
656
644
1152
955
442
942
1081
1004
864
532
446
681
309
339
579
874
445
324
1292
1248
424
1159
882
1116
841
1234
1274
805
346
1021
633
635
408
625
825
750
629
718
979
944
878
463
571
728
838
99
407
1211
152
165
1311
777
846
1121
939
686
507
203
685
411
705
372
468
853
224
1126
236
0
172
262
686
109
442
0
1394
0
0
1050
293
841
923
1
636
1092
416
468
0
635
128
1070
505
701
2681
1147
147
591
971
777
379
1191
509
1722
0
780
1194
659
149
657
954
1191
108
483
562
763
1467
513
558
1198
1038
743
625
550
1343
362
456
1276
960
894
822
1880
1010
1125
398
669
1893
982
2089
1618
1650
2009
1065
2380
1337
2530
1312
1041
1401
1863
1674
1896
1515
1770
2010
1415
1548
951
2032
1780
181
1858
1397
1339
1139
985
1707
1300
678
1949
1131
1509
683
1473
260
1365
1048
551
991
664
564
763
591
499
185
0
1012
1238
0
1633
844
1166
967
1749
1258
884
23
653
1121
871
1586
897
855
1748
1013
753
1792
810
1370
2453
744
882
2194
1032
1093
954
1481
115
869
1054
641
1264
1258
1067
863
1174
1319
938
1612
1471
1337
1348
1188
2590
1680
1162
1799
1725
1260
1470
1107
1192
1465
1611
807
1508
1899
1188
1857
1388
1318
1685
1825
1453
1333
1909
2277
1494
1367
1670
1354
1828
1421
1928
1572
1450
1294
2019
1733
1554
1631
1611
1841
1384
1659
1082
1651
1921
1786
1428
1846
1558
1949
1478
1939
1372
1644
2900
1223
1847
2184
1790
2035
2048
1554
1960
1827
951
2043
2830
1670
1818
2406
1328
2317
1693
989
2329
1033
1659
1625
1029
1519
1324
1575
1829
1236
1467
1341
1555
1566
1405
1239
762
1557
1768
1500
1091
2054
1091
1226
1561
1179
973
1622
786
955
1640
1393
1534
1476
1384
1264
1416
1772
1543
3043
2503
2087
1876
1936
1295
1250
1270
1288
1202
1853
1486
1004
1218
1371
827
997
833
0
732
1795
371
605
765
964
1229
535
1492
1222
1097
1477
1052
848
1242
1774
1102
2637
1333
1465
1449
2677
2972
2216
1656
1958
933
1391
835
1419
931
1297
899
1518
954
989
875
960
1352
1231
1302
1310
1012
935
1145
1487
1239
1180
1428
1082
1060
1430
1040
583
750
