2196
2978
3460
3562
2887
3858
3672
3566
2608
2759
3076
2654
2167
1881
1393
1734
1941
1240
1248
1843
2057
2221
1812
2371
2147
2751
1082
1783
1958
1697
2138
1549
2199
2479
1615
1870
1995
2880
1731
2264
2307
1105
2058
2205
1983
1997
2753
2402
2296
2189
2854
2824
2451
2612
2634
2090
1666
1414
2133
1994
1323
2177
2332
1985
2350
2494
2342
2487
2150
2533
2401
2500
2181
1998
2223
676
1982
2754
2946
2404
3281
2319
2752
2806
2657
2513
2444
2587
3022
2424
1810
2502
2740
2070
2588
2673
2292
2799
2393
2603
2487
2334
2048
2224
1582
2187
2395
1951
2264
2713
1798
2395
2280
2152
2058
2839
3122
1395
2368
2899
2769
1754
2770
2312
1720
2717
2245
2441
2028
1964
2209
2257
1932
2572
2175
2628
2576
2453
2932
2771
3142
3023
2842
3270
3117
3300
2586
2912
2764
3603
1653
2535
2570
2600
2546
2586
2282
2184
1811
2274
2304
1772
1948
2080
2122
2334
1885
1905
2341
2334
2072
1754
1950
2075
1785
1405
2045
2259
1906
1995
2372
2556
1446
2637
2220
2323
2453
2975
2812
2758
2154
3018
2395
2327
2007
2666
2502
2713
2863
2330
2723
2767
2208
2585
2234
2049
2223
1349
1784
2591
1693
1326
2617
1957
2484
2106
2036
2381
1434
1449
1817
1577
1525
1422
1735
1949
1512
2526
1061
1518
1757
632
1936
1127
1477
284
2458
445
265
2428
1425
1703
2047
1607
1923
2340
1554
1725
1058
1759
1674
2265
1571
1732
3719
2448
1546
1531
1817
1478
1238
1946
1250
2024
736
1546
1613
1298
916
1240
1431
1693
405
979
999
1179
1810
963
889
1569
1501
1093
1093
1127
1690
970
1046
1692
1399
1473
1458
2155
1573
1581
1208
1385
2256
1558
2380
2086
2412
2326
1680
2711
1896
2972
1964
1394
2192
2257
2434
2505
2289
2376
2771
2086
2172
1656
2489
2188
660
2321
2095
1742
1715
1362
2140
1730
1385
2651
1992
2651
1807
2112
1399
2179
1868
1421
1786
1625
1442
1483
1201
1296
912
605
1604
1676
984
2456
1791
1717
1651
2561
2045
1869
1009
1860
2307
1891
2526
1837
2073
2564
1886
1909
2421
2133
2271
3158
1682
2078
2739
2111
1840
2146
2144
1529
1557
2004
1083
2403
1880
1614
1903
2042
2106
1588
2199
2337
1971
1805
1610
3179
2408
1954
2583
2271
1897
1739
1693
1528
2142
2050
1076
1847
2139
1371
2103
1576
1503
1874
2058
1699
1521
2035
2367
1494
1367
1653
1297
1765
1396
1963
1596
1540
1310
2019
1693
1554
1712
1811
1927
1384
1701
1104
1651
1921
1824
1461
1869
1558
1932
1420
1870
1253
1506
2697
930
1578
2059
1648
1779
1804
1341
1700
1538
375
1759
2583
1302
1444
2268
1102
2178
1429
787
2024
942
1398
1356
855
1376
1231
1552
1698
1236
1422
1341
1555
1621
1373
1098
644
1439
1605
1282
883
1844
793
1147
1455
1130
902
1491
674
770
1391
1055
1184
1142
1185
908
1017
1565
1332
2619
2004
1504
1404
1446
898
931
1102
1019
1009
1545
1281
820
917
1172
705
684
586
0
231
1362
81
58
121
320
458
127
614
402
476
601
475
472
703
1250
718
2310
829
1124
991
2412
2749
1881
1345
1399
711
1073
707
1050
673
859
682
1421
721
757
719
743
877
887
1068
925
613
458
696
1089
743
744
1102
671
513
877
411
270
304
