2196
3141
3659
3760
3172
4028
3792
3566
2558
2620
2815
2437
2067
1851
1284
1572
1806
987
1010
1725
1953
1968
1691
2052
1950
2575
794
1560
1669
1355
1777
1348
1939
2271
1491
1570
1686
2710
1492
2024
2028
664
1945
1730
1532
1818
2366
2104
2063
1792
2500
2251
2063
2166
2301
1960
1349
1104
1824
1786
1245
1926
2081
1746
2140
2227
1955
2248
1906
2121
2131
2289
2028
1686
2104
524
1739
2585
2826
2317
3089
2253
2603
2772
2607
2552
2444
2526
3022
2424
1849
2622
2740
2070
2588
2785
2338
2907
2466
2675
2584
2501
2258
2389
1731
2312
2434
1998
2453
2890
2030
2834
2647
2427
2277
3143
3464
1825
2636
3178
3196
2153
3366
2883
2057
3048
2727
2596
2551
2253
2456
2590
2153
2724
2454
2747
2792
2744
3063
2959
3189
3023
2787
3270
3259
3429
2785
3215
3080
4043
2128
2957
2959
3022
2837
3193
2545
2727
1886
2645
2787
1973
2179
2337
2302
2640
2091
2091
2543
2590
2305
1935
2111
2175
1890
1442
2045
2358
2007
2055
2452
2757
1650
2801
2368
2416
2711
3169
2922
2888
2341
3232
2721
2641
2314
3156
2837
3285
3488
2846
3377
3350
2763
3600
3030
2803
3123
2063
2411
3155
2354
1713
2913
2278
2782
2247
2245
2805
1775
1908
2234
2194
2016
2012
2479
2594
2228
3262
1375
2037
2285
807
2671
1890
2207
898
3210
1033
687
3186
2072
2077
2469
2374
2567
3026
2096
2453
1832
2695
2877
3178
2638
2832
4896
3595
2557
2075
2464
2086
2229
2701
1938
2346
1751
2567
2135
2111
1754
1876
2051
2345
924
1785
1568
1855
2453
1593
1286
1941
2010
1411
1482
1512
1892
1298
1409
1969
1728
1918
1867
2331
1874
1862
1645
1743
2488
1970
2608
2455
3064
2580
2248
3069
2416
3415
2671
1746
2923
2683
3193
3115
3007
3034
3594
2940
3045
2753
3199
2800
1474
3036
2968
2385
2738
2225
3005
2468
2447
3352
2566
3222
2368
2385
2012
2721
2247
1653
2153
1899
1818
1760
1506
1730
1308
920
1926
1858
1378
2621
2106
1929
1878
2800
2220
2217
1441
2463
2795
2401
2937
2276
2681
2853
2143
2385
2696
2839
2722
3554
2178
2570
2900
2471
2172
2741
2388
2157
1811
2506
1407
3007
2122
1796
2331
2502
2477
1876
2475
2723
2269
2109
1966
3632
2876
2548
3040
2565
2268
1918
2009
1683
2454
2329
1346
2331
2482
1658
2595
1952
1945
2365
2760
2560
2180
2919
3087
2295
2385
1972
2372
3032
1893
2672
2058
2400
1592
2793
2451
2092
2481
2661
2655
2013
2418
1472
2331
2259
2543
2096
2333
2174
2307
2057
2372
2503
2568
3809
2280
2816
2979
2303
2905
2831
2152
2567
2596
2391
2577
3396
2407
2620
2873
2007
2975
3012
1757
3156
1337
3090
2968
1856
2427
2246
2077
3261
2006
2562
2881
1990
2884
2172
2318
2118
2917
2963
2642
1922
2938
2660
2062
2785
2361
1782
3125
1607
2245
2885
2465
2937
2476
2049
2688
2746
2464
2115
4051
4082
3324
2997
3102
2551
2587
2452
2702
2170
3148
2613
2018
2483
2466
1680
2642
1920
589
1735
2662
1098
1904
2127
2323
2858
1307
2896
2369
1903
2617
2062
1652
2120
2747
1933
3291
2197
2148
2518
3246
3731
3053
2324
2867
1414
2027
1141
1947
1262
1735
1170
1711
1353
1454
1340
1362
1933
1689
1605
1886
1531
1554
1675
2005
1736
1747
2040
1720
1771
2030
1621
923
1277
