2196
2978
3460
3496
2887
3971
3792
3640
2708
2759
3076
2654
2167
1943
1466
1815
1975
1341
1288
1843
2036
2170
1764
2318
2147
2751
1025
1728
1958
1628
1994
1448
2134
2479
1574
1690
1810
2824
1636
2072
2075
664
1958
1777
1614
1818
2366
2067
1975
1704
2421
2193
1946
2121
2259
1960
1419
1142
1824
1760
1233
1968
2031
1698
2056
2120
1825
2208
1759
1916
1996
2121
1874
1374
1985
372
1435
2190
2404
2144
2704
2055
2355
2601
2356
2356
2243
2220
2816
2304
1731
2442
2624
2026
2425
2560
2246
2690
2356
2530
2454
2334
2090
2257
1545
2146
2280
1935
2302
2678
1706
2269
2123
2034
1986
2738
3024
1395
2406
2946
2876
1842
2829
2369
1788
2790
2438
2534
2361
2189
2385
2447
2080
2663
2287
2628
2576
2308
2801
2520
2952
2681
2456
2921
2618
2998
2058
2426
2395
3225
1245
2165
2180
2178
2291
2113
2125
1883
1757
2042
2143
1629
1625
1824
1978
2079
1524
1646
1988
1925
1700
1347
1413
1627
1363
1111
1590
1814
1503
1577
2132
2355
1323
2363
2071
2137
2259
2653
2538
2432
1905
2875
2395
2327
2130
2992
2703
2958
3131
2459
3014
2913
2375
2862
2451
2363
2569
1646
2035
2842
2061
1603
2913
2171
2633
2153
2089
2466
1580
1711
1995
1920
1798
1815
2256
2336
1870
2894
1179
1740
1983
729
2450
1636
1964
723
2959
762
476
2704
1587
1740
2000
1607
1923
2402
1608
1924
1356
2071
2104
2616
1927
2007
4134
2830
1935
1679
2066
1806
1766
2294
1567
2196
1333
2248
1996
1878
1614
1770
1861
2245
813
1599
1349
1647
2239
1368
1154
1829
1779
1252
1287
1271
1805
1204
1318
1900
1655
1784
1685
2253
1761
1827
1645
1692
2411
1764
2484
2254
2684
2432
2011
2931
2136
3143
2345
1599
2618
2519
2784
2834
2621
2730
3278
2513
2608
2361
2894
2514
1043
2657
2445
2023
2227
1848
2696
2160
2004
3072
2351
3059
2288
2294
1837
2586
2121
1537
1969
1831
1630
1649
1354
1513
1242
920
1873
1858
1299
2621
1980
1886
1742
2657
2133
2101
1317
2162
2446
2146
2702
2088
2453
2805
2143
2317
2735
2839
2665
3510
2123
2641
2996
2651
2255
2741
2423
2235
1847
2451
1348
2873
2122
1857
2392
2451
2477
1804
2475
2675
2232
2048
1934
3541
2720
2416
2975
2523
2321
1941
2054
1734
2611
2449
1406
2428
2516
1658
2554
1890
1871
2252
2573
2314
1898
2540
2727
1850
1825
1821
1976
2652
1769
2424
1912
2083
1482
2492
2211
1894
2117
2261
2312
1791
2123
1299
1953
2045
2126
1762
2078
1851
2102
1739
2099
1848
2014
3253
1576
2170
2435
1933
2188
2097
1597
2047
2019
1335
2150
3007
1808
1979
2516
1517
2559
2287
1393
2764
1216
2439
2431
1464
2093
1969
1894
2740
1685
2060
2239
1833
2390
1820
1849
1528
2208
2257
1935
1382
2433
1838
1624
2200
1819
1395
2471
1196
1569
2200
1901
2236
1976
1684
1905
1948
2049
1784
3467
3334
2742
2525
2611
2022
2014
1946
2029
1686
2531
2101
1465
1700
1769
1152
1546
1228
133
1011
2036
553
879
980
1179
1315
581
1579
1304
1097
1477
1052
794
1175
1774
1102
2582
1189
1416
1449
2639
2972
2160
1656
1958
970
1391
886
1525
1041
1407
953
1583
1087
1155
1030
1083
1563
1422
1442
1579
1251
1268
1389
1686
1363
1398
1673
1310
1279
1615
1282
766
1034
