2430
1888
2664
3360
3999
3779
3506
2896
2974
3058
3559
4124
3241
3210
3461
3824
3383
3179
3111
3133
3314
3080
2637
2658
3471
3171
3039
3462
3396
3339
3080
3101
3443
3202
3078
2903
2675
2361
2624
2964
3529
3927
3893
3526
3489
2880
3110
3433
3397
3484
3148
2577
1072
1478
1833
1817
1822
1687
1823
1564
1433
1622
1576
1294
1043
1323
1365
1481
1501
1392
1422
1115
1093
1206
1240
1221
1273
1273
1515
1230
1367
1510
1161
650
775
1442
1823
1609
885
1250
1868
2070
1691
1824
1795
1724
2046
1981
2078
2160
1777
2165
1979
2143
2441
2354
1972
2086
1932
1803
2143
2203
1864
1900
1896
1934
1722
1863
1754
1693
1676
1817
1637
1655
1765
1627
1873
1790
1986
1935
1841
1893
1789
1882
1874
1975
1955
1940
1935
1802
1920
1859
1864
1975
1944
2001
1938
1656
1656
1801
1804
2045
1648
1200
246
2088
2113
2242
1930
1855
1996
2009
2219
1848
1870
1959
1988
1885
1620
1863
1693
1876
1923
1088
933
849
648
611
647
547
1196
1555
1812
1665
1907
2004
1954
2161
2138
2071
2000
1743
1424
1074
1169
2031
2287
2335
3058
2958
2875
2880
2747
2856
3033
2767
3160
3337
3133
2635
2539
2470
2470
3033
2909
2610
2303
2719
2300
2692
2678
2610
2410
2438
2262
2065
2082
2100
2304
2493
2379
2183
2160
2128
2085
1982
2159
2312
2256
2510
2784
2323
2410
2435
1982
2099
2289
2442
2365
2362
2326
2397
2095
2097
1975
2029
2111
2013
2083
2235
2229
2274
2270
2134
2215
2169
2053
2153
2153
2097
1895
2359
2014
1763
1960
1583
1752
1119
1250
1282
1570
1645
1620
1379
979
1573
1547
1952
2054
1521
1398
1754
1460
1265
1350
1408
986
697
780
889
899
928
981
1183
1924
2326
2211
2752
2354
2139
2337
2263
2268
2200
2409
2130
2096
2117
2023
2133
2177
1876
1756
1997
2144
2583
2695
2289
2016
2423
2254
2157
2111
2153
1876
1969
1818
1861
1537
1831
1960
2075
2278
2147
2200
2295
2173
2176
2176
2144
2481
2748
2746
2429
1926
2252
2398
2675
2475
2265
2265
2535
2302
2358
2582
2698
2364
2157
2466
1936
1625
2109
2114
2141
2201
1622
1654
1723
1871
1709
2293
1882
1733
1896
1970
2091
1988
1838
1899
1831
2159
1951
1996
2299
2248
1974
1943
1690
1944
1964
1821
2310
2043
1918
1562
1655
1496
1718
1479
1542
1341
1294
1146
943
1071
1041
703
963
1018
696
469
569
517
570
392
292
273
246
7
7
7
7
7
7
7
7
7
7
7
7
7
7
7
7
7
7
7
7
7
7
7
7
7
7
7
7
7
7
7
7
7
7
7
7
7
7
7
7
7
7
7
7
7
7
7
7
7
7
7
7
7
7
7
7
221
800
1017
941
1033
1192
1201
1020
1184
1145
820
858
715
306
306
782
684
747
1066
914
858
1033
1167
1334
1403
1100
1192
1162
1125
1211
934
1155
1256
1498
1618
1168
1218
1551
1252
956
861
855
1139
1184
896
990
928
862
1030
850
774
658
683
683
599
631
657
797
858
935
907
997
1008
923
875
784
726
731
679
797
867
762
762
1389
1491
1778
1456
1538
1502
1358
1564
1299
1574
1399
1334
1151
775
768
856
818
854
1075
1159
1085
1161
1075
1035
983
950
1066
1165
1229
1101
1218
1263
1215
1400
1521
1478
1342
1278
1214
1203
1658
1438
1402
1305
1290
1357
1328
1356
1272
1836
1772
1983
1596
1577
1342
1514
1494
1649
1839
1779
1420
1487
1482
1481
1365
996
1095
1074
861
749
770
770
668
660
717
826
824
1162
1235
1458
1791
2062
1930
1305
933
605
481
530
1024
1304
1431
1686
1581
1781
1470
1474
1192
1307
1491
1200
1310
1211
986
1169
1117
849
736
974
737
657
434
278
147
147
404
116
441
500
605
390
181
80
80
568
1082
1114
1252
1340
949
1225
1415
1581
1256
990
1583
1851
1949
1986
2244
2302
2325
2213
2378
2424
2715
1996
2145
2382
2454
2597
2861
2936
2954
3014
3226
3213
3326
2951
2921
2963
2840
2638
2232
2378
2304
2135
1777
1576
1550
1926
2383
2383
3220
3900
2900
2899
2565
2791
2919
2788
2051
1800
1472
1070
928
718
822
1762
1762
1270
1382
2043
1640
1259
805
815
1272
1599
1536
1681
1834
1736
2142
1476
1406
1300
1610
1417
1297
1481
1541
2229
2417
2570
2909
2660
2562
2383
2383
2416
1989
2107
2367
2094
2557
1896
2361
2335
2603
1786
1267
1988
1513
1005
1016
820
1371
1950
2574
2392
1997
2457
2230
2536
2289
2593
1878
1369
636
1229
1604
1995
2219
2350
2185
2124
2001
2799
2130
2093
2071
2405
3015
1895
3657
4227
3946
3548
3234
3179
3146
2688
2247
2535
2770
2935
3317
3119
3070
3616
3952
4238
4073
3393
4329
4300
4486
4537
4096
3897
3345
3708
4520
3115
2232
2232
2043
1573
1755
1544
2330
2958
2221
2139
2230
1840
2094
2340
2405
4203
4294
4530
4054
3599
3435
3604
4254
3988
3930
3359
3095
3599
3498
3296
3287
3353
3531
3081
2975
2672
2511
1952
2020
1991
2468
2215
2056
2148
2418
2003
2111
2483
2398
2027
2464
2464
2758
2659
2721
2684
2553
2289
2073
1937
1884
1940
1619
1632
1484
1726
1681
1793
1690
1703
1337
1070
1028
853
753
922
969
1098
1290
992
834
1077
698
721
721
395
1270
825
658
629
656
296
1026
1942
1984
1734
1491
2104
1346
1306
1399
1427
1222
1069
668
609
533
426
435
452
402
484
370
289
285
547
1052
1592
1357
926
654
654
314
616
651
649
1312
1479
1134
1669
1495
1860
2322
1785
1223
785
719
811
848
1219
1330
1519
1655
1430
1126
1531
2003
1929
1903
1899
1918
1707
1743
1596
1304
1239
1702
1748
1736
1633
1878
2159
2198
2428
2405
2449
2197
2445
2411
2340
2287
2298
2217
2126
1993
2005
2261
2085
1920
1780
1432
1311
1814
2157
2179
2258
2978
2754
2847
2598
1946
1946
2055
1988
3050
2906
2216
2292
1861
1918
1644
1684
1452
1801
1876
2026
1706
1416
1337
976
709
270
377
473
672
672
241
295
383
320
196
468
770
495
491
730
900
1133
970
985
966
