2130
2085
2077
2183
1694
2011
1725
1879
1328
1996
2063
2161
2419
2084
2224
2358
2108
2167
2174
2125
2683
2945
2778
2245
1593
2381
2510
2861
2393
2127
2450
2332
2353
2535
2664
2424
2213
2418
2027
1709
2038
2094
2130
2187
1728
1677
1716
1842
1731
2190
1928
1774
1878
1951
2063
1998
1868
1897
1843
2104
1971
1994
2245
2239
2019
1963
1740
1918
1952
1841
2234
2061
1945
1632
1665
1526
1692
1509
1543
1374
1314
1178
988
1067
1045
758
943
1002
740
522
575
527
567
416
317
287
256
8
8
8
8
8
8
8
8
8
8
8
8
8
8
8
8
8
8
8
8
8
8
8
8
8
8
8
8
8
8
8
8
8
8
8
8
8
8
8
8
8
8
8
8
8
8
8
8
8
8
8
8
8
8
8
8
180
678
943
935
1014
1157
1189
1050
1163
1146
878
870
744
356
356
710
680
735
1004
922
870
1006
1135
1294
1378
1144
1191
1167
1133
1199
976
1134
1232
1449
1580
1226
1233
1503
1281
1014
899
870
1101
1162
931
990
937
875
1013
867
792
682
692
692
683
539
651
676
895
904
990
893
1055
1021
869
838
721
682
728
647
863
921
718
1267
1436
1711
1479
1535
1506
1382
1543
1330
1546
1413
1350
1185
845
800
857
824
851
1042
1132
1084
1150
1083
1044
994
960
1054
1146
1211
1110
1206
1251
1216
1375
1493
1471
1357
1294
1231
1212
1602
1440
1408
1321
1321
1279
1405
1309
1375
1215
2225
1750
2127
1338
1547
1182
1615
1491
1751
1974
1756
1184
1502
1481
1481
1293
759
1115
1065
733
658
764
687
666
707
802
819
1094
1204
1407
1713
1989
1937
1421
1035
696
531
538
941
1227
1383
1625
1578
1747
1509
1488
1243
1308
1462
1235
1307
1225
1026
1157
1120
891
770
953
763
677
472
472
186
61
333
145
403
475
579
411
219
103
103
500
974
1065
1211
1310
997
1202
1380
1541
1284
1040
1523
1786
1905
1960
2196
2272
2307
2220
2359
2410
2410
2913
1522
2208
2548
2515
2698
3045
3005
2972
3055
3367
3222
3399
2724
2870
2982
2765
2501
1959
2426
2266
2026
1542
1414
1504
2143
2688
3112
3738
3066
2937
2641
2764
2887
2806
2198
1887
1556
1170
983
772
819
1589
1709
1343
1384
1928
1672
1335
909
848
1212
1524
1516
1650
1798
1737
2079
1553
1448
1332
1580
1431
1320
1465
1526
2125
2348
2348
2660
3126
2558
2483
2263
2384
2070
2100
2312
2137
2474
2009
2295
2324
2547
1933
1406
1882
1577
1119
1045
865
1280
1815
2420
2382
2067
2394
2251
2488
2318
2549
1987
1492
802
1190
1527
1902
2148
2303
2195
2137
2026
2678
2193
2123
2086
2356
2898
2030
3426
4046
3921
3599
3301
3216
3168
2763
2344
2539
2739
2898
3247
3112
3073
3546
3873
3873
4445
3956
2926
4936
4322
4607
4586
3831
3730
2981
3868
5043
2351
1673
1903
1613
1735
1575
2201
2805
2300
2180
2228
1907
2073
2291
2377
3894
4165
4444
4100
3691
3496
3599
4146
3991
3940
3455
3175
3549
3494
3327
3300
3348
3501
3139
3015
2735
2562
2054
2055
2011
2406
2225
2084
2147
2379
2045
2114
2431
2387
2074
2424
2446
2708
2650
2708
2683
2571
2334
2124
1980
1912
1946
1666
1652
1514
1707
1678
1777
1696
1704
1386
1129
1063
1063
733
677
1029
1010
1188
1425
813
711
1217
489
696
451
1124
864
700
647
657
357
924
1752
1909
1749
1534
2027
1431
1347
1402
1424
1252
1104
743
650
562
454
446
455
409
409
536
307
229
273
703
1385
1976
1288
659
451
334
562
631
644
1186
1412
1178
1584
1502
1802
2225
1834
1331
896
772
820
847
1167
1290
1474
1615
1442
1173
1499
1924
1900
1892
1894
1913
1733
1751
1619
1354
1272
1272
2038
1786
1729
1560
2048
2365
2233
2586
2402
2478
2033
2591
2404
2293
2247
2300
2166
2060
1901
2000
