2420
3060
2476
4123
3614
3747
3854
3843
4225
4071
4572
4131
4184
4053
4144
4204
3945
3993
4226
4456
4089
4133
3128
2889
3677
3694
3649
3385
3489
3707
3840
4003
3389
3238
3521
3696
3291
3105
2905
3114
3318
3362
3384
2545
2683
2843
2529
2699
2946
2563
2638
2682
2524
2317
2310
2193
1942
1945
2343
2666
2471
2440
2613
2722
2682
2703
2444
2466
2036
2104
1912
1634
1783
857
1704
1815
1694
1670
1670
1297
1764
1973
848
963
855
866
1199
975
1216
1310
1502
1540
1187
1014
990
1118
1073
854
857
1211
1308
1110
1004
1109
1117
992
968
879
879
1015
900
1077
1074
989
1089
1270
1179
1265
1252
1153
1083
1155
1031
1066
1228
1260
1503
1242
1238
1204
1399
1319
1291
1297
1160
1178
1186
1302
1271
1635
1492
1393
1281
1116
917
742
762
834
923
1017
1017
1589
1299
1194
1184
1301
1206
1121
760
1216
1134
991
1146
1205
1698
1348
961
1048
949
894
727
699
712
723
682
910
772
735
740
682
707
593
701
529
503
504
484
473
450
417
295
272
221
308
323
340
291
284
209
171
152
168
159
113
81
81
37
4
4
4
4
4
4
4
1142
1512
1512
1640
1730
1800
2153
2434
2353
2379
2312
2492
2454
2397
2427
2521
2404
2344
2323
2421
2267
2289
2333
2306
2284
2284
2325
2605
2384
2277
2385
2487
2429
2339
2365
2558
2419
2367
2367
2577
2222
2332
2576
2413
2387
2340
2532
2254
2178
2221
2442
2255
2248
2262
2218
2144
2139
170
170
170
170
170
170
156
156
156
1719
3923
4423
4995
4510
3936
3774
4271
3916
4320
4534
3600
5445
4702
4492
4501
5047
4685
4700
4292
4294
4131
4086
3944
3926
3593
3570
3184
3160
3129
3229
3363
3640
4055
3663
3492
3481
3668
3308
2498
2335
3009
3780
3587
3639
3777
3633
4151
4181
4118
2350
1775
1622
2093
2262
2434
2665
2387
2694
3290
3839
3942
3970
3517
3517
4156
3984
4415
4295
4443
4250
4312
4566
4533
3749
4640
4361
3248
2495
2636
2493
3379
3320
2480
3394
2934
3361
3805
4539
4035
2586
3436
3507
2942
3412
3963
3662
3666
3379
2724
1847
343
343
1970
991
1137
2043
2482
2514
2590
2355
2018
1392
1042
1429
2074
2452
2708
2792
3109
4252
3555
3569
3132
3530
2885
2092
1649
1698
1544
1338
1564
1239
1435
1174
863
663
443
685
872
675
758
721
325
325
556
1027
1241
911
760
1365
2055
2224
2218
2462
2663
2979
2798
2703
2725
2722
2840
2641
2572
2561
2553
2418
2934
3193
3382
3108
2735
2486
2504
2537
2413
2311
2366
2438
2339
2572
3103
2978
2978
3259
4243
4665
3629
3257
3453
3414
3337
2611
3679
3634
2922
3062
3017
2419
2946
4059
3483
3225
3178
3543
3959
4841
3654
3291
3524
3985
3796
3100
3087
3149
2890
3310
3750
3704
4317
3278
2592
2489
2278
2834
3087
3164
3365
3366
3477
2592
2053
1999
1678
1828
1925
1962
1825
1810
1760
1586
2038
2264
2980
3111
2923
2777
3050
2942
2723
3153
3059
3037
3071
3150
2872
2683
2397
2338
2527
2679
2403
2197
2204
2414
2442
2448
2415
2241
2493
2620
2723
2634
3169
3612
3423
2824
2527
2221
2763
2337
2583
2889
3834
4024
4610
4756
4739
4321
4321
4855
4115
3944
3359
4117
4469
3973
3611
3794
4075
4094
4185
3431
3060
2907
2446
2317
1605
941
1238
2235
2679
2319
2589
2342
2139
1722
1431
983
1057
1311
2174
1980
2063
2065
2385
2638
2957
2667
2314
2660
2405
2379
2051
2289
2987
2878
2896
3150
3298
3607
3113
2641
3064
3399
3538
3601
3698
4173
3317
3245
2540
2627
2226
1856
2587
2911
3027
3142
3343
3065
3135
2587
2305
2253
2594
2215
2215
1647
1383
2069
2005
1424
1543
1542
1593
1713
2328
2079
2489
3298
2810
1968
1253
1131
1161
1179
1472
1457
1163
1043
1135
1078
1213
1177
964
614
696
1214
1452
1257
1314
1412
1371
1598
1577
1732
1612
1819
1765
1699
1421
1353
1050
1062
1360
1569
1609
1194
986
784
869
1199
1550
1377
1345
1092
752
752
577
1232
1717
2038
2295
1993
1252
971
1175
1319
1028
2381
2378
3514
2496
1771
847
465
329
773
1178
2500
2958
2961
2431
2558
2200
1882
1598
1380
1129
1076
1067
1290
1037
954
801
953
962
1124
1232
1256
1537
1754
1790
1790
2216
2024
1819
783
1298
1812
2497
1604
1553
912
1644
1957
544
1380
1661
1698
2145
2026
1803
1885
1899
1831
1633
1636
1564
1670
1626
1915
1843
1905
1826
1713
