2081
2052
2782
3283
3844
4229
2969
3066
3224
3626
3446
3012
3105
2578
2214
2295
2647
2518
2350
2825
2798
2587
2255
2610
2856
3333
3249
2996
2803
2979
3027
2790
2421
2347
2345
2534
2239
2455
2357
2430
2446
2303
2171
1761
2116
1855
1478
1706
2610
2489
2439
2344
2194
2489
2062
2178
2019
2120
2250
2434
2562
2200
2220
2422
2559
2559
2707
1852
1990
2217
2272
2066
1861
2053
2114
1921
2308
2049
2185
2508
2291
2208
2124
2114
2427
1993
2381
2383
2237
2499
2441
2945
2648
2539
2897
2371
2219
2500
2612
2561
2798
2754
2622
2504
2708
2360
2217
2109
2143
2207
2215
2228
2438
2414
2590
2590
2182
2331
2586
2682
2351
3164
2879
3095
2609
2789
2372
1988
1879
2135
2119
2102
1975
1880
2094
1945
2219
2133
2362
2169
2785
2773
2754
3071
2832
2708
2505
2333
1963
2043
2380
1631
1530
1202
1256
1125
879
913
1128
1558
1708
2137
2066
2166
1998
2105
2012
2044
2364
2255
2028
2167
2080
2203
2652
2652
3473
2122
2321
2150
1831
1744
2178
1981
1952
1804
1757
2422
2094
2278
1865
1429
2005
2043
1775
1785
1852
1981
2149
1844
1628
1575
1468
1128
1193
1161
1066
1100
1018
711
535
532
534
676
704
466
519
476
571
460
60
60
60
60
60
60
60
60
1091
1566
1799
2236
2132
1981
1993
2061
2132
2132
2018
2055
2106
2484
2182
2171
2000
2086
2270
1991
2424
2487
2177
2115
2355
2021
1862
2063
1909
1884
1909
2297
2215
2425
1498
1983
2006
2297
2263
2121
2073
2075
2073
2053
2125
2125
2542
2130
2092
2099
2575
2014
1778
2067
2067
2396
2028
2003
2046
2556
2241
1616
1890
2216
2497
1477
2174
2014
1989
2201
2521
2318
2550
2233
1993
1921
2097
2001
1844
1395
1373
547
547
1461
1258
1420
1158
1159
950
1932
2005
2325
1730
2192
2301
2550
2344
2079
2165
1958
1923
1963
1868
2148
2305
2004
1656
1656
1905
1582
1617
1591
1543
1086
914
305
1025
837
1247
1015
782
773
765
825
683
939
1046
1012
850
897
1050
1026
1120
1467
994
893
1082
1614
1691
1572
1190
1702
1514
1391
1508
1339
1547
1297
1317
1071
1363
1446
1311
1445
1293
1307
1307
2486
2700
1531
2107
2264
2592
2293
2201
2412
2460
2001
1220
1766
1742
1159
1452
1634
1840
2284
3028
2277
2139
2363
2505
2626
2432
2432
2183
2253
1994
2005
2084
1510
1369
1230
1081
791
1586
1676
1650
1490
1865
2085
2272
2472
2452
1565
1232
2209
2166
2760
2529
2493
2787
2978
2975
2741
2504
2548
2589
2525
2948
2948
944
1617
2750
3113
2808
2075
2093
1708
1767
1618
1865
1812
921
608
635
580
426
258
258
681
660
330
163
206
416
388
161
1139
1685
1860
2328
1965
2243
2452
1616
1857
1826
1857
1889
1878
2309
1084
1084
4090
2962
3128
2663
2941
2703
3008
2755
2705
2519
2630
2203
2175
2620
3093
3086
3038
3481
3424
3066
3132
3199
2944
2784
2557
2945
2945
4141
2555
2810
403
3260
3053
2567
2673
2975
2312
2120
2329
3019
2890
2531
1691
1504
1380
1051
1100
1882
2174
2174
1590
1418
1376
1307
1243
978
1234
1532
1417
1448
1409
1498
1507
1507
3157
3084
1596
3628
3159
1782
1078
1236
718
1806
1451
2160
2861
2379
1919
1749
1411
1144
1004
891
860
717
915
1096
910
847
847
717
694
609
397
478
