1969
1424
2176
1808
1840
1588
1531
1475
1350
1266
1610
1457
1618
1678
1913
2118
1975
2197
1215
1215
1215
2096
1735
2017
1865
2337
2643
2918
2712
2396
2909
2428
2082
2270
1149
1872
1844
2171
2009
1790
1894
1712
1902
1420
1485
1533
1323
1656
1966
1876
1400
1413
1303
1473
1610
1669
1569
1691
1697
2096
2362
2964
1345
1345
2995
2203
1628
1948
2188
2002
2159
2078
2025
1354
558
376
2352
2068
2244
2104
1746
2151
2467
2041
2138
2004
1849
2285
2215
2442
2071
2324
2220
2372
2282
2520
2922
2409
2397
1579
1579
2676
2112
2123
2122
2119
2197
2063
2363
2248
2527
2096
2042
2325
2716
2447
2160
2409
2194
2088
1923
1986
1899
2109
1796
1501
1784
2314
2306
2597
3156
2491
2651
2238
2084
1977
1977
1467
2197
1718
2129
2282
306
3757
2221
1699
2675
2150
2147
2228
2263
2207
1943
1689
1623
1757
1624
1443
1504
1661
1854
1631
1663
1665
1735
1615
1594
1650
1505
1564
1442
1435
1105
1350
1206
1320
1226
1153
1078
901
671
618
482
382
343
261
261
129
2
2
2
2
2
2
2
2
2
2
2
2
2
2
2
2
2
2
2
2
2
2
2
2
2
2
2
2
2
2
2
2
2
2
2
2
2
2
2
2
2
2
2
2
2
2
2
2
2
2
2
2
2
2
2
2
2
2
2
2
2
2
2
2
2
2
2
2
2
2
2
2
2
534
815
815
1948
2144
1916
1735
2002
2023
1999
2287
2773
2478
2641
2263
2458
2765
3117
3055
3131
3146
3204
3320
3368
3292
3523
2956
3365
3681
3681
4650
3525
2165
3589
3939
4523
4739
3073
3344
4330
4208
3859
4070
4048
4417
3482
2707
2408
2639
3338
2789
3636
3300
3697
3471
3743
4174
4203
3772
3890
4485
4177
4287
4662
4730
4570
4630
4098
3767
3726
4128
4121
4106
3301
3226
3433
3577
4086
3868
3716
3566
3076
3041
2482
1876
1876
2348
2357
2345
3204
3234
3588
3374
3453
4039
3161
2270
2486
2922
4274
4223
4102
3235
3896
3998
4115
3567
2857
2642
2529
2225
2359
1177
1177
4132
3648
3145
4636
3972
4161
3533
1239
1239
4028
2860
3269
3106
3692
1191
2395
2258
2956
2719
1339
968
737
940
1036
918
511
195
880
1480
1491
1821
1809
1758
2363
1898
1915
952
952
952
4923
2756
2722
2480
2521
131
131
131
131
131
131
131
131
476
476
2119
3825
4612
5016
3599
4621
3497
4155
5203
4880
4753
5309
4915
4729
4842
