1479
1494
1421
1372
1272
1272
1421
1705
1713
1835
1359
2418
2859
2455
2731
2902
2833
3116
3479
2955
3470
2746
2540
1076
506
490
886
539
745
905
709
453
271
255
204
175
435
435
1968
1742
1563
1407
1500
1512
1676
2206
2152
2322
2008
1114
1092
1638
2737
2568
2433
2311
2278
2264
2746
2119
1012
2101
1149
1777
523
523
523
1477
2234
1627
1271
1045
821
430
241
241
114
84
195
163
116
441
297
297
1001
1369
1080
877
1684
1960
1174
835
957
1228
1160
970
1178
1276
1807
1525
1437
1021
1226
1310
1087
1183
1152
1261
1092
1204
1023
1078
864
959
835
934
891
1216
1281
1592
1529
2070
1804
2328
2155
1841
1668
1649
1834
1956
1837
2035
1999
2033
2205
2142
1855
2171
1927
2294
1992
2090
2090
2496
2499
2939
1437
2342
1832
2470
710
710
710
1554
1903
2263
2195
1408
1408
2228
1268
1224
1224
1198
1198
1226
1226
1760
1674
1927
2116
1964
2257
2291
2508
2109
2147
2177
2146
2023
1116
1116
1116
1765
1339
1466
1466
1515
1515
1647
1647
1653
1653
524
524
524
524
524
524
524
441
622
787
1119
1988
3298
4174
4348
3268
1801
1801
1696
1696
1565
1565
2475
3587
2231
2231
1783
1783
1872
1872
1515
1515
1333
1333
893
893
440
440
440
440
440
440
390
583
732
1089
2233
2585
2651
2044
2172
2769
2482
2601
1774
1845
2001
1637
1553
1538
1420
1093
834
630
561
39
39
39
39
39
39
39
39
39
39
39
39
39
72
82
117
772
1056
1139
1482
1482
1847
1947
1977
1887
1432
1444
1692
1842
1913
1952
1937
1844
1761
2185
1549
1549
1366
1570
1879
1725
1744
1724
1918
1959
2070
1773
1130
1434
1282
1443
1581
1427
1692
1655
1669
1877
1877
2101
2098
2115
2149
1545
1636
1849
1518
1930
1759
1739
2227
1865
2340
1992
1769
1923
1519
1910
2279
1729
1722
1884
986
986
986
986
2161
608
608
608
1881
845
1527
1254
1491
1948
2000
1992
2018
2221
2221
2637
3550
1028
1028
1028
1871
1760
1993
1645
1701
1738
2152
1712
1199
1199
1194
1194
1037
1037
892
892
898
898
1149
1149
1290
1290
2493
2128
2324
2320
2135
1906
1515
1515
2084
1117
1899
1548
2031
644
644
644
1889
1587
2176
1325
2274
1659
2495
1240
2341
2453
2196
1104
1104
1104
2081
848
1073
1073
981
689
521
816
1425
1508
771
267
267
1324
2220
2257
2114
1716
1198
924
1427
1854
2111
2538
1991
2112
741
741
741
741
991
1211
326
326
1029
935
935
1292
1662
1926
2530
2469
2457
910
1194
1194
2165
799
1409
1621
2017
2286
1825
2208
1717
1379
1006
986
797
1012
1245
1217
1111
489
489
112
537
338
297
387
387
170
170
9
9
8
7
7
7
7
7
1440
1827
1734
811
811
1599
1724
1968
1732
1798
2065
1965
2226
2576
2281
2597
2597
2317
2326
2696
775
1297
1297
2195
887
2011
2151
2399
505
505
505
2628
1536
2641
2294
2153
2202
1876
1876
2830
2819
1643
1643
2404
967
1303
1303
1381
1381
1408
1408
1391
1391
1316
1316
1160
1160
2195
2633
2761
1128
1128
1128
2192
2630
2380
781
781
781
448
448
448
448
448
448
448
673
906
1042
1342
1420
1624
1337
1496
1625
2107
2304
2672
3229
522
522
522
522
522
522
522
438
622
863
1253
2296
3638
2784
2307
2279
2246
1390
1296
1296
1014
1014
850
812
563
424
1346
1506
1650
1471
1449
1449
1574
1280
737
1169
1198
576
927
1930
2185
2583
2808
2133
2492
2030
1450
1450
1124
1124
1123
1123
1124
1124
1154
1154
1219
1219
1305
1305
2493
1133
2167
1543
1327
1235
1373
880
790
1150
1515
1873
2157
2873
2725
2715
2410
1920
1632
1043
1626
1810
2025
1548
944
571
508
381
381
789
1246
1885
1688
1706
1298
1418
1332
1446
1084
796
926
984
865
764
995
1473
1220
1062
754
1304
1216
1513
1429
1743
1522
1366
1623
1485
1485
1029
125
125
125
125
4017
2170
1669
1789
1868
1813
1643
1205
1095
1034
1582
1429
1695
1500
1153
1117
1375
1129
1233
1041
1418
1726
1659
1659
1856
1905
1544
543
1201
1430
1437
1516
1323
1439
1398
1445
1531
1694
1059
1224
979
1061
891
889
868
960
1085
1102
1216
1337
1218
1261
1290
1144
1506
1235
1213
1423
1256
1135
1066
965
791
827
887
772
847
861
923
982
719
709
1001
946
825
652
704
548
468
507
877
1337
1329
1484
1701
1495
1553
1803
1803
1430
1819
1367
1730
1300
1395
1131
866
1143
1220
880
983
720
685
1380
1901
1633
855
602
1657
1607
1304
1293
1609
1455
1279
1124
1139
1431
2009
1904
1870
1817
1831
2047
1603
858
905
1214
1178
860
671
749
1055
845
687
587
732
803
547
454
348
348
179
216
238
282
302
239
5
5
5
5
5
5
5
5
5
63
87
96
85
85
92
7
7
7
7
7
7
7
7
7
7
7
7
7
7
7
1020
1160
1860
2233
2063
