2487
2761
1732
1546
1768
2052
1658
2106
2078
2033
1333
1216
520
407
781
484
410
285
336
1162
1214
1402
1382
1418
1574
1765
1118
1274
1137
1137
1014
1013
1249
1434
1261
1374
1457
1682
2108
1931
1936
1879
1657
1464
1565
1565
1886
1579
1505
1445
1156
1303
1240
1795
1315
778
334
498
621
626
897
823
358
510
1105
769
591
1014
1166
1565
1122
1068
1440
1382
1608
1315
1362
1850
1843
1533
1035
1086
1562
1373
2340
2805
1921
1795
2294
2106
2093
2218
1762
1732
1446
1341
1203
1176
1278
1581
1667
1519
1603
1553
1506
1565
1375
1605
1605
1271
1050
1353
1686
1347
1055
1591
1923
2003
2179
2343
2055
2180
2575
2274
2546
3296
2529
2162
2535
1722
1493
1126
881
1030
1308
1828
1884
2192
2252
2028
2205
2024
2198
2107
2329
2387
2297
2220
2220
2180
2043
2225
1934
2072
2293
2074
2010
1621
1445
1113
923
782
501
478
389
341
262
239
233
225
266
235
36
36
36
36
36
36
36
68
84
89
77
402
402
1173
1078
1235
1406
1409
1750
1844
1752
2041
1983
1527
1440
1345
1187
1177
1143
1675
1786
1753
1876
1898
1955
1969
2017
2006
2329
2056
2369
2169
2117
2004
2283
2162
2322
2136
2315
2140
758
758
3200
2030
1676
1260
1231
1231
1307
1108
1105
1297
1323
1169
1312
1463
1145
1113
1147
1000
1123
1040
1040
1219
897
1129
580
316
921
1121
1338
1661
1568
1395
950
939
944
1189
1189
1400
1627
1417
1529
1457
1369
1350
1300
1533
1217
1228
1415
1105
1105
1338
1266
1080
837
968
1127
997
1091
1073
1181
1085
1147
1060
1174
1098
1274
1279
1007
1007
1034
1009
1362
1156
1375
1444
1494
1105
977
951
1212
1016
1262
1411
1634
1768
1807
1640
1751
2007
2007
2375
2061
1940
2272
2287
2014
2081
1810
1928
1853
2068
1822
1607
1847
2470
2499
2440
2655
2193
2539
2684
2096
2158
2198
1780
1758
1629
1501
1037
733
490
209
594
514
868
1593
1928
1928
1918
1997
884
715
845
972
1248
1067
1177
1011
1224
1128
1852
1807
1563
1773
1644
1628
1995
1495
1387
1399
1080
1096
759
466
466
123
123
208
171
4
4
4
4
4
4
4
4
4
4
4
4
3
3
3
3
3
3
3
3
3
3
3
3
146
146
2749
3998
4274
4427
4186
4207
4338
5287
4306
4864
4600
4541
4721
4602
2904
2625
2927
2801
4022
4477
4608
4617
4695
4436
4657
4849
4163
2715
2715
2484
2484
2484
3282
2779
2020
1890
2231
1710
2107
2132
2333
2011
1917
1831
1831
1830
1976
2476
1928
2079
2259
1951
2051
1748
1793
1515
1402
1588
1546
1696
1917
1619
1663
1787
1787
2299
1756
1913
2127
1806
1795
1882
1706
1533
1378
1378
1117
1590
1346
1899
1907
1956
1825
1895
1648
1575
1630
1570
1351
1315
1307
1200
1395
1188
1121
1017
953
921
779
673
749
1048
1174
1405
1554
1215
1192
1201
1161
1161
1076
1264
1402
1408
779
571
592
838
1291
994
1028
1383
2646
2245
2490
1834
1556
1530
1806
2408
2756
2661
2232
1941
1940
1953
1425
1265
1088
1235
985
985
1339
1622
1666
1398
950
1729
847
492
497
907
1652
1329
1159
635
683
569
1358
1617
1785
1656
1757
1611
1408
1324
1223
1368
1266
1750
1691
1744
1691
1755
1824
1523
1579
1473
1691
1493
1683
1590
1426
1426
1901
1979
1792
1733
1206
1577
1749
1837
1576
2014
1258
1603
1529
1872
1554
1945
1290
529
218
608
700
700
1198
1081
1244
902
809
1440
1281
1406
1367
1394
1340
977
926
791
920
1005
1004
1287
1442
1375
1264
1264
1919
2105
2141
1645
1532
1335
1845
1561
1413
1565
1589
1589
668
953
1090
1133
1294
870
846
638
787
511
398
557
801
513
500
348
306
163
264
275
388
483
418
595
468
682
749
628
380
369
577
591
706
721
568
546
563
432
320
320
1204
2009
1746
901
309
619
517
558
720
708
530
229
797
953
