1865
2727
1619
1270
1582
1456
1075
1636
1802
2082
2301
2732
2410
2436
1902
2628
2529
2233
1936
1871
1754
1707
1794
1609
1361
1082
1136
966
1152
1064
1391
1467
1325
1453
1677
1798
1859
1954
1675
1939
1939
2004
1511
1047
1501
1235
1170
780
1175
1501
1622
1802
1463
1485
1882
1983
2479
2575
3062
2777
2636
2576
2180
2319
1620
1639
1583
1727
2319
1985
1752
2248
2060
1953
2028
2080
2094
2011
1872
1864
1864
2458
1744
2019
1618
2376
2448
2274
2274
2607
2638
2129
1652
1822
2357
1875
2001
2107
2117
2266
2179
2289
2234
2120
2703
2486
2435
2316
2388
2528
2284
1972
2285
2036
1983
1704
1887
1476
1548
1745
2016
2037
1894
2136
1953
2275
2094
1737
1514
1435
1289
1004
1053
1136
986
1144
1035
1067
1062
1187
1056
968
968
864
729
1125
943
1385
1667
1989
2181
1884
2427
1995
2732
2685
2845
2207
2303
2338
1852
1706
2042
1939
2193
2274
1860
2185
2197
1744
1591
1389
1403
1323
1029
886
956
813
586
428
381
354
328
305
261
238
183
142
142
174
57
57
24
1
1
1
1
1
1
1
1
1
1
1
1
1
1
1
1
209
209
773
944
1056
1191
1261
1326
1414
1708
1702
1851
1991
1883
1883
1595
2220
1616
1701
1774
1852
1944
2020
2598
1778
1933
1983
2092
2141
2147
2087
2086
2114
2359
2237
2196
2131
2131
2050
2577
2069
2623
2645
2230
1992
2546
2081
1912
2284
2153
2262
2533
2236
2547
2206
2529
2146
2068
2145
2159
2085
2086
2048
2162
1780
1724
1037
490
490
2487
2524
2567
2747
2808
2722
2204
2223
2262
2088
1958
1565
1870
1781
1695
1624
2098
2005
1836
2002
1850
2143
2324
2707
2409
2374
2103
2389
2041
2227
1934
2255
2586
2500
2379
2429
2620
2365
2365
2946
2804
3146
3119
2967
599
3468
2697
2585
2585
2610
3307
2728
2283
2812
2746
3010
2414
2069
1610
1949
1928
1844
2055
1750
1840
2043
2303
2160
2328
2716
2601
2611
2621
2688
2699
3094
2570
2295
2246
1823
2021
1989
1989
2397
2947
3054
3879
2784
2532
1965
2211
2651
2407
2468
2119
2213
2292
2291
2035
2451
2589
2563
2291
2581
2651
2455
2106
1975
2242
2189
1981
1660
1571
946
946
748
428
551
986
987
1771
1872
1803
2096
2383
2513
2042
1089
808
392
392
1006
1982
2299
2130
2415
2649
2124
1181
2165
2072
2264
1957
2360
2320
2385
1500
1328
965
892
1494
987
534
415
343
272
257
386
560
546
426
323
173
173
304
78
268
358
358
495
629
716
1120
1135
1042
1050
942
666
778
836
861
880
996
1109
1228
1283
1294
1142
1142
1111
1047
1067
1310
1256
1319
1287
1089
1085
785
